[ 2018-04-08T09:47:51+08:00 ] 127.0.0.1 /
INFO: [ app_init ] --START--
INFO: Run Behavior\BuildLiteBehavior [ RunTime:0.000010s ]
INFO: [ app_init ] --END-- [ RunTime:0.000452s ]
INFO: [ app_begin ] --START--
INFO: Run Behavior\ReadHtmlCacheBehavior [ RunTime:0.000636s ]
INFO: [ app_begin ] --END-- [ RunTime:0.000687s ]
SQL: SHOW COLUMNS FROM `admin` [ RunTime:0.0149s ]
SQL: SELECT * FROM `admin` WHERE ( user_name='admin' and password='nanjingcongyu719' ) LIMIT 1   [ RunTime:0.0069s ]
SQL: SELECT * FROM `admin` WHERE ( id=1 ) LIMIT 1   [ RunTime:0.0007s ]
SQL: SHOW COLUMNS FROM `admin_auth_type` [ RunTime:0.0114s ]
SQL: SELECT * FROM `admin_auth_type` WHERE ( id=9 ) LIMIT 1   [ RunTime:0.0110s ]
SQL: SHOW COLUMNS FROM `admin_auth_rule` [ RunTime:0.0130s ]
SQL: SELECT * FROM `admin_auth_rule` WHERE (  status=1 and  id = 1 or  id = 2 or  id = 3 or  id = 4 or  id = 5 or  id = 6 or  id = 7  )  [ RunTime:0.0006s ]
SQL: SELECT * FROM `admin_auth_rule` WHERE ( type=-1 ) ORDER BY status asc  [ RunTime:0.0002s ]
SQL: SELECT * FROM `admin_auth_type` WHERE ( id=9 ) LIMIT 1   [ RunTime:0.0002s ]
SQL: SHOW COLUMNS FROM `oil` [ RunTime:0.0115s ]
SQL: SELECT * FROM `oil` ORDER BY start_time desc  [ RunTime:0.0006s ]
SQL: UPDATE `oil` SET `baiyou`='11.16' WHERE ( id='3' ) [ RunTime:0.0270s ]
SQL: UPDATE `oil` SET `danxiao`='0.75' WHERE ( id='3' ) [ RunTime:0.0226s ]
SQL: UPDATE `oil` SET `baiyou`='11.16' WHERE ( id='1' ) [ RunTime:0.0271s ]
SQL: UPDATE `oil` SET `danxiao`='0.77' WHERE ( id='1' ) [ RunTime:0.0246s ]
SQL: UPDATE `oil` SET `baiyou`='11.01' WHERE ( id='2' ) [ RunTime:0.0251s ]
SQL: UPDATE `oil` SET `danxiao`='0.76' WHERE ( id='2' ) [ RunTime:0.0246s ]
INFO: [ view_parse ] --START--
INFO: [ template_filter ] --START--
INFO: Run Behavior\ContentReplaceBehavior [ RunTime:0.000086s ]
INFO: [ template_filter ] --END-- [ RunTime:0.000117s ]
NOTIC: [8] Undefined variable: id D:\cs\APP\Runtime\Cache\Home\a59b5e3d0bfe1e0eebc9ef04a084f7b9.php 第 86 行.
NOTIC: [8] Undefined variable: num D:\cs\APP\Runtime\Cache\Home\a59b5e3d0bfe1e0eebc9ef04a084f7b9.php 第 117 行.
NOTIC: [8] Undefined variable: clostu D:\cs\APP\Runtime\Cache\Home\a59b5e3d0bfe1e0eebc9ef04a084f7b9.php 第 149 行.
NOTIC: [8] Undefined variable: page D:\cs\APP\Runtime\Cache\Home\a59b5e3d0bfe1e0eebc9ef04a084f7b9.php 第 219 行.
NOTIC: [8] Undefined variable: value D:\cs\APP\Runtime\Cache\Home\a59b5e3d0bfe1e0eebc9ef04a084f7b9.php 第 233 行.
INFO: Run Behavior\ParseTemplateBehavior [ RunTime:0.009518s ]
INFO: [ view_parse ] --END-- [ RunTime:0.009547s ]
INFO: [ view_filter ] --START--
INFO: Run Behavior\WriteHtmlCacheBehavior [ RunTime:0.000477s ]
INFO: [ view_filter ] --END-- [ RunTime:0.000506s ]
INFO: [ app_end ] --START--
INFO: Run Behavior\ShowPageTraceBehavior [ RunTime:0.000719s ]
INFO: [ app_end ] --END-- [ RunTime:0.000753s ]

[ 2018-04-08T09:50:51+08:00 ] 127.0.0.1 /index.php?m=Home&c=Oil&a=index
INFO: [ app_init ] --START--
INFO: Run Behavior\BuildLiteBehavior [ RunTime:0.000013s ]
INFO: [ app_init ] --END-- [ RunTime:0.000503s ]
INFO: [ app_begin ] --START--
INFO: Run Behavior\ReadHtmlCacheBehavior [ RunTime:0.000585s ]
INFO: [ app_begin ] --END-- [ RunTime:0.000621s ]
SQL: SHOW COLUMNS FROM `admin` [ RunTime:0.0158s ]
SQL: SELECT * FROM `admin` WHERE ( user_name='admin' and password='nanjingcongyu719' ) LIMIT 1   [ RunTime:0.0007s ]
SQL: SELECT * FROM `admin` WHERE ( id=1 ) LIMIT 1   [ RunTime:0.0004s ]
SQL: SHOW COLUMNS FROM `admin_auth_type` [ RunTime:0.0143s ]
SQL: SELECT * FROM `admin_auth_type` WHERE ( id=9 ) LIMIT 1   [ RunTime:0.0003s ]
SQL: SHOW COLUMNS FROM `admin_auth_rule` [ RunTime:0.0146s ]
SQL: SELECT * FROM `admin_auth_rule` WHERE (  status=1 and  id = 1 or  id = 2 or  id = 3 or  id = 4 or  id = 5 or  id = 6 or  id = 7  )  [ RunTime:0.0005s ]
SQL: SELECT * FROM `admin_auth_rule` WHERE ( type=-1 ) ORDER BY status asc  [ RunTime:0.0003s ]
SQL: SELECT * FROM `admin_auth_type` WHERE ( id=9 ) LIMIT 1   [ RunTime:0.0002s ]
SQL: SELECT * FROM `admin_auth_rule` WHERE ( name='Oil/index' ) LIMIT 1   [ RunTime:0.0002s ]
INFO: [ view_parse ] --START--
INFO: [ template_filter ] --START--
INFO: Run Behavior\ContentReplaceBehavior [ RunTime:0.000081s ]
INFO: [ template_filter ] --END-- [ RunTime:0.000132s ]
INFO: Run Behavior\ParseTemplateBehavior [ RunTime:0.031535s ]
INFO: [ view_parse ] --END-- [ RunTime:0.031588s ]
INFO: [ view_filter ] --START--
INFO: Run Behavior\WriteHtmlCacheBehavior [ RunTime:0.000438s ]
INFO: [ view_filter ] --END-- [ RunTime:0.000467s ]
INFO: [ app_end ] --START--
INFO: Run Behavior\ShowPageTraceBehavior [ RunTime:0.000612s ]
INFO: [ app_end ] --END-- [ RunTime:0.000642s ]

[ 2018-04-08T09:52:10+08:00 ] 127.0.0.1 /index.php?m=Home&c=Oiladd&a=index
INFO: [ app_init ] --START--
INFO: Run Behavior\BuildLiteBehavior [ RunTime:0.000008s ]
INFO: [ app_init ] --END-- [ RunTime:0.000458s ]
INFO: [ app_begin ] --START--
INFO: Run Behavior\ReadHtmlCacheBehavior [ RunTime:0.000537s ]
INFO: [ app_begin ] --END-- [ RunTime:0.000572s ]
SQL: SHOW COLUMNS FROM `admin` [ RunTime:0.0168s ]
SQL: SELECT * FROM `admin` WHERE ( user_name='admin' and password='nanjingcongyu719' ) LIMIT 1   [ RunTime:0.0007s ]
SQL: SELECT * FROM `admin` WHERE ( id=1 ) LIMIT 1   [ RunTime:0.0003s ]
SQL: SHOW COLUMNS FROM `admin_auth_type` [ RunTime:0.0128s ]
SQL: SELECT * FROM `admin_auth_type` WHERE ( id=9 ) LIMIT 1   [ RunTime:0.0003s ]
SQL: SHOW COLUMNS FROM `admin_auth_rule` [ RunTime:0.0154s ]
SQL: SELECT * FROM `admin_auth_rule` WHERE (  status=1 and  id = 1 or  id = 2 or  id = 3 or  id = 4 or  id = 5 or  id = 6 or  id = 7  )  [ RunTime:0.0004s ]
SQL: SELECT * FROM `admin_auth_rule` WHERE ( type=-1 ) ORDER BY status asc  [ RunTime:0.0002s ]
SQL: SELECT * FROM `admin_auth_type` WHERE ( id=9 ) LIMIT 1   [ RunTime:0.0002s ]
SQL: SELECT * FROM `admin_auth_rule` WHERE ( name='Oiladd/index' ) LIMIT 1   [ RunTime:0.0002s ]
SQL: SHOW COLUMNS FROM `oil` [ RunTime:0.0143s ]
SQL: INSERT INTO `oil` (`start_time`,`chepai`,`chezhu`,`danci`,`danjia`,`jine`) VALUES ('2018-04-08','苏K1P730','张荣','43.88','6.86','301') [ RunTime:0.0270s ]
INFO: [ view_parse ] --START--
INFO: [ template_filter ] --START--
INFO: Run Behavior\ContentReplaceBehavior [ RunTime:0.000027s ]
INFO: [ template_filter ] --END-- [ RunTime:0.000069s ]
INFO: Run Behavior\ParseTemplateBehavior [ RunTime:0.015211s ]
INFO: [ view_parse ] --END-- [ RunTime:0.015251s ]
INFO: [ view_filter ] --START--
INFO: Run Behavior\WriteHtmlCacheBehavior [ RunTime:0.000367s ]
INFO: [ view_filter ] --END-- [ RunTime:0.000397s ]
INFO: [ app_end ] --START--
INFO: Run Behavior\ShowPageTraceBehavior [ RunTime:0.000579s ]
INFO: [ app_end ] --END-- [ RunTime:0.000610s ]

[ 2018-04-08T09:52:11+08:00 ] 127.0.0.1 /index.php?m=Home&c=Oil&a=index
INFO: [ app_init ] --START--
INFO: Run Behavior\BuildLiteBehavior [ RunTime:0.000011s ]
INFO: [ app_init ] --END-- [ RunTime:0.000436s ]
INFO: [ app_begin ] --START--
INFO: Run Behavior\ReadHtmlCacheBehavior [ RunTime:0.000595s ]
INFO: [ app_begin ] --END-- [ RunTime:0.000641s ]
SQL: SHOW COLUMNS FROM `admin` [ RunTime:0.0250s ]
SQL: SELECT * FROM `admin` WHERE ( user_name='admin' and password='nanjingcongyu719' ) LIMIT 1   [ RunTime:0.0010s ]
SQL: SELECT * FROM `admin` WHERE ( id=1 ) LIMIT 1   [ RunTime:0.0004s ]
SQL: SHOW COLUMNS FROM `admin_auth_type` [ RunTime:0.0139s ]
SQL: SELECT * FROM `admin_auth_type` WHERE ( id=9 ) LIMIT 1   [ RunTime:0.0003s ]
SQL: SHOW COLUMNS FROM `admin_auth_rule` [ RunTime:0.0158s ]
SQL: SELECT * FROM `admin_auth_rule` WHERE (  status=1 and  id = 1 or  id = 2 or  id = 3 or  id = 4 or  id = 5 or  id = 6 or  id = 7  )  [ RunTime:0.0004s ]
SQL: SELECT * FROM `admin_auth_rule` WHERE ( type=-1 ) ORDER BY status asc  [ RunTime:0.0002s ]
SQL: SELECT * FROM `admin_auth_type` WHERE ( id=9 ) LIMIT 1   [ RunTime:0.0002s ]
SQL: SELECT * FROM `admin_auth_rule` WHERE ( name='Oil/index' ) LIMIT 1   [ RunTime:0.0003s ]
INFO: [ view_parse ] --START--
INFO: [ template_filter ] --START--
INFO: Run Behavior\ContentReplaceBehavior [ RunTime:0.000062s ]
INFO: [ template_filter ] --END-- [ RunTime:0.000098s ]
INFO: Run Behavior\ParseTemplateBehavior [ RunTime:0.008289s ]
INFO: [ view_parse ] --END-- [ RunTime:0.008324s ]
INFO: [ view_filter ] --START--
INFO: Run Behavior\WriteHtmlCacheBehavior [ RunTime:0.000362s ]
INFO: [ view_filter ] --END-- [ RunTime:0.000390s ]
INFO: [ app_end ] --START--
INFO: Run Behavior\ShowPageTraceBehavior [ RunTime:0.000558s ]
INFO: [ app_end ] --END-- [ RunTime:0.000586s ]

[ 2018-04-08T09:52:13+08:00 ] 127.0.0.1 /index.php?m=Home&c=Index&a=index
INFO: [ app_init ] --START--
INFO: Run Behavior\BuildLiteBehavior [ RunTime:0.000010s ]
INFO: [ app_init ] --END-- [ RunTime:0.000508s ]
INFO: [ app_begin ] --START--
INFO: Run Behavior\ReadHtmlCacheBehavior [ RunTime:0.000561s ]
INFO: [ app_begin ] --END-- [ RunTime:0.000596s ]
SQL: SHOW COLUMNS FROM `admin` [ RunTime:0.0177s ]
SQL: SELECT * FROM `admin` WHERE ( user_name='admin' and password='nanjingcongyu719' ) LIMIT 1   [ RunTime:0.0005s ]
SQL: SELECT * FROM `admin` WHERE ( id=1 ) LIMIT 1   [ RunTime:0.0003s ]
SQL: SHOW COLUMNS FROM `admin_auth_type` [ RunTime:0.0138s ]
SQL: SELECT * FROM `admin_auth_type` WHERE ( id=9 ) LIMIT 1   [ RunTime:0.0003s ]
SQL: SHOW COLUMNS FROM `admin_auth_rule` [ RunTime:0.0147s ]
SQL: SELECT * FROM `admin_auth_rule` WHERE (  status=1 and  id = 1 or  id = 2 or  id = 3 or  id = 4 or  id = 5 or  id = 6 or  id = 7  )  [ RunTime:0.0004s ]
SQL: SELECT * FROM `admin_auth_rule` WHERE ( type=-1 ) ORDER BY status asc  [ RunTime:0.0003s ]
SQL: SELECT * FROM `admin_auth_type` WHERE ( id=9 ) LIMIT 1   [ RunTime:0.0002s ]
SQL: SHOW COLUMNS FROM `oil` [ RunTime:0.0147s ]
SQL: SELECT * FROM `oil` ORDER BY start_time desc  [ RunTime:0.0003s ]
SQL: UPDATE `oil` SET `baiyou`='11.16' WHERE ( id='3' ) [ RunTime:0.0499s ]
SQL: UPDATE `oil` SET `danxiao`='0.75' WHERE ( id='3' ) [ RunTime:0.0251s ]
SQL: UPDATE `oil` SET `baiyou`='11.16' WHERE ( id='1' ) [ RunTime:0.0246s ]
SQL: UPDATE `oil` SET `danxiao`='0.77' WHERE ( id='1' ) [ RunTime:0.0254s ]
SQL: UPDATE `oil` SET `baiyou`='11.01' WHERE ( id='2' ) [ RunTime:0.0220s ]
SQL: UPDATE `oil` SET `danxiao`='0.76' WHERE ( id='2' ) [ RunTime:0.0272s ]
INFO: [ view_parse ] --START--
INFO: [ template_filter ] --START--
INFO: Run Behavior\ContentReplaceBehavior [ RunTime:0.000100s ]
INFO: [ template_filter ] --END-- [ RunTime:0.000154s ]
NOTIC: [8] Undefined variable: id D:\cs\APP\Runtime\Cache\Home\a59b5e3d0bfe1e0eebc9ef04a084f7b9.php 第 86 行.
NOTIC: [8] Undefined variable: num D:\cs\APP\Runtime\Cache\Home\a59b5e3d0bfe1e0eebc9ef04a084f7b9.php 第 117 行.
NOTIC: [8] Undefined variable: clostu D:\cs\APP\Runtime\Cache\Home\a59b5e3d0bfe1e0eebc9ef04a084f7b9.php 第 149 行.
NOTIC: [8] Undefined variable: page D:\cs\APP\Runtime\Cache\Home\a59b5e3d0bfe1e0eebc9ef04a084f7b9.php 第 219 行.
NOTIC: [8] Undefined variable: value D:\cs\APP\Runtime\Cache\Home\a59b5e3d0bfe1e0eebc9ef04a084f7b9.php 第 233 行.
INFO: Run Behavior\ParseTemplateBehavior [ RunTime:0.010416s ]
INFO: [ view_parse ] --END-- [ RunTime:0.010452s ]
INFO: [ view_filter ] --START--
INFO: Run Behavior\WriteHtmlCacheBehavior [ RunTime:0.000393s ]
INFO: [ view_filter ] --END-- [ RunTime:0.000421s ]
INFO: [ app_end ] --START--
INFO: Run Behavior\ShowPageTraceBehavior [ RunTime:0.000602s ]
INFO: [ app_end ] --END-- [ RunTime:0.000641s ]

[ 2018-04-08T09:52:19+08:00 ] 127.0.0.1 /index.php?m=Home&c=Oiladd&a=add&id=12
INFO: [ app_init ] --START--
INFO: Run Behavior\BuildLiteBehavior [ RunTime:0.000009s ]
INFO: [ app_init ] --END-- [ RunTime:0.000409s ]
INFO: [ app_begin ] --START--
INFO: Run Behavior\ReadHtmlCacheBehavior [ RunTime:0.000627s ]
INFO: [ app_begin ] --END-- [ RunTime:0.000664s ]
SQL: SHOW COLUMNS FROM `admin` [ RunTime:0.0135s ]
SQL: SELECT * FROM `admin` WHERE ( user_name='admin' and password='nanjingcongyu719' ) LIMIT 1   [ RunTime:0.0005s ]
SQL: SELECT * FROM `admin` WHERE ( id=1 ) LIMIT 1   [ RunTime:0.0003s ]
SQL: SHOW COLUMNS FROM `admin_auth_type` [ RunTime:0.0149s ]
SQL: SELECT * FROM `admin_auth_type` WHERE ( id=9 ) LIMIT 1   [ RunTime:0.0003s ]
SQL: SHOW COLUMNS FROM `admin_auth_rule` [ RunTime:0.0145s ]
SQL: SELECT * FROM `admin_auth_rule` WHERE (  status=1 and  id = 1 or  id = 2 or  id = 3 or  id = 4 or  id = 5 or  id = 6 or  id = 7  )  [ RunTime:0.0003s ]
SQL: SELECT * FROM `admin_auth_rule` WHERE ( type=-1 ) ORDER BY status asc  [ RunTime:0.0003s ]
SQL: SELECT * FROM `admin_auth_type` WHERE ( id=9 ) LIMIT 1   [ RunTime:0.0002s ]
SQL: SELECT * FROM `admin_auth_rule` WHERE ( name='Oiladd/add' ) LIMIT 1   [ RunTime:0.0002s ]
SQL: SHOW COLUMNS FROM `oil` [ RunTime:0.0167s ]
SQL: SELECT * FROM `oil` WHERE ( id='12' ) LIMIT 1   [ RunTime:0.0006s ]
INFO: [ view_parse ] --START--
INFO: [ template_filter ] --START--
INFO: Run Behavior\ContentReplaceBehavior [ RunTime:0.000068s ]
INFO: [ template_filter ] --END-- [ RunTime:0.000106s ]
INFO: Run Behavior\ParseTemplateBehavior [ RunTime:0.014628s ]
INFO: [ view_parse ] --END-- [ RunTime:0.014679s ]
INFO: [ view_filter ] --START--
INFO: Run Behavior\WriteHtmlCacheBehavior [ RunTime:0.000736s ]
INFO: [ view_filter ] --END-- [ RunTime:0.000779s ]
INFO: [ app_end ] --START--
INFO: Run Behavior\ShowPageTraceBehavior [ RunTime:0.000989s ]
INFO: [ app_end ] --END-- [ RunTime:0.001038s ]

[ 2018-04-08T09:52:25+08:00 ] 127.0.0.1 /index.php?m=Home&c=Oiladd&a=add
INFO: [ app_init ] --START--
INFO: Run Behavior\BuildLiteBehavior [ RunTime:0.000008s ]
INFO: [ app_init ] --END-- [ RunTime:0.000445s ]
INFO: [ app_begin ] --START--
INFO: Run Behavior\ReadHtmlCacheBehavior [ RunTime:0.000552s ]
INFO: [ app_begin ] --END-- [ RunTime:0.000586s ]
SQL: SHOW COLUMNS FROM `admin` [ RunTime:0.0165s ]
SQL: SELECT * FROM `admin` WHERE ( user_name='admin' and password='nanjingcongyu719' ) LIMIT 1   [ RunTime:0.0004s ]
SQL: SELECT * FROM `admin` WHERE ( id=1 ) LIMIT 1   [ RunTime:0.0003s ]
SQL: SHOW COLUMNS FROM `admin_auth_type` [ RunTime:0.0147s ]
SQL: SELECT * FROM `admin_auth_type` WHERE ( id=9 ) LIMIT 1   [ RunTime:0.0003s ]
SQL: SHOW COLUMNS FROM `admin_auth_rule` [ RunTime:0.0137s ]
SQL: SELECT * FROM `admin_auth_rule` WHERE (  status=1 and  id = 1 or  id = 2 or  id = 3 or  id = 4 or  id = 5 or  id = 6 or  id = 7  )  [ RunTime:0.0003s ]
SQL: SELECT * FROM `admin_auth_rule` WHERE ( type=-1 ) ORDER BY status asc  [ RunTime:0.0002s ]
SQL: SELECT * FROM `admin_auth_type` WHERE ( id=9 ) LIMIT 1   [ RunTime:0.0002s ]
SQL: SELECT * FROM `admin_auth_rule` WHERE ( name='Oiladd/add' ) LIMIT 1   [ RunTime:0.0002s ]
SQL: SHOW COLUMNS FROM `oil` [ RunTime:0.0160s ]
SQL: UPDATE `oil` SET `licheng`='465' WHERE ( id='12' ) [ RunTime:0.0383s ]
INFO: [ view_parse ] --START--
INFO: [ template_filter ] --START--
INFO: Run Behavior\ContentReplaceBehavior [ RunTime:0.000026s ]
INFO: [ template_filter ] --END-- [ RunTime:0.000063s ]
INFO: Run Behavior\ParseTemplateBehavior [ RunTime:0.005758s ]
INFO: [ view_parse ] --END-- [ RunTime:0.005793s ]
INFO: [ view_filter ] --START--
INFO: Run Behavior\WriteHtmlCacheBehavior [ RunTime:0.000354s ]
INFO: [ view_filter ] --END-- [ RunTime:0.000381s ]
INFO: [ app_end ] --START--
INFO: Run Behavior\ShowPageTraceBehavior [ RunTime:0.000531s ]
INFO: [ app_end ] --END-- [ RunTime:0.000560s ]

[ 2018-04-08T09:52:26+08:00 ] 127.0.0.1 /index.php?m=Home&c=Index&a=index
INFO: [ app_init ] --START--
INFO: Run Behavior\BuildLiteBehavior [ RunTime:0.000009s ]
INFO: [ app_init ] --END-- [ RunTime:0.000436s ]
INFO: [ app_begin ] --START--
INFO: Run Behavior\ReadHtmlCacheBehavior [ RunTime:0.000615s ]
INFO: [ app_begin ] --END-- [ RunTime:0.000658s ]
SQL: SHOW COLUMNS FROM `admin` [ RunTime:0.0167s ]
SQL: SELECT * FROM `admin` WHERE ( user_name='admin' and password='nanjingcongyu719' ) LIMIT 1   [ RunTime:0.0005s ]
SQL: SELECT * FROM `admin` WHERE ( id=1 ) LIMIT 1   [ RunTime:0.0003s ]
SQL: SHOW COLUMNS FROM `admin_auth_type` [ RunTime:0.0131s ]
SQL: SELECT * FROM `admin_auth_type` WHERE ( id=9 ) LIMIT 1   [ RunTime:0.0003s ]
SQL: SHOW COLUMNS FROM `admin_auth_rule` [ RunTime:0.0150s ]
SQL: SELECT * FROM `admin_auth_rule` WHERE (  status=1 and  id = 1 or  id = 2 or  id = 3 or  id = 4 or  id = 5 or  id = 6 or  id = 7  )  [ RunTime:0.0004s ]
SQL: SELECT * FROM `admin_auth_rule` WHERE ( type=-1 ) ORDER BY status asc  [ RunTime:0.0002s ]
SQL: SELECT * FROM `admin_auth_type` WHERE ( id=9 ) LIMIT 1   [ RunTime:0.0002s ]
SQL: SHOW COLUMNS FROM `oil` [ RunTime:0.0158s ]
SQL: SELECT * FROM `oil` ORDER BY start_time desc  [ RunTime:0.0004s ]
SQL: UPDATE `oil` SET `baiyou`='9.44' WHERE ( id='12' ) [ RunTime:0.0445s ]
SQL: UPDATE `oil` SET `danxiao`='0.65' WHERE ( id='12' ) [ RunTime:0.0308s ]
SQL: UPDATE `oil` SET `baiyou`='11.16' WHERE ( id='3' ) [ RunTime:0.0245s ]
SQL: UPDATE `oil` SET `danxiao`='0.75' WHERE ( id='3' ) [ RunTime:0.0252s ]
SQL: UPDATE `oil` SET `baiyou`='11.16' WHERE ( id='1' ) [ RunTime:0.0297s ]
SQL: UPDATE `oil` SET `danxiao`='0.77' WHERE ( id='1' ) [ RunTime:0.0284s ]
SQL: UPDATE `oil` SET `baiyou`='11.01' WHERE ( id='2' ) [ RunTime:0.0245s ]
SQL: UPDATE `oil` SET `danxiao`='0.76' WHERE ( id='2' ) [ RunTime:0.0251s ]
INFO: [ view_parse ] --START--
INFO: [ template_filter ] --START--
INFO: Run Behavior\ContentReplaceBehavior [ RunTime:0.000088s ]
INFO: [ template_filter ] --END-- [ RunTime:0.000130s ]
NOTIC: [8] Undefined variable: id D:\cs\APP\Runtime\Cache\Home\a59b5e3d0bfe1e0eebc9ef04a084f7b9.php 第 86 行.
NOTIC: [8] Undefined variable: num D:\cs\APP\Runtime\Cache\Home\a59b5e3d0bfe1e0eebc9ef04a084f7b9.php 第 117 行.
NOTIC: [8] Undefined variable: clostu D:\cs\APP\Runtime\Cache\Home\a59b5e3d0bfe1e0eebc9ef04a084f7b9.php 第 149 行.
NOTIC: [8] Undefined variable: page D:\cs\APP\Runtime\Cache\Home\a59b5e3d0bfe1e0eebc9ef04a084f7b9.php 第 219 行.
NOTIC: [8] Undefined variable: value D:\cs\APP\Runtime\Cache\Home\a59b5e3d0bfe1e0eebc9ef04a084f7b9.php 第 233 行.
INFO: Run Behavior\ParseTemplateBehavior [ RunTime:0.010487s ]
INFO: [ view_parse ] --END-- [ RunTime:0.010519s ]
INFO: [ view_filter ] --START--
INFO: Run Behavior\WriteHtmlCacheBehavior [ RunTime:0.000424s ]
INFO: [ view_filter ] --END-- [ RunTime:0.000452s ]
INFO: [ app_end ] --START--
INFO: Run Behavior\ShowPageTraceBehavior [ RunTime:0.000708s ]
INFO: [ app_end ] --END-- [ RunTime:0.000747s ]

[ 2018-04-08T09:53:20+08:00 ] 127.0.0.1 /index.php?m=Home&c=Oil&a=index
INFO: [ app_init ] --START--
INFO: Run Behavior\BuildLiteBehavior [ RunTime:0.000012s ]
INFO: [ app_init ] --END-- [ RunTime:0.000546s ]
INFO: [ app_begin ] --START--
INFO: Run Behavior\ReadHtmlCacheBehavior [ RunTime:0.000611s ]
INFO: [ app_begin ] --END-- [ RunTime:0.000657s ]
SQL: SHOW COLUMNS FROM `admin` [ RunTime:0.0161s ]
SQL: SELECT * FROM `admin` WHERE ( user_name='admin' and password='nanjingcongyu719' ) LIMIT 1   [ RunTime:0.0005s ]
SQL: SELECT * FROM `admin` WHERE ( id=1 ) LIMIT 1   [ RunTime:0.0003s ]
SQL: SHOW COLUMNS FROM `admin_auth_type` [ RunTime:0.0140s ]
SQL: SELECT * FROM `admin_auth_type` WHERE ( id=9 ) LIMIT 1   [ RunTime:0.0002s ]
SQL: SHOW COLUMNS FROM `admin_auth_rule` [ RunTime:0.0133s ]
SQL: SELECT * FROM `admin_auth_rule` WHERE (  status=1 and  id = 1 or  id = 2 or  id = 3 or  id = 4 or  id = 5 or  id = 6 or  id = 7  )  [ RunTime:0.0004s ]
SQL: SELECT * FROM `admin_auth_rule` WHERE ( type=-1 ) ORDER BY status asc  [ RunTime:0.0002s ]
SQL: SELECT * FROM `admin_auth_type` WHERE ( id=9 ) LIMIT 1   [ RunTime:0.0002s ]
SQL: SELECT * FROM `admin_auth_rule` WHERE ( name='Oil/index' ) LIMIT 1   [ RunTime:0.0002s ]
INFO: [ view_parse ] --START--
INFO: [ template_filter ] --START--
INFO: Run Behavior\ContentReplaceBehavior [ RunTime:0.000062s ]
INFO: [ template_filter ] --END-- [ RunTime:0.000097s ]
INFO: Run Behavior\ParseTemplateBehavior [ RunTime:0.008864s ]
INFO: [ view_parse ] --END-- [ RunTime:0.008910s ]
INFO: [ view_filter ] --START--
INFO: Run Behavior\WriteHtmlCacheBehavior [ RunTime:0.000413s ]
INFO: [ view_filter ] --END-- [ RunTime:0.000441s ]
INFO: [ app_end ] --START--
INFO: Run Behavior\ShowPageTraceBehavior [ RunTime:0.000606s ]
INFO: [ app_end ] --END-- [ RunTime:0.000634s ]

[ 2018-04-08T09:53:34+08:00 ] 127.0.0.1 /index.php?m=Home&c=Oiladd&a=index
INFO: [ app_init ] --START--
INFO: Run Behavior\BuildLiteBehavior [ RunTime:0.000007s ]
INFO: [ app_init ] --END-- [ RunTime:0.000409s ]
INFO: [ app_begin ] --START--
INFO: Run Behavior\ReadHtmlCacheBehavior [ RunTime:0.000552s ]
INFO: [ app_begin ] --END-- [ RunTime:0.000590s ]
SQL: SHOW COLUMNS FROM `admin` [ RunTime:0.0141s ]
SQL: SELECT * FROM `admin` WHERE ( user_name='admin' and password='nanjingcongyu719' ) LIMIT 1   [ RunTime:0.0004s ]
SQL: SELECT * FROM `admin` WHERE ( id=1 ) LIMIT 1   [ RunTime:0.0003s ]
SQL: SHOW COLUMNS FROM `admin_auth_type` [ RunTime:0.0151s ]
SQL: SELECT * FROM `admin_auth_type` WHERE ( id=9 ) LIMIT 1   [ RunTime:0.0003s ]
SQL: SHOW COLUMNS FROM `admin_auth_rule` [ RunTime:0.0131s ]
SQL: SELECT * FROM `admin_auth_rule` WHERE (  status=1 and  id = 1 or  id = 2 or  id = 3 or  id = 4 or  id = 5 or  id = 6 or  id = 7  )  [ RunTime:0.0003s ]
SQL: SELECT * FROM `admin_auth_rule` WHERE ( type=-1 ) ORDER BY status asc  [ RunTime:0.0003s ]
SQL: SELECT * FROM `admin_auth_type` WHERE ( id=9 ) LIMIT 1   [ RunTime:0.0002s ]
SQL: SELECT * FROM `admin_auth_rule` WHERE ( name='Oiladd/index' ) LIMIT 1   [ RunTime:0.0003s ]
SQL: SHOW COLUMNS FROM `oil` [ RunTime:0.0168s ]
SQL: INSERT INTO `oil` (`start_time`,`chepai`,`chezhu`,`danci`,`danjia`,`jine`) VALUES ('2018-04-08','苏K1P730','张荣','29.15','6.86','200') [ RunTime:0.0253s ]
INFO: [ view_parse ] --START--
INFO: [ template_filter ] --START--
INFO: Run Behavior\ContentReplaceBehavior [ RunTime:0.000026s ]
INFO: [ template_filter ] --END-- [ RunTime:0.000062s ]
INFO: Run Behavior\ParseTemplateBehavior [ RunTime:0.005670s ]
INFO: [ view_parse ] --END-- [ RunTime:0.005710s ]
INFO: [ view_filter ] --START--
INFO: Run Behavior\WriteHtmlCacheBehavior [ RunTime:0.000350s ]
INFO: [ view_filter ] --END-- [ RunTime:0.000384s ]
INFO: [ app_end ] --START--
INFO: Run Behavior\ShowPageTraceBehavior [ RunTime:0.000659s ]
INFO: [ app_end ] --END-- [ RunTime:0.000692s ]

[ 2018-04-08T09:53:36+08:00 ] 127.0.0.1 /index.php?m=Home&c=Oil&a=index
INFO: [ app_init ] --START--
INFO: Run Behavior\BuildLiteBehavior [ RunTime:0.000008s ]
INFO: [ app_init ] --END-- [ RunTime:0.000430s ]
INFO: [ app_begin ] --START--
INFO: Run Behavior\ReadHtmlCacheBehavior [ RunTime:0.000550s ]
INFO: [ app_begin ] --END-- [ RunTime:0.000585s ]
SQL: SHOW COLUMNS FROM `admin` [ RunTime:0.0168s ]
SQL: SELECT * FROM `admin` WHERE ( user_name='admin' and password='nanjingcongyu719' ) LIMIT 1   [ RunTime:0.0004s ]
SQL: SELECT * FROM `admin` WHERE ( id=1 ) LIMIT 1   [ RunTime:0.0003s ]
SQL: SHOW COLUMNS FROM `admin_auth_type` [ RunTime:0.0150s ]
SQL: SELECT * FROM `admin_auth_type` WHERE ( id=9 ) LIMIT 1   [ RunTime:0.0003s ]
SQL: SHOW COLUMNS FROM `admin_auth_rule` [ RunTime:0.0166s ]
SQL: SELECT * FROM `admin_auth_rule` WHERE (  status=1 and  id = 1 or  id = 2 or  id = 3 or  id = 4 or  id = 5 or  id = 6 or  id = 7  )  [ RunTime:0.0004s ]
SQL: SELECT * FROM `admin_auth_rule` WHERE ( type=-1 ) ORDER BY status asc  [ RunTime:0.0003s ]
SQL: SELECT * FROM `admin_auth_type` WHERE ( id=9 ) LIMIT 1   [ RunTime:0.0002s ]
SQL: SELECT * FROM `admin_auth_rule` WHERE ( name='Oil/index' ) LIMIT 1   [ RunTime:0.0002s ]
INFO: [ view_parse ] --START--
INFO: [ template_filter ] --START--
INFO: Run Behavior\ContentReplaceBehavior [ RunTime:0.000091s ]
INFO: [ template_filter ] --END-- [ RunTime:0.000162s ]
INFO: Run Behavior\ParseTemplateBehavior [ RunTime:0.012346s ]
INFO: [ view_parse ] --END-- [ RunTime:0.012403s ]
INFO: [ view_filter ] --START--
INFO: Run Behavior\WriteHtmlCacheBehavior [ RunTime:0.000494s ]
INFO: [ view_filter ] --END-- [ RunTime:0.000532s ]
INFO: [ app_end ] --START--
INFO: Run Behavior\ShowPageTraceBehavior [ RunTime:0.000673s ]
INFO: [ app_end ] --END-- [ RunTime:0.000710s ]

[ 2018-04-08T09:53:38+08:00 ] 127.0.0.1 /index.php?m=Home&c=Index&a=index
INFO: [ app_init ] --START--
INFO: Run Behavior\BuildLiteBehavior [ RunTime:0.000008s ]
INFO: [ app_init ] --END-- [ RunTime:0.000438s ]
INFO: [ app_begin ] --START--
INFO: Run Behavior\ReadHtmlCacheBehavior [ RunTime:0.000524s ]
INFO: [ app_begin ] --END-- [ RunTime:0.000557s ]
SQL: SHOW COLUMNS FROM `admin` [ RunTime:0.0166s ]
SQL: SELECT * FROM `admin` WHERE ( user_name='admin' and password='nanjingcongyu719' ) LIMIT 1   [ RunTime:0.0005s ]
SQL: SELECT * FROM `admin` WHERE ( id=1 ) LIMIT 1   [ RunTime:0.0003s ]
SQL: SHOW COLUMNS FROM `admin_auth_type` [ RunTime:0.0163s ]
SQL: SELECT * FROM `admin_auth_type` WHERE ( id=9 ) LIMIT 1   [ RunTime:0.0003s ]
SQL: SHOW COLUMNS FROM `admin_auth_rule` [ RunTime:0.0137s ]
SQL: SELECT * FROM `admin_auth_rule` WHERE (  status=1 and  id = 1 or  id = 2 or  id = 3 or  id = 4 or  id = 5 or  id = 6 or  id = 7  )  [ RunTime:0.0003s ]
SQL: SELECT * FROM `admin_auth_rule` WHERE ( type=-1 ) ORDER BY status asc  [ RunTime:0.0002s ]
SQL: SELECT * FROM `admin_auth_type` WHERE ( id=9 ) LIMIT 1   [ RunTime:0.0002s ]
SQL: SHOW COLUMNS FROM `oil` [ RunTime:0.0162s ]
SQL: SELECT * FROM `oil` ORDER BY start_time desc  [ RunTime:0.0003s ]
SQL: UPDATE `oil` SET `baiyou`='9.44' WHERE ( id='12' ) [ RunTime:0.0392s ]
SQL: UPDATE `oil` SET `danxiao`='0.65' WHERE ( id='12' ) [ RunTime:0.0228s ]
SQL: UPDATE `oil` SET `baiyou`='11.16' WHERE ( id='3' ) [ RunTime:0.0270s ]
SQL: UPDATE `oil` SET `danxiao`='0.75' WHERE ( id='3' ) [ RunTime:0.0251s ]
SQL: UPDATE `oil` SET `baiyou`='11.16' WHERE ( id='1' ) [ RunTime:0.0246s ]
SQL: UPDATE `oil` SET `danxiao`='0.77' WHERE ( id='1' ) [ RunTime:0.0252s ]
SQL: UPDATE `oil` SET `baiyou`='11.01' WHERE ( id='2' ) [ RunTime:0.0246s ]
SQL: UPDATE `oil` SET `danxiao`='0.76' WHERE ( id='2' ) [ RunTime:0.0251s ]
INFO: [ view_parse ] --START--
INFO: [ template_filter ] --START--
INFO: Run Behavior\ContentReplaceBehavior [ RunTime:0.000099s ]
INFO: [ template_filter ] --END-- [ RunTime:0.000152s ]
NOTIC: [8] Undefined variable: id D:\cs\APP\Runtime\Cache\Home\a59b5e3d0bfe1e0eebc9ef04a084f7b9.php 第 86 行.
NOTIC: [8] Undefined variable: num D:\cs\APP\Runtime\Cache\Home\a59b5e3d0bfe1e0eebc9ef04a084f7b9.php 第 117 行.
NOTIC: [8] Undefined variable: clostu D:\cs\APP\Runtime\Cache\Home\a59b5e3d0bfe1e0eebc9ef04a084f7b9.php 第 149 行.
NOTIC: [8] Undefined variable: page D:\cs\APP\Runtime\Cache\Home\a59b5e3d0bfe1e0eebc9ef04a084f7b9.php 第 219 行.
NOTIC: [8] Undefined variable: value D:\cs\APP\Runtime\Cache\Home\a59b5e3d0bfe1e0eebc9ef04a084f7b9.php 第 233 行.
INFO: Run Behavior\ParseTemplateBehavior [ RunTime:0.010346s ]
INFO: [ view_parse ] --END-- [ RunTime:0.010378s ]
INFO: [ view_filter ] --START--
INFO: Run Behavior\WriteHtmlCacheBehavior [ RunTime:0.000389s ]
INFO: [ view_filter ] --END-- [ RunTime:0.000415s ]
INFO: [ app_end ] --START--
INFO: Run Behavior\ShowPageTraceBehavior [ RunTime:0.000723s ]
INFO: [ app_end ] --END-- [ RunTime:0.000756s ]

[ 2018-04-08T09:53:43+08:00 ] 127.0.0.1 /index.php?m=Home&c=Oiladd&a=add&id=13
INFO: [ app_init ] --START--
INFO: Run Behavior\BuildLiteBehavior [ RunTime:0.000009s ]
INFO: [ app_init ] --END-- [ RunTime:0.000423s ]
INFO: [ app_begin ] --START--
INFO: Run Behavior\ReadHtmlCacheBehavior [ RunTime:0.000518s ]
INFO: [ app_begin ] --END-- [ RunTime:0.000552s ]
SQL: SHOW COLUMNS FROM `admin` [ RunTime:0.0169s ]
SQL: SELECT * FROM `admin` WHERE ( user_name='admin' and password='nanjingcongyu719' ) LIMIT 1   [ RunTime:0.0005s ]
SQL: SELECT * FROM `admin` WHERE ( id=1 ) LIMIT 1   [ RunTime:0.0003s ]
SQL: SHOW COLUMNS FROM `admin_auth_type` [ RunTime:0.0145s ]
SQL: SELECT * FROM `admin_auth_type` WHERE ( id=9 ) LIMIT 1   [ RunTime:0.0002s ]
SQL: SHOW COLUMNS FROM `admin_auth_rule` [ RunTime:0.0162s ]
SQL: SELECT * FROM `admin_auth_rule` WHERE (  status=1 and  id = 1 or  id = 2 or  id = 3 or  id = 4 or  id = 5 or  id = 6 or  id = 7  )  [ RunTime:0.0004s ]
SQL: SELECT * FROM `admin_auth_rule` WHERE ( type=-1 ) ORDER BY status asc  [ RunTime:0.0003s ]
SQL: SELECT * FROM `admin_auth_type` WHERE ( id=9 ) LIMIT 1   [ RunTime:0.0002s ]
SQL: SELECT * FROM `admin_auth_rule` WHERE ( name='Oiladd/add' ) LIMIT 1   [ RunTime:0.0002s ]
SQL: SHOW COLUMNS FROM `oil` [ RunTime:0.0144s ]
SQL: SELECT * FROM `oil` WHERE ( id='13' ) LIMIT 1   [ RunTime:0.0003s ]
INFO: [ view_parse ] --START--
INFO: [ template_filter ] --START--
INFO: Run Behavior\ContentReplaceBehavior [ RunTime:0.000066s ]
INFO: [ template_filter ] --END-- [ RunTime:0.000100s ]
INFO: Run Behavior\ParseTemplateBehavior [ RunTime:0.008299s ]
INFO: [ view_parse ] --END-- [ RunTime:0.008345s ]
INFO: [ view_filter ] --START--
INFO: Run Behavior\WriteHtmlCacheBehavior [ RunTime:0.000481s ]
INFO: [ view_filter ] --END-- [ RunTime:0.000518s ]
INFO: [ app_end ] --START--
INFO: Run Behavior\ShowPageTraceBehavior [ RunTime:0.000576s ]
INFO: [ app_end ] --END-- [ RunTime:0.000607s ]

[ 2018-04-08T09:53:49+08:00 ] 127.0.0.1 /index.php?m=Home&c=Oiladd&a=add
INFO: [ app_init ] --START--
INFO: Run Behavior\BuildLiteBehavior [ RunTime:0.000009s ]
INFO: [ app_init ] --END-- [ RunTime:0.000401s ]
INFO: [ app_begin ] --START--
INFO: Run Behavior\ReadHtmlCacheBehavior [ RunTime:0.000619s ]
INFO: [ app_begin ] --END-- [ RunTime:0.000658s ]
SQL: SHOW COLUMNS FROM `admin` [ RunTime:0.0144s ]
SQL: SELECT * FROM `admin` WHERE ( user_name='admin' and password='nanjingcongyu719' ) LIMIT 1   [ RunTime:0.0006s ]
SQL: SELECT * FROM `admin` WHERE ( id=1 ) LIMIT 1   [ RunTime:0.0003s ]
SQL: SHOW COLUMNS FROM `admin_auth_type` [ RunTime:0.0128s ]
SQL: SELECT * FROM `admin_auth_type` WHERE ( id=9 ) LIMIT 1   [ RunTime:0.0002s ]
SQL: SHOW COLUMNS FROM `admin_auth_rule` [ RunTime:0.0145s ]
SQL: SELECT * FROM `admin_auth_rule` WHERE (  status=1 and  id = 1 or  id = 2 or  id = 3 or  id = 4 or  id = 5 or  id = 6 or  id = 7  )  [ RunTime:0.0003s ]
SQL: SELECT * FROM `admin_auth_rule` WHERE ( type=-1 ) ORDER BY status asc  [ RunTime:0.0003s ]
SQL: SELECT * FROM `admin_auth_type` WHERE ( id=9 ) LIMIT 1   [ RunTime:0.0002s ]
SQL: SELECT * FROM `admin_auth_rule` WHERE ( name='Oiladd/add' ) LIMIT 1   [ RunTime:0.0002s ]
SQL: SHOW COLUMNS FROM `oil` [ RunTime:0.0142s ]
SQL: UPDATE `oil` SET `licheng`='250' WHERE ( id='13' ) [ RunTime:0.0400s ]
INFO: [ view_parse ] --START--
INFO: [ template_filter ] --START--
INFO: Run Behavior\ContentReplaceBehavior [ RunTime:0.000033s ]
INFO: [ template_filter ] --END-- [ RunTime:0.000080s ]
INFO: Run Behavior\ParseTemplateBehavior [ RunTime:0.006281s ]
INFO: [ view_parse ] --END-- [ RunTime:0.006331s ]
INFO: [ view_filter ] --START--
INFO: Run Behavior\WriteHtmlCacheBehavior [ RunTime:0.000476s ]
INFO: [ view_filter ] --END-- [ RunTime:0.000518s ]
INFO: [ app_end ] --START--
INFO: Run Behavior\ShowPageTraceBehavior [ RunTime:0.000566s ]
INFO: [ app_end ] --END-- [ RunTime:0.000598s ]

[ 2018-04-08T09:53:51+08:00 ] 127.0.0.1 /index.php?m=Home&c=Index&a=index
INFO: [ app_init ] --START--
INFO: Run Behavior\BuildLiteBehavior [ RunTime:0.000010s ]
INFO: [ app_init ] --END-- [ RunTime:0.000559s ]
INFO: [ app_begin ] --START--
INFO: Run Behavior\ReadHtmlCacheBehavior [ RunTime:0.000713s ]
INFO: [ app_begin ] --END-- [ RunTime:0.000761s ]
SQL: SHOW COLUMNS FROM `admin` [ RunTime:0.0172s ]
SQL: SELECT * FROM `admin` WHERE ( user_name='admin' and password='nanjingcongyu719' ) LIMIT 1   [ RunTime:0.0004s ]
SQL: SELECT * FROM `admin` WHERE ( id=1 ) LIMIT 1   [ RunTime:0.0003s ]
SQL: SHOW COLUMNS FROM `admin_auth_type` [ RunTime:0.0132s ]
SQL: SELECT * FROM `admin_auth_type` WHERE ( id=9 ) LIMIT 1   [ RunTime:0.0003s ]
SQL: SHOW COLUMNS FROM `admin_auth_rule` [ RunTime:0.0143s ]
SQL: SELECT * FROM `admin_auth_rule` WHERE (  status=1 and  id = 1 or  id = 2 or  id = 3 or  id = 4 or  id = 5 or  id = 6 or  id = 7  )  [ RunTime:0.0003s ]
SQL: SELECT * FROM `admin_auth_rule` WHERE ( type=-1 ) ORDER BY status asc  [ RunTime:0.0003s ]
SQL: SELECT * FROM `admin_auth_type` WHERE ( id=9 ) LIMIT 1   [ RunTime:0.0002s ]
SQL: SHOW COLUMNS FROM `oil` [ RunTime:0.0138s ]
SQL: SELECT * FROM `oil` ORDER BY start_time desc  [ RunTime:0.0004s ]
SQL: UPDATE `oil` SET `baiyou`='9.44' WHERE ( id='12' ) [ RunTime:0.0180s ]
SQL: UPDATE `oil` SET `danxiao`='0.65' WHERE ( id='12' ) [ RunTime:0.0268s ]
SQL: UPDATE `oil` SET `baiyou`='11.66' WHERE ( id='13' ) [ RunTime:0.0250s ]
SQL: UPDATE `oil` SET `danxiao`='0.8' WHERE ( id='13' ) [ RunTime:0.0245s ]
SQL: UPDATE `oil` SET `baiyou`='11.16' WHERE ( id='3' ) [ RunTime:0.0251s ]
SQL: UPDATE `oil` SET `danxiao`='0.75' WHERE ( id='3' ) [ RunTime:0.0325s ]
SQL: UPDATE `oil` SET `baiyou`='11.16' WHERE ( id='1' ) [ RunTime:0.0256s ]
SQL: UPDATE `oil` SET `danxiao`='0.77' WHERE ( id='1' ) [ RunTime:0.0244s ]
SQL: UPDATE `oil` SET `baiyou`='11.01' WHERE ( id='2' ) [ RunTime:0.0251s ]
SQL: UPDATE `oil` SET `danxiao`='0.76' WHERE ( id='2' ) [ RunTime:0.0226s ]
INFO: [ view_parse ] --START--
INFO: [ template_filter ] --START--
INFO: Run Behavior\ContentReplaceBehavior [ RunTime:0.000095s ]
INFO: [ template_filter ] --END-- [ RunTime:0.000129s ]
NOTIC: [8] Undefined variable: id D:\cs\APP\Runtime\Cache\Home\a59b5e3d0bfe1e0eebc9ef04a084f7b9.php 第 86 行.
NOTIC: [8] Undefined variable: num D:\cs\APP\Runtime\Cache\Home\a59b5e3d0bfe1e0eebc9ef04a084f7b9.php 第 117 行.
NOTIC: [8] Undefined variable: clostu D:\cs\APP\Runtime\Cache\Home\a59b5e3d0bfe1e0eebc9ef04a084f7b9.php 第 149 行.
NOTIC: [8] Undefined variable: page D:\cs\APP\Runtime\Cache\Home\a59b5e3d0bfe1e0eebc9ef04a084f7b9.php 第 219 行.
NOTIC: [8] Undefined variable: value D:\cs\APP\Runtime\Cache\Home\a59b5e3d0bfe1e0eebc9ef04a084f7b9.php 第 233 行.
INFO: Run Behavior\ParseTemplateBehavior [ RunTime:0.009680s ]
INFO: [ view_parse ] --END-- [ RunTime:0.009721s ]
INFO: [ view_filter ] --START--
INFO: Run Behavior\WriteHtmlCacheBehavior [ RunTime:0.000414s ]
INFO: [ view_filter ] --END-- [ RunTime:0.000452s ]
INFO: [ app_end ] --START--
INFO: Run Behavior\ShowPageTraceBehavior [ RunTime:0.000611s ]
INFO: [ app_end ] --END-- [ RunTime:0.000650s ]

[ 2018-04-08T09:54:13+08:00 ] 127.0.0.1 /index.php?m=Home&c=Dantong&a=index&chepai=%E8%8B%8FK1P730
INFO: [ app_init ] --START--
INFO: Run Behavior\BuildLiteBehavior [ RunTime:0.000009s ]
INFO: [ app_init ] --END-- [ RunTime:0.000405s ]
INFO: [ app_begin ] --START--
INFO: Run Behavior\ReadHtmlCacheBehavior [ RunTime:0.000537s ]
INFO: [ app_begin ] --END-- [ RunTime:0.000572s ]
SQL: SHOW COLUMNS FROM `admin` [ RunTime:0.0125s ]
SQL: SELECT * FROM `admin` WHERE ( user_name='admin' and password='nanjingcongyu719' ) LIMIT 1   [ RunTime:0.0004s ]
SQL: SELECT * FROM `admin` WHERE ( id=1 ) LIMIT 1   [ RunTime:0.0003s ]
SQL: SHOW COLUMNS FROM `admin_auth_type` [ RunTime:0.0137s ]
SQL: SELECT * FROM `admin_auth_type` WHERE ( id=9 ) LIMIT 1   [ RunTime:0.0003s ]
SQL: SHOW COLUMNS FROM `admin_auth_rule` [ RunTime:0.0143s ]
SQL: SELECT * FROM `admin_auth_rule` WHERE (  status=1 and  id = 1 or  id = 2 or  id = 3 or  id = 4 or  id = 5 or  id = 6 or  id = 7  )  [ RunTime:0.0003s ]
SQL: SELECT * FROM `admin_auth_rule` WHERE ( type=-1 ) ORDER BY status asc  [ RunTime:0.0003s ]
SQL: SELECT * FROM `admin_auth_type` WHERE ( id=9 ) LIMIT 1   [ RunTime:0.0002s ]
SQL: SELECT * FROM `admin_auth_rule` WHERE ( name='Dantong/index' ) LIMIT 1   [ RunTime:0.0002s ]
SQL: SHOW COLUMNS FROM `oil` [ RunTime:0.0132s ]
SQL: SELECT `baiyou` FROM `oil` WHERE ( chepai='苏K1P730' ) ORDER BY start_time desc  [ RunTime:0.0004s ]
SQL: SELECT `start_time`,`chepai` FROM `oil` WHERE ( chepai='苏K1P730' ) ORDER BY start_time desc  [ RunTime:0.0002s ]
INFO: [ view_parse ] --START--
INFO: [ template_filter ] --START--
INFO: Run Behavior\ContentReplaceBehavior [ RunTime:0.000095s ]
INFO: [ template_filter ] --END-- [ RunTime:0.000147s ]
NOTIC: [8] Undefined variable: stime D:\cs\APP\Runtime\Cache\Home\0c07129c688c43dc65015bdf895dad3a.php 第 137 行.
NOTIC: [8] Undefined variable: data D:\cs\APP\Runtime\Cache\Home\0c07129c688c43dc65015bdf895dad3a.php 第 162 行.
NOTIC: [8] Undefined variable: www_url D:\cs\APP\Runtime\Cache\Home\0c07129c688c43dc65015bdf895dad3a.php 第 184 行.
NOTIC: [8] Undefined variable: Stime D:\cs\APP\Runtime\Cache\Home\0c07129c688c43dc65015bdf895dad3a.php 第 219 行.
INFO: Run Behavior\ParseTemplateBehavior [ RunTime:0.009100s ]
INFO: [ view_parse ] --END-- [ RunTime:0.009131s ]
INFO: [ view_filter ] --START--
INFO: Run Behavior\WriteHtmlCacheBehavior [ RunTime:0.000409s ]
INFO: [ view_filter ] --END-- [ RunTime:0.000440s ]
INFO: [ app_end ] --START--
INFO: Run Behavior\ShowPageTraceBehavior [ RunTime:0.000637s ]
INFO: [ app_end ] --END-- [ RunTime:0.000670s ]

[ 2018-04-08T09:56:43+08:00 ] 127.0.0.1 /index.php?m=Home&c=Index&a=index
INFO: [ app_init ] --START--
INFO: Run Behavior\BuildLiteBehavior [ RunTime:0.000014s ]
INFO: [ app_init ] --END-- [ RunTime:0.000539s ]
INFO: [ app_begin ] --START--
INFO: Run Behavior\ReadHtmlCacheBehavior [ RunTime:0.000598s ]
INFO: [ app_begin ] --END-- [ RunTime:0.000648s ]
SQL: SHOW COLUMNS FROM `admin` [ RunTime:0.0209s ]
SQL: SELECT * FROM `admin` WHERE ( user_name='admin' and password='nanjingcongyu719' ) LIMIT 1   [ RunTime:0.0012s ]
SQL: SELECT * FROM `admin` WHERE ( id=1 ) LIMIT 1   [ RunTime:0.0004s ]
SQL: SHOW COLUMNS FROM `admin_auth_type` [ RunTime:0.0137s ]
SQL: SELECT * FROM `admin_auth_type` WHERE ( id=9 ) LIMIT 1   [ RunTime:0.0003s ]
SQL: SHOW COLUMNS FROM `admin_auth_rule` [ RunTime:0.0150s ]
SQL: SELECT * FROM `admin_auth_rule` WHERE (  status=1 and  id = 1 or  id = 2 or  id = 3 or  id = 4 or  id = 5 or  id = 6 or  id = 7  )  [ RunTime:0.0005s ]
SQL: SELECT * FROM `admin_auth_rule` WHERE ( type=-1 ) ORDER BY status asc  [ RunTime:0.0006s ]
SQL: SELECT * FROM `admin_auth_type` WHERE ( id=9 ) LIMIT 1   [ RunTime:0.0004s ]
SQL: SHOW COLUMNS FROM `oil` [ RunTime:0.0132s ]
SQL: SELECT * FROM `oil` ORDER BY start_time desc  [ RunTime:0.0003s ]
SQL: UPDATE `oil` SET `baiyou`='9.44' WHERE ( id='12' ) [ RunTime:0.0428s ]
SQL: UPDATE `oil` SET `danxiao`='0.65' WHERE ( id='12' ) [ RunTime:0.0268s ]
SQL: UPDATE `oil` SET `baiyou`='11.66' WHERE ( id='13' ) [ RunTime:0.0251s ]
SQL: UPDATE `oil` SET `danxiao`='0.8' WHERE ( id='13' ) [ RunTime:0.0246s ]
SQL: UPDATE `oil` SET `baiyou`='11.16' WHERE ( id='3' ) [ RunTime:0.0251s ]
SQL: UPDATE `oil` SET `danxiao`='0.75' WHERE ( id='3' ) [ RunTime:0.0246s ]
SQL: UPDATE `oil` SET `baiyou`='11.16' WHERE ( id='1' ) [ RunTime:0.0251s ]
SQL: UPDATE `oil` SET `danxiao`='0.77' WHERE ( id='1' ) [ RunTime:0.0246s ]
SQL: UPDATE `oil` SET `baiyou`='11.01' WHERE ( id='2' ) [ RunTime:0.0251s ]
SQL: UPDATE `oil` SET `danxiao`='0.76' WHERE ( id='2' ) [ RunTime:0.0245s ]
INFO: [ view_parse ] --START--
INFO: [ template_filter ] --START--
INFO: Run Behavior\ContentReplaceBehavior [ RunTime:0.000088s ]
INFO: [ template_filter ] --END-- [ RunTime:0.000126s ]
NOTIC: [8] Undefined variable: id D:\cs\APP\Runtime\Cache\Home\a59b5e3d0bfe1e0eebc9ef04a084f7b9.php 第 86 行.
NOTIC: [8] Undefined variable: num D:\cs\APP\Runtime\Cache\Home\a59b5e3d0bfe1e0eebc9ef04a084f7b9.php 第 117 行.
NOTIC: [8] Undefined variable: clostu D:\cs\APP\Runtime\Cache\Home\a59b5e3d0bfe1e0eebc9ef04a084f7b9.php 第 149 行.
NOTIC: [8] Undefined variable: page D:\cs\APP\Runtime\Cache\Home\a59b5e3d0bfe1e0eebc9ef04a084f7b9.php 第 219 行.
NOTIC: [8] Undefined variable: value D:\cs\APP\Runtime\Cache\Home\a59b5e3d0bfe1e0eebc9ef04a084f7b9.php 第 233 行.
INFO: Run Behavior\ParseTemplateBehavior [ RunTime:0.011407s ]
INFO: [ view_parse ] --END-- [ RunTime:0.011459s ]
INFO: [ view_filter ] --START--
INFO: Run Behavior\WriteHtmlCacheBehavior [ RunTime:0.000895s ]
INFO: [ view_filter ] --END-- [ RunTime:0.000934s ]
INFO: [ app_end ] --START--
INFO: Run Behavior\ShowPageTraceBehavior [ RunTime:0.000761s ]
INFO: [ app_end ] --END-- [ RunTime:0.000797s ]

[ 2018-04-08T13:51:23+08:00 ] 127.0.0.1 /index.php?m=Home&c=Index&a=index
INFO: [ app_init ] --START--
INFO: Run Behavior\BuildLiteBehavior [ RunTime:0.000023s ]
INFO: [ app_init ] --END-- [ RunTime:0.000621s ]
INFO: [ app_begin ] --START--
INFO: Run Behavior\ReadHtmlCacheBehavior [ RunTime:0.000594s ]
INFO: [ app_begin ] --END-- [ RunTime:0.000630s ]
SQL: SHOW COLUMNS FROM `admin` [ RunTime:0.0165s ]
SQL: SELECT * FROM `admin` WHERE ( user_name='admin' and password='nanjingcongyu719' ) LIMIT 1   [ RunTime:0.0006s ]
SQL: SELECT * FROM `admin` WHERE ( id=1 ) LIMIT 1   [ RunTime:0.0004s ]
SQL: SHOW COLUMNS FROM `admin_auth_type` [ RunTime:0.0118s ]
SQL: SELECT * FROM `admin_auth_type` WHERE ( id=9 ) LIMIT 1   [ RunTime:0.0003s ]
SQL: SHOW COLUMNS FROM `admin_auth_rule` [ RunTime:0.0121s ]
SQL: SELECT * FROM `admin_auth_rule` WHERE (  status=1 and  id = 1 or  id = 2 or  id = 3 or  id = 4 or  id = 5 or  id = 6 or  id = 7  )  [ RunTime:0.0005s ]
SQL: SELECT * FROM `admin_auth_rule` WHERE ( type=-1 ) ORDER BY status asc  [ RunTime:0.0009s ]
SQL: SELECT * FROM `admin_auth_type` WHERE ( id=9 ) LIMIT 1   [ RunTime:0.0004s ]
SQL: SHOW COLUMNS FROM `oil` [ RunTime:0.0108s ]
SQL: SELECT * FROM `oil` ORDER BY start_time desc  [ RunTime:0.0006s ]
SQL: UPDATE `oil` SET `baiyou`='9.44' WHERE ( id='12' ) [ RunTime:0.0273s ]
SQL: UPDATE `oil` SET `danxiao`='0.65' WHERE ( id='12' ) [ RunTime:0.0250s ]
SQL: UPDATE `oil` SET `baiyou`='11.66' WHERE ( id='13' ) [ RunTime:0.0246s ]
SQL: UPDATE `oil` SET `danxiao`='0.8' WHERE ( id='13' ) [ RunTime:0.0251s ]
SQL: UPDATE `oil` SET `baiyou`='11.16' WHERE ( id='3' ) [ RunTime:0.0245s ]
SQL: UPDATE `oil` SET `danxiao`='0.75' WHERE ( id='3' ) [ RunTime:0.0252s ]
SQL: UPDATE `oil` SET `baiyou`='11.16' WHERE ( id='1' ) [ RunTime:0.0245s ]
SQL: UPDATE `oil` SET `danxiao`='0.77' WHERE ( id='1' ) [ RunTime:0.0230s ]
SQL: UPDATE `oil` SET `baiyou`='11.01' WHERE ( id='2' ) [ RunTime:0.0268s ]
SQL: UPDATE `oil` SET `danxiao`='0.76' WHERE ( id='2' ) [ RunTime:0.0229s ]
INFO: [ view_parse ] --START--
INFO: [ template_filter ] --START--
INFO: Run Behavior\ContentReplaceBehavior [ RunTime:0.000115s ]
INFO: [ template_filter ] --END-- [ RunTime:0.000153s ]
NOTIC: [8] Undefined variable: id D:\cs\APP\Runtime\Cache\Home\a59b5e3d0bfe1e0eebc9ef04a084f7b9.php 第 86 行.
NOTIC: [8] Undefined variable: num D:\cs\APP\Runtime\Cache\Home\a59b5e3d0bfe1e0eebc9ef04a084f7b9.php 第 117 行.
NOTIC: [8] Undefined variable: clostu D:\cs\APP\Runtime\Cache\Home\a59b5e3d0bfe1e0eebc9ef04a084f7b9.php 第 149 行.
NOTIC: [8] Undefined variable: page D:\cs\APP\Runtime\Cache\Home\a59b5e3d0bfe1e0eebc9ef04a084f7b9.php 第 219 行.
NOTIC: [8] Undefined variable: value D:\cs\APP\Runtime\Cache\Home\a59b5e3d0bfe1e0eebc9ef04a084f7b9.php 第 233 行.
INFO: Run Behavior\ParseTemplateBehavior [ RunTime:0.011768s ]
INFO: [ view_parse ] --END-- [ RunTime:0.011798s ]
INFO: [ view_filter ] --START--
INFO: Run Behavior\WriteHtmlCacheBehavior [ RunTime:0.000460s ]
INFO: [ view_filter ] --END-- [ RunTime:0.000487s ]
INFO: [ app_end ] --START--
INFO: Run Behavior\ShowPageTraceBehavior [ RunTime:0.000600s ]
INFO: [ app_end ] --END-- [ RunTime:0.000630s ]

