[ 2018-04-10T09:27:36+08:00 ] 127.0.0.1 /index.php?m=Home&c=Dantong&a=index&chepai=%E8%8B%8FK1P730
INFO: [ app_init ] --START--
INFO: Run Behavior\BuildLiteBehavior [ RunTime:0.000013s ]
INFO: [ app_init ] --END-- [ RunTime:0.000491s ]
INFO: [ app_begin ] --START--
INFO: Run Behavior\ReadHtmlCacheBehavior [ RunTime:0.000612s ]
INFO: [ app_begin ] --END-- [ RunTime:0.000654s ]
SQL: SHOW COLUMNS FROM `admin` [ RunTime:0.0168s ]
SQL: SELECT * FROM `admin` WHERE ( user_name='admin' and password='nanjingcongyu719' ) LIMIT 1   [ RunTime:0.0005s ]
SQL: SELECT * FROM `admin` WHERE ( id=1 ) LIMIT 1   [ RunTime:0.0003s ]
SQL: SHOW COLUMNS FROM `admin_auth_type` [ RunTime:0.0146s ]
SQL: SELECT * FROM `admin_auth_type` WHERE ( id=9 ) LIMIT 1   [ RunTime:0.0003s ]
SQL: SHOW COLUMNS FROM `admin_auth_rule` [ RunTime:0.0150s ]
SQL: SELECT * FROM `admin_auth_rule` WHERE (  status=1 and  id = 1 or  id = 2 or  id = 3 or  id = 4 or  id = 5 or  id = 6 or  id = 7  )  [ RunTime:0.0004s ]
SQL: SELECT * FROM `admin_auth_rule` WHERE ( type=-1 ) ORDER BY status asc  [ RunTime:0.0003s ]
SQL: SELECT * FROM `admin_auth_type` WHERE ( id=9 ) LIMIT 1   [ RunTime:0.0003s ]
SQL: SELECT * FROM `admin_auth_rule` WHERE ( name='Dantong/index' ) LIMIT 1   [ RunTime:0.0003s ]
SQL: SHOW COLUMNS FROM `oil` [ RunTime:0.0188s ]
SQL: SELECT `baiyou` FROM `oil` WHERE ( chepai='苏K1P730' ) ORDER BY start_time desc  [ RunTime:0.0006s ]
SQL: SELECT `start_time`,`chepai`,`beizhu` FROM `oil` WHERE ( chepai='苏K1P730' ) ORDER BY start_time desc  [ RunTime:0.0004s ]
INFO: [ view_parse ] --START--
INFO: [ template_filter ] --START--
INFO: Run Behavior\ContentReplaceBehavior [ RunTime:0.000082s ]
INFO: [ template_filter ] --END-- [ RunTime:0.000118s ]
NOTIC: [8] Undefined variable: stime D:\cs\APP\Runtime\Cache\Home\0c07129c688c43dc65015bdf895dad3a.php 第 137 行.
NOTIC: [8] Undefined variable: data D:\cs\APP\Runtime\Cache\Home\0c07129c688c43dc65015bdf895dad3a.php 第 162 行.
NOTIC: [8] Undefined variable: www_url D:\cs\APP\Runtime\Cache\Home\0c07129c688c43dc65015bdf895dad3a.php 第 184 行.
NOTIC: [8] Undefined variable: Stime D:\cs\APP\Runtime\Cache\Home\0c07129c688c43dc65015bdf895dad3a.php 第 220 行.
INFO: Run Behavior\ParseTemplateBehavior [ RunTime:0.012364s ]
INFO: [ view_parse ] --END-- [ RunTime:0.012395s ]
INFO: [ view_filter ] --START--
INFO: Run Behavior\WriteHtmlCacheBehavior [ RunTime:0.000482s ]
INFO: [ view_filter ] --END-- [ RunTime:0.000511s ]
INFO: [ app_end ] --START--
INFO: Run Behavior\ShowPageTraceBehavior [ RunTime:0.000651s ]
INFO: [ app_end ] --END-- [ RunTime:0.000683s ]

[ 2018-04-10T09:27:54+08:00 ] 127.0.0.1 /index.php?m=Home&c=Dantong&a=index&chepai=%E8%8B%8FK1P730
INFO: [ app_init ] --START--
INFO: Run Behavior\BuildLiteBehavior [ RunTime:0.000009s ]
INFO: [ app_init ] --END-- [ RunTime:0.000476s ]
INFO: [ app_begin ] --START--
INFO: Run Behavior\ReadHtmlCacheBehavior [ RunTime:0.000603s ]
INFO: [ app_begin ] --END-- [ RunTime:0.000639s ]
SQL: SHOW COLUMNS FROM `admin` [ RunTime:0.0163s ]
SQL: SELECT * FROM `admin` WHERE ( user_name='admin' and password='nanjingcongyu719' ) LIMIT 1   [ RunTime:0.0004s ]
SQL: SELECT * FROM `admin` WHERE ( id=1 ) LIMIT 1   [ RunTime:0.0003s ]
SQL: SHOW COLUMNS FROM `admin_auth_type` [ RunTime:0.0137s ]
SQL: SELECT * FROM `admin_auth_type` WHERE ( id=9 ) LIMIT 1   [ RunTime:0.0003s ]
SQL: SHOW COLUMNS FROM `admin_auth_rule` [ RunTime:0.0139s ]
SQL: SELECT * FROM `admin_auth_rule` WHERE (  status=1 and  id = 1 or  id = 2 or  id = 3 or  id = 4 or  id = 5 or  id = 6 or  id = 7  )  [ RunTime:0.0003s ]
SQL: SELECT * FROM `admin_auth_rule` WHERE ( type=-1 ) ORDER BY status asc  [ RunTime:0.0002s ]
SQL: SELECT * FROM `admin_auth_type` WHERE ( id=9 ) LIMIT 1   [ RunTime:0.0002s ]
SQL: SELECT * FROM `admin_auth_rule` WHERE ( name='Dantong/index' ) LIMIT 1   [ RunTime:0.0002s ]
SQL: SHOW COLUMNS FROM `oil` [ RunTime:0.0156s ]
SQL: SELECT `baiyou` FROM `oil` WHERE ( chepai='苏K1P730' ) ORDER BY start_time desc  [ RunTime:0.0003s ]
SQL: SELECT `start_time`,`chepai`,`beizhu` FROM `oil` WHERE ( chepai='苏K1P730' ) ORDER BY start_time desc  [ RunTime:0.0002s ]
INFO: [ view_parse ] --START--
INFO: [ template_filter ] --START--
INFO: Run Behavior\ContentReplaceBehavior [ RunTime:0.000071s ]
INFO: [ template_filter ] --END-- [ RunTime:0.000109s ]
NOTIC: [8] Undefined variable: stime D:\cs\APP\Runtime\Cache\Home\0c07129c688c43dc65015bdf895dad3a.php 第 137 行.
NOTIC: [8] Undefined variable: data D:\cs\APP\Runtime\Cache\Home\0c07129c688c43dc65015bdf895dad3a.php 第 162 行.
NOTIC: [8] Undefined variable: www_url D:\cs\APP\Runtime\Cache\Home\0c07129c688c43dc65015bdf895dad3a.php 第 184 行.
NOTIC: [8] Undefined variable: Stime D:\cs\APP\Runtime\Cache\Home\0c07129c688c43dc65015bdf895dad3a.php 第 219 行.
INFO: Run Behavior\ParseTemplateBehavior [ RunTime:0.009200s ]
INFO: [ view_parse ] --END-- [ RunTime:0.009231s ]
INFO: [ view_filter ] --START--
INFO: Run Behavior\WriteHtmlCacheBehavior [ RunTime:0.000450s ]
INFO: [ view_filter ] --END-- [ RunTime:0.000477s ]
INFO: [ app_end ] --START--
INFO: Run Behavior\ShowPageTraceBehavior [ RunTime:0.000639s ]
INFO: [ app_end ] --END-- [ RunTime:0.000670s ]

[ 2018-04-10T09:31:55+08:00 ] 127.0.0.1 /index.php?m=Home&c=Dantong&a=index&chepai=%E8%8B%8FK1P730
INFO: [ app_init ] --START--
INFO: Run Behavior\BuildLiteBehavior [ RunTime:0.000012s ]
INFO: [ app_init ] --END-- [ RunTime:0.000740s ]
INFO: [ app_begin ] --START--
INFO: Run Behavior\ReadHtmlCacheBehavior [ RunTime:0.000915s ]
INFO: [ app_begin ] --END-- [ RunTime:0.000969s ]
SQL: SHOW COLUMNS FROM `admin` [ RunTime:0.0144s ]
SQL: SELECT * FROM `admin` WHERE ( user_name='admin' and password='nanjingcongyu719' ) LIMIT 1   [ RunTime:0.0005s ]
SQL: SELECT * FROM `admin` WHERE ( id=1 ) LIMIT 1   [ RunTime:0.0003s ]
SQL: SHOW COLUMNS FROM `admin_auth_type` [ RunTime:0.0140s ]
SQL: SELECT * FROM `admin_auth_type` WHERE ( id=9 ) LIMIT 1   [ RunTime:0.0003s ]
SQL: SHOW COLUMNS FROM `admin_auth_rule` [ RunTime:0.0147s ]
SQL: SELECT * FROM `admin_auth_rule` WHERE (  status=1 and  id = 1 or  id = 2 or  id = 3 or  id = 4 or  id = 5 or  id = 6 or  id = 7  )  [ RunTime:0.0004s ]
SQL: SELECT * FROM `admin_auth_rule` WHERE ( type=-1 ) ORDER BY status asc  [ RunTime:0.0003s ]
SQL: SELECT * FROM `admin_auth_type` WHERE ( id=9 ) LIMIT 1   [ RunTime:0.0002s ]
SQL: SELECT * FROM `admin_auth_rule` WHERE ( name='Dantong/index' ) LIMIT 1   [ RunTime:0.0002s ]
SQL: SHOW COLUMNS FROM `oil` [ RunTime:0.0144s ]
SQL: SELECT `baiyou` FROM `oil` WHERE ( chepai='苏K1P730' ) ORDER BY start_time desc  [ RunTime:0.0003s ]
SQL: SELECT `start_time`,`chepai`,`beizhu` FROM `oil` WHERE ( chepai='苏K1P730' ) ORDER BY start_time desc  [ RunTime:0.0002s ]
INFO: [ view_parse ] --START--
INFO: [ template_filter ] --START--
INFO: Run Behavior\ContentReplaceBehavior [ RunTime:0.000072s ]
INFO: [ template_filter ] --END-- [ RunTime:0.000102s ]
NOTIC: [8] Undefined variable: stime D:\cs\APP\Runtime\Cache\Home\0c07129c688c43dc65015bdf895dad3a.php 第 137 行.
NOTIC: [8] Undefined variable: data D:\cs\APP\Runtime\Cache\Home\0c07129c688c43dc65015bdf895dad3a.php 第 162 行.
NOTIC: [8] Undefined variable: www_url D:\cs\APP\Runtime\Cache\Home\0c07129c688c43dc65015bdf895dad3a.php 第 184 行.
NOTIC: [8] Undefined variable: Stime D:\cs\APP\Runtime\Cache\Home\0c07129c688c43dc65015bdf895dad3a.php 第 219 行.
INFO: Run Behavior\ParseTemplateBehavior [ RunTime:0.009731s ]
INFO: [ view_parse ] --END-- [ RunTime:0.009763s ]
INFO: [ view_filter ] --START--
INFO: Run Behavior\WriteHtmlCacheBehavior [ RunTime:0.000487s ]
INFO: [ view_filter ] --END-- [ RunTime:0.000515s ]
INFO: [ app_end ] --START--
INFO: Run Behavior\ShowPageTraceBehavior [ RunTime:0.000668s ]
INFO: [ app_end ] --END-- [ RunTime:0.000698s ]

[ 2018-04-10T09:35:56+08:00 ] 127.0.0.1 /index.php?m=Home&c=Dantong&a=index&chepai=%E8%8B%8FK1P730
INFO: [ app_init ] --START--
INFO: Run Behavior\BuildLiteBehavior [ RunTime:0.000013s ]
INFO: [ app_init ] --END-- [ RunTime:0.000534s ]
INFO: [ app_begin ] --START--
INFO: Run Behavior\ReadHtmlCacheBehavior [ RunTime:0.000629s ]
INFO: [ app_begin ] --END-- [ RunTime:0.000664s ]
SQL: SHOW COLUMNS FROM `admin` [ RunTime:0.0173s ]
SQL: SELECT * FROM `admin` WHERE ( user_name='admin' and password='nanjingcongyu719' ) LIMIT 1   [ RunTime:0.0006s ]
SQL: SELECT * FROM `admin` WHERE ( id=1 ) LIMIT 1   [ RunTime:0.0004s ]
SQL: SHOW COLUMNS FROM `admin_auth_type` [ RunTime:0.0150s ]
SQL: SELECT * FROM `admin_auth_type` WHERE ( id=9 ) LIMIT 1   [ RunTime:0.0003s ]
SQL: SHOW COLUMNS FROM `admin_auth_rule` [ RunTime:0.0151s ]
SQL: SELECT * FROM `admin_auth_rule` WHERE (  status=1 and  id = 1 or  id = 2 or  id = 3 or  id = 4 or  id = 5 or  id = 6 or  id = 7  )  [ RunTime:0.0005s ]
SQL: SELECT * FROM `admin_auth_rule` WHERE ( type=-1 ) ORDER BY status asc  [ RunTime:0.0005s ]
SQL: SELECT * FROM `admin_auth_type` WHERE ( id=9 ) LIMIT 1   [ RunTime:0.0002s ]
SQL: SELECT * FROM `admin_auth_rule` WHERE ( name='Dantong/index' ) LIMIT 1   [ RunTime:0.0002s ]
SQL: SHOW COLUMNS FROM `oil` [ RunTime:0.0154s ]
SQL: SELECT `baiyou` FROM `oil` WHERE ( chepai='苏K1P730' ) ORDER BY start_time desc  [ RunTime:0.0007s ]
SQL: SELECT `start_time`,`chepai`,`beizhu` FROM `oil` WHERE ( chepai='苏K1P730' ) ORDER BY start_time desc  [ RunTime:0.0003s ]
INFO: [ view_parse ] --START--
INFO: [ template_filter ] --START--
INFO: Run Behavior\ContentReplaceBehavior [ RunTime:0.000103s ]
INFO: [ template_filter ] --END-- [ RunTime:0.000146s ]
NOTIC: [8] Undefined variable: stime D:\cs\APP\Runtime\Cache\Home\0c07129c688c43dc65015bdf895dad3a.php 第 137 行.
NOTIC: [8] Undefined variable: data D:\cs\APP\Runtime\Cache\Home\0c07129c688c43dc65015bdf895dad3a.php 第 162 行.
NOTIC: [8] Undefined variable: www_url D:\cs\APP\Runtime\Cache\Home\0c07129c688c43dc65015bdf895dad3a.php 第 184 行.
NOTIC: [8] Undefined variable: Stime D:\cs\APP\Runtime\Cache\Home\0c07129c688c43dc65015bdf895dad3a.php 第 219 行.
INFO: Run Behavior\ParseTemplateBehavior [ RunTime:0.011424s ]
INFO: [ view_parse ] --END-- [ RunTime:0.011454s ]
INFO: [ view_filter ] --START--
INFO: Run Behavior\WriteHtmlCacheBehavior [ RunTime:0.000461s ]
INFO: [ view_filter ] --END-- [ RunTime:0.000488s ]
INFO: [ app_end ] --START--
INFO: Run Behavior\ShowPageTraceBehavior [ RunTime:0.000671s ]
INFO: [ app_end ] --END-- [ RunTime:0.000702s ]

[ 2018-04-10T09:39:58+08:00 ] 127.0.0.1 /index.php?m=Home&c=Dantong&a=index&chepai=%E8%8B%8FK1P730
INFO: [ app_init ] --START--
INFO: Run Behavior\BuildLiteBehavior [ RunTime:0.000010s ]
INFO: [ app_init ] --END-- [ RunTime:0.000526s ]
INFO: [ app_begin ] --START--
INFO: Run Behavior\ReadHtmlCacheBehavior [ RunTime:0.000652s ]
INFO: [ app_begin ] --END-- [ RunTime:0.000688s ]
SQL: SHOW COLUMNS FROM `admin` [ RunTime:0.0131s ]
SQL: SELECT * FROM `admin` WHERE ( user_name='admin' and password='nanjingcongyu719' ) LIMIT 1   [ RunTime:0.0005s ]
SQL: SELECT * FROM `admin` WHERE ( id=1 ) LIMIT 1   [ RunTime:0.0004s ]
SQL: SHOW COLUMNS FROM `admin_auth_type` [ RunTime:0.0113s ]
SQL: SELECT * FROM `admin_auth_type` WHERE ( id=9 ) LIMIT 1   [ RunTime:0.0003s ]
SQL: SHOW COLUMNS FROM `admin_auth_rule` [ RunTime:0.0112s ]
SQL: SELECT * FROM `admin_auth_rule` WHERE (  status=1 and  id = 1 or  id = 2 or  id = 3 or  id = 4 or  id = 5 or  id = 6 or  id = 7  )  [ RunTime:0.0004s ]
SQL: SELECT * FROM `admin_auth_rule` WHERE ( type=-1 ) ORDER BY status asc  [ RunTime:0.0003s ]
SQL: SELECT * FROM `admin_auth_type` WHERE ( id=9 ) LIMIT 1   [ RunTime:0.0002s ]
SQL: SELECT * FROM `admin_auth_rule` WHERE ( name='Dantong/index' ) LIMIT 1   [ RunTime:0.0002s ]
SQL: SHOW COLUMNS FROM `oil` [ RunTime:0.0113s ]
SQL: SELECT `baiyou` FROM `oil` WHERE ( chepai='苏K1P730' ) ORDER BY start_time desc  [ RunTime:0.0003s ]
SQL: SELECT `start_time`,`chepai`,`beizhu` FROM `oil` WHERE ( chepai='苏K1P730' ) ORDER BY start_time desc  [ RunTime:0.0002s ]
INFO: [ view_parse ] --START--
INFO: [ template_filter ] --START--
INFO: Run Behavior\ContentReplaceBehavior [ RunTime:0.000071s ]
INFO: [ template_filter ] --END-- [ RunTime:0.000103s ]
NOTIC: [8] Undefined variable: stime D:\cs\APP\Runtime\Cache\Home\0c07129c688c43dc65015bdf895dad3a.php 第 137 行.
NOTIC: [8] Undefined variable: data D:\cs\APP\Runtime\Cache\Home\0c07129c688c43dc65015bdf895dad3a.php 第 162 行.
NOTIC: [8] Undefined variable: www_url D:\cs\APP\Runtime\Cache\Home\0c07129c688c43dc65015bdf895dad3a.php 第 184 行.
NOTIC: [8] Undefined variable: Stime D:\cs\APP\Runtime\Cache\Home\0c07129c688c43dc65015bdf895dad3a.php 第 219 行.
INFO: Run Behavior\ParseTemplateBehavior [ RunTime:0.008769s ]
INFO: [ view_parse ] --END-- [ RunTime:0.008798s ]
INFO: [ view_filter ] --START--
INFO: Run Behavior\WriteHtmlCacheBehavior [ RunTime:0.000450s ]
INFO: [ view_filter ] --END-- [ RunTime:0.000477s ]
INFO: [ app_end ] --START--
INFO: Run Behavior\ShowPageTraceBehavior [ RunTime:0.000652s ]
INFO: [ app_end ] --END-- [ RunTime:0.000682s ]

[ 2018-04-10T09:43:59+08:00 ] 127.0.0.1 /index.php?m=Home&c=Dantong&a=index&chepai=%E8%8B%8FK1P730
INFO: [ app_init ] --START--
INFO: Run Behavior\BuildLiteBehavior [ RunTime:0.000016s ]
INFO: [ app_init ] --END-- [ RunTime:0.000572s ]
INFO: [ app_begin ] --START--
INFO: Run Behavior\ReadHtmlCacheBehavior [ RunTime:0.000622s ]
INFO: [ app_begin ] --END-- [ RunTime:0.000658s ]
SQL: SHOW COLUMNS FROM `admin` [ RunTime:0.0131s ]
SQL: SELECT * FROM `admin` WHERE ( user_name='admin' and password='nanjingcongyu719' ) LIMIT 1   [ RunTime:0.0005s ]
SQL: SELECT * FROM `admin` WHERE ( id=1 ) LIMIT 1   [ RunTime:0.0003s ]
SQL: SHOW COLUMNS FROM `admin_auth_type` [ RunTime:0.0109s ]
SQL: SELECT * FROM `admin_auth_type` WHERE ( id=9 ) LIMIT 1   [ RunTime:0.0003s ]
SQL: SHOW COLUMNS FROM `admin_auth_rule` [ RunTime:0.0104s ]
SQL: SELECT * FROM `admin_auth_rule` WHERE (  status=1 and  id = 1 or  id = 2 or  id = 3 or  id = 4 or  id = 5 or  id = 6 or  id = 7  )  [ RunTime:0.0004s ]
SQL: SELECT * FROM `admin_auth_rule` WHERE ( type=-1 ) ORDER BY status asc  [ RunTime:0.0003s ]
SQL: SELECT * FROM `admin_auth_type` WHERE ( id=9 ) LIMIT 1   [ RunTime:0.0002s ]
SQL: SELECT * FROM `admin_auth_rule` WHERE ( name='Dantong/index' ) LIMIT 1   [ RunTime:0.0002s ]
SQL: SHOW COLUMNS FROM `oil` [ RunTime:0.0109s ]
SQL: SELECT `baiyou` FROM `oil` WHERE ( chepai='苏K1P730' ) ORDER BY start_time desc  [ RunTime:0.0003s ]
SQL: SELECT `start_time`,`chepai`,`beizhu` FROM `oil` WHERE ( chepai='苏K1P730' ) ORDER BY start_time desc  [ RunTime:0.0003s ]
INFO: [ view_parse ] --START--
INFO: [ template_filter ] --START--
INFO: Run Behavior\ContentReplaceBehavior [ RunTime:0.000081s ]
INFO: [ template_filter ] --END-- [ RunTime:0.000117s ]
NOTIC: [8] Undefined variable: stime D:\cs\APP\Runtime\Cache\Home\0c07129c688c43dc65015bdf895dad3a.php 第 137 行.
NOTIC: [8] Undefined variable: data D:\cs\APP\Runtime\Cache\Home\0c07129c688c43dc65015bdf895dad3a.php 第 162 行.
NOTIC: [8] Undefined variable: www_url D:\cs\APP\Runtime\Cache\Home\0c07129c688c43dc65015bdf895dad3a.php 第 184 行.
NOTIC: [8] Undefined variable: Stime D:\cs\APP\Runtime\Cache\Home\0c07129c688c43dc65015bdf895dad3a.php 第 219 行.
INFO: Run Behavior\ParseTemplateBehavior [ RunTime:0.010755s ]
INFO: [ view_parse ] --END-- [ RunTime:0.010786s ]
INFO: [ view_filter ] --START--
INFO: Run Behavior\WriteHtmlCacheBehavior [ RunTime:0.000537s ]
INFO: [ view_filter ] --END-- [ RunTime:0.000564s ]
INFO: [ app_end ] --START--
INFO: Run Behavior\ShowPageTraceBehavior [ RunTime:0.000674s ]
INFO: [ app_end ] --END-- [ RunTime:0.000705s ]

[ 2018-04-10T09:48:01+08:00 ] 127.0.0.1 /index.php?m=Home&c=Dantong&a=index&chepai=%E8%8B%8FK1P730
INFO: [ app_init ] --START--
INFO: Run Behavior\BuildLiteBehavior [ RunTime:0.000009s ]
INFO: [ app_init ] --END-- [ RunTime:0.000528s ]
INFO: [ app_begin ] --START--
INFO: Run Behavior\ReadHtmlCacheBehavior [ RunTime:0.000603s ]
INFO: [ app_begin ] --END-- [ RunTime:0.000642s ]
SQL: SHOW COLUMNS FROM `admin` [ RunTime:0.0159s ]
SQL: SELECT * FROM `admin` WHERE ( user_name='admin' and password='nanjingcongyu719' ) LIMIT 1   [ RunTime:0.0005s ]
SQL: SELECT * FROM `admin` WHERE ( id=1 ) LIMIT 1   [ RunTime:0.0004s ]
SQL: SHOW COLUMNS FROM `admin_auth_type` [ RunTime:0.0111s ]
SQL: SELECT * FROM `admin_auth_type` WHERE ( id=9 ) LIMIT 1   [ RunTime:0.0003s ]
SQL: SHOW COLUMNS FROM `admin_auth_rule` [ RunTime:0.0344s ]
SQL: SELECT * FROM `admin_auth_rule` WHERE (  status=1 and  id = 1 or  id = 2 or  id = 3 or  id = 4 or  id = 5 or  id = 6 or  id = 7  )  [ RunTime:0.0004s ]
SQL: SELECT * FROM `admin_auth_rule` WHERE ( type=-1 ) ORDER BY status asc  [ RunTime:0.0003s ]
SQL: SELECT * FROM `admin_auth_type` WHERE ( id=9 ) LIMIT 1   [ RunTime:0.0002s ]
SQL: SELECT * FROM `admin_auth_rule` WHERE ( name='Dantong/index' ) LIMIT 1   [ RunTime:0.0002s ]
SQL: SHOW COLUMNS FROM `oil` [ RunTime:0.0114s ]
SQL: SELECT `baiyou` FROM `oil` WHERE ( chepai='苏K1P730' ) ORDER BY start_time desc  [ RunTime:0.0004s ]
SQL: SELECT `start_time`,`chepai`,`beizhu` FROM `oil` WHERE ( chepai='苏K1P730' ) ORDER BY start_time desc  [ RunTime:0.0003s ]
INFO: [ view_parse ] --START--
INFO: [ template_filter ] --START--
INFO: Run Behavior\ContentReplaceBehavior [ RunTime:0.000074s ]
INFO: [ template_filter ] --END-- [ RunTime:0.000110s ]
NOTIC: [8] Undefined variable: stime D:\cs\APP\Runtime\Cache\Home\0c07129c688c43dc65015bdf895dad3a.php 第 137 行.
NOTIC: [8] Undefined variable: data D:\cs\APP\Runtime\Cache\Home\0c07129c688c43dc65015bdf895dad3a.php 第 162 行.
NOTIC: [8] Undefined variable: www_url D:\cs\APP\Runtime\Cache\Home\0c07129c688c43dc65015bdf895dad3a.php 第 184 行.
NOTIC: [8] Undefined variable: Stime D:\cs\APP\Runtime\Cache\Home\0c07129c688c43dc65015bdf895dad3a.php 第 219 行.
INFO: Run Behavior\ParseTemplateBehavior [ RunTime:0.009158s ]
INFO: [ view_parse ] --END-- [ RunTime:0.009189s ]
INFO: [ view_filter ] --START--
INFO: Run Behavior\WriteHtmlCacheBehavior [ RunTime:0.000481s ]
INFO: [ view_filter ] --END-- [ RunTime:0.000507s ]
INFO: [ app_end ] --START--
INFO: Run Behavior\ShowPageTraceBehavior [ RunTime:0.000673s ]
INFO: [ app_end ] --END-- [ RunTime:0.000704s ]

[ 2018-04-10T09:52:02+08:00 ] 127.0.0.1 /index.php?m=Home&c=Dantong&a=index&chepai=%E8%8B%8FK1P730
INFO: [ app_init ] --START--
INFO: Run Behavior\BuildLiteBehavior [ RunTime:0.000013s ]
INFO: [ app_init ] --END-- [ RunTime:0.000532s ]
INFO: [ app_begin ] --START--
INFO: Run Behavior\ReadHtmlCacheBehavior [ RunTime:0.000603s ]
INFO: [ app_begin ] --END-- [ RunTime:0.000640s ]
SQL: SHOW COLUMNS FROM `admin` [ RunTime:0.0219s ]
SQL: SELECT * FROM `admin` WHERE ( user_name='admin' and password='nanjingcongyu719' ) LIMIT 1   [ RunTime:0.0006s ]
SQL: SELECT * FROM `admin` WHERE ( id=1 ) LIMIT 1   [ RunTime:0.0004s ]
SQL: SHOW COLUMNS FROM `admin_auth_type` [ RunTime:0.0243s ]
SQL: SELECT * FROM `admin_auth_type` WHERE ( id=9 ) LIMIT 1   [ RunTime:0.0003s ]
SQL: SHOW COLUMNS FROM `admin_auth_rule` [ RunTime:0.0142s ]
SQL: SELECT * FROM `admin_auth_rule` WHERE (  status=1 and  id = 1 or  id = 2 or  id = 3 or  id = 4 or  id = 5 or  id = 6 or  id = 7  )  [ RunTime:0.0005s ]
SQL: SELECT * FROM `admin_auth_rule` WHERE ( type=-1 ) ORDER BY status asc  [ RunTime:0.0005s ]
SQL: SELECT * FROM `admin_auth_type` WHERE ( id=9 ) LIMIT 1   [ RunTime:0.0003s ]
SQL: SELECT * FROM `admin_auth_rule` WHERE ( name='Dantong/index' ) LIMIT 1   [ RunTime:0.0003s ]
SQL: SHOW COLUMNS FROM `oil` [ RunTime:0.0160s ]
SQL: SELECT `baiyou` FROM `oil` WHERE ( chepai='苏K1P730' ) ORDER BY start_time desc  [ RunTime:0.0003s ]
SQL: SELECT `start_time`,`chepai`,`beizhu` FROM `oil` WHERE ( chepai='苏K1P730' ) ORDER BY start_time desc  [ RunTime:0.0003s ]
INFO: [ view_parse ] --START--
INFO: [ template_filter ] --START--
INFO: Run Behavior\ContentReplaceBehavior [ RunTime:0.000081s ]
INFO: [ template_filter ] --END-- [ RunTime:0.000114s ]
NOTIC: [8] Undefined variable: stime D:\cs\APP\Runtime\Cache\Home\0c07129c688c43dc65015bdf895dad3a.php 第 137 行.
NOTIC: [8] Undefined variable: data D:\cs\APP\Runtime\Cache\Home\0c07129c688c43dc65015bdf895dad3a.php 第 162 行.
NOTIC: [8] Undefined variable: www_url D:\cs\APP\Runtime\Cache\Home\0c07129c688c43dc65015bdf895dad3a.php 第 184 行.
NOTIC: [8] Undefined variable: Stime D:\cs\APP\Runtime\Cache\Home\0c07129c688c43dc65015bdf895dad3a.php 第 219 行.
INFO: Run Behavior\ParseTemplateBehavior [ RunTime:0.010425s ]
INFO: [ view_parse ] --END-- [ RunTime:0.010454s ]
INFO: [ view_filter ] --START--
INFO: Run Behavior\WriteHtmlCacheBehavior [ RunTime:0.000486s ]
INFO: [ view_filter ] --END-- [ RunTime:0.000514s ]
INFO: [ app_end ] --START--
INFO: Run Behavior\ShowPageTraceBehavior [ RunTime:0.000688s ]
INFO: [ app_end ] --END-- [ RunTime:0.000721s ]

[ 2018-04-10T09:56:09+08:00 ] 127.0.0.1 /index.php?m=Home&c=Dantong&a=index&chepai=%E8%8B%8FK1P730
INFO: [ app_init ] --START--
INFO: Run Behavior\BuildLiteBehavior [ RunTime:0.000017s ]
INFO: [ app_init ] --END-- [ RunTime:0.001010s ]
INFO: [ app_begin ] --START--
INFO: Run Behavior\ReadHtmlCacheBehavior [ RunTime:0.000674s ]
INFO: [ app_begin ] --END-- [ RunTime:0.000712s ]
SQL: SHOW COLUMNS FROM `admin` [ RunTime:0.0241s ]
SQL: SELECT * FROM `admin` WHERE ( user_name='admin' and password='nanjingcongyu719' ) LIMIT 1   [ RunTime:0.0013s ]
SQL: SELECT * FROM `admin` WHERE ( id=1 ) LIMIT 1   [ RunTime:0.0009s ]
SQL: SHOW COLUMNS FROM `admin_auth_type` [ RunTime:0.0301s ]
SQL: SELECT * FROM `admin_auth_type` WHERE ( id=9 ) LIMIT 1   [ RunTime:0.0007s ]
SQL: SHOW COLUMNS FROM `admin_auth_rule` [ RunTime:0.0204s ]
SQL: SELECT * FROM `admin_auth_rule` WHERE (  status=1 and  id = 1 or  id = 2 or  id = 3 or  id = 4 or  id = 5 or  id = 6 or  id = 7  )  [ RunTime:0.0006s ]
SQL: SELECT * FROM `admin_auth_rule` WHERE ( type=-1 ) ORDER BY status asc  [ RunTime:0.0005s ]
SQL: SELECT * FROM `admin_auth_type` WHERE ( id=9 ) LIMIT 1   [ RunTime:0.0004s ]
SQL: SELECT * FROM `admin_auth_rule` WHERE ( name='Dantong/index' ) LIMIT 1   [ RunTime:0.0004s ]
SQL: SHOW COLUMNS FROM `oil` [ RunTime:0.0155s ]
SQL: SELECT `baiyou` FROM `oil` WHERE ( chepai='苏K1P730' ) ORDER BY start_time desc  [ RunTime:0.0003s ]
SQL: SELECT `start_time`,`chepai`,`beizhu` FROM `oil` WHERE ( chepai='苏K1P730' ) ORDER BY start_time desc  [ RunTime:0.0002s ]
INFO: [ view_parse ] --START--
INFO: [ template_filter ] --START--
INFO: Run Behavior\ContentReplaceBehavior [ RunTime:0.000073s ]
INFO: [ template_filter ] --END-- [ RunTime:0.000107s ]
NOTIC: [8] Undefined variable: stime D:\cs\APP\Runtime\Cache\Home\0c07129c688c43dc65015bdf895dad3a.php 第 137 行.
NOTIC: [8] Undefined variable: data D:\cs\APP\Runtime\Cache\Home\0c07129c688c43dc65015bdf895dad3a.php 第 162 行.
NOTIC: [8] Undefined variable: www_url D:\cs\APP\Runtime\Cache\Home\0c07129c688c43dc65015bdf895dad3a.php 第 184 行.
NOTIC: [8] Undefined variable: Stime D:\cs\APP\Runtime\Cache\Home\0c07129c688c43dc65015bdf895dad3a.php 第 219 行.
INFO: Run Behavior\ParseTemplateBehavior [ RunTime:0.008767s ]
INFO: [ view_parse ] --END-- [ RunTime:0.008797s ]
INFO: [ view_filter ] --START--
INFO: Run Behavior\WriteHtmlCacheBehavior [ RunTime:0.000477s ]
INFO: [ view_filter ] --END-- [ RunTime:0.000504s ]
INFO: [ app_end ] --START--
INFO: Run Behavior\ShowPageTraceBehavior [ RunTime:0.000694s ]
INFO: [ app_end ] --END-- [ RunTime:0.000725s ]

[ 2018-04-10T10:00:10+08:00 ] 127.0.0.1 /index.php?m=Home&c=Dantong&a=index&chepai=%E8%8B%8FK1P730
INFO: [ app_init ] --START--
INFO: Run Behavior\BuildLiteBehavior [ RunTime:0.000014s ]
INFO: [ app_init ] --END-- [ RunTime:0.000587s ]
INFO: [ app_begin ] --START--
INFO: Run Behavior\ReadHtmlCacheBehavior [ RunTime:0.000678s ]
INFO: [ app_begin ] --END-- [ RunTime:0.000712s ]
SQL: SHOW COLUMNS FROM `admin` [ RunTime:0.0110s ]
SQL: SELECT * FROM `admin` WHERE ( user_name='admin' and password='nanjingcongyu719' ) LIMIT 1   [ RunTime:0.0005s ]
SQL: SELECT * FROM `admin` WHERE ( id=1 ) LIMIT 1   [ RunTime:0.0003s ]
SQL: SHOW COLUMNS FROM `admin_auth_type` [ RunTime:0.0103s ]
SQL: SELECT * FROM `admin_auth_type` WHERE ( id=9 ) LIMIT 1   [ RunTime:0.0002s ]
SQL: SHOW COLUMNS FROM `admin_auth_rule` [ RunTime:0.0105s ]
SQL: SELECT * FROM `admin_auth_rule` WHERE (  status=1 and  id = 1 or  id = 2 or  id = 3 or  id = 4 or  id = 5 or  id = 6 or  id = 7  )  [ RunTime:0.0003s ]
SQL: SELECT * FROM `admin_auth_rule` WHERE ( type=-1 ) ORDER BY status asc  [ RunTime:0.0003s ]
SQL: SELECT * FROM `admin_auth_type` WHERE ( id=9 ) LIMIT 1   [ RunTime:0.0002s ]
SQL: SELECT * FROM `admin_auth_rule` WHERE ( name='Dantong/index' ) LIMIT 1   [ RunTime:0.0002s ]
SQL: SHOW COLUMNS FROM `oil` [ RunTime:0.0105s ]
SQL: SELECT `baiyou` FROM `oil` WHERE ( chepai='苏K1P730' ) ORDER BY start_time desc  [ RunTime:0.0003s ]
SQL: SELECT `start_time`,`chepai`,`beizhu` FROM `oil` WHERE ( chepai='苏K1P730' ) ORDER BY start_time desc  [ RunTime:0.0003s ]
INFO: [ view_parse ] --START--
INFO: [ template_filter ] --START--
INFO: Run Behavior\ContentReplaceBehavior [ RunTime:0.000081s ]
INFO: [ template_filter ] --END-- [ RunTime:0.000114s ]
NOTIC: [8] Undefined variable: stime D:\cs\APP\Runtime\Cache\Home\0c07129c688c43dc65015bdf895dad3a.php 第 137 行.
NOTIC: [8] Undefined variable: data D:\cs\APP\Runtime\Cache\Home\0c07129c688c43dc65015bdf895dad3a.php 第 162 行.
NOTIC: [8] Undefined variable: www_url D:\cs\APP\Runtime\Cache\Home\0c07129c688c43dc65015bdf895dad3a.php 第 184 行.
NOTIC: [8] Undefined variable: Stime D:\cs\APP\Runtime\Cache\Home\0c07129c688c43dc65015bdf895dad3a.php 第 219 行.
INFO: Run Behavior\ParseTemplateBehavior [ RunTime:0.010363s ]
INFO: [ view_parse ] --END-- [ RunTime:0.010394s ]
INFO: [ view_filter ] --START--
INFO: Run Behavior\WriteHtmlCacheBehavior [ RunTime:0.000473s ]
INFO: [ view_filter ] --END-- [ RunTime:0.000500s ]
INFO: [ app_end ] --START--
INFO: Run Behavior\ShowPageTraceBehavior [ RunTime:0.000650s ]
INFO: [ app_end ] --END-- [ RunTime:0.000681s ]

[ 2018-04-10T10:04:12+08:00 ] 127.0.0.1 /index.php?m=Home&c=Dantong&a=index&chepai=%E8%8B%8FK1P730
INFO: [ app_init ] --START--
INFO: Run Behavior\BuildLiteBehavior [ RunTime:0.000013s ]
INFO: [ app_init ] --END-- [ RunTime:0.000815s ]
INFO: [ app_begin ] --START--
INFO: Run Behavior\ReadHtmlCacheBehavior [ RunTime:0.001010s ]
INFO: [ app_begin ] --END-- [ RunTime:0.001071s ]
SQL: SHOW COLUMNS FROM `admin` [ RunTime:0.0257s ]
SQL: SELECT * FROM `admin` WHERE ( user_name='admin' and password='nanjingcongyu719' ) LIMIT 1   [ RunTime:0.0008s ]
SQL: SELECT * FROM `admin` WHERE ( id=1 ) LIMIT 1   [ RunTime:0.0117s ]
SQL: SHOW COLUMNS FROM `admin_auth_type` [ RunTime:0.0215s ]
SQL: SELECT * FROM `admin_auth_type` WHERE ( id=9 ) LIMIT 1   [ RunTime:0.0012s ]
SQL: SHOW COLUMNS FROM `admin_auth_rule` [ RunTime:0.0278s ]
SQL: SELECT * FROM `admin_auth_rule` WHERE (  status=1 and  id = 1 or  id = 2 or  id = 3 or  id = 4 or  id = 5 or  id = 6 or  id = 7  )  [ RunTime:0.0004s ]
SQL: SELECT * FROM `admin_auth_rule` WHERE ( type=-1 ) ORDER BY status asc  [ RunTime:0.0004s ]
SQL: SELECT * FROM `admin_auth_type` WHERE ( id=9 ) LIMIT 1   [ RunTime:0.0003s ]
SQL: SELECT * FROM `admin_auth_rule` WHERE ( name='Dantong/index' ) LIMIT 1   [ RunTime:0.0003s ]
SQL: SHOW COLUMNS FROM `oil` [ RunTime:0.0272s ]
SQL: SELECT `baiyou` FROM `oil` WHERE ( chepai='苏K1P730' ) ORDER BY start_time desc  [ RunTime:0.0005s ]
SQL: SELECT `start_time`,`chepai`,`beizhu` FROM `oil` WHERE ( chepai='苏K1P730' ) ORDER BY start_time desc  [ RunTime:0.0004s ]
INFO: [ view_parse ] --START--
INFO: [ template_filter ] --START--
INFO: Run Behavior\ContentReplaceBehavior [ RunTime:0.000076s ]
INFO: [ template_filter ] --END-- [ RunTime:0.000120s ]
NOTIC: [8] Undefined variable: stime D:\cs\APP\Runtime\Cache\Home\0c07129c688c43dc65015bdf895dad3a.php 第 137 行.
NOTIC: [8] Undefined variable: data D:\cs\APP\Runtime\Cache\Home\0c07129c688c43dc65015bdf895dad3a.php 第 162 行.
NOTIC: [8] Undefined variable: www_url D:\cs\APP\Runtime\Cache\Home\0c07129c688c43dc65015bdf895dad3a.php 第 184 行.
NOTIC: [8] Undefined variable: Stime D:\cs\APP\Runtime\Cache\Home\0c07129c688c43dc65015bdf895dad3a.php 第 219 行.
INFO: Run Behavior\ParseTemplateBehavior [ RunTime:0.012312s ]
INFO: [ view_parse ] --END-- [ RunTime:0.012385s ]
INFO: [ view_filter ] --START--
INFO: Run Behavior\WriteHtmlCacheBehavior [ RunTime:0.000828s ]
INFO: [ view_filter ] --END-- [ RunTime:0.000873s ]
INFO: [ app_end ] --START--
INFO: Run Behavior\ShowPageTraceBehavior [ RunTime:0.001022s ]
INFO: [ app_end ] --END-- [ RunTime:0.001072s ]

[ 2018-04-10T10:08:13+08:00 ] 127.0.0.1 /index.php?m=Home&c=Dantong&a=index&chepai=%E8%8B%8FK1P730
INFO: [ app_init ] --START--
INFO: Run Behavior\BuildLiteBehavior [ RunTime:0.000012s ]
INFO: [ app_init ] --END-- [ RunTime:0.000668s ]
INFO: [ app_begin ] --START--
INFO: Run Behavior\ReadHtmlCacheBehavior [ RunTime:0.000800s ]
INFO: [ app_begin ] --END-- [ RunTime:0.000843s ]
SQL: SHOW COLUMNS FROM `admin` [ RunTime:0.0184s ]
SQL: SELECT * FROM `admin` WHERE ( user_name='admin' and password='nanjingcongyu719' ) LIMIT 1   [ RunTime:0.0006s ]
SQL: SELECT * FROM `admin` WHERE ( id=1 ) LIMIT 1   [ RunTime:0.0004s ]
SQL: SHOW COLUMNS FROM `admin_auth_type` [ RunTime:0.0170s ]
SQL: SELECT * FROM `admin_auth_type` WHERE ( id=9 ) LIMIT 1   [ RunTime:0.0003s ]
SQL: SHOW COLUMNS FROM `admin_auth_rule` [ RunTime:0.0146s ]
SQL: SELECT * FROM `admin_auth_rule` WHERE (  status=1 and  id = 1 or  id = 2 or  id = 3 or  id = 4 or  id = 5 or  id = 6 or  id = 7  )  [ RunTime:0.0004s ]
SQL: SELECT * FROM `admin_auth_rule` WHERE ( type=-1 ) ORDER BY status asc  [ RunTime:0.0003s ]
SQL: SELECT * FROM `admin_auth_type` WHERE ( id=9 ) LIMIT 1   [ RunTime:0.0002s ]
SQL: SELECT * FROM `admin_auth_rule` WHERE ( name='Dantong/index' ) LIMIT 1   [ RunTime:0.0002s ]
SQL: SHOW COLUMNS FROM `oil` [ RunTime:0.0147s ]
SQL: SELECT `baiyou` FROM `oil` WHERE ( chepai='苏K1P730' ) ORDER BY start_time desc  [ RunTime:0.0003s ]
SQL: SELECT `start_time`,`chepai`,`beizhu` FROM `oil` WHERE ( chepai='苏K1P730' ) ORDER BY start_time desc  [ RunTime:0.0003s ]
INFO: [ view_parse ] --START--
INFO: [ template_filter ] --START--
INFO: Run Behavior\ContentReplaceBehavior [ RunTime:0.000083s ]
INFO: [ template_filter ] --END-- [ RunTime:0.000122s ]
NOTIC: [8] Undefined variable: stime D:\cs\APP\Runtime\Cache\Home\0c07129c688c43dc65015bdf895dad3a.php 第 137 行.
NOTIC: [8] Undefined variable: data D:\cs\APP\Runtime\Cache\Home\0c07129c688c43dc65015bdf895dad3a.php 第 162 行.
NOTIC: [8] Undefined variable: www_url D:\cs\APP\Runtime\Cache\Home\0c07129c688c43dc65015bdf895dad3a.php 第 184 行.
NOTIC: [8] Undefined variable: Stime D:\cs\APP\Runtime\Cache\Home\0c07129c688c43dc65015bdf895dad3a.php 第 219 行.
INFO: Run Behavior\ParseTemplateBehavior [ RunTime:0.009895s ]
INFO: [ view_parse ] --END-- [ RunTime:0.009925s ]
INFO: [ view_filter ] --START--
INFO: Run Behavior\WriteHtmlCacheBehavior [ RunTime:0.000510s ]
INFO: [ view_filter ] --END-- [ RunTime:0.000539s ]
INFO: [ app_end ] --START--
INFO: Run Behavior\ShowPageTraceBehavior [ RunTime:0.000704s ]
INFO: [ app_end ] --END-- [ RunTime:0.000736s ]

[ 2018-04-10T10:09:01+08:00 ] 127.0.0.1 /index.php?m=Home&c=Index&a=index
INFO: [ app_init ] --START--
INFO: Run Behavior\BuildLiteBehavior [ RunTime:0.000009s ]
INFO: [ app_init ] --END-- [ RunTime:0.000532s ]
INFO: [ app_begin ] --START--
INFO: Run Behavior\ReadHtmlCacheBehavior [ RunTime:0.000582s ]
INFO: [ app_begin ] --END-- [ RunTime:0.000625s ]
SQL: SHOW COLUMNS FROM `admin` [ RunTime:0.0196s ]
SQL: SELECT * FROM `admin` WHERE ( user_name='admin' and password='nanjingcongyu719' ) LIMIT 1   [ RunTime:0.0005s ]
SQL: SELECT * FROM `admin` WHERE ( id=1 ) LIMIT 1   [ RunTime:0.0003s ]
SQL: SHOW COLUMNS FROM `admin_auth_type` [ RunTime:0.0143s ]
SQL: SELECT * FROM `admin_auth_type` WHERE ( id=9 ) LIMIT 1   [ RunTime:0.0003s ]
SQL: SHOW COLUMNS FROM `admin_auth_rule` [ RunTime:0.0150s ]
SQL: SELECT * FROM `admin_auth_rule` WHERE (  status=1 and  id = 1 or  id = 2 or  id = 3 or  id = 4 or  id = 5 or  id = 6 or  id = 7  )  [ RunTime:0.0004s ]
SQL: SELECT * FROM `admin_auth_rule` WHERE ( type=-1 ) ORDER BY status asc  [ RunTime:0.0003s ]
SQL: SELECT * FROM `admin_auth_type` WHERE ( id=9 ) LIMIT 1   [ RunTime:0.0002s ]
SQL: SHOW COLUMNS FROM `oil` [ RunTime:0.0145s ]
SQL: SELECT * FROM `oil` ORDER BY start_time desc  [ RunTime:0.0003s ]
SQL: UPDATE `oil` SET `baiyou`='9.44' WHERE ( id='12' ) [ RunTime:0.0408s ]
SQL: UPDATE `oil` SET `danxiao`='0.65' WHERE ( id='12' ) [ RunTime:0.0284s ]
SQL: UPDATE `oil` SET `baiyou`='11.66' WHERE ( id='13' ) [ RunTime:0.0297s ]
SQL: UPDATE `oil` SET `danxiao`='0.8' WHERE ( id='13' ) [ RunTime:0.0284s ]
SQL: UPDATE `oil` SET `baiyou`='11.16' WHERE ( id='3' ) [ RunTime:0.0296s ]
SQL: UPDATE `oil` SET `danxiao`='0.75' WHERE ( id='3' ) [ RunTime:0.0285s ]
SQL: UPDATE `oil` SET `baiyou`='11.16' WHERE ( id='1' ) [ RunTime:0.0296s ]
SQL: UPDATE `oil` SET `danxiao`='0.77' WHERE ( id='1' ) [ RunTime:0.0285s ]
SQL: UPDATE `oil` SET `baiyou`='11.01' WHERE ( id='2' ) [ RunTime:0.0296s ]
SQL: UPDATE `oil` SET `danxiao`='0.76' WHERE ( id='2' ) [ RunTime:0.0284s ]
INFO: [ view_parse ] --START--
INFO: [ template_filter ] --START--
INFO: Run Behavior\ContentReplaceBehavior [ RunTime:0.000090s ]
INFO: [ template_filter ] --END-- [ RunTime:0.000121s ]
NOTIC: [8] Undefined variable: id D:\cs\APP\Runtime\Cache\Home\a59b5e3d0bfe1e0eebc9ef04a084f7b9.php 第 86 行.
NOTIC: [8] Undefined variable: num D:\cs\APP\Runtime\Cache\Home\a59b5e3d0bfe1e0eebc9ef04a084f7b9.php 第 117 行.
NOTIC: [8] Undefined variable: clostu D:\cs\APP\Runtime\Cache\Home\a59b5e3d0bfe1e0eebc9ef04a084f7b9.php 第 149 行.
NOTIC: [8] Undefined variable: page D:\cs\APP\Runtime\Cache\Home\a59b5e3d0bfe1e0eebc9ef04a084f7b9.php 第 223 行.
NOTIC: [8] Undefined variable: value D:\cs\APP\Runtime\Cache\Home\a59b5e3d0bfe1e0eebc9ef04a084f7b9.php 第 237 行.
INFO: Run Behavior\ParseTemplateBehavior [ RunTime:0.010780s ]
INFO: [ view_parse ] --END-- [ RunTime:0.010809s ]
INFO: [ view_filter ] --START--
INFO: Run Behavior\WriteHtmlCacheBehavior [ RunTime:0.000487s ]
INFO: [ view_filter ] --END-- [ RunTime:0.000513s ]
INFO: [ app_end ] --START--
INFO: Run Behavior\ShowPageTraceBehavior [ RunTime:0.000713s ]
INFO: [ app_end ] --END-- [ RunTime:0.000748s ]

[ 2018-04-10T10:09:05+08:00 ] 127.0.0.1 /index.php?m=Home&c=Index&a=index
INFO: [ app_init ] --START--
INFO: Run Behavior\BuildLiteBehavior [ RunTime:0.000008s ]
INFO: [ app_init ] --END-- [ RunTime:0.000511s ]
INFO: [ app_begin ] --START--
INFO: Run Behavior\ReadHtmlCacheBehavior [ RunTime:0.000609s ]
INFO: [ app_begin ] --END-- [ RunTime:0.000644s ]
SQL: SHOW COLUMNS FROM `admin` [ RunTime:0.0127s ]
SQL: SELECT * FROM `admin` WHERE ( user_name='admin' and password='nanjingcongyu719' ) LIMIT 1   [ RunTime:0.0005s ]
SQL: SELECT * FROM `admin` WHERE ( id=1 ) LIMIT 1   [ RunTime:0.0003s ]
SQL: SHOW COLUMNS FROM `admin_auth_type` [ RunTime:0.0106s ]
SQL: SELECT * FROM `admin_auth_type` WHERE ( id=9 ) LIMIT 1   [ RunTime:0.0003s ]
SQL: SHOW COLUMNS FROM `admin_auth_rule` [ RunTime:0.0108s ]
SQL: SELECT * FROM `admin_auth_rule` WHERE (  status=1 and  id = 1 or  id = 2 or  id = 3 or  id = 4 or  id = 5 or  id = 6 or  id = 7  )  [ RunTime:0.0004s ]
SQL: SELECT * FROM `admin_auth_rule` WHERE ( type=-1 ) ORDER BY status asc  [ RunTime:0.0003s ]
SQL: SELECT * FROM `admin_auth_type` WHERE ( id=9 ) LIMIT 1   [ RunTime:0.0003s ]
SQL: SHOW COLUMNS FROM `oil` [ RunTime:0.0109s ]
SQL: SELECT * FROM `oil` ORDER BY start_time desc  [ RunTime:0.0003s ]
SQL: UPDATE `oil` SET `baiyou`='9.44' WHERE ( id='12' ) [ RunTime:0.0186s ]
SQL: UPDATE `oil` SET `danxiao`='0.65' WHERE ( id='12' ) [ RunTime:0.0197s ]
SQL: UPDATE `oil` SET `baiyou`='11.66' WHERE ( id='13' ) [ RunTime:0.0216s ]
SQL: UPDATE `oil` SET `danxiao`='0.8' WHERE ( id='13' ) [ RunTime:0.0198s ]
SQL: UPDATE `oil` SET `baiyou`='11.16' WHERE ( id='3' ) [ RunTime:0.0216s ]
SQL: UPDATE `oil` SET `danxiao`='0.75' WHERE ( id='3' ) [ RunTime:0.0198s ]
SQL: UPDATE `oil` SET `baiyou`='11.16' WHERE ( id='1' ) [ RunTime:0.0216s ]
SQL: UPDATE `oil` SET `danxiao`='0.77' WHERE ( id='1' ) [ RunTime:0.0198s ]
SQL: UPDATE `oil` SET `baiyou`='11.01' WHERE ( id='2' ) [ RunTime:0.0216s ]
SQL: UPDATE `oil` SET `danxiao`='0.76' WHERE ( id='2' ) [ RunTime:0.0198s ]
INFO: [ view_parse ] --START--
INFO: [ template_filter ] --START--
INFO: Run Behavior\ContentReplaceBehavior [ RunTime:0.000086s ]
INFO: [ template_filter ] --END-- [ RunTime:0.000119s ]
NOTIC: [8] Undefined variable: id D:\cs\APP\Runtime\Cache\Home\a59b5e3d0bfe1e0eebc9ef04a084f7b9.php 第 86 行.
NOTIC: [8] Undefined variable: num D:\cs\APP\Runtime\Cache\Home\a59b5e3d0bfe1e0eebc9ef04a084f7b9.php 第 117 行.
NOTIC: [8] Undefined variable: clostu D:\cs\APP\Runtime\Cache\Home\a59b5e3d0bfe1e0eebc9ef04a084f7b9.php 第 149 行.
NOTIC: [8] Undefined variable: page D:\cs\APP\Runtime\Cache\Home\a59b5e3d0bfe1e0eebc9ef04a084f7b9.php 第 223 行.
NOTIC: [8] Undefined variable: value D:\cs\APP\Runtime\Cache\Home\a59b5e3d0bfe1e0eebc9ef04a084f7b9.php 第 237 行.
INFO: Run Behavior\ParseTemplateBehavior [ RunTime:0.009988s ]
INFO: [ view_parse ] --END-- [ RunTime:0.010017s ]
INFO: [ view_filter ] --START--
INFO: Run Behavior\WriteHtmlCacheBehavior [ RunTime:0.000506s ]
INFO: [ view_filter ] --END-- [ RunTime:0.000532s ]
INFO: [ app_end ] --START--
INFO: Run Behavior\ShowPageTraceBehavior [ RunTime:0.000692s ]
INFO: [ app_end ] --END-- [ RunTime:0.000724s ]

[ 2018-04-10T10:12:15+08:00 ] 127.0.0.1 /index.php?m=Home&c=Dantong&a=index&chepai=%E8%8B%8FK1P730
INFO: [ app_init ] --START--
INFO: Run Behavior\BuildLiteBehavior [ RunTime:0.000011s ]
INFO: [ app_init ] --END-- [ RunTime:0.000637s ]
INFO: [ app_begin ] --START--
INFO: Run Behavior\ReadHtmlCacheBehavior [ RunTime:0.000800s ]
INFO: [ app_begin ] --END-- [ RunTime:0.000849s ]
SQL: SHOW COLUMNS FROM `admin` [ RunTime:0.0177s ]
SQL: SELECT * FROM `admin` WHERE ( user_name='admin' and password='nanjingcongyu719' ) LIMIT 1   [ RunTime:0.0005s ]
SQL: SELECT * FROM `admin` WHERE ( id=1 ) LIMIT 1   [ RunTime:0.0004s ]
SQL: SHOW COLUMNS FROM `admin_auth_type` [ RunTime:0.0155s ]
SQL: SELECT * FROM `admin_auth_type` WHERE ( id=9 ) LIMIT 1   [ RunTime:0.0003s ]
SQL: SHOW COLUMNS FROM `admin_auth_rule` [ RunTime:0.0273s ]
SQL: SELECT * FROM `admin_auth_rule` WHERE (  status=1 and  id = 1 or  id = 2 or  id = 3 or  id = 4 or  id = 5 or  id = 6 or  id = 7  )  [ RunTime:0.0004s ]
SQL: SELECT * FROM `admin_auth_rule` WHERE ( type=-1 ) ORDER BY status asc  [ RunTime:0.0003s ]
SQL: SELECT * FROM `admin_auth_type` WHERE ( id=9 ) LIMIT 1   [ RunTime:0.0003s ]
SQL: SELECT * FROM `admin_auth_rule` WHERE ( name='Dantong/index' ) LIMIT 1   [ RunTime:0.0002s ]
SQL: SHOW COLUMNS FROM `oil` [ RunTime:0.0143s ]
SQL: SELECT `baiyou` FROM `oil` WHERE ( chepai='苏K1P730' ) ORDER BY start_time desc  [ RunTime:0.0003s ]
SQL: SELECT `start_time`,`chepai`,`beizhu` FROM `oil` WHERE ( chepai='苏K1P730' ) ORDER BY start_time desc  [ RunTime:0.0003s ]
INFO: [ view_parse ] --START--
INFO: [ template_filter ] --START--
INFO: Run Behavior\ContentReplaceBehavior [ RunTime:0.000071s ]
INFO: [ template_filter ] --END-- [ RunTime:0.000102s ]
NOTIC: [8] Undefined variable: stime D:\cs\APP\Runtime\Cache\Home\0c07129c688c43dc65015bdf895dad3a.php 第 137 行.
NOTIC: [8] Undefined variable: data D:\cs\APP\Runtime\Cache\Home\0c07129c688c43dc65015bdf895dad3a.php 第 162 行.
NOTIC: [8] Undefined variable: www_url D:\cs\APP\Runtime\Cache\Home\0c07129c688c43dc65015bdf895dad3a.php 第 184 行.
NOTIC: [8] Undefined variable: Stime D:\cs\APP\Runtime\Cache\Home\0c07129c688c43dc65015bdf895dad3a.php 第 219 行.
INFO: Run Behavior\ParseTemplateBehavior [ RunTime:0.009792s ]
INFO: [ view_parse ] --END-- [ RunTime:0.009822s ]
INFO: [ view_filter ] --START--
INFO: Run Behavior\WriteHtmlCacheBehavior [ RunTime:0.000495s ]
INFO: [ view_filter ] --END-- [ RunTime:0.000522s ]
INFO: [ app_end ] --START--
INFO: Run Behavior\ShowPageTraceBehavior [ RunTime:0.000667s ]
INFO: [ app_end ] --END-- [ RunTime:0.000698s ]

[ 2018-04-10T10:16:17+08:00 ] 127.0.0.1 /index.php?m=Home&c=Dantong&a=index&chepai=%E8%8B%8FK1P730
INFO: [ app_init ] --START--
INFO: Run Behavior\BuildLiteBehavior [ RunTime:0.000013s ]
INFO: [ app_init ] --END-- [ RunTime:0.000587s ]
INFO: [ app_begin ] --START--
INFO: Run Behavior\ReadHtmlCacheBehavior [ RunTime:0.000742s ]
INFO: [ app_begin ] --END-- [ RunTime:0.000780s ]
SQL: SHOW COLUMNS FROM `admin` [ RunTime:0.0143s ]
SQL: SELECT * FROM `admin` WHERE ( user_name='admin' and password='nanjingcongyu719' ) LIMIT 1   [ RunTime:0.0004s ]
SQL: SELECT * FROM `admin` WHERE ( id=1 ) LIMIT 1   [ RunTime:0.0003s ]
SQL: SHOW COLUMNS FROM `admin_auth_type` [ RunTime:0.0143s ]
SQL: SELECT * FROM `admin_auth_type` WHERE ( id=9 ) LIMIT 1   [ RunTime:0.0003s ]
SQL: SHOW COLUMNS FROM `admin_auth_rule` [ RunTime:0.0144s ]
SQL: SELECT * FROM `admin_auth_rule` WHERE (  status=1 and  id = 1 or  id = 2 or  id = 3 or  id = 4 or  id = 5 or  id = 6 or  id = 7  )  [ RunTime:0.0003s ]
SQL: SELECT * FROM `admin_auth_rule` WHERE ( type=-1 ) ORDER BY status asc  [ RunTime:0.0003s ]
SQL: SELECT * FROM `admin_auth_type` WHERE ( id=9 ) LIMIT 1   [ RunTime:0.0002s ]
SQL: SELECT * FROM `admin_auth_rule` WHERE ( name='Dantong/index' ) LIMIT 1   [ RunTime:0.0002s ]
SQL: SHOW COLUMNS FROM `oil` [ RunTime:0.0145s ]
SQL: SELECT `baiyou` FROM `oil` WHERE ( chepai='苏K1P730' ) ORDER BY start_time desc  [ RunTime:0.0003s ]
SQL: SELECT `start_time`,`chepai`,`beizhu` FROM `oil` WHERE ( chepai='苏K1P730' ) ORDER BY start_time desc  [ RunTime:0.0003s ]
INFO: [ view_parse ] --START--
INFO: [ template_filter ] --START--
INFO: Run Behavior\ContentReplaceBehavior [ RunTime:0.000081s ]
INFO: [ template_filter ] --END-- [ RunTime:0.000114s ]
NOTIC: [8] Undefined variable: stime D:\cs\APP\Runtime\Cache\Home\0c07129c688c43dc65015bdf895dad3a.php 第 137 行.
NOTIC: [8] Undefined variable: data D:\cs\APP\Runtime\Cache\Home\0c07129c688c43dc65015bdf895dad3a.php 第 162 行.
NOTIC: [8] Undefined variable: www_url D:\cs\APP\Runtime\Cache\Home\0c07129c688c43dc65015bdf895dad3a.php 第 184 行.
NOTIC: [8] Undefined variable: Stime D:\cs\APP\Runtime\Cache\Home\0c07129c688c43dc65015bdf895dad3a.php 第 219 行.
INFO: Run Behavior\ParseTemplateBehavior [ RunTime:0.011304s ]
INFO: [ view_parse ] --END-- [ RunTime:0.011334s ]
INFO: [ view_filter ] --START--
INFO: Run Behavior\WriteHtmlCacheBehavior [ RunTime:0.000478s ]
INFO: [ view_filter ] --END-- [ RunTime:0.000505s ]
INFO: [ app_end ] --START--
INFO: Run Behavior\ShowPageTraceBehavior [ RunTime:0.000680s ]
INFO: [ app_end ] --END-- [ RunTime:0.000711s ]

[ 2018-04-10T10:20:19+08:00 ] 127.0.0.1 /index.php?m=Home&c=Dantong&a=index&chepai=%E8%8B%8FK1P730
INFO: [ app_init ] --START--
INFO: Run Behavior\BuildLiteBehavior [ RunTime:0.000014s ]
INFO: [ app_init ] --END-- [ RunTime:0.000821s ]
INFO: [ app_begin ] --START--
INFO: Run Behavior\ReadHtmlCacheBehavior [ RunTime:0.001020s ]
INFO: [ app_begin ] --END-- [ RunTime:0.001086s ]
SQL: SHOW COLUMNS FROM `admin` [ RunTime:0.0154s ]
SQL: SELECT * FROM `admin` WHERE ( user_name='admin' and password='nanjingcongyu719' ) LIMIT 1   [ RunTime:0.0005s ]
SQL: SELECT * FROM `admin` WHERE ( id=1 ) LIMIT 1   [ RunTime:0.0003s ]
SQL: SHOW COLUMNS FROM `admin_auth_type` [ RunTime:0.0139s ]
SQL: SELECT * FROM `admin_auth_type` WHERE ( id=9 ) LIMIT 1   [ RunTime:0.0003s ]
SQL: SHOW COLUMNS FROM `admin_auth_rule` [ RunTime:0.0142s ]
SQL: SELECT * FROM `admin_auth_rule` WHERE (  status=1 and  id = 1 or  id = 2 or  id = 3 or  id = 4 or  id = 5 or  id = 6 or  id = 7  )  [ RunTime:0.0004s ]
SQL: SELECT * FROM `admin_auth_rule` WHERE ( type=-1 ) ORDER BY status asc  [ RunTime:0.0003s ]
SQL: SELECT * FROM `admin_auth_type` WHERE ( id=9 ) LIMIT 1   [ RunTime:0.0002s ]
SQL: SELECT * FROM `admin_auth_rule` WHERE ( name='Dantong/index' ) LIMIT 1   [ RunTime:0.0002s ]
SQL: SHOW COLUMNS FROM `oil` [ RunTime:0.0140s ]
SQL: SELECT `baiyou` FROM `oil` WHERE ( chepai='苏K1P730' ) ORDER BY start_time desc  [ RunTime:0.0003s ]
SQL: SELECT `start_time`,`chepai`,`beizhu` FROM `oil` WHERE ( chepai='苏K1P730' ) ORDER BY start_time desc  [ RunTime:0.0002s ]
INFO: [ view_parse ] --START--
INFO: [ template_filter ] --START--
INFO: Run Behavior\ContentReplaceBehavior [ RunTime:0.000073s ]
INFO: [ template_filter ] --END-- [ RunTime:0.000106s ]
NOTIC: [8] Undefined variable: stime D:\cs\APP\Runtime\Cache\Home\0c07129c688c43dc65015bdf895dad3a.php 第 137 行.
NOTIC: [8] Undefined variable: data D:\cs\APP\Runtime\Cache\Home\0c07129c688c43dc65015bdf895dad3a.php 第 162 行.
NOTIC: [8] Undefined variable: www_url D:\cs\APP\Runtime\Cache\Home\0c07129c688c43dc65015bdf895dad3a.php 第 184 行.
NOTIC: [8] Undefined variable: Stime D:\cs\APP\Runtime\Cache\Home\0c07129c688c43dc65015bdf895dad3a.php 第 219 行.
INFO: Run Behavior\ParseTemplateBehavior [ RunTime:0.009623s ]
INFO: [ view_parse ] --END-- [ RunTime:0.009654s ]
INFO: [ view_filter ] --START--
INFO: Run Behavior\WriteHtmlCacheBehavior [ RunTime:0.000474s ]
INFO: [ view_filter ] --END-- [ RunTime:0.000501s ]
INFO: [ app_end ] --START--
INFO: Run Behavior\ShowPageTraceBehavior [ RunTime:0.000645s ]
INFO: [ app_end ] --END-- [ RunTime:0.000675s ]

[ 2018-04-10T10:24:21+08:00 ] 127.0.0.1 /index.php?m=Home&c=Dantong&a=index&chepai=%E8%8B%8FK1P730
INFO: [ app_init ] --START--
INFO: Run Behavior\BuildLiteBehavior [ RunTime:0.000015s ]
INFO: [ app_init ] --END-- [ RunTime:0.000890s ]
INFO: [ app_begin ] --START--
INFO: Run Behavior\ReadHtmlCacheBehavior [ RunTime:0.001061s ]
INFO: [ app_begin ] --END-- [ RunTime:0.001122s ]
SQL: SHOW COLUMNS FROM `admin` [ RunTime:0.0193s ]
SQL: SELECT * FROM `admin` WHERE ( user_name='admin' and password='nanjingcongyu719' ) LIMIT 1   [ RunTime:0.0004s ]
SQL: SELECT * FROM `admin` WHERE ( id=1 ) LIMIT 1   [ RunTime:0.0003s ]
SQL: SHOW COLUMNS FROM `admin_auth_type` [ RunTime:0.0139s ]
SQL: SELECT * FROM `admin_auth_type` WHERE ( id=9 ) LIMIT 1   [ RunTime:0.0002s ]
SQL: SHOW COLUMNS FROM `admin_auth_rule` [ RunTime:0.0141s ]
SQL: SELECT * FROM `admin_auth_rule` WHERE (  status=1 and  id = 1 or  id = 2 or  id = 3 or  id = 4 or  id = 5 or  id = 6 or  id = 7  )  [ RunTime:0.0003s ]
SQL: SELECT * FROM `admin_auth_rule` WHERE ( type=-1 ) ORDER BY status asc  [ RunTime:0.0003s ]
SQL: SELECT * FROM `admin_auth_type` WHERE ( id=9 ) LIMIT 1   [ RunTime:0.0002s ]
SQL: SELECT * FROM `admin_auth_rule` WHERE ( name='Dantong/index' ) LIMIT 1   [ RunTime:0.0002s ]
SQL: SHOW COLUMNS FROM `oil` [ RunTime:0.0143s ]
SQL: SELECT `baiyou` FROM `oil` WHERE ( chepai='苏K1P730' ) ORDER BY start_time desc  [ RunTime:0.0003s ]
SQL: SELECT `start_time`,`chepai`,`beizhu` FROM `oil` WHERE ( chepai='苏K1P730' ) ORDER BY start_time desc  [ RunTime:0.0002s ]
INFO: [ view_parse ] --START--
INFO: [ template_filter ] --START--
INFO: Run Behavior\ContentReplaceBehavior [ RunTime:0.000070s ]
INFO: [ template_filter ] --END-- [ RunTime:0.000102s ]
NOTIC: [8] Undefined variable: stime D:\cs\APP\Runtime\Cache\Home\0c07129c688c43dc65015bdf895dad3a.php 第 137 行.
NOTIC: [8] Undefined variable: data D:\cs\APP\Runtime\Cache\Home\0c07129c688c43dc65015bdf895dad3a.php 第 162 行.
NOTIC: [8] Undefined variable: www_url D:\cs\APP\Runtime\Cache\Home\0c07129c688c43dc65015bdf895dad3a.php 第 184 行.
NOTIC: [8] Undefined variable: Stime D:\cs\APP\Runtime\Cache\Home\0c07129c688c43dc65015bdf895dad3a.php 第 219 行.
INFO: Run Behavior\ParseTemplateBehavior [ RunTime:0.009830s ]
INFO: [ view_parse ] --END-- [ RunTime:0.009859s ]
INFO: [ view_filter ] --START--
INFO: Run Behavior\WriteHtmlCacheBehavior [ RunTime:0.000497s ]
INFO: [ view_filter ] --END-- [ RunTime:0.000525s ]
INFO: [ app_end ] --START--
INFO: Run Behavior\ShowPageTraceBehavior [ RunTime:0.000683s ]
INFO: [ app_end ] --END-- [ RunTime:0.000713s ]

[ 2018-04-10T10:28:23+08:00 ] 127.0.0.1 /index.php?m=Home&c=Dantong&a=index&chepai=%E8%8B%8FK1P730
INFO: [ app_init ] --START--
INFO: Run Behavior\BuildLiteBehavior [ RunTime:0.000009s ]
INFO: [ app_init ] --END-- [ RunTime:0.000509s ]
INFO: [ app_begin ] --START--
INFO: Run Behavior\ReadHtmlCacheBehavior [ RunTime:0.000607s ]
INFO: [ app_begin ] --END-- [ RunTime:0.000644s ]
SQL: SHOW COLUMNS FROM `admin` [ RunTime:0.0163s ]
SQL: SELECT * FROM `admin` WHERE ( user_name='admin' and password='nanjingcongyu719' ) LIMIT 1   [ RunTime:0.0004s ]
SQL: SELECT * FROM `admin` WHERE ( id=1 ) LIMIT 1   [ RunTime:0.0003s ]
SQL: SHOW COLUMNS FROM `admin_auth_type` [ RunTime:0.0136s ]
SQL: SELECT * FROM `admin_auth_type` WHERE ( id=9 ) LIMIT 1   [ RunTime:0.0002s ]
SQL: SHOW COLUMNS FROM `admin_auth_rule` [ RunTime:0.0142s ]
SQL: SELECT * FROM `admin_auth_rule` WHERE (  status=1 and  id = 1 or  id = 2 or  id = 3 or  id = 4 or  id = 5 or  id = 6 or  id = 7  )  [ RunTime:0.0003s ]
SQL: SELECT * FROM `admin_auth_rule` WHERE ( type=-1 ) ORDER BY status asc  [ RunTime:0.0002s ]
SQL: SELECT * FROM `admin_auth_type` WHERE ( id=9 ) LIMIT 1   [ RunTime:0.0002s ]
SQL: SELECT * FROM `admin_auth_rule` WHERE ( name='Dantong/index' ) LIMIT 1   [ RunTime:0.0002s ]
SQL: SHOW COLUMNS FROM `oil` [ RunTime:0.0144s ]
SQL: SELECT `baiyou` FROM `oil` WHERE ( chepai='苏K1P730' ) ORDER BY start_time desc  [ RunTime:0.0003s ]
SQL: SELECT `start_time`,`chepai`,`beizhu` FROM `oil` WHERE ( chepai='苏K1P730' ) ORDER BY start_time desc  [ RunTime:0.0002s ]
INFO: [ view_parse ] --START--
INFO: [ template_filter ] --START--
INFO: Run Behavior\ContentReplaceBehavior [ RunTime:0.000070s ]
INFO: [ template_filter ] --END-- [ RunTime:0.000101s ]
NOTIC: [8] Undefined variable: stime D:\cs\APP\Runtime\Cache\Home\0c07129c688c43dc65015bdf895dad3a.php 第 137 行.
NOTIC: [8] Undefined variable: data D:\cs\APP\Runtime\Cache\Home\0c07129c688c43dc65015bdf895dad3a.php 第 162 行.
NOTIC: [8] Undefined variable: www_url D:\cs\APP\Runtime\Cache\Home\0c07129c688c43dc65015bdf895dad3a.php 第 184 行.
NOTIC: [8] Undefined variable: Stime D:\cs\APP\Runtime\Cache\Home\0c07129c688c43dc65015bdf895dad3a.php 第 219 行.
INFO: Run Behavior\ParseTemplateBehavior [ RunTime:0.009492s ]
INFO: [ view_parse ] --END-- [ RunTime:0.009522s ]
INFO: [ view_filter ] --START--
INFO: Run Behavior\WriteHtmlCacheBehavior [ RunTime:0.000486s ]
INFO: [ view_filter ] --END-- [ RunTime:0.000513s ]
INFO: [ app_end ] --START--
INFO: Run Behavior\ShowPageTraceBehavior [ RunTime:0.000706s ]
INFO: [ app_end ] --END-- [ RunTime:0.000738s ]

[ 2018-04-10T10:32:25+08:00 ] 127.0.0.1 /index.php?m=Home&c=Dantong&a=index&chepai=%E8%8B%8FK1P730
INFO: [ app_init ] --START--
INFO: Run Behavior\BuildLiteBehavior [ RunTime:0.000015s ]
INFO: [ app_init ] --END-- [ RunTime:0.000829s ]
INFO: [ app_begin ] --START--
INFO: Run Behavior\ReadHtmlCacheBehavior [ RunTime:0.001026s ]
INFO: [ app_begin ] --END-- [ RunTime:0.001087s ]
SQL: SHOW COLUMNS FROM `admin` [ RunTime:0.0162s ]
SQL: SELECT * FROM `admin` WHERE ( user_name='admin' and password='nanjingcongyu719' ) LIMIT 1   [ RunTime:0.0004s ]
SQL: SELECT * FROM `admin` WHERE ( id=1 ) LIMIT 1   [ RunTime:0.0003s ]
SQL: SHOW COLUMNS FROM `admin_auth_type` [ RunTime:0.0141s ]
SQL: SELECT * FROM `admin_auth_type` WHERE ( id=9 ) LIMIT 1   [ RunTime:0.0003s ]
SQL: SHOW COLUMNS FROM `admin_auth_rule` [ RunTime:0.0140s ]
SQL: SELECT * FROM `admin_auth_rule` WHERE (  status=1 and  id = 1 or  id = 2 or  id = 3 or  id = 4 or  id = 5 or  id = 6 or  id = 7  )  [ RunTime:0.0003s ]
SQL: SELECT * FROM `admin_auth_rule` WHERE ( type=-1 ) ORDER BY status asc  [ RunTime:0.0002s ]
SQL: SELECT * FROM `admin_auth_type` WHERE ( id=9 ) LIMIT 1   [ RunTime:0.0002s ]
SQL: SELECT * FROM `admin_auth_rule` WHERE ( name='Dantong/index' ) LIMIT 1   [ RunTime:0.0002s ]
SQL: SHOW COLUMNS FROM `oil` [ RunTime:0.0141s ]
SQL: SELECT `baiyou` FROM `oil` WHERE ( chepai='苏K1P730' ) ORDER BY start_time desc  [ RunTime:0.0003s ]
SQL: SELECT `start_time`,`chepai`,`beizhu` FROM `oil` WHERE ( chepai='苏K1P730' ) ORDER BY start_time desc  [ RunTime:0.0002s ]
INFO: [ view_parse ] --START--
INFO: [ template_filter ] --START--
INFO: Run Behavior\ContentReplaceBehavior [ RunTime:0.000069s ]
INFO: [ template_filter ] --END-- [ RunTime:0.000102s ]
NOTIC: [8] Undefined variable: stime D:\cs\APP\Runtime\Cache\Home\0c07129c688c43dc65015bdf895dad3a.php 第 137 行.
NOTIC: [8] Undefined variable: data D:\cs\APP\Runtime\Cache\Home\0c07129c688c43dc65015bdf895dad3a.php 第 162 行.
NOTIC: [8] Undefined variable: www_url D:\cs\APP\Runtime\Cache\Home\0c07129c688c43dc65015bdf895dad3a.php 第 184 行.
NOTIC: [8] Undefined variable: Stime D:\cs\APP\Runtime\Cache\Home\0c07129c688c43dc65015bdf895dad3a.php 第 219 行.
INFO: Run Behavior\ParseTemplateBehavior [ RunTime:0.009442s ]
INFO: [ view_parse ] --END-- [ RunTime:0.009471s ]
INFO: [ view_filter ] --START--
INFO: Run Behavior\WriteHtmlCacheBehavior [ RunTime:0.000485s ]
INFO: [ view_filter ] --END-- [ RunTime:0.000512s ]
INFO: [ app_end ] --START--
INFO: Run Behavior\ShowPageTraceBehavior [ RunTime:0.000678s ]
INFO: [ app_end ] --END-- [ RunTime:0.000709s ]

[ 2018-04-10T10:36:26+08:00 ] 127.0.0.1 /index.php?m=Home&c=Dantong&a=index&chepai=%E8%8B%8FK1P730
INFO: [ app_init ] --START--
INFO: Run Behavior\BuildLiteBehavior [ RunTime:0.000017s ]
INFO: [ app_init ] --END-- [ RunTime:0.001147s ]
INFO: [ app_begin ] --START--
INFO: Run Behavior\ReadHtmlCacheBehavior [ RunTime:0.001043s ]
INFO: [ app_begin ] --END-- [ RunTime:0.001104s ]
SQL: SHOW COLUMNS FROM `admin` [ RunTime:0.0419s ]
SQL: SELECT * FROM `admin` WHERE ( user_name='admin' and password='nanjingcongyu719' ) LIMIT 1   [ RunTime:0.0005s ]
SQL: SELECT * FROM `admin` WHERE ( id=1 ) LIMIT 1   [ RunTime:0.0003s ]
SQL: SHOW COLUMNS FROM `admin_auth_type` [ RunTime:0.0145s ]
SQL: SELECT * FROM `admin_auth_type` WHERE ( id=9 ) LIMIT 1   [ RunTime:0.0003s ]
SQL: SHOW COLUMNS FROM `admin_auth_rule` [ RunTime:0.0139s ]
SQL: SELECT * FROM `admin_auth_rule` WHERE (  status=1 and  id = 1 or  id = 2 or  id = 3 or  id = 4 or  id = 5 or  id = 6 or  id = 7  )  [ RunTime:0.0003s ]
SQL: SELECT * FROM `admin_auth_rule` WHERE ( type=-1 ) ORDER BY status asc  [ RunTime:0.0003s ]
SQL: SELECT * FROM `admin_auth_type` WHERE ( id=9 ) LIMIT 1   [ RunTime:0.0002s ]
SQL: SELECT * FROM `admin_auth_rule` WHERE ( name='Dantong/index' ) LIMIT 1   [ RunTime:0.0002s ]
SQL: SHOW COLUMNS FROM `oil` [ RunTime:0.0139s ]
SQL: SELECT `baiyou` FROM `oil` WHERE ( chepai='苏K1P730' ) ORDER BY start_time desc  [ RunTime:0.0003s ]
SQL: SELECT `start_time`,`chepai`,`beizhu` FROM `oil` WHERE ( chepai='苏K1P730' ) ORDER BY start_time desc  [ RunTime:0.0002s ]
INFO: [ view_parse ] --START--
INFO: [ template_filter ] --START--
INFO: Run Behavior\ContentReplaceBehavior [ RunTime:0.000070s ]
INFO: [ template_filter ] --END-- [ RunTime:0.000101s ]
NOTIC: [8] Undefined variable: stime D:\cs\APP\Runtime\Cache\Home\0c07129c688c43dc65015bdf895dad3a.php 第 137 行.
NOTIC: [8] Undefined variable: data D:\cs\APP\Runtime\Cache\Home\0c07129c688c43dc65015bdf895dad3a.php 第 162 行.
NOTIC: [8] Undefined variable: www_url D:\cs\APP\Runtime\Cache\Home\0c07129c688c43dc65015bdf895dad3a.php 第 184 行.
NOTIC: [8] Undefined variable: Stime D:\cs\APP\Runtime\Cache\Home\0c07129c688c43dc65015bdf895dad3a.php 第 219 行.
INFO: Run Behavior\ParseTemplateBehavior [ RunTime:0.009508s ]
INFO: [ view_parse ] --END-- [ RunTime:0.009538s ]
INFO: [ view_filter ] --START--
INFO: Run Behavior\WriteHtmlCacheBehavior [ RunTime:0.000564s ]
INFO: [ view_filter ] --END-- [ RunTime:0.000591s ]
INFO: [ app_end ] --START--
INFO: Run Behavior\ShowPageTraceBehavior [ RunTime:0.000674s ]
INFO: [ app_end ] --END-- [ RunTime:0.000704s ]

[ 2018-04-10T10:40:28+08:00 ] 127.0.0.1 /index.php?m=Home&c=Dantong&a=index&chepai=%E8%8B%8FK1P730
INFO: [ app_init ] --START--
INFO: Run Behavior\BuildLiteBehavior [ RunTime:0.000009s ]
INFO: [ app_init ] --END-- [ RunTime:0.000516s ]
INFO: [ app_begin ] --START--
INFO: Run Behavior\ReadHtmlCacheBehavior [ RunTime:0.000616s ]
INFO: [ app_begin ] --END-- [ RunTime:0.000652s ]
SQL: SHOW COLUMNS FROM `admin` [ RunTime:0.0164s ]
SQL: SELECT * FROM `admin` WHERE ( user_name='admin' and password='nanjingcongyu719' ) LIMIT 1   [ RunTime:0.0005s ]
SQL: SELECT * FROM `admin` WHERE ( id=1 ) LIMIT 1   [ RunTime:0.0003s ]
SQL: SHOW COLUMNS FROM `admin_auth_type` [ RunTime:0.0151s ]
SQL: SELECT * FROM `admin_auth_type` WHERE ( id=9 ) LIMIT 1   [ RunTime:0.0003s ]
SQL: SHOW COLUMNS FROM `admin_auth_rule` [ RunTime:0.0151s ]
SQL: SELECT * FROM `admin_auth_rule` WHERE (  status=1 and  id = 1 or  id = 2 or  id = 3 or  id = 4 or  id = 5 or  id = 6 or  id = 7  )  [ RunTime:0.0004s ]
SQL: SELECT * FROM `admin_auth_rule` WHERE ( type=-1 ) ORDER BY status asc  [ RunTime:0.0003s ]
SQL: SELECT * FROM `admin_auth_type` WHERE ( id=9 ) LIMIT 1   [ RunTime:0.0002s ]
SQL: SELECT * FROM `admin_auth_rule` WHERE ( name='Dantong/index' ) LIMIT 1   [ RunTime:0.0002s ]
SQL: SHOW COLUMNS FROM `oil` [ RunTime:0.0157s ]
SQL: SELECT `baiyou` FROM `oil` WHERE ( chepai='苏K1P730' ) ORDER BY start_time desc  [ RunTime:0.0003s ]
SQL: SELECT `start_time`,`chepai`,`beizhu` FROM `oil` WHERE ( chepai='苏K1P730' ) ORDER BY start_time desc  [ RunTime:0.0003s ]
INFO: [ view_parse ] --START--
INFO: [ template_filter ] --START--
INFO: Run Behavior\ContentReplaceBehavior [ RunTime:0.000071s ]
INFO: [ template_filter ] --END-- [ RunTime:0.000111s ]
NOTIC: [8] Undefined variable: stime D:\cs\APP\Runtime\Cache\Home\0c07129c688c43dc65015bdf895dad3a.php 第 137 行.
NOTIC: [8] Undefined variable: data D:\cs\APP\Runtime\Cache\Home\0c07129c688c43dc65015bdf895dad3a.php 第 162 行.
NOTIC: [8] Undefined variable: www_url D:\cs\APP\Runtime\Cache\Home\0c07129c688c43dc65015bdf895dad3a.php 第 184 行.
NOTIC: [8] Undefined variable: Stime D:\cs\APP\Runtime\Cache\Home\0c07129c688c43dc65015bdf895dad3a.php 第 219 行.
INFO: Run Behavior\ParseTemplateBehavior [ RunTime:0.009937s ]
INFO: [ view_parse ] --END-- [ RunTime:0.009970s ]
INFO: [ view_filter ] --START--
INFO: Run Behavior\WriteHtmlCacheBehavior [ RunTime:0.000545s ]
INFO: [ view_filter ] --END-- [ RunTime:0.000574s ]
INFO: [ app_end ] --START--
INFO: Run Behavior\ShowPageTraceBehavior [ RunTime:0.000756s ]
INFO: [ app_end ] --END-- [ RunTime:0.000790s ]

[ 2018-04-10T10:44:29+08:00 ] 127.0.0.1 /index.php?m=Home&c=Dantong&a=index&chepai=%E8%8B%8FK1P730
INFO: [ app_init ] --START--
INFO: Run Behavior\BuildLiteBehavior [ RunTime:0.000012s ]
INFO: [ app_init ] --END-- [ RunTime:0.000661s ]
INFO: [ app_begin ] --START--
INFO: Run Behavior\ReadHtmlCacheBehavior [ RunTime:0.000853s ]
INFO: [ app_begin ] --END-- [ RunTime:0.000901s ]
SQL: SHOW COLUMNS FROM `admin` [ RunTime:0.0190s ]
SQL: SELECT * FROM `admin` WHERE ( user_name='admin' and password='nanjingcongyu719' ) LIMIT 1   [ RunTime:0.0006s ]
SQL: SELECT * FROM `admin` WHERE ( id=1 ) LIMIT 1   [ RunTime:0.0004s ]
SQL: SHOW COLUMNS FROM `admin_auth_type` [ RunTime:0.0152s ]
SQL: SELECT * FROM `admin_auth_type` WHERE ( id=9 ) LIMIT 1   [ RunTime:0.0003s ]
SQL: SHOW COLUMNS FROM `admin_auth_rule` [ RunTime:0.0156s ]
SQL: SELECT * FROM `admin_auth_rule` WHERE (  status=1 and  id = 1 or  id = 2 or  id = 3 or  id = 4 or  id = 5 or  id = 6 or  id = 7  )  [ RunTime:0.0004s ]
SQL: SELECT * FROM `admin_auth_rule` WHERE ( type=-1 ) ORDER BY status asc  [ RunTime:0.0003s ]
SQL: SELECT * FROM `admin_auth_type` WHERE ( id=9 ) LIMIT 1   [ RunTime:0.0002s ]
SQL: SELECT * FROM `admin_auth_rule` WHERE ( name='Dantong/index' ) LIMIT 1   [ RunTime:0.0002s ]
SQL: SHOW COLUMNS FROM `oil` [ RunTime:0.0147s ]
SQL: SELECT `baiyou` FROM `oil` WHERE ( chepai='苏K1P730' ) ORDER BY start_time desc  [ RunTime:0.0003s ]
SQL: SELECT `start_time`,`chepai`,`beizhu` FROM `oil` WHERE ( chepai='苏K1P730' ) ORDER BY start_time desc  [ RunTime:0.0003s ]
INFO: [ view_parse ] --START--
INFO: [ template_filter ] --START--
INFO: Run Behavior\ContentReplaceBehavior [ RunTime:0.000070s ]
INFO: [ template_filter ] --END-- [ RunTime:0.000111s ]
NOTIC: [8] Undefined variable: stime D:\cs\APP\Runtime\Cache\Home\0c07129c688c43dc65015bdf895dad3a.php 第 137 行.
NOTIC: [8] Undefined variable: data D:\cs\APP\Runtime\Cache\Home\0c07129c688c43dc65015bdf895dad3a.php 第 162 行.
NOTIC: [8] Undefined variable: www_url D:\cs\APP\Runtime\Cache\Home\0c07129c688c43dc65015bdf895dad3a.php 第 184 行.
NOTIC: [8] Undefined variable: Stime D:\cs\APP\Runtime\Cache\Home\0c07129c688c43dc65015bdf895dad3a.php 第 219 行.
INFO: Run Behavior\ParseTemplateBehavior [ RunTime:0.009446s ]
INFO: [ view_parse ] --END-- [ RunTime:0.009475s ]
INFO: [ view_filter ] --START--
INFO: Run Behavior\WriteHtmlCacheBehavior [ RunTime:0.000506s ]
INFO: [ view_filter ] --END-- [ RunTime:0.000533s ]
INFO: [ app_end ] --START--
INFO: Run Behavior\ShowPageTraceBehavior [ RunTime:0.000764s ]
INFO: [ app_end ] --END-- [ RunTime:0.000797s ]

[ 2018-04-10T10:48:30+08:00 ] 127.0.0.1 /index.php?m=Home&c=Dantong&a=index&chepai=%E8%8B%8FK1P730
INFO: [ app_init ] --START--
INFO: Run Behavior\BuildLiteBehavior [ RunTime:0.000011s ]
INFO: [ app_init ] --END-- [ RunTime:0.000582s ]
INFO: [ app_begin ] --START--
INFO: Run Behavior\ReadHtmlCacheBehavior [ RunTime:0.000752s ]
INFO: [ app_begin ] --END-- [ RunTime:0.000799s ]
SQL: SHOW COLUMNS FROM `admin` [ RunTime:0.0189s ]
SQL: SELECT * FROM `admin` WHERE ( user_name='admin' and password='nanjingcongyu719' ) LIMIT 1   [ RunTime:0.0005s ]
SQL: SELECT * FROM `admin` WHERE ( id=1 ) LIMIT 1   [ RunTime:0.0004s ]
SQL: SHOW COLUMNS FROM `admin_auth_type` [ RunTime:0.0152s ]
SQL: SELECT * FROM `admin_auth_type` WHERE ( id=9 ) LIMIT 1   [ RunTime:0.0002s ]
SQL: SHOW COLUMNS FROM `admin_auth_rule` [ RunTime:0.0142s ]
SQL: SELECT * FROM `admin_auth_rule` WHERE (  status=1 and  id = 1 or  id = 2 or  id = 3 or  id = 4 or  id = 5 or  id = 6 or  id = 7  )  [ RunTime:0.0003s ]
SQL: SELECT * FROM `admin_auth_rule` WHERE ( type=-1 ) ORDER BY status asc  [ RunTime:0.0003s ]
SQL: SELECT * FROM `admin_auth_type` WHERE ( id=9 ) LIMIT 1   [ RunTime:0.0002s ]
SQL: SELECT * FROM `admin_auth_rule` WHERE ( name='Dantong/index' ) LIMIT 1   [ RunTime:0.0002s ]
SQL: SHOW COLUMNS FROM `oil` [ RunTime:0.0143s ]
SQL: SELECT `baiyou` FROM `oil` WHERE ( chepai='苏K1P730' ) ORDER BY start_time desc  [ RunTime:0.0003s ]
SQL: SELECT `start_time`,`chepai`,`beizhu` FROM `oil` WHERE ( chepai='苏K1P730' ) ORDER BY start_time desc  [ RunTime:0.0002s ]
INFO: [ view_parse ] --START--
INFO: [ template_filter ] --START--
INFO: Run Behavior\ContentReplaceBehavior [ RunTime:0.000070s ]
INFO: [ template_filter ] --END-- [ RunTime:0.000105s ]
NOTIC: [8] Undefined variable: stime D:\cs\APP\Runtime\Cache\Home\0c07129c688c43dc65015bdf895dad3a.php 第 137 行.
NOTIC: [8] Undefined variable: data D:\cs\APP\Runtime\Cache\Home\0c07129c688c43dc65015bdf895dad3a.php 第 162 行.
NOTIC: [8] Undefined variable: www_url D:\cs\APP\Runtime\Cache\Home\0c07129c688c43dc65015bdf895dad3a.php 第 184 行.
NOTIC: [8] Undefined variable: Stime D:\cs\APP\Runtime\Cache\Home\0c07129c688c43dc65015bdf895dad3a.php 第 219 行.
INFO: Run Behavior\ParseTemplateBehavior [ RunTime:0.010257s ]
INFO: [ view_parse ] --END-- [ RunTime:0.010288s ]
INFO: [ view_filter ] --START--
INFO: Run Behavior\WriteHtmlCacheBehavior [ RunTime:0.000524s ]
INFO: [ view_filter ] --END-- [ RunTime:0.000552s ]
INFO: [ app_end ] --START--
INFO: Run Behavior\ShowPageTraceBehavior [ RunTime:0.000675s ]
INFO: [ app_end ] --END-- [ RunTime:0.000706s ]

[ 2018-04-10T10:52:32+08:00 ] 127.0.0.1 /index.php?m=Home&c=Dantong&a=index&chepai=%E8%8B%8FK1P730
INFO: [ app_init ] --START--
INFO: Run Behavior\BuildLiteBehavior [ RunTime:0.000010s ]
INFO: [ app_init ] --END-- [ RunTime:0.000526s ]
INFO: [ app_begin ] --START--
INFO: Run Behavior\ReadHtmlCacheBehavior [ RunTime:0.000675s ]
INFO: [ app_begin ] --END-- [ RunTime:0.000714s ]
SQL: SHOW COLUMNS FROM `admin` [ RunTime:0.0159s ]
SQL: SELECT * FROM `admin` WHERE ( user_name='admin' and password='nanjingcongyu719' ) LIMIT 1   [ RunTime:0.0004s ]
SQL: SELECT * FROM `admin` WHERE ( id=1 ) LIMIT 1   [ RunTime:0.0003s ]
SQL: SHOW COLUMNS FROM `admin_auth_type` [ RunTime:0.0137s ]
SQL: SELECT * FROM `admin_auth_type` WHERE ( id=9 ) LIMIT 1   [ RunTime:0.0003s ]
SQL: SHOW COLUMNS FROM `admin_auth_rule` [ RunTime:0.0144s ]
SQL: SELECT * FROM `admin_auth_rule` WHERE (  status=1 and  id = 1 or  id = 2 or  id = 3 or  id = 4 or  id = 5 or  id = 6 or  id = 7  )  [ RunTime:0.0003s ]
SQL: SELECT * FROM `admin_auth_rule` WHERE ( type=-1 ) ORDER BY status asc  [ RunTime:0.0002s ]
SQL: SELECT * FROM `admin_auth_type` WHERE ( id=9 ) LIMIT 1   [ RunTime:0.0002s ]
SQL: SELECT * FROM `admin_auth_rule` WHERE ( name='Dantong/index' ) LIMIT 1   [ RunTime:0.0002s ]
SQL: SHOW COLUMNS FROM `oil` [ RunTime:0.0137s ]
SQL: SELECT `baiyou` FROM `oil` WHERE ( chepai='苏K1P730' ) ORDER BY start_time desc  [ RunTime:0.0003s ]
SQL: SELECT `start_time`,`chepai`,`beizhu` FROM `oil` WHERE ( chepai='苏K1P730' ) ORDER BY start_time desc  [ RunTime:0.0003s ]
INFO: [ view_parse ] --START--
INFO: [ template_filter ] --START--
INFO: Run Behavior\ContentReplaceBehavior [ RunTime:0.000074s ]
INFO: [ template_filter ] --END-- [ RunTime:0.000111s ]
NOTIC: [8] Undefined variable: stime D:\cs\APP\Runtime\Cache\Home\0c07129c688c43dc65015bdf895dad3a.php 第 137 行.
NOTIC: [8] Undefined variable: data D:\cs\APP\Runtime\Cache\Home\0c07129c688c43dc65015bdf895dad3a.php 第 162 行.
NOTIC: [8] Undefined variable: www_url D:\cs\APP\Runtime\Cache\Home\0c07129c688c43dc65015bdf895dad3a.php 第 184 行.
NOTIC: [8] Undefined variable: Stime D:\cs\APP\Runtime\Cache\Home\0c07129c688c43dc65015bdf895dad3a.php 第 219 行.
INFO: Run Behavior\ParseTemplateBehavior [ RunTime:0.009607s ]
INFO: [ view_parse ] --END-- [ RunTime:0.009637s ]
INFO: [ view_filter ] --START--
INFO: Run Behavior\WriteHtmlCacheBehavior [ RunTime:0.000501s ]
INFO: [ view_filter ] --END-- [ RunTime:0.000528s ]
INFO: [ app_end ] --START--
INFO: Run Behavior\ShowPageTraceBehavior [ RunTime:0.000682s ]
INFO: [ app_end ] --END-- [ RunTime:0.000714s ]

[ 2018-04-10T10:56:33+08:00 ] 127.0.0.1 /index.php?m=Home&c=Dantong&a=index&chepai=%E8%8B%8FK1P730
INFO: [ app_init ] --START--
INFO: Run Behavior\BuildLiteBehavior [ RunTime:0.000010s ]
INFO: [ app_init ] --END-- [ RunTime:0.000662s ]
INFO: [ app_begin ] --START--
INFO: Run Behavior\ReadHtmlCacheBehavior [ RunTime:0.000802s ]
INFO: [ app_begin ] --END-- [ RunTime:0.000845s ]
SQL: SHOW COLUMNS FROM `admin` [ RunTime:0.0181s ]
SQL: SELECT * FROM `admin` WHERE ( user_name='admin' and password='nanjingcongyu719' ) LIMIT 1   [ RunTime:0.0005s ]
SQL: SELECT * FROM `admin` WHERE ( id=1 ) LIMIT 1   [ RunTime:0.0004s ]
SQL: SHOW COLUMNS FROM `admin_auth_type` [ RunTime:0.0156s ]
SQL: SELECT * FROM `admin_auth_type` WHERE ( id=9 ) LIMIT 1   [ RunTime:0.0002s ]
SQL: SHOW COLUMNS FROM `admin_auth_rule` [ RunTime:0.0141s ]
SQL: SELECT * FROM `admin_auth_rule` WHERE (  status=1 and  id = 1 or  id = 2 or  id = 3 or  id = 4 or  id = 5 or  id = 6 or  id = 7  )  [ RunTime:0.0003s ]
SQL: SELECT * FROM `admin_auth_rule` WHERE ( type=-1 ) ORDER BY status asc  [ RunTime:0.0003s ]
SQL: SELECT * FROM `admin_auth_type` WHERE ( id=9 ) LIMIT 1   [ RunTime:0.0002s ]
SQL: SELECT * FROM `admin_auth_rule` WHERE ( name='Dantong/index' ) LIMIT 1   [ RunTime:0.0002s ]
SQL: SHOW COLUMNS FROM `oil` [ RunTime:0.0140s ]
SQL: SELECT `baiyou` FROM `oil` WHERE ( chepai='苏K1P730' ) ORDER BY start_time desc  [ RunTime:0.0003s ]
SQL: SELECT `start_time`,`chepai`,`beizhu` FROM `oil` WHERE ( chepai='苏K1P730' ) ORDER BY start_time desc  [ RunTime:0.0002s ]
INFO: [ view_parse ] --START--
INFO: [ template_filter ] --START--
INFO: Run Behavior\ContentReplaceBehavior [ RunTime:0.000070s ]
INFO: [ template_filter ] --END-- [ RunTime:0.000104s ]
NOTIC: [8] Undefined variable: stime D:\cs\APP\Runtime\Cache\Home\0c07129c688c43dc65015bdf895dad3a.php 第 137 行.
NOTIC: [8] Undefined variable: data D:\cs\APP\Runtime\Cache\Home\0c07129c688c43dc65015bdf895dad3a.php 第 162 行.
NOTIC: [8] Undefined variable: www_url D:\cs\APP\Runtime\Cache\Home\0c07129c688c43dc65015bdf895dad3a.php 第 184 行.
NOTIC: [8] Undefined variable: Stime D:\cs\APP\Runtime\Cache\Home\0c07129c688c43dc65015bdf895dad3a.php 第 219 行.
INFO: Run Behavior\ParseTemplateBehavior [ RunTime:0.009370s ]
INFO: [ view_parse ] --END-- [ RunTime:0.009399s ]
INFO: [ view_filter ] --START--
INFO: Run Behavior\WriteHtmlCacheBehavior [ RunTime:0.000513s ]
INFO: [ view_filter ] --END-- [ RunTime:0.000543s ]
INFO: [ app_end ] --START--
INFO: Run Behavior\ShowPageTraceBehavior [ RunTime:0.000716s ]
INFO: [ app_end ] --END-- [ RunTime:0.000747s ]

[ 2018-04-10T11:00:35+08:00 ] 127.0.0.1 /index.php?m=Home&c=Dantong&a=index&chepai=%E8%8B%8FK1P730
INFO: [ app_init ] --START--
INFO: Run Behavior\BuildLiteBehavior [ RunTime:0.000012s ]
INFO: [ app_init ] --END-- [ RunTime:0.000724s ]
INFO: [ app_begin ] --START--
INFO: Run Behavior\ReadHtmlCacheBehavior [ RunTime:0.000894s ]
INFO: [ app_begin ] --END-- [ RunTime:0.000948s ]
SQL: SHOW COLUMNS FROM `admin` [ RunTime:0.0158s ]
SQL: SELECT * FROM `admin` WHERE ( user_name='admin' and password='nanjingcongyu719' ) LIMIT 1   [ RunTime:0.0004s ]
SQL: SELECT * FROM `admin` WHERE ( id=1 ) LIMIT 1   [ RunTime:0.0003s ]
SQL: SHOW COLUMNS FROM `admin_auth_type` [ RunTime:0.0145s ]
SQL: SELECT * FROM `admin_auth_type` WHERE ( id=9 ) LIMIT 1   [ RunTime:0.0003s ]
SQL: SHOW COLUMNS FROM `admin_auth_rule` [ RunTime:0.0146s ]
SQL: SELECT * FROM `admin_auth_rule` WHERE (  status=1 and  id = 1 or  id = 2 or  id = 3 or  id = 4 or  id = 5 or  id = 6 or  id = 7  )  [ RunTime:0.0004s ]
SQL: SELECT * FROM `admin_auth_rule` WHERE ( type=-1 ) ORDER BY status asc  [ RunTime:0.0003s ]
SQL: SELECT * FROM `admin_auth_type` WHERE ( id=9 ) LIMIT 1   [ RunTime:0.0002s ]
SQL: SELECT * FROM `admin_auth_rule` WHERE ( name='Dantong/index' ) LIMIT 1   [ RunTime:0.0002s ]
SQL: SHOW COLUMNS FROM `oil` [ RunTime:0.0145s ]
SQL: SELECT `baiyou` FROM `oil` WHERE ( chepai='苏K1P730' ) ORDER BY start_time desc  [ RunTime:0.0003s ]
SQL: SELECT `start_time`,`chepai`,`beizhu` FROM `oil` WHERE ( chepai='苏K1P730' ) ORDER BY start_time desc  [ RunTime:0.0003s ]
INFO: [ view_parse ] --START--
INFO: [ template_filter ] --START--
INFO: Run Behavior\ContentReplaceBehavior [ RunTime:0.000072s ]
INFO: [ template_filter ] --END-- [ RunTime:0.000103s ]
NOTIC: [8] Undefined variable: stime D:\cs\APP\Runtime\Cache\Home\0c07129c688c43dc65015bdf895dad3a.php 第 137 行.
NOTIC: [8] Undefined variable: data D:\cs\APP\Runtime\Cache\Home\0c07129c688c43dc65015bdf895dad3a.php 第 162 行.
NOTIC: [8] Undefined variable: www_url D:\cs\APP\Runtime\Cache\Home\0c07129c688c43dc65015bdf895dad3a.php 第 184 行.
NOTIC: [8] Undefined variable: Stime D:\cs\APP\Runtime\Cache\Home\0c07129c688c43dc65015bdf895dad3a.php 第 219 行.
INFO: Run Behavior\ParseTemplateBehavior [ RunTime:0.009609s ]
INFO: [ view_parse ] --END-- [ RunTime:0.009639s ]
INFO: [ view_filter ] --START--
INFO: Run Behavior\WriteHtmlCacheBehavior [ RunTime:0.000528s ]
INFO: [ view_filter ] --END-- [ RunTime:0.000557s ]
INFO: [ app_end ] --START--
INFO: Run Behavior\ShowPageTraceBehavior [ RunTime:0.000682s ]
INFO: [ app_end ] --END-- [ RunTime:0.000712s ]

[ 2018-04-10T11:04:36+08:00 ] 127.0.0.1 /index.php?m=Home&c=Dantong&a=index&chepai=%E8%8B%8FK1P730
INFO: [ app_init ] --START--
INFO: Run Behavior\BuildLiteBehavior [ RunTime:0.000010s ]
INFO: [ app_init ] --END-- [ RunTime:0.000564s ]
INFO: [ app_begin ] --START--
INFO: Run Behavior\ReadHtmlCacheBehavior [ RunTime:0.000807s ]
INFO: [ app_begin ] --END-- [ RunTime:0.000850s ]
SQL: SHOW COLUMNS FROM `admin` [ RunTime:0.0182s ]
SQL: SELECT * FROM `admin` WHERE ( user_name='admin' and password='nanjingcongyu719' ) LIMIT 1   [ RunTime:0.0005s ]
SQL: SELECT * FROM `admin` WHERE ( id=1 ) LIMIT 1   [ RunTime:0.0004s ]
SQL: SHOW COLUMNS FROM `admin_auth_type` [ RunTime:0.0158s ]
SQL: SELECT * FROM `admin_auth_type` WHERE ( id=9 ) LIMIT 1   [ RunTime:0.0003s ]
SQL: SHOW COLUMNS FROM `admin_auth_rule` [ RunTime:0.0141s ]
SQL: SELECT * FROM `admin_auth_rule` WHERE (  status=1 and  id = 1 or  id = 2 or  id = 3 or  id = 4 or  id = 5 or  id = 6 or  id = 7  )  [ RunTime:0.0004s ]
SQL: SELECT * FROM `admin_auth_rule` WHERE ( type=-1 ) ORDER BY status asc  [ RunTime:0.0003s ]
SQL: SELECT * FROM `admin_auth_type` WHERE ( id=9 ) LIMIT 1   [ RunTime:0.0002s ]
SQL: SELECT * FROM `admin_auth_rule` WHERE ( name='Dantong/index' ) LIMIT 1   [ RunTime:0.0002s ]
SQL: SHOW COLUMNS FROM `oil` [ RunTime:0.0139s ]
SQL: SELECT `baiyou` FROM `oil` WHERE ( chepai='苏K1P730' ) ORDER BY start_time desc  [ RunTime:0.0003s ]
SQL: SELECT `start_time`,`chepai`,`beizhu` FROM `oil` WHERE ( chepai='苏K1P730' ) ORDER BY start_time desc  [ RunTime:0.0002s ]
INFO: [ view_parse ] --START--
INFO: [ template_filter ] --START--
INFO: Run Behavior\ContentReplaceBehavior [ RunTime:0.000075s ]
INFO: [ template_filter ] --END-- [ RunTime:0.000114s ]
NOTIC: [8] Undefined variable: stime D:\cs\APP\Runtime\Cache\Home\0c07129c688c43dc65015bdf895dad3a.php 第 137 行.
NOTIC: [8] Undefined variable: data D:\cs\APP\Runtime\Cache\Home\0c07129c688c43dc65015bdf895dad3a.php 第 162 行.
NOTIC: [8] Undefined variable: www_url D:\cs\APP\Runtime\Cache\Home\0c07129c688c43dc65015bdf895dad3a.php 第 184 行.
NOTIC: [8] Undefined variable: Stime D:\cs\APP\Runtime\Cache\Home\0c07129c688c43dc65015bdf895dad3a.php 第 219 行.
INFO: Run Behavior\ParseTemplateBehavior [ RunTime:0.009800s ]
INFO: [ view_parse ] --END-- [ RunTime:0.009836s ]
INFO: [ view_filter ] --START--
INFO: Run Behavior\WriteHtmlCacheBehavior [ RunTime:0.000548s ]
INFO: [ view_filter ] --END-- [ RunTime:0.000578s ]
INFO: [ app_end ] --START--
INFO: Run Behavior\ShowPageTraceBehavior [ RunTime:0.000732s ]
INFO: [ app_end ] --END-- [ RunTime:0.000763s ]

