[ 2018-04-02T17:41:14+08:00 ] 127.0.0.1 /
INFO: [ app_init ] --START--
INFO: Run Behavior\BuildLiteBehavior [ RunTime:0.000026s ]
INFO: [ app_init ] --END-- [ RunTime:0.002121s ]
INFO: [ app_begin ] --START--
INFO: Run Behavior\ReadHtmlCacheBehavior [ RunTime:0.001115s ]
INFO: [ app_begin ] --END-- [ RunTime:0.001176s ]

[ 2018-04-02T17:41:14+08:00 ] 127.0.0.1 /index.php?m=Home&c=Login&a=index
INFO: [ app_init ] --START--
INFO: Run Behavior\BuildLiteBehavior [ RunTime:0.000007s ]
INFO: [ app_init ] --END-- [ RunTime:0.000457s ]
INFO: [ app_begin ] --START--
INFO: Run Behavior\ReadHtmlCacheBehavior [ RunTime:0.000517s ]
INFO: [ app_begin ] --END-- [ RunTime:0.000550s ]
SQL: SHOW COLUMNS FROM `log` [ RunTime:0.0285s ]
INFO: [ view_parse ] --START--
INFO: [ template_filter ] --START--
INFO: Run Behavior\ContentReplaceBehavior [ RunTime:0.000543s ]
INFO: [ template_filter ] --END-- [ RunTime:0.000589s ]
INFO: Run Behavior\ParseTemplateBehavior [ RunTime:0.026869s ]
INFO: [ view_parse ] --END-- [ RunTime:0.026915s ]
INFO: [ view_filter ] --START--
INFO: Run Behavior\WriteHtmlCacheBehavior [ RunTime:0.000826s ]
INFO: [ view_filter ] --END-- [ RunTime:0.000862s ]
INFO: [ app_end ] --START--
INFO: Run Behavior\ShowPageTraceBehavior [ RunTime:0.001019s ]
INFO: [ app_end ] --END-- [ RunTime:0.001049s ]

[ 2018-04-02T17:41:16+08:00 ] 127.0.0.1 /index.php?m=Home&c=Login&a=login
INFO: [ app_init ] --START--
INFO: Run Behavior\BuildLiteBehavior [ RunTime:0.000008s ]
INFO: [ app_init ] --END-- [ RunTime:0.000415s ]
INFO: [ app_begin ] --START--
INFO: Run Behavior\ReadHtmlCacheBehavior [ RunTime:0.000518s ]
INFO: [ app_begin ] --END-- [ RunTime:0.000553s ]
SQL: SHOW COLUMNS FROM `log` [ RunTime:0.0122s ]
SQL: SHOW COLUMNS FROM `admin` [ RunTime:0.0254s ]
SQL: SELECT * FROM `admin` WHERE ( user_name='admin' and password='nanjingcongyu719' ) LIMIT 1   [ RunTime:0.0008s ]
SQL: SHOW COLUMNS FROM `log` [ RunTime:0.0112s ]
SQL: INSERT INTO `log` (`name`,`ip`,`time`) VALUES ('admin','127.0.0.1','2018-04-02 17:41:16') [ RunTime:0.0004s ]
INFO: [ view_parse ] --START--
INFO: [ template_filter ] --START--
INFO: Run Behavior\ContentReplaceBehavior [ RunTime:0.000026s ]
INFO: [ template_filter ] --END-- [ RunTime:0.000060s ]
INFO: Run Behavior\ParseTemplateBehavior [ RunTime:0.004608s ]
INFO: [ view_parse ] --END-- [ RunTime:0.004648s ]
INFO: [ view_filter ] --START--
INFO: Run Behavior\WriteHtmlCacheBehavior [ RunTime:0.000347s ]
INFO: [ view_filter ] --END-- [ RunTime:0.000374s ]
INFO: [ app_end ] --START--
INFO: Run Behavior\ShowPageTraceBehavior [ RunTime:0.000543s ]
INFO: [ app_end ] --END-- [ RunTime:0.000572s ]

[ 2018-04-02T17:41:17+08:00 ] 127.0.0.1 /index.php?m=Home&c=Index&a=index
INFO: [ app_init ] --START--
INFO: Run Behavior\BuildLiteBehavior [ RunTime:0.000018s ]
INFO: [ app_init ] --END-- [ RunTime:0.000971s ]
INFO: [ app_begin ] --START--
INFO: Run Behavior\ReadHtmlCacheBehavior [ RunTime:0.001239s ]
INFO: [ app_begin ] --END-- [ RunTime:0.001319s ]
SQL: SHOW COLUMNS FROM `admin` [ RunTime:0.0148s ]
SQL: SELECT * FROM `admin` WHERE ( user_name='admin' and password='nanjingcongyu719' ) LIMIT 1   [ RunTime:0.0005s ]
SQL: SELECT * FROM `admin` WHERE ( id=1 ) LIMIT 1   [ RunTime:0.0004s ]
SQL: SHOW COLUMNS FROM `admin_auth_type` [ RunTime:0.0139s ]
SQL: SELECT * FROM `admin_auth_type` WHERE ( id=9 ) LIMIT 1   [ RunTime:0.0004s ]
SQL: SHOW COLUMNS FROM `admin_auth_rule` [ RunTime:0.0137s ]
SQL: SELECT * FROM `admin_auth_rule` WHERE (  status=1 and  id = 1 or  id = 2 or  id = 3 or  id = 4 or  id = 5  )  [ RunTime:0.0006s ]
SQL: SELECT * FROM `admin_auth_rule` WHERE ( type=-1 ) ORDER BY status asc  [ RunTime:0.0004s ]
SQL: SELECT * FROM `admin_auth_type` WHERE ( id=9 ) LIMIT 1   [ RunTime:0.0002s ]
SQL: SHOW COLUMNS FROM `oil` [ RunTime:0.0393s ]
SQL: SELECT * FROM `oil` ORDER BY start_time  [ RunTime:0.0004s ]
INFO: [ view_parse ] --START--
INFO: [ template_filter ] --START--
INFO: Run Behavior\ContentReplaceBehavior [ RunTime:0.000085s ]
INFO: [ template_filter ] --END-- [ RunTime:0.000121s ]
NOTIC: [8] Undefined variable: id D:\cs\APP\Runtime\Cache\Home\a59b5e3d0bfe1e0eebc9ef04a084f7b9.php 第 86 行.
NOTIC: [8] Undefined variable: id D:\cs\APP\Runtime\Cache\Home\a59b5e3d0bfe1e0eebc9ef04a084f7b9.php 第 86 行.
NOTIC: [8] Undefined variable: num D:\cs\APP\Runtime\Cache\Home\a59b5e3d0bfe1e0eebc9ef04a084f7b9.php 第 117 行.
NOTIC: [8] Undefined variable: clostu D:\cs\APP\Runtime\Cache\Home\a59b5e3d0bfe1e0eebc9ef04a084f7b9.php 第 149 行.
NOTIC: [8] Undefined variable: page D:\cs\APP\Runtime\Cache\Home\a59b5e3d0bfe1e0eebc9ef04a084f7b9.php 第 217 行.
NOTIC: [8] Undefined variable: value D:\cs\APP\Runtime\Cache\Home\a59b5e3d0bfe1e0eebc9ef04a084f7b9.php 第 231 行.
INFO: Run Behavior\ParseTemplateBehavior [ RunTime:0.009432s ]
INFO: [ view_parse ] --END-- [ RunTime:0.009469s ]
INFO: [ view_filter ] --START--
INFO: Run Behavior\WriteHtmlCacheBehavior [ RunTime:0.000373s ]
INFO: [ view_filter ] --END-- [ RunTime:0.000401s ]
INFO: [ app_end ] --START--
INFO: Run Behavior\ShowPageTraceBehavior [ RunTime:0.000573s ]
INFO: [ app_end ] --END-- [ RunTime:0.000609s ]

[ 2018-04-02T17:44:14+08:00 ] 127.0.0.1 /index.php?m=Home&c=Oil&a=index
INFO: [ app_init ] --START--
INFO: Run Behavior\BuildLiteBehavior [ RunTime:0.000008s ]
INFO: [ app_init ] --END-- [ RunTime:0.000442s ]
INFO: [ app_begin ] --START--
INFO: Run Behavior\ReadHtmlCacheBehavior [ RunTime:0.000584s ]
INFO: [ app_begin ] --END-- [ RunTime:0.000621s ]
SQL: SHOW COLUMNS FROM `admin` [ RunTime:0.0119s ]
SQL: SELECT * FROM `admin` WHERE ( user_name='admin' and password='nanjingcongyu719' ) LIMIT 1   [ RunTime:0.0004s ]
SQL: SELECT * FROM `admin` WHERE ( id=1 ) LIMIT 1   [ RunTime:0.0003s ]
SQL: SHOW COLUMNS FROM `admin_auth_type` [ RunTime:0.0096s ]
SQL: SELECT * FROM `admin_auth_type` WHERE ( id=9 ) LIMIT 1   [ RunTime:0.0002s ]
SQL: SHOW COLUMNS FROM `admin_auth_rule` [ RunTime:0.0099s ]
SQL: SELECT * FROM `admin_auth_rule` WHERE (  status=1 and  id = 1 or  id = 2 or  id = 3 or  id = 4 or  id = 5  )  [ RunTime:0.0003s ]
SQL: SELECT * FROM `admin_auth_rule` WHERE ( type=-1 ) ORDER BY status asc  [ RunTime:0.0002s ]
SQL: SELECT * FROM `admin_auth_type` WHERE ( id=9 ) LIMIT 1   [ RunTime:0.0002s ]
SQL: SELECT * FROM `admin_auth_rule` WHERE ( name='Oil/index' ) LIMIT 1   [ RunTime:0.0002s ]
INFO: [ view_parse ] --START--
INFO: [ template_filter ] --START--
INFO: Run Behavior\ContentReplaceBehavior [ RunTime:0.000070s ]
INFO: [ template_filter ] --END-- [ RunTime:0.000106s ]
INFO: Run Behavior\ParseTemplateBehavior [ RunTime:0.018309s ]
INFO: [ view_parse ] --END-- [ RunTime:0.018346s ]
INFO: [ view_filter ] --START--
INFO: Run Behavior\WriteHtmlCacheBehavior [ RunTime:0.000440s ]
INFO: [ view_filter ] --END-- [ RunTime:0.000467s ]
INFO: [ app_end ] --START--
INFO: Run Behavior\ShowPageTraceBehavior [ RunTime:0.000619s ]
INFO: [ app_end ] --END-- [ RunTime:0.000649s ]

[ 2018-04-02T17:44:39+08:00 ] 127.0.0.1 /index.php?m=Home&c=Oiladd&a=index
INFO: [ app_init ] --START--
INFO: Run Behavior\BuildLiteBehavior [ RunTime:0.000007s ]
INFO: [ app_init ] --END-- [ RunTime:0.000437s ]
INFO: [ app_begin ] --START--
INFO: Run Behavior\ReadHtmlCacheBehavior [ RunTime:0.000543s ]
INFO: [ app_begin ] --END-- [ RunTime:0.000578s ]
SQL: SHOW COLUMNS FROM `admin` [ RunTime:0.0105s ]
SQL: SELECT * FROM `admin` WHERE ( user_name='admin' and password='nanjingcongyu719' ) LIMIT 1   [ RunTime:0.0004s ]
SQL: SELECT * FROM `admin` WHERE ( id=1 ) LIMIT 1   [ RunTime:0.0003s ]
SQL: SHOW COLUMNS FROM `admin_auth_type` [ RunTime:0.0098s ]
SQL: SELECT * FROM `admin_auth_type` WHERE ( id=9 ) LIMIT 1   [ RunTime:0.0002s ]
SQL: SHOW COLUMNS FROM `admin_auth_rule` [ RunTime:0.0102s ]
SQL: SELECT * FROM `admin_auth_rule` WHERE (  status=1 and  id = 1 or  id = 2 or  id = 3 or  id = 4 or  id = 5  )  [ RunTime:0.0003s ]
SQL: SELECT * FROM `admin_auth_rule` WHERE ( type=-1 ) ORDER BY status asc  [ RunTime:0.0002s ]
SQL: SELECT * FROM `admin_auth_type` WHERE ( id=9 ) LIMIT 1   [ RunTime:0.0002s ]
SQL: SELECT * FROM `admin_auth_rule` WHERE ( name='Oiladd/index' ) LIMIT 1   [ RunTime:0.0002s ]
SQL: SHOW COLUMNS FROM `oil` [ RunTime:0.0102s ]
SQL: INSERT INTO `oil` (`start_time`,`chepai`,`chezhu`,`pinpai`,`danci`,`danjia`,`jine`,`licheng`) VALUES ('2018-04-02','苏K1P730','张荣','现代','44.64','6.72','300','') [ RunTime:0.0354s ]
INFO: [ view_parse ] --START--
INFO: [ template_filter ] --START--
INFO: Run Behavior\ContentReplaceBehavior [ RunTime:0.000025s ]
INFO: [ template_filter ] --END-- [ RunTime:0.000057s ]
INFO: Run Behavior\ParseTemplateBehavior [ RunTime:0.004405s ]
INFO: [ view_parse ] --END-- [ RunTime:0.004440s ]
INFO: [ view_filter ] --START--
INFO: Run Behavior\WriteHtmlCacheBehavior [ RunTime:0.000413s ]
INFO: [ view_filter ] --END-- [ RunTime:0.000440s ]
INFO: [ app_end ] --START--
INFO: Run Behavior\ShowPageTraceBehavior [ RunTime:0.000581s ]
INFO: [ app_end ] --END-- [ RunTime:0.000614s ]

[ 2018-04-02T17:44:40+08:00 ] 127.0.0.1 /index.php?m=Home&c=Oil&a=index
INFO: [ app_init ] --START--
INFO: Run Behavior\BuildLiteBehavior [ RunTime:0.000012s ]
INFO: [ app_init ] --END-- [ RunTime:0.000620s ]
INFO: [ app_begin ] --START--
INFO: Run Behavior\ReadHtmlCacheBehavior [ RunTime:0.000784s ]
INFO: [ app_begin ] --END-- [ RunTime:0.000835s ]
SQL: SHOW COLUMNS FROM `admin` [ RunTime:0.0144s ]
SQL: SELECT * FROM `admin` WHERE ( user_name='admin' and password='nanjingcongyu719' ) LIMIT 1   [ RunTime:0.0004s ]
SQL: SELECT * FROM `admin` WHERE ( id=1 ) LIMIT 1   [ RunTime:0.0003s ]
SQL: SHOW COLUMNS FROM `admin_auth_type` [ RunTime:0.0114s ]
SQL: SELECT * FROM `admin_auth_type` WHERE ( id=9 ) LIMIT 1   [ RunTime:0.0002s ]
SQL: SHOW COLUMNS FROM `admin_auth_rule` [ RunTime:0.0126s ]
SQL: SELECT * FROM `admin_auth_rule` WHERE (  status=1 and  id = 1 or  id = 2 or  id = 3 or  id = 4 or  id = 5  )  [ RunTime:0.0003s ]
SQL: SELECT * FROM `admin_auth_rule` WHERE ( type=-1 ) ORDER BY status asc  [ RunTime:0.0002s ]
SQL: SELECT * FROM `admin_auth_type` WHERE ( id=9 ) LIMIT 1   [ RunTime:0.0002s ]
SQL: SELECT * FROM `admin_auth_rule` WHERE ( name='Oil/index' ) LIMIT 1   [ RunTime:0.0002s ]
INFO: [ view_parse ] --START--
INFO: [ template_filter ] --START--
INFO: Run Behavior\ContentReplaceBehavior [ RunTime:0.000067s ]
INFO: [ template_filter ] --END-- [ RunTime:0.000102s ]
INFO: Run Behavior\ParseTemplateBehavior [ RunTime:0.006481s ]
INFO: [ view_parse ] --END-- [ RunTime:0.006515s ]
INFO: [ view_filter ] --START--
INFO: Run Behavior\WriteHtmlCacheBehavior [ RunTime:0.000361s ]
INFO: [ view_filter ] --END-- [ RunTime:0.000388s ]
INFO: [ app_end ] --START--
INFO: Run Behavior\ShowPageTraceBehavior [ RunTime:0.000571s ]
INFO: [ app_end ] --END-- [ RunTime:0.000601s ]

[ 2018-04-02T17:44:42+08:00 ] 127.0.0.1 /index.php?m=Home&c=Index&a=index
INFO: [ app_init ] --START--
INFO: Run Behavior\BuildLiteBehavior [ RunTime:0.000009s ]
INFO: [ app_init ] --END-- [ RunTime:0.000447s ]
INFO: [ app_begin ] --START--
INFO: Run Behavior\ReadHtmlCacheBehavior [ RunTime:0.000574s ]
INFO: [ app_begin ] --END-- [ RunTime:0.000608s ]
SQL: SHOW COLUMNS FROM `admin` [ RunTime:0.0129s ]
SQL: SELECT * FROM `admin` WHERE ( user_name='admin' and password='nanjingcongyu719' ) LIMIT 1   [ RunTime:0.0004s ]
SQL: SELECT * FROM `admin` WHERE ( id=1 ) LIMIT 1   [ RunTime:0.0003s ]
SQL: SHOW COLUMNS FROM `admin_auth_type` [ RunTime:0.0097s ]
SQL: SELECT * FROM `admin_auth_type` WHERE ( id=9 ) LIMIT 1   [ RunTime:0.0002s ]
SQL: SHOW COLUMNS FROM `admin_auth_rule` [ RunTime:0.0107s ]
SQL: SELECT * FROM `admin_auth_rule` WHERE (  status=1 and  id = 1 or  id = 2 or  id = 3 or  id = 4 or  id = 5  )  [ RunTime:0.0003s ]
SQL: SELECT * FROM `admin_auth_rule` WHERE ( type=-1 ) ORDER BY status asc  [ RunTime:0.0002s ]
SQL: SELECT * FROM `admin_auth_type` WHERE ( id=9 ) LIMIT 1   [ RunTime:0.0002s ]
SQL: SHOW COLUMNS FROM `oil` [ RunTime:0.0102s ]
SQL: SELECT * FROM `oil` ORDER BY start_time  [ RunTime:0.0003s ]
INFO: [ view_parse ] --START--
INFO: [ template_filter ] --START--
INFO: Run Behavior\ContentReplaceBehavior [ RunTime:0.000083s ]
INFO: [ template_filter ] --END-- [ RunTime:0.000114s ]
NOTIC: [8] Undefined variable: id D:\cs\APP\Runtime\Cache\Home\a59b5e3d0bfe1e0eebc9ef04a084f7b9.php 第 86 行.
NOTIC: [8] Undefined variable: id D:\cs\APP\Runtime\Cache\Home\a59b5e3d0bfe1e0eebc9ef04a084f7b9.php 第 86 行.
NOTIC: [8] Undefined variable: num D:\cs\APP\Runtime\Cache\Home\a59b5e3d0bfe1e0eebc9ef04a084f7b9.php 第 117 行.
NOTIC: [8] Undefined variable: clostu D:\cs\APP\Runtime\Cache\Home\a59b5e3d0bfe1e0eebc9ef04a084f7b9.php 第 149 行.
NOTIC: [8] Undefined variable: page D:\cs\APP\Runtime\Cache\Home\a59b5e3d0bfe1e0eebc9ef04a084f7b9.php 第 217 行.
NOTIC: [8] Undefined variable: value D:\cs\APP\Runtime\Cache\Home\a59b5e3d0bfe1e0eebc9ef04a084f7b9.php 第 231 行.
INFO: Run Behavior\ParseTemplateBehavior [ RunTime:0.007720s ]
INFO: [ view_parse ] --END-- [ RunTime:0.007749s ]
INFO: [ view_filter ] --START--
INFO: Run Behavior\WriteHtmlCacheBehavior [ RunTime:0.000410s ]
INFO: [ view_filter ] --END-- [ RunTime:0.000436s ]
INFO: [ app_end ] --START--
INFO: Run Behavior\ShowPageTraceBehavior [ RunTime:0.000552s ]
INFO: [ app_end ] --END-- [ RunTime:0.000583s ]

[ 2018-04-02T17:51:17+08:00 ] 127.0.0.1 /index.php?m=Home&c=Oil&a=index
INFO: [ app_init ] --START--
INFO: Run Behavior\BuildLiteBehavior [ RunTime:0.000027s ]
INFO: [ app_init ] --END-- [ RunTime:0.002045s ]
INFO: [ app_begin ] --START--
INFO: Run Behavior\ReadHtmlCacheBehavior [ RunTime:0.000973s ]
INFO: [ app_begin ] --END-- [ RunTime:0.001047s ]
SQL: SHOW COLUMNS FROM `admin` [ RunTime:0.0146s ]
SQL: SELECT * FROM `admin` WHERE ( user_name='admin' and password='nanjingcongyu719' ) LIMIT 1   [ RunTime:0.0008s ]
SQL: SELECT * FROM `admin` WHERE ( id=1 ) LIMIT 1   [ RunTime:0.0005s ]
SQL: SHOW COLUMNS FROM `admin_auth_type` [ RunTime:0.0138s ]
SQL: SELECT * FROM `admin_auth_type` WHERE ( id=9 ) LIMIT 1   [ RunTime:0.0005s ]
SQL: SHOW COLUMNS FROM `admin_auth_rule` [ RunTime:0.0249s ]
SQL: SELECT * FROM `admin_auth_rule` WHERE (  status=1 and  id = 1 or  id = 2 or  id = 3 or  id = 4 or  id = 5  )  [ RunTime:0.0005s ]
SQL: SELECT * FROM `admin_auth_rule` WHERE ( type=-1 ) ORDER BY status asc  [ RunTime:0.0003s ]
SQL: SELECT * FROM `admin_auth_type` WHERE ( id=9 ) LIMIT 1   [ RunTime:0.0002s ]
SQL: SELECT * FROM `admin_auth_rule` WHERE ( name='Oil/index' ) LIMIT 1   [ RunTime:0.0003s ]
INFO: [ view_parse ] --START--
INFO: [ template_filter ] --START--
INFO: Run Behavior\ContentReplaceBehavior [ RunTime:0.000104s ]
INFO: [ template_filter ] --END-- [ RunTime:0.000172s ]
INFO: Run Behavior\ParseTemplateBehavior [ RunTime:0.016950s ]
INFO: [ view_parse ] --END-- [ RunTime:0.017020s ]
INFO: [ view_filter ] --START--
INFO: Run Behavior\WriteHtmlCacheBehavior [ RunTime:0.001201s ]
INFO: [ view_filter ] --END-- [ RunTime:0.001263s ]
INFO: [ app_end ] --START--
INFO: Run Behavior\ShowPageTraceBehavior [ RunTime:0.001329s ]
INFO: [ app_end ] --END-- [ RunTime:0.001396s ]

[ 2018-04-02T17:51:29+08:00 ] 127.0.0.1 /index.php?m=Home&c=Oil&a=index
INFO: [ app_init ] --START--
INFO: Run Behavior\BuildLiteBehavior [ RunTime:0.000012s ]
INFO: [ app_init ] --END-- [ RunTime:0.000586s ]
INFO: [ app_begin ] --START--
INFO: Run Behavior\ReadHtmlCacheBehavior [ RunTime:0.000779s ]
INFO: [ app_begin ] --END-- [ RunTime:0.000840s ]
SQL: SHOW COLUMNS FROM `admin` [ RunTime:0.0323s ]
SQL: SELECT * FROM `admin` WHERE ( user_name='admin' and password='nanjingcongyu719' ) LIMIT 1   [ RunTime:0.0010s ]
SQL: SELECT * FROM `admin` WHERE ( id=1 ) LIMIT 1   [ RunTime:0.0005s ]
SQL: SHOW COLUMNS FROM `admin_auth_type` [ RunTime:0.0178s ]
SQL: SELECT * FROM `admin_auth_type` WHERE ( id=9 ) LIMIT 1   [ RunTime:0.0004s ]
SQL: SHOW COLUMNS FROM `admin_auth_rule` [ RunTime:0.0224s ]
SQL: SELECT * FROM `admin_auth_rule` WHERE (  status=1 and  id = 1 or  id = 2 or  id = 3 or  id = 4 or  id = 5  )  [ RunTime:0.0010s ]
SQL: SELECT * FROM `admin_auth_rule` WHERE ( type=-1 ) ORDER BY status asc  [ RunTime:0.0004s ]
SQL: SELECT * FROM `admin_auth_type` WHERE ( id=9 ) LIMIT 1   [ RunTime:0.0004s ]
SQL: SELECT * FROM `admin_auth_rule` WHERE ( name='Oil/index' ) LIMIT 1   [ RunTime:0.0003s ]
INFO: [ view_parse ] --START--
INFO: [ template_filter ] --START--
INFO: Run Behavior\ContentReplaceBehavior [ RunTime:0.000086s ]
INFO: [ template_filter ] --END-- [ RunTime:0.000161s ]
INFO: Run Behavior\ParseTemplateBehavior [ RunTime:0.011997s ]
INFO: [ view_parse ] --END-- [ RunTime:0.012067s ]
INFO: [ view_filter ] --START--
INFO: Run Behavior\WriteHtmlCacheBehavior [ RunTime:0.000621s ]
INFO: [ view_filter ] --END-- [ RunTime:0.000671s ]
INFO: [ app_end ] --START--
INFO: Run Behavior\ShowPageTraceBehavior [ RunTime:0.004040s ]
INFO: [ app_end ] --END-- [ RunTime:0.004110s ]

[ 2018-04-02T17:51:45+08:00 ] 127.0.0.1 /index.php?m=Home&c=Oil&a=index
INFO: [ app_init ] --START--
INFO: Run Behavior\BuildLiteBehavior [ RunTime:0.000023s ]
INFO: [ app_init ] --END-- [ RunTime:0.000717s ]
INFO: [ app_begin ] --START--
INFO: Run Behavior\ReadHtmlCacheBehavior [ RunTime:0.000804s ]
INFO: [ app_begin ] --END-- [ RunTime:0.000873s ]
SQL: SHOW COLUMNS FROM `admin` [ RunTime:0.0165s ]
SQL: SELECT * FROM `admin` WHERE ( user_name='admin' and password='nanjingcongyu719' ) LIMIT 1   [ RunTime:0.0007s ]
SQL: SELECT * FROM `admin` WHERE ( id=1 ) LIMIT 1   [ RunTime:0.0004s ]
SQL: SHOW COLUMNS FROM `admin_auth_type` [ RunTime:0.0146s ]
SQL: SELECT * FROM `admin_auth_type` WHERE ( id=9 ) LIMIT 1   [ RunTime:0.0003s ]
SQL: SHOW COLUMNS FROM `admin_auth_rule` [ RunTime:0.0154s ]
SQL: SELECT * FROM `admin_auth_rule` WHERE (  status=1 and  id = 1 or  id = 2 or  id = 3 or  id = 4 or  id = 5  )  [ RunTime:0.0008s ]
SQL: SELECT * FROM `admin_auth_rule` WHERE ( type=-1 ) ORDER BY status asc  [ RunTime:0.0004s ]
SQL: SELECT * FROM `admin_auth_type` WHERE ( id=9 ) LIMIT 1   [ RunTime:0.0003s ]
SQL: SELECT * FROM `admin_auth_rule` WHERE ( name='Oil/index' ) LIMIT 1   [ RunTime:0.0003s ]
INFO: [ view_parse ] --START--
INFO: [ template_filter ] --START--
INFO: Run Behavior\ContentReplaceBehavior [ RunTime:0.000082s ]
INFO: [ template_filter ] --END-- [ RunTime:0.000156s ]
INFO: Run Behavior\ParseTemplateBehavior [ RunTime:0.012990s ]
INFO: [ view_parse ] --END-- [ RunTime:0.013056s ]
INFO: [ view_filter ] --START--
INFO: Run Behavior\WriteHtmlCacheBehavior [ RunTime:0.000831s ]
INFO: [ view_filter ] --END-- [ RunTime:0.000880s ]
INFO: [ app_end ] --START--
INFO: Run Behavior\ShowPageTraceBehavior [ RunTime:0.000927s ]
INFO: [ app_end ] --END-- [ RunTime:0.000986s ]

[ 2018-04-02T17:53:17+08:00 ] 127.0.0.1 /index.php?m=Home&c=Km&a=index
INFO: [ app_init ] --START--
INFO: Run Behavior\BuildLiteBehavior [ RunTime:0.000008s ]
INFO: [ app_init ] --END-- [ RunTime:0.000399s ]
INFO: [ app_begin ] --START--
INFO: Run Behavior\ReadHtmlCacheBehavior [ RunTime:0.000542s ]
INFO: [ app_begin ] --END-- [ RunTime:0.000578s ]
ERR: 无法加载控制器:Km

[ 2018-04-02T17:53:59+08:00 ] 127.0.0.1 /index.php?m=Home&c=Oiladd&a=index
INFO: [ app_init ] --START--
INFO: Run Behavior\BuildLiteBehavior [ RunTime:0.000009s ]
INFO: [ app_init ] --END-- [ RunTime:0.000489s ]
INFO: [ app_begin ] --START--
INFO: Run Behavior\ReadHtmlCacheBehavior [ RunTime:0.000568s ]
INFO: [ app_begin ] --END-- [ RunTime:0.000604s ]
SQL: SHOW COLUMNS FROM `admin` [ RunTime:0.0121s ]
SQL: SELECT * FROM `admin` WHERE ( user_name='admin' and password='nanjingcongyu719' ) LIMIT 1   [ RunTime:0.0004s ]
SQL: SELECT * FROM `admin` WHERE ( id=1 ) LIMIT 1   [ RunTime:0.0003s ]
SQL: SHOW COLUMNS FROM `admin_auth_type` [ RunTime:0.0096s ]
SQL: SELECT * FROM `admin_auth_type` WHERE ( id=9 ) LIMIT 1   [ RunTime:0.0002s ]
SQL: SHOW COLUMNS FROM `admin_auth_rule` [ RunTime:0.0097s ]
SQL: SELECT * FROM `admin_auth_rule` WHERE (  status=1 and  id = 1 or  id = 2 or  id = 3 or  id = 4 or  id = 5  )  [ RunTime:0.0003s ]
SQL: SELECT * FROM `admin_auth_rule` WHERE ( type=-1 ) ORDER BY status asc  [ RunTime:0.0002s ]
SQL: SELECT * FROM `admin_auth_type` WHERE ( id=9 ) LIMIT 1   [ RunTime:0.0002s ]
SQL: SELECT * FROM `admin_auth_rule` WHERE ( name='Oiladd/index' ) LIMIT 1   [ RunTime:0.0002s ]
NOTIC: [8] Undefined index: licheng D:\cs\APP\Home\Controller\OiladdController.class.php 第 22 行.
SQL: SHOW COLUMNS FROM `oil` [ RunTime:0.0098s ]
SQL: INSERT INTO `oil` (`start_time`,`chepai`,`chezhu`,`danci`,`danjia`,`jine`) VALUES ('2018-03-20','苏K1P730','张荣','44.64','6.72','299.98') [ RunTime:0.0298s ]
INFO: [ view_parse ] --START--
INFO: [ template_filter ] --START--
INFO: Run Behavior\ContentReplaceBehavior [ RunTime:0.000025s ]
INFO: [ template_filter ] --END-- [ RunTime:0.000055s ]
INFO: Run Behavior\ParseTemplateBehavior [ RunTime:0.005491s ]
INFO: [ view_parse ] --END-- [ RunTime:0.005526s ]
INFO: [ view_filter ] --START--
INFO: Run Behavior\WriteHtmlCacheBehavior [ RunTime:0.000421s ]
INFO: [ view_filter ] --END-- [ RunTime:0.000448s ]
INFO: [ app_end ] --START--
INFO: Run Behavior\ShowPageTraceBehavior [ RunTime:0.000622s ]
INFO: [ app_end ] --END-- [ RunTime:0.000652s ]

[ 2018-04-02T17:54:00+08:00 ] 127.0.0.1 /index.php?m=Home&c=Oil&a=index
INFO: [ app_init ] --START--
INFO: Run Behavior\BuildLiteBehavior [ RunTime:0.000011s ]
INFO: [ app_init ] --END-- [ RunTime:0.000597s ]
INFO: [ app_begin ] --START--
INFO: Run Behavior\ReadHtmlCacheBehavior [ RunTime:0.000806s ]
INFO: [ app_begin ] --END-- [ RunTime:0.000861s ]
SQL: SHOW COLUMNS FROM `admin` [ RunTime:0.0120s ]
SQL: SELECT * FROM `admin` WHERE ( user_name='admin' and password='nanjingcongyu719' ) LIMIT 1   [ RunTime:0.0004s ]
SQL: SELECT * FROM `admin` WHERE ( id=1 ) LIMIT 1   [ RunTime:0.0003s ]
SQL: SHOW COLUMNS FROM `admin_auth_type` [ RunTime:0.0093s ]
SQL: SELECT * FROM `admin_auth_type` WHERE ( id=9 ) LIMIT 1   [ RunTime:0.0002s ]
SQL: SHOW COLUMNS FROM `admin_auth_rule` [ RunTime:0.0097s ]
SQL: SELECT * FROM `admin_auth_rule` WHERE (  status=1 and  id = 1 or  id = 2 or  id = 3 or  id = 4 or  id = 5  )  [ RunTime:0.0003s ]
SQL: SELECT * FROM `admin_auth_rule` WHERE ( type=-1 ) ORDER BY status asc  [ RunTime:0.0002s ]
SQL: SELECT * FROM `admin_auth_type` WHERE ( id=9 ) LIMIT 1   [ RunTime:0.0002s ]
SQL: SELECT * FROM `admin_auth_rule` WHERE ( name='Oil/index' ) LIMIT 1   [ RunTime:0.0002s ]
INFO: [ view_parse ] --START--
INFO: [ template_filter ] --START--
INFO: Run Behavior\ContentReplaceBehavior [ RunTime:0.000062s ]
INFO: [ template_filter ] --END-- [ RunTime:0.000092s ]
INFO: Run Behavior\ParseTemplateBehavior [ RunTime:0.007256s ]
INFO: [ view_parse ] --END-- [ RunTime:0.007294s ]
INFO: [ view_filter ] --START--
INFO: Run Behavior\WriteHtmlCacheBehavior [ RunTime:0.000424s ]
INFO: [ view_filter ] --END-- [ RunTime:0.000452s ]
INFO: [ app_end ] --START--
INFO: Run Behavior\ShowPageTraceBehavior [ RunTime:0.000587s ]
INFO: [ app_end ] --END-- [ RunTime:0.000617s ]

[ 2018-04-02T17:54:03+08:00 ] 127.0.0.1 /index.php?m=Home&c=Index&a=index
INFO: [ app_init ] --START--
INFO: Run Behavior\BuildLiteBehavior [ RunTime:0.000008s ]
INFO: [ app_init ] --END-- [ RunTime:0.000436s ]
INFO: [ app_begin ] --START--
INFO: Run Behavior\ReadHtmlCacheBehavior [ RunTime:0.000555s ]
INFO: [ app_begin ] --END-- [ RunTime:0.000589s ]
SQL: SHOW COLUMNS FROM `admin` [ RunTime:0.0148s ]
SQL: SELECT * FROM `admin` WHERE ( user_name='admin' and password='nanjingcongyu719' ) LIMIT 1   [ RunTime:0.0004s ]
SQL: SELECT * FROM `admin` WHERE ( id=1 ) LIMIT 1   [ RunTime:0.0003s ]
SQL: SHOW COLUMNS FROM `admin_auth_type` [ RunTime:0.0294s ]
SQL: SELECT * FROM `admin_auth_type` WHERE ( id=9 ) LIMIT 1   [ RunTime:0.0002s ]
SQL: SHOW COLUMNS FROM `admin_auth_rule` [ RunTime:0.0100s ]
SQL: SELECT * FROM `admin_auth_rule` WHERE (  status=1 and  id = 1 or  id = 2 or  id = 3 or  id = 4 or  id = 5  )  [ RunTime:0.0003s ]
SQL: SELECT * FROM `admin_auth_rule` WHERE ( type=-1 ) ORDER BY status asc  [ RunTime:0.0002s ]
SQL: SELECT * FROM `admin_auth_type` WHERE ( id=9 ) LIMIT 1   [ RunTime:0.0002s ]
SQL: SHOW COLUMNS FROM `oil` [ RunTime:0.0098s ]
SQL: SELECT * FROM `oil` ORDER BY start_time  [ RunTime:0.0003s ]
INFO: [ view_parse ] --START--
INFO: [ template_filter ] --START--
INFO: Run Behavior\ContentReplaceBehavior [ RunTime:0.000084s ]
INFO: [ template_filter ] --END-- [ RunTime:0.000116s ]
NOTIC: [8] Undefined variable: id D:\cs\APP\Runtime\Cache\Home\a59b5e3d0bfe1e0eebc9ef04a084f7b9.php 第 86 行.
NOTIC: [8] Undefined variable: id D:\cs\APP\Runtime\Cache\Home\a59b5e3d0bfe1e0eebc9ef04a084f7b9.php 第 86 行.
NOTIC: [8] Undefined variable: num D:\cs\APP\Runtime\Cache\Home\a59b5e3d0bfe1e0eebc9ef04a084f7b9.php 第 117 行.
NOTIC: [8] Undefined variable: clostu D:\cs\APP\Runtime\Cache\Home\a59b5e3d0bfe1e0eebc9ef04a084f7b9.php 第 149 行.
NOTIC: [8] Undefined variable: page D:\cs\APP\Runtime\Cache\Home\a59b5e3d0bfe1e0eebc9ef04a084f7b9.php 第 217 行.
NOTIC: [8] Undefined variable: value D:\cs\APP\Runtime\Cache\Home\a59b5e3d0bfe1e0eebc9ef04a084f7b9.php 第 231 行.
INFO: Run Behavior\ParseTemplateBehavior [ RunTime:0.008592s ]
INFO: [ view_parse ] --END-- [ RunTime:0.008621s ]
INFO: [ view_filter ] --START--
INFO: Run Behavior\WriteHtmlCacheBehavior [ RunTime:0.000419s ]
INFO: [ view_filter ] --END-- [ RunTime:0.000446s ]
INFO: [ app_end ] --START--
INFO: Run Behavior\ShowPageTraceBehavior [ RunTime:0.000557s ]
INFO: [ app_end ] --END-- [ RunTime:0.000593s ]

[ 2018-04-02T17:54:41+08:00 ] 127.0.0.1 /index.php?m=Home&c=Index&a=index
INFO: [ app_init ] --START--
INFO: Run Behavior\BuildLiteBehavior [ RunTime:0.000008s ]
INFO: [ app_init ] --END-- [ RunTime:0.000408s ]
INFO: [ app_begin ] --START--
INFO: Run Behavior\ReadHtmlCacheBehavior [ RunTime:0.000545s ]
INFO: [ app_begin ] --END-- [ RunTime:0.000579s ]
SQL: SHOW COLUMNS FROM `admin` [ RunTime:0.0105s ]
SQL: SELECT * FROM `admin` WHERE ( user_name='admin' and password='nanjingcongyu719' ) LIMIT 1   [ RunTime:0.0004s ]
SQL: SELECT * FROM `admin` WHERE ( id=1 ) LIMIT 1   [ RunTime:0.0003s ]
SQL: SHOW COLUMNS FROM `admin_auth_type` [ RunTime:0.0095s ]
SQL: SELECT * FROM `admin_auth_type` WHERE ( id=9 ) LIMIT 1   [ RunTime:0.0002s ]
SQL: SHOW COLUMNS FROM `admin_auth_rule` [ RunTime:0.0101s ]
SQL: SELECT * FROM `admin_auth_rule` WHERE (  status=1 and  id = 1 or  id = 2 or  id = 3 or  id = 4 or  id = 5  )  [ RunTime:0.0003s ]
SQL: SELECT * FROM `admin_auth_rule` WHERE ( type=-1 ) ORDER BY status asc  [ RunTime:0.0002s ]
SQL: SELECT * FROM `admin_auth_type` WHERE ( id=9 ) LIMIT 1   [ RunTime:0.0002s ]
SQL: SHOW COLUMNS FROM `oil` [ RunTime:0.0099s ]
SQL: SELECT * FROM `oil` ORDER BY start_time  [ RunTime:0.0002s ]
INFO: [ view_parse ] --START--
INFO: [ template_filter ] --START--
INFO: Run Behavior\ContentReplaceBehavior [ RunTime:0.000083s ]
INFO: [ template_filter ] --END-- [ RunTime:0.000113s ]
NOTIC: [8] Undefined variable: id D:\cs\APP\Runtime\Cache\Home\a59b5e3d0bfe1e0eebc9ef04a084f7b9.php 第 86 行.
NOTIC: [8] Undefined variable: id D:\cs\APP\Runtime\Cache\Home\a59b5e3d0bfe1e0eebc9ef04a084f7b9.php 第 86 行.
NOTIC: [8] Undefined variable: num D:\cs\APP\Runtime\Cache\Home\a59b5e3d0bfe1e0eebc9ef04a084f7b9.php 第 117 行.
NOTIC: [8] Undefined variable: clostu D:\cs\APP\Runtime\Cache\Home\a59b5e3d0bfe1e0eebc9ef04a084f7b9.php 第 149 行.
NOTIC: [8] Undefined variable: page D:\cs\APP\Runtime\Cache\Home\a59b5e3d0bfe1e0eebc9ef04a084f7b9.php 第 215 行.
NOTIC: [8] Undefined variable: value D:\cs\APP\Runtime\Cache\Home\a59b5e3d0bfe1e0eebc9ef04a084f7b9.php 第 229 行.
INFO: Run Behavior\ParseTemplateBehavior [ RunTime:0.008504s ]
INFO: [ view_parse ] --END-- [ RunTime:0.008536s ]
INFO: [ view_filter ] --START--
INFO: Run Behavior\WriteHtmlCacheBehavior [ RunTime:0.000384s ]
INFO: [ view_filter ] --END-- [ RunTime:0.000411s ]
INFO: [ app_end ] --START--
INFO: Run Behavior\ShowPageTraceBehavior [ RunTime:0.000557s ]
INFO: [ app_end ] --END-- [ RunTime:0.000588s ]

[ 2018-04-02T17:57:06+08:00 ] 127.0.0.1 /index.php?m=Home&c=Index&a=index
INFO: [ app_init ] --START--
INFO: Run Behavior\BuildLiteBehavior [ RunTime:0.000009s ]
INFO: [ app_init ] --END-- [ RunTime:0.000442s ]
INFO: [ app_begin ] --START--
INFO: Run Behavior\ReadHtmlCacheBehavior [ RunTime:0.000643s ]
INFO: [ app_begin ] --END-- [ RunTime:0.000721s ]
SQL: SHOW COLUMNS FROM `admin` [ RunTime:0.0121s ]
SQL: SELECT * FROM `admin` WHERE ( user_name='admin' and password='nanjingcongyu719' ) LIMIT 1   [ RunTime:0.0004s ]
SQL: SELECT * FROM `admin` WHERE ( id=1 ) LIMIT 1   [ RunTime:0.0003s ]
SQL: SHOW COLUMNS FROM `admin_auth_type` [ RunTime:0.0096s ]
SQL: SELECT * FROM `admin_auth_type` WHERE ( id=9 ) LIMIT 1   [ RunTime:0.0002s ]
SQL: SHOW COLUMNS FROM `admin_auth_rule` [ RunTime:0.0107s ]
SQL: SELECT * FROM `admin_auth_rule` WHERE (  status=1 and  id = 1 or  id = 2 or  id = 3 or  id = 4 or  id = 5  )  [ RunTime:0.0003s ]
SQL: SELECT * FROM `admin_auth_rule` WHERE ( type=-1 ) ORDER BY status asc  [ RunTime:0.0002s ]
SQL: SELECT * FROM `admin_auth_type` WHERE ( id=9 ) LIMIT 1   [ RunTime:0.0002s ]
SQL: SHOW COLUMNS FROM `oil` [ RunTime:0.0386s ]
SQL: SELECT * FROM `oil` ORDER BY start_time  [ RunTime:0.0003s ]
INFO: [ view_parse ] --START--
INFO: [ template_filter ] --START--
INFO: Run Behavior\ContentReplaceBehavior [ RunTime:0.000084s ]
INFO: [ template_filter ] --END-- [ RunTime:0.000122s ]
NOTIC: [8] Undefined variable: id D:\cs\APP\Runtime\Cache\Home\a59b5e3d0bfe1e0eebc9ef04a084f7b9.php 第 86 行.
NOTIC: [8] Undefined variable: id D:\cs\APP\Runtime\Cache\Home\a59b5e3d0bfe1e0eebc9ef04a084f7b9.php 第 86 行.
NOTIC: [8] Undefined variable: num D:\cs\APP\Runtime\Cache\Home\a59b5e3d0bfe1e0eebc9ef04a084f7b9.php 第 117 行.
NOTIC: [8] Undefined variable: clostu D:\cs\APP\Runtime\Cache\Home\a59b5e3d0bfe1e0eebc9ef04a084f7b9.php 第 149 行.
NOTIC: [8] Undefined variable: page D:\cs\APP\Runtime\Cache\Home\a59b5e3d0bfe1e0eebc9ef04a084f7b9.php 第 217 行.
NOTIC: [8] Undefined variable: value D:\cs\APP\Runtime\Cache\Home\a59b5e3d0bfe1e0eebc9ef04a084f7b9.php 第 231 行.
INFO: Run Behavior\ParseTemplateBehavior [ RunTime:0.009685s ]
INFO: [ view_parse ] --END-- [ RunTime:0.009714s ]
INFO: [ view_filter ] --START--
INFO: Run Behavior\WriteHtmlCacheBehavior [ RunTime:0.000421s ]
INFO: [ view_filter ] --END-- [ RunTime:0.000447s ]
INFO: [ app_end ] --START--
INFO: Run Behavior\ShowPageTraceBehavior [ RunTime:0.000630s ]
INFO: [ app_end ] --END-- [ RunTime:0.000660s ]

[ 2018-04-02T17:57:38+08:00 ] 127.0.0.1 /index.php?m=Home&c=Index&a=index
INFO: [ app_init ] --START--
INFO: Run Behavior\BuildLiteBehavior [ RunTime:0.000013s ]
INFO: [ app_init ] --END-- [ RunTime:0.000489s ]
INFO: [ app_begin ] --START--
INFO: Run Behavior\ReadHtmlCacheBehavior [ RunTime:0.000597s ]
INFO: [ app_begin ] --END-- [ RunTime:0.000643s ]
SQL: SHOW COLUMNS FROM `admin` [ RunTime:0.0109s ]
SQL: SELECT * FROM `admin` WHERE ( user_name='admin' and password='nanjingcongyu719' ) LIMIT 1   [ RunTime:0.0004s ]
SQL: SELECT * FROM `admin` WHERE ( id=1 ) LIMIT 1   [ RunTime:0.0003s ]
SQL: SHOW COLUMNS FROM `admin_auth_type` [ RunTime:0.0120s ]
SQL: SELECT * FROM `admin_auth_type` WHERE ( id=9 ) LIMIT 1   [ RunTime:0.0003s ]
SQL: SHOW COLUMNS FROM `admin_auth_rule` [ RunTime:0.0102s ]
SQL: SELECT * FROM `admin_auth_rule` WHERE (  status=1 and  id = 1 or  id = 2 or  id = 3 or  id = 4 or  id = 5  )  [ RunTime:0.0003s ]
SQL: SELECT * FROM `admin_auth_rule` WHERE ( type=-1 ) ORDER BY status asc  [ RunTime:0.0002s ]
SQL: SELECT * FROM `admin_auth_type` WHERE ( id=9 ) LIMIT 1   [ RunTime:0.0002s ]
SQL: SHOW COLUMNS FROM `oil` [ RunTime:0.0102s ]
SQL: SELECT * FROM `oil` ORDER BY start_time  [ RunTime:0.0003s ]

[ 2018-04-02T17:59:14+08:00 ] 127.0.0.1 /index.php?m=Home&c=Index&a=index
INFO: [ app_init ] --START--
INFO: Run Behavior\BuildLiteBehavior [ RunTime:0.000010s ]
INFO: [ app_init ] --END-- [ RunTime:0.000488s ]
INFO: [ app_begin ] --START--
INFO: Run Behavior\ReadHtmlCacheBehavior [ RunTime:0.000568s ]
INFO: [ app_begin ] --END-- [ RunTime:0.000608s ]
SQL: SHOW COLUMNS FROM `admin` [ RunTime:0.0134s ]
SQL: SELECT * FROM `admin` WHERE ( user_name='admin' and password='nanjingcongyu719' ) LIMIT 1   [ RunTime:0.0005s ]
SQL: SELECT * FROM `admin` WHERE ( id=1 ) LIMIT 1   [ RunTime:0.0003s ]
SQL: SHOW COLUMNS FROM `admin_auth_type` [ RunTime:0.0097s ]
SQL: SELECT * FROM `admin_auth_type` WHERE ( id=9 ) LIMIT 1   [ RunTime:0.0002s ]
SQL: SHOW COLUMNS FROM `admin_auth_rule` [ RunTime:0.0099s ]
SQL: SELECT * FROM `admin_auth_rule` WHERE (  status=1 and  id = 1 or  id = 2 or  id = 3 or  id = 4 or  id = 5  )  [ RunTime:0.0003s ]
SQL: SELECT * FROM `admin_auth_rule` WHERE ( type=-1 ) ORDER BY status asc  [ RunTime:0.0002s ]
SQL: SELECT * FROM `admin_auth_type` WHERE ( id=9 ) LIMIT 1   [ RunTime:0.0002s ]
SQL: SHOW COLUMNS FROM `oil` [ RunTime:0.0098s ]
SQL: SELECT * FROM `oil` ORDER BY start_time  [ RunTime:0.0003s ]
NOTIC: [8] Undefined index: licheng D:\cs\APP\Home\Controller\IndexController.class.php 第 24 行.
NOTIC: [8] Undefined index: licheng D:\cs\APP\Home\Controller\IndexController.class.php 第 24 行.
NOTIC: [8] Undefined index: licheng D:\cs\APP\Home\Controller\IndexController.class.php 第 24 行.
INFO: [ view_parse ] --START--
INFO: [ template_filter ] --START--
INFO: Run Behavior\ContentReplaceBehavior [ RunTime:0.000090s ]
INFO: [ template_filter ] --END-- [ RunTime:0.000124s ]
NOTIC: [8] Undefined variable: id D:\cs\APP\Runtime\Cache\Home\a59b5e3d0bfe1e0eebc9ef04a084f7b9.php 第 86 行.
NOTIC: [8] Undefined variable: id D:\cs\APP\Runtime\Cache\Home\a59b5e3d0bfe1e0eebc9ef04a084f7b9.php 第 86 行.
NOTIC: [8] Undefined variable: num D:\cs\APP\Runtime\Cache\Home\a59b5e3d0bfe1e0eebc9ef04a084f7b9.php 第 117 行.
NOTIC: [8] Undefined variable: clostu D:\cs\APP\Runtime\Cache\Home\a59b5e3d0bfe1e0eebc9ef04a084f7b9.php 第 149 行.
NOTIC: [8] Undefined variable: page D:\cs\APP\Runtime\Cache\Home\a59b5e3d0bfe1e0eebc9ef04a084f7b9.php 第 217 行.
NOTIC: [8] Undefined variable: value D:\cs\APP\Runtime\Cache\Home\a59b5e3d0bfe1e0eebc9ef04a084f7b9.php 第 231 行.
INFO: Run Behavior\ParseTemplateBehavior [ RunTime:0.010619s ]
INFO: [ view_parse ] --END-- [ RunTime:0.010648s ]
INFO: [ view_filter ] --START--
INFO: Run Behavior\WriteHtmlCacheBehavior [ RunTime:0.000442s ]
INFO: [ view_filter ] --END-- [ RunTime:0.000468s ]
INFO: [ app_end ] --START--
INFO: Run Behavior\ShowPageTraceBehavior [ RunTime:0.000587s ]
INFO: [ app_end ] --END-- [ RunTime:0.000617s ]

[ 2018-04-02T17:59:27+08:00 ] 127.0.0.1 /index.php?m=Home&c=Index&a=index
INFO: [ app_init ] --START--
INFO: Run Behavior\BuildLiteBehavior [ RunTime:0.000008s ]
INFO: [ app_init ] --END-- [ RunTime:0.000410s ]
INFO: [ app_begin ] --START--
INFO: Run Behavior\ReadHtmlCacheBehavior [ RunTime:0.000536s ]
INFO: [ app_begin ] --END-- [ RunTime:0.000572s ]
SQL: SHOW COLUMNS FROM `admin` [ RunTime:0.0187s ]
SQL: SELECT * FROM `admin` WHERE ( user_name='admin' and password='nanjingcongyu719' ) LIMIT 1   [ RunTime:0.0004s ]
SQL: SELECT * FROM `admin` WHERE ( id=1 ) LIMIT 1   [ RunTime:0.0003s ]
SQL: SHOW COLUMNS FROM `admin_auth_type` [ RunTime:0.0102s ]
SQL: SELECT * FROM `admin_auth_type` WHERE ( id=9 ) LIMIT 1   [ RunTime:0.0002s ]
SQL: SHOW COLUMNS FROM `admin_auth_rule` [ RunTime:0.0099s ]
SQL: SELECT * FROM `admin_auth_rule` WHERE (  status=1 and  id = 1 or  id = 2 or  id = 3 or  id = 4 or  id = 5  )  [ RunTime:0.0003s ]
SQL: SELECT * FROM `admin_auth_rule` WHERE ( type=-1 ) ORDER BY status asc  [ RunTime:0.0002s ]
SQL: SELECT * FROM `admin_auth_type` WHERE ( id=9 ) LIMIT 1   [ RunTime:0.0002s ]
SQL: SHOW COLUMNS FROM `oil` [ RunTime:0.0098s ]
SQL: SELECT * FROM `oil` ORDER BY start_time  [ RunTime:0.0003s ]
NOTIC: [8] Undefined index: licheng D:\cs\APP\Home\Controller\IndexController.class.php 第 25 行.
NOTIC: [8] Undefined index: licheng D:\cs\APP\Home\Controller\IndexController.class.php 第 25 行.
NOTIC: [8] Undefined index: licheng D:\cs\APP\Home\Controller\IndexController.class.php 第 25 行.
INFO: [ view_parse ] --START--
INFO: [ template_filter ] --START--
INFO: Run Behavior\ContentReplaceBehavior [ RunTime:0.000083s ]
INFO: [ template_filter ] --END-- [ RunTime:0.000114s ]
NOTIC: [8] Undefined variable: id D:\cs\APP\Runtime\Cache\Home\a59b5e3d0bfe1e0eebc9ef04a084f7b9.php 第 86 行.
NOTIC: [8] Undefined variable: id D:\cs\APP\Runtime\Cache\Home\a59b5e3d0bfe1e0eebc9ef04a084f7b9.php 第 86 行.
NOTIC: [8] Undefined variable: num D:\cs\APP\Runtime\Cache\Home\a59b5e3d0bfe1e0eebc9ef04a084f7b9.php 第 117 行.
NOTIC: [8] Undefined variable: clostu D:\cs\APP\Runtime\Cache\Home\a59b5e3d0bfe1e0eebc9ef04a084f7b9.php 第 149 行.
NOTIC: [8] Undefined variable: page D:\cs\APP\Runtime\Cache\Home\a59b5e3d0bfe1e0eebc9ef04a084f7b9.php 第 217 行.
NOTIC: [8] Undefined variable: value D:\cs\APP\Runtime\Cache\Home\a59b5e3d0bfe1e0eebc9ef04a084f7b9.php 第 231 行.
INFO: Run Behavior\ParseTemplateBehavior [ RunTime:0.008336s ]
INFO: [ view_parse ] --END-- [ RunTime:0.008366s ]
INFO: [ view_filter ] --START--
INFO: Run Behavior\WriteHtmlCacheBehavior [ RunTime:0.000366s ]
INFO: [ view_filter ] --END-- [ RunTime:0.000393s ]
INFO: [ app_end ] --START--
INFO: Run Behavior\ShowPageTraceBehavior [ RunTime:0.000562s ]
INFO: [ app_end ] --END-- [ RunTime:0.000594s ]

