[ 2018-07-24T09:35:45+08:00 ] ::1 /favicon.ico
INFO: [ app_init ] --START--
INFO: Run Behavior\BuildLiteBehavior [ RunTime:0.000012s ]
INFO: [ app_init ] --END-- [ RunTime:0.000066s ]
ERR: 无法加载模块:Favicon

[ 2018-07-24T09:40:39+08:00 ] ::1 /Public/ie10-viewport-bug-workaround.js
INFO: [ app_init ] --START--
INFO: Run Behavior\BuildLiteBehavior [ RunTime:0.000009s ]
INFO: [ app_init ] --END-- [ RunTime:0.000050s ]
ERR: 无法加载模块:Public

[ 2018-07-24T09:40:39+08:00 ] ::1 /Public/ie10-viewport-bug-workaround.js
INFO: [ app_init ] --START--
INFO: Run Behavior\BuildLiteBehavior [ RunTime:0.000006s ]
INFO: [ app_init ] --END-- [ RunTime:0.000042s ]
ERR: 无法加载模块:Public

[ 2018-07-24T09:40:40+08:00 ] ::1 /favicon.ico
INFO: [ app_init ] --START--
INFO: Run Behavior\BuildLiteBehavior [ RunTime:0.000007s ]
INFO: [ app_init ] --END-- [ RunTime:0.000042s ]
ERR: 无法加载模块:Favicon

[ 2018-07-24T09:43:51+08:00 ] ::1 /Public/ie10-viewport-bug-workaround.js
INFO: [ app_init ] --START--
INFO: Run Behavior\BuildLiteBehavior [ RunTime:0.000007s ]
INFO: [ app_init ] --END-- [ RunTime:0.000042s ]
ERR: 无法加载模块:Public

[ 2018-07-24T09:43:51+08:00 ] ::1 /Public/ie10-viewport-bug-workaround.js
INFO: [ app_init ] --START--
INFO: Run Behavior\BuildLiteBehavior [ RunTime:0.000007s ]
INFO: [ app_init ] --END-- [ RunTime:0.000042s ]
ERR: 无法加载模块:Public

