[ 2018-08-09T17:17:24+09:00 ] 127.0.0.1 /
INFO: [ app_init ] --START--
INFO: Run Behavior\BuildLiteBehavior [ RunTime:0.000019s ]
INFO: [ app_init ] --END-- [ RunTime:0.000129s ]
INFO: [ app_begin ] --START--
INFO: Run Behavior\ReadHtmlCacheBehavior [ RunTime:0.000823s ]
INFO: Run Behavior\CheckLangBehavior [ RunTime:0.116768s ]
INFO: [ app_begin ] --END-- [ RunTime:0.117705s ]

[ 2018-08-09T18:15:31+09:00 ] ::1 /
INFO: [ app_init ] --START--
INFO: Run Behavior\BuildLiteBehavior [ RunTime:0.000010s ]
INFO: [ app_init ] --END-- [ RunTime:0.000075s ]
INFO: [ app_begin ] --START--
INFO: Run Behavior\ReadHtmlCacheBehavior [ RunTime:0.000936s ]
INFO: Run Behavior\CheckLangBehavior [ RunTime:0.003477s ]
INFO: [ app_begin ] --END-- [ RunTime:0.004478s ]

[ 2018-08-09T17:15:31+08:00 ] ::1 /index.php?m=Home&c=Login&a=index
INFO: [ app_init ] --START--
INFO: Run Behavior\BuildLiteBehavior [ RunTime:0.000006s ]
INFO: [ app_init ] --END-- [ RunTime:0.000039s ]
INFO: [ app_begin ] --START--
INFO: Run Behavior\ReadHtmlCacheBehavior [ RunTime:0.000572s ]
INFO: Run Behavior\CheckLangBehavior [ RunTime:0.001652s ]
INFO: [ app_begin ] --END-- [ RunTime:0.002279s ]
SQL: SHOW COLUMNS FROM `log` [ RunTime:0.0353s ]
INFO: [ view_parse ] --START--
INFO: [ template_filter ] --START--
INFO: Run Behavior\ContentReplaceBehavior [ RunTime:0.000433s ]
INFO: [ template_filter ] --END-- [ RunTime:0.000470s ]
INFO: Run Behavior\ParseTemplateBehavior [ RunTime:0.015953s ]
INFO: [ view_parse ] --END-- [ RunTime:0.016000s ]
INFO: [ view_filter ] --START--
INFO: Run Behavior\WriteHtmlCacheBehavior [ RunTime:0.000655s ]
INFO: [ view_filter ] --END-- [ RunTime:0.000683s ]
INFO: [ app_end ] --START--
INFO: Run Behavior\ShowPageTraceBehavior [ RunTime:0.000751s ]
INFO: [ app_end ] --END-- [ RunTime:0.000780s ]

[ 2018-08-09T17:15:33+08:00 ] ::1 /index.php?m=Home&c=Login&a=login
INFO: [ app_init ] --START--
INFO: Run Behavior\BuildLiteBehavior [ RunTime:0.000008s ]
INFO: [ app_init ] --END-- [ RunTime:0.000042s ]
INFO: [ app_begin ] --START--
INFO: Run Behavior\ReadHtmlCacheBehavior [ RunTime:0.000515s ]
INFO: Run Behavior\CheckLangBehavior [ RunTime:0.001274s ]
INFO: [ app_begin ] --END-- [ RunTime:0.001847s ]
SQL: SHOW COLUMNS FROM `log` [ RunTime:0.0052s ]
SQL: SHOW COLUMNS FROM `admin` [ RunTime:0.0463s ]
SQL: SELECT * FROM `admin` WHERE ( user_name='admin' and password='nanjingcongyu719' ) LIMIT 1   [ RunTime:0.0006s ]
SQL: SHOW COLUMNS FROM `log` [ RunTime:0.0049s ]
SQL: INSERT INTO `log` (`name`,`ip`,`time`) VALUES ('admin','0.0.0.0','2018-08-09 17:15:33') [ RunTime:0.0004s ]
INFO: [ view_parse ] --START--
INFO: [ template_filter ] --START--
INFO: Run Behavior\ContentReplaceBehavior [ RunTime:0.000024s ]
INFO: [ template_filter ] --END-- [ RunTime:0.000055s ]
INFO: Run Behavior\ParseTemplateBehavior [ RunTime:0.028436s ]
INFO: [ view_parse ] --END-- [ RunTime:0.028479s ]
INFO: [ view_filter ] --START--
INFO: Run Behavior\WriteHtmlCacheBehavior [ RunTime:0.000412s ]
INFO: [ view_filter ] --END-- [ RunTime:0.000439s ]
INFO: [ app_end ] --START--
INFO: Run Behavior\ShowPageTraceBehavior [ RunTime:0.000631s ]
INFO: [ app_end ] --END-- [ RunTime:0.000659s ]

[ 2018-08-09T18:15:35+09:00 ] ::1 /index.php?m=Home&c=Index&a=index
INFO: [ app_init ] --START--
INFO: Run Behavior\BuildLiteBehavior [ RunTime:0.000018s ]
INFO: [ app_init ] --END-- [ RunTime:0.000112s ]
INFO: [ app_begin ] --START--
INFO: Run Behavior\ReadHtmlCacheBehavior [ RunTime:0.001498s ]
INFO: Run Behavior\CheckLangBehavior [ RunTime:0.003236s ]
INFO: [ app_begin ] --END-- [ RunTime:0.004871s ]
SQL: SHOW COLUMNS FROM `admin` [ RunTime:0.0110s ]
SQL: SELECT * FROM `admin` WHERE ( user_name='admin' and password='nanjingcongyu719' ) LIMIT 1   [ RunTime:0.0006s ]
NOTIC: [8] Undefined index: db_id E:\Alirefor\APP\Home\Controller\BaseController.class.php 第 34 行.
SQL: SELECT * FROM `admin` WHERE ( id=1 ) LIMIT 1   [ RunTime:0.0005s ]
SQL: SHOW COLUMNS FROM `admin_auth_type` [ RunTime:0.0394s ]
SQL: SELECT * FROM `admin_auth_type` WHERE ( id=9 ) LIMIT 1   [ RunTime:0.0004s ]
SQL: SHOW COLUMNS FROM `admin_auth_rule` [ RunTime:0.0307s ]
SQL: SELECT * FROM `admin_auth_rule` WHERE (  status=1 and  id = 147 or  id = 146 or  id = 145 or  id = 144 or  id = 143 or  id = 142 or  id = 141 or  id = 140 or  id = 139 or  id = 138 or  id = 137 or  id = 136 or  id = 135 or  id = 134 or  id = 133 or  id = 132 or  id = 131 or  id = 130 or  id = 129 or  id = 128 or  id = 127 or  id = 126 or  id = 125 or  id = 124 or  id = 123 or  id = 122 or  id = 121 or  id = 120 or  id = 119 or  id = 118 or  id = 117 or  id = 116 or  id = 115 or  id = 114 or  id = 113 or  id = 112 or  id = 111 or  id = 110 or  id = 109 or  id = 108 or  id = 107 or  id = 106 or  id = 105 or  id = 104 or  id = 103 or  id = 102 or  id = 101 or  id = 100 or  id = 99 or  id = 98 or  id = 97 or  id = 96 or  id = 95 or  id = 94 or  id = 93 or  id = 92 or  id = 91 or  id = 90 or  id = 89 or  id = 88 or  id = 87 or  id = 86 or  id = 84 or  id = 83 or  id = 82 or  id = 81 or  id = 80 or  id = 79 or  id = 77 or  id = 76 or  id = 75 or  id = 74 or  id = 73 or  id = 72 or  id = 71 or  id = 70 or  id = 69 or  id = 68 or  id = 67 or  id = 66 or  id = 65 or  id = 64 or  id = 63 or  id = 62 or  id = 61 or  id = 60 or  id = 59 or  id = 58 or  id = 57 or  id = 56 or  id = 55 or  id = 54 or  id = 53 or  id = 52 or  id = 51 or  id = 50 or  id = 49 or  id = 46 or  id = 45 or  id = 44 or  id = 43 or  id = 42 or  id = 41 or  id = 40 or  id = 39 or  id = 38 or  id = 37 or  id = 36 or  id = 35 or  id = 34 or  id = 33 or  id = 32 or  id = 31 or  id = 30 or  id = 29 or  id = 28 or  id = 27 or  id = 26 or  id = 25 or  id = 24 or  id = 23 or  id = 22 or  id = 21 or  id = 20 or  id = 19 or  id = 18 or  id = 17 or  id = 16 or  id = 15 or  id = 14 or  id = 10 or  id = 9 or  id = 8 or  id = 7 or  id = 6 or  id = 5 or  id = 4 or  id = 3 or  id = 2 or  id = 1 or  id = 148 or  id = 149 or  id = 150 or  id = 151 or  id = 152 or  id = 153 or  id = 154 or  id = 155 or  id = 156 or  id = 157 or  id = 158 or  id = 159 or  id = 160 or  id = 161 or  id = 162 or  id = 163 or  id = 164 or  id = 165 or  id = 166 or  id = 167 or  id = 168 or  id = 169 or  id = 170 or  id = 171 or  id = 172 or  id = 173 or  id = 174 or  id = 175 or  id = 176 or  id = 177 or  id = 178 or  id = 179 or  id = 180 or  id = 181 or  id = 182 or  id = 183 or  id = 184 or  id = 185 or  id = 186 or  id = 187 or  id = 188 or  id = 194 or  id = 195 or  id = 196 or  id = 197 or  id = 198 or  id = 199 or  id = 200 or  id = 201 or  id = 202 or  id = 203 or  id = 204 or  id = 205 or  id = 206 or  id = 207 or  id = 208 or  id = 209 or  id = 210 or  id = 211 or  id = 212 or  id = 213 or  id = 214 or  id = 215 or  id = 216 or  id = 217 or  id = 218  ) ORDER BY id  [ RunTime:0.0215s ]
SQL: SELECT * FROM `admin_auth_rule` WHERE ( type=-1 ) ORDER BY status asc  [ RunTime:0.0004s ]
SQL: SELECT * FROM `admin_auth_type` WHERE ( id=9 ) LIMIT 1   [ RunTime:0.0002s ]
SQL: SHOW COLUMNS FROM `db` [ RunTime:0.0341s ]
SQL: SELECT * FROM `db`  [ RunTime:0.0003s ]
SQL: SHOW COLUMNS FROM `pay` [ RunTime:0.0187s ]
SQL: SELECT * FROM `pay` WHERE ( pay_time>='2018-08-09 00:00:00' and pay_time<='2018-08-09 23:59:59' ) GROUP BY user_id  [ RunTime:0.0003s ]
NOTIC: [8] Use of undefined constant pay_number - assumed 'pay_number' E:\Alirefor\APP\Home\Controller\IndexController.class.php 第 44 行.
SQL: SELECT SUM(pay_number) AS tp_sum FROM `pay` WHERE ( pay_time>='2018-08-09 00:00:00' and pay_time<='2018-08-09 23:59:59' ) LIMIT 1   [ RunTime:0.0002s ]
SQL: SHOW COLUMNS FROM `user` [ RunTime:0.0178s ]
SQL: SELECT * FROM `user` GROUP BY game_id HAVING register_time>='2018-08-09 00:00:00' and register_time<='2018-08-09 23:59:59'  [ RunTime:0.0002s ]
SQL: SHOW COLUMNS FROM `sign` [ RunTime:0.0235s ]
SQL: SELECT * FROM `sign` WHERE ( start_time>='2018-08-09 00:00:00' and start_time<='2018-08-09 23:59:59' ) GROUP BY user_id  [ RunTime:0.0002s ]
SQL: SELECT * FROM `pay` WHERE ( pay_time>='2018-08-08 00:00:00' and pay_time<='2018-08-08 23:59:59' ) GROUP BY user_id  [ RunTime:0.0002s ]
NOTIC: [8] Use of undefined constant pay_number - assumed 'pay_number' E:\Alirefor\APP\Home\Controller\IndexController.class.php 第 44 行.
SQL: SELECT SUM(pay_number) AS tp_sum FROM `pay` WHERE ( pay_time>='2018-08-08 00:00:00' and pay_time<='2018-08-08 23:59:59' ) LIMIT 1   [ RunTime:0.0002s ]
SQL: SELECT * FROM `user` GROUP BY game_id HAVING register_time>='2018-08-08 00:00:00' and register_time<='2018-08-08 23:59:59'  [ RunTime:0.0002s ]
SQL: SELECT * FROM `sign` WHERE ( start_time>='2018-08-08 00:00:00' and start_time<='2018-08-08 23:59:59' ) GROUP BY user_id  [ RunTime:0.0002s ]
SQL: SELECT * FROM `pay` WHERE ( pay_time>='2018-08-07 00:00:00' and pay_time<='2018-08-07 23:59:59' ) GROUP BY user_id  [ RunTime:0.0002s ]
NOTIC: [8] Use of undefined constant pay_number - assumed 'pay_number' E:\Alirefor\APP\Home\Controller\IndexController.class.php 第 44 行.
SQL: SELECT SUM(pay_number) AS tp_sum FROM `pay` WHERE ( pay_time>='2018-08-07 00:00:00' and pay_time<='2018-08-07 23:59:59' ) LIMIT 1   [ RunTime:0.0001s ]
SQL: SELECT * FROM `user` GROUP BY game_id HAVING register_time>='2018-08-07 00:00:00' and register_time<='2018-08-07 23:59:59'  [ RunTime:0.0002s ]
SQL: SELECT * FROM `sign` WHERE ( start_time>='2018-08-07 00:00:00' and start_time<='2018-08-07 23:59:59' ) GROUP BY user_id  [ RunTime:0.0002s ]
SQL: SELECT * FROM `pay` WHERE ( pay_time>='2018-08-06 00:00:00' and pay_time<='2018-08-06 23:59:59' ) GROUP BY user_id  [ RunTime:0.0002s ]
NOTIC: [8] Use of undefined constant pay_number - assumed 'pay_number' E:\Alirefor\APP\Home\Controller\IndexController.class.php 第 44 行.
SQL: SELECT SUM(pay_number) AS tp_sum FROM `pay` WHERE ( pay_time>='2018-08-06 00:00:00' and pay_time<='2018-08-06 23:59:59' ) LIMIT 1   [ RunTime:0.0001s ]
SQL: SELECT * FROM `user` GROUP BY game_id HAVING register_time>='2018-08-06 00:00:00' and register_time<='2018-08-06 23:59:59'  [ RunTime:0.0002s ]
SQL: SELECT * FROM `sign` WHERE ( start_time>='2018-08-06 00:00:00' and start_time<='2018-08-06 23:59:59' ) GROUP BY user_id  [ RunTime:0.0002s ]
SQL: SELECT * FROM `pay` WHERE ( pay_time>='2018-08-05 00:00:00' and pay_time<='2018-08-05 23:59:59' ) GROUP BY user_id  [ RunTime:0.0002s ]
NOTIC: [8] Use of undefined constant pay_number - assumed 'pay_number' E:\Alirefor\APP\Home\Controller\IndexController.class.php 第 44 行.
SQL: SELECT SUM(pay_number) AS tp_sum FROM `pay` WHERE ( pay_time>='2018-08-05 00:00:00' and pay_time<='2018-08-05 23:59:59' ) LIMIT 1   [ RunTime:0.0001s ]
SQL: SELECT * FROM `user` GROUP BY game_id HAVING register_time>='2018-08-05 00:00:00' and register_time<='2018-08-05 23:59:59'  [ RunTime:0.0002s ]
SQL: SELECT * FROM `sign` WHERE ( start_time>='2018-08-05 00:00:00' and start_time<='2018-08-05 23:59:59' ) GROUP BY user_id  [ RunTime:0.0002s ]
SQL: SELECT * FROM `pay` WHERE ( pay_time>='2018-08-04 00:00:00' and pay_time<='2018-08-04 23:59:59' ) GROUP BY user_id  [ RunTime:0.0002s ]
NOTIC: [8] Use of undefined constant pay_number - assumed 'pay_number' E:\Alirefor\APP\Home\Controller\IndexController.class.php 第 44 行.
SQL: SELECT SUM(pay_number) AS tp_sum FROM `pay` WHERE ( pay_time>='2018-08-04 00:00:00' and pay_time<='2018-08-04 23:59:59' ) LIMIT 1   [ RunTime:0.0002s ]
SQL: SELECT * FROM `user` GROUP BY game_id HAVING register_time>='2018-08-04 00:00:00' and register_time<='2018-08-04 23:59:59'  [ RunTime:0.0002s ]
SQL: SELECT * FROM `sign` WHERE ( start_time>='2018-08-04 00:00:00' and start_time<='2018-08-04 23:59:59' ) GROUP BY user_id  [ RunTime:0.0002s ]
SQL: SELECT * FROM `pay` WHERE ( pay_time>='2018-08-03 00:00:00' and pay_time<='2018-08-03 23:59:59' ) GROUP BY user_id  [ RunTime:0.0002s ]
NOTIC: [8] Use of undefined constant pay_number - assumed 'pay_number' E:\Alirefor\APP\Home\Controller\IndexController.class.php 第 44 行.
SQL: SELECT SUM(pay_number) AS tp_sum FROM `pay` WHERE ( pay_time>='2018-08-03 00:00:00' and pay_time<='2018-08-03 23:59:59' ) LIMIT 1   [ RunTime:0.0002s ]
SQL: SELECT * FROM `user` GROUP BY game_id HAVING register_time>='2018-08-03 00:00:00' and register_time<='2018-08-03 23:59:59'  [ RunTime:0.0002s ]
SQL: SELECT * FROM `sign` WHERE ( start_time>='2018-08-03 00:00:00' and start_time<='2018-08-03 23:59:59' ) GROUP BY user_id  [ RunTime:0.0002s ]
SQL: SHOW COLUMNS FROM `period` [ RunTime:0.0094s ]
SQL: SELECT SUM(num) AS tp_sum FROM `period` WHERE ( time='2018-08-09' and f_time='00:00' ) LIMIT 1   [ RunTime:0.0002s ]
SQL: select sum(a.num) as o from(SELECT * FROM `period` where(time='2018-08-09' and f_time='00:00')  GROUP BY db_id) as a [ RunTime:0.0004s ]
SQL: SELECT SUM(num) AS tp_sum FROM `period` WHERE ( time='2018-08-08' and f_time ='00:00' ) LIMIT 1   [ RunTime:0.0002s ]
SQL: select sum(a.num) as o from(SELECT * FROM `period` where(time='2018-08-08' and f_time ='00:00')  GROUP BY db_id) as a [ RunTime:0.0003s ]
SQL: SELECT SUM(num) AS tp_sum FROM `period` WHERE ( time='2018-08-07' and f_time = '00:00' ) LIMIT 1   [ RunTime:0.0002s ]
SQL: select sum(a.num) as o from(SELECT * FROM `period` where(time='2018-08-07' and f_time = '00:00')  GROUP BY db_id) as a [ RunTime:0.0003s ]
SQL: SELECT SUM(num) AS tp_sum FROM `period` WHERE (  time='2018-08-05' and f_time = '00:00' ) LIMIT 1   [ RunTime:0.0001s ]
SQL: select sum(a.num) as o from(SELECT * FROM `period` where(time='2018-08-05' and f_time = '00:00')  GROUP BY db_id) as a [ RunTime:0.0003s ]
SQL: SELECT SUM(num) AS tp_sum FROM `period` WHERE ( time='2018-08-03' and f_time = '00:00' ) LIMIT 1   [ RunTime:0.0001s ]
SQL: select sum(a.num) as o from(SELECT * FROM `period` where(time='2018-08-03' and f_time = '00:00')  GROUP BY db_id) as a [ RunTime:0.0003s ]
SQL: SELECT SUM(num) AS tp_sum FROM `period` WHERE ( time='2018-08-09' and f_time='01:00' ) LIMIT 1   [ RunTime:0.0001s ]
SQL: select sum(a.num) as o from(SELECT * FROM `period` where(time='2018-08-09' and f_time='01:00')  GROUP BY db_id) as a [ RunTime:0.0004s ]
SQL: SELECT SUM(num) AS tp_sum FROM `period` WHERE ( time='2018-08-08' and f_time ='01:00' ) LIMIT 1   [ RunTime:0.0001s ]
SQL: select sum(a.num) as o from(SELECT * FROM `period` where(time='2018-08-08' and f_time ='01:00')  GROUP BY db_id) as a [ RunTime:0.0003s ]
SQL: SELECT SUM(num) AS tp_sum FROM `period` WHERE ( time='2018-08-07' and f_time = '01:00' ) LIMIT 1   [ RunTime:0.0001s ]
SQL: select sum(a.num) as o from(SELECT * FROM `period` where(time='2018-08-07' and f_time = '01:00')  GROUP BY db_id) as a [ RunTime:0.0004s ]
SQL: SELECT SUM(num) AS tp_sum FROM `period` WHERE (  time='2018-08-05' and f_time = '01:00' ) LIMIT 1   [ RunTime:0.0002s ]
SQL: select sum(a.num) as o from(SELECT * FROM `period` where(time='2018-08-05' and f_time = '01:00')  GROUP BY db_id) as a [ RunTime:0.0003s ]
SQL: SELECT SUM(num) AS tp_sum FROM `period` WHERE ( time='2018-08-03' and f_time = '01:00' ) LIMIT 1   [ RunTime:0.0002s ]
SQL: select sum(a.num) as o from(SELECT * FROM `period` where(time='2018-08-03' and f_time = '01:00')  GROUP BY db_id) as a [ RunTime:0.0003s ]
SQL: SELECT SUM(num) AS tp_sum FROM `period` WHERE ( time='2018-08-09' and f_time='02:00' ) LIMIT 1   [ RunTime:0.0001s ]
SQL: select sum(a.num) as o from(SELECT * FROM `period` where(time='2018-08-09' and f_time='02:00')  GROUP BY db_id) as a [ RunTime:0.0003s ]
SQL: SELECT SUM(num) AS tp_sum FROM `period` WHERE ( time='2018-08-08' and f_time ='02:00' ) LIMIT 1   [ RunTime:0.0001s ]
SQL: select sum(a.num) as o from(SELECT * FROM `period` where(time='2018-08-08' and f_time ='02:00')  GROUP BY db_id) as a [ RunTime:0.0003s ]
SQL: SELECT SUM(num) AS tp_sum FROM `period` WHERE ( time='2018-08-07' and f_time = '02:00' ) LIMIT 1   [ RunTime:0.0001s ]
SQL: select sum(a.num) as o from(SELECT * FROM `period` where(time='2018-08-07' and f_time = '02:00')  GROUP BY db_id) as a [ RunTime:0.0003s ]
SQL: SELECT SUM(num) AS tp_sum FROM `period` WHERE (  time='2018-08-05' and f_time = '02:00' ) LIMIT 1   [ RunTime:0.0001s ]
SQL: select sum(a.num) as o from(SELECT * FROM `period` where(time='2018-08-05' and f_time = '02:00')  GROUP BY db_id) as a [ RunTime:0.0003s ]
SQL: SELECT SUM(num) AS tp_sum FROM `period` WHERE ( time='2018-08-03' and f_time = '02:00' ) LIMIT 1   [ RunTime:0.0002s ]
SQL: select sum(a.num) as o from(SELECT * FROM `period` where(time='2018-08-03' and f_time = '02:00')  GROUP BY db_id) as a [ RunTime:0.0004s ]
SQL: SELECT SUM(num) AS tp_sum FROM `period` WHERE ( time='2018-08-09' and f_time='03:00' ) LIMIT 1   [ RunTime:0.0002s ]
SQL: select sum(a.num) as o from(SELECT * FROM `period` where(time='2018-08-09' and f_time='03:00')  GROUP BY db_id) as a [ RunTime:0.0003s ]
SQL: SELECT SUM(num) AS tp_sum FROM `period` WHERE ( time='2018-08-08' and f_time ='03:00' ) LIMIT 1   [ RunTime:0.0001s ]
SQL: select sum(a.num) as o from(SELECT * FROM `period` where(time='2018-08-08' and f_time ='03:00')  GROUP BY db_id) as a [ RunTime:0.0003s ]
SQL: SELECT SUM(num) AS tp_sum FROM `period` WHERE ( time='2018-08-07' and f_time = '03:00' ) LIMIT 1   [ RunTime:0.0001s ]
SQL: select sum(a.num) as o from(SELECT * FROM `period` where(time='2018-08-07' and f_time = '03:00')  GROUP BY db_id) as a [ RunTime:0.0003s ]
SQL: SELECT SUM(num) AS tp_sum FROM `period` WHERE (  time='2018-08-05' and f_time = '03:00' ) LIMIT 1   [ RunTime:0.0001s ]
SQL: select sum(a.num) as o from(SELECT * FROM `period` where(time='2018-08-05' and f_time = '03:00')  GROUP BY db_id) as a [ RunTime:0.0003s ]
SQL: SELECT SUM(num) AS tp_sum FROM `period` WHERE ( time='2018-08-03' and f_time = '03:00' ) LIMIT 1   [ RunTime:0.0001s ]
SQL: select sum(a.num) as o from(SELECT * FROM `period` where(time='2018-08-03' and f_time = '03:00')  GROUP BY db_id) as a [ RunTime:0.0003s ]
SQL: SELECT SUM(num) AS tp_sum FROM `period` WHERE ( time='2018-08-09' and f_time='04:00' ) LIMIT 1   [ RunTime:0.0001s ]
SQL: select sum(a.num) as o from(SELECT * FROM `period` where(time='2018-08-09' and f_time='04:00')  GROUP BY db_id) as a [ RunTime:0.0003s ]
SQL: SELECT SUM(num) AS tp_sum FROM `period` WHERE ( time='2018-08-08' and f_time ='04:00' ) LIMIT 1   [ RunTime:0.0001s ]
SQL: select sum(a.num) as o from(SELECT * FROM `period` where(time='2018-08-08' and f_time ='04:00')  GROUP BY db_id) as a [ RunTime:0.0003s ]
SQL: SELECT SUM(num) AS tp_sum FROM `period` WHERE ( time='2018-08-07' and f_time = '04:00' ) LIMIT 1   [ RunTime:0.0001s ]
SQL: select sum(a.num) as o from(SELECT * FROM `period` where(time='2018-08-07' and f_time = '04:00')  GROUP BY db_id) as a [ RunTime:0.0003s ]
SQL: SELECT SUM(num) AS tp_sum FROM `period` WHERE (  time='2018-08-05' and f_time = '04:00' ) LIMIT 1   [ RunTime:0.0001s ]
SQL: select sum(a.num) as o from(SELECT * FROM `period` where(time='2018-08-05' and f_time = '04:00')  GROUP BY db_id) as a [ RunTime:0.0003s ]
SQL: SELECT SUM(num) AS tp_sum FROM `period` WHERE ( time='2018-08-03' and f_time = '04:00' ) LIMIT 1   [ RunTime:0.0001s ]
SQL: select sum(a.num) as o from(SELECT * FROM `period` where(time='2018-08-03' and f_time = '04:00')  GROUP BY db_id) as a [ RunTime:0.0003s ]
SQL: SELECT SUM(num) AS tp_sum FROM `period` WHERE ( time='2018-08-09' and f_time='05:00' ) LIMIT 1   [ RunTime:0.0001s ]
SQL: select sum(a.num) as o from(SELECT * FROM `period` where(time='2018-08-09' and f_time='05:00')  GROUP BY db_id) as a [ RunTime:0.0003s ]
SQL: SELECT SUM(num) AS tp_sum FROM `period` WHERE ( time='2018-08-08' and f_time ='05:00' ) LIMIT 1   [ RunTime:0.0001s ]
SQL: select sum(a.num) as o from(SELECT * FROM `period` where(time='2018-08-08' and f_time ='05:00')  GROUP BY db_id) as a [ RunTime:0.0003s ]
SQL: SELECT SUM(num) AS tp_sum FROM `period` WHERE ( time='2018-08-07' and f_time = '05:00' ) LIMIT 1   [ RunTime:0.0001s ]
SQL: select sum(a.num) as o from(SELECT * FROM `period` where(time='2018-08-07' and f_time = '05:00')  GROUP BY db_id) as a [ RunTime:0.0003s ]
SQL: SELECT SUM(num) AS tp_sum FROM `period` WHERE (  time='2018-08-05' and f_time = '05:00' ) LIMIT 1   [ RunTime:0.0001s ]
SQL: select sum(a.num) as o from(SELECT * FROM `period` where(time='2018-08-05' and f_time = '05:00')  GROUP BY db_id) as a [ RunTime:0.0004s ]
SQL: SELECT SUM(num) AS tp_sum FROM `period` WHERE ( time='2018-08-03' and f_time = '05:00' ) LIMIT 1   [ RunTime:0.0001s ]
SQL: select sum(a.num) as o from(SELECT * FROM `period` where(time='2018-08-03' and f_time = '05:00')  GROUP BY db_id) as a [ RunTime:0.0003s ]
SQL: SELECT SUM(num) AS tp_sum FROM `period` WHERE ( time='2018-08-09' and f_time='06:00' ) LIMIT 1   [ RunTime:0.0002s ]
SQL: select sum(a.num) as o from(SELECT * FROM `period` where(time='2018-08-09' and f_time='06:00')  GROUP BY db_id) as a [ RunTime:0.0003s ]
SQL: SELECT SUM(num) AS tp_sum FROM `period` WHERE ( time='2018-08-08' and f_time ='06:00' ) LIMIT 1   [ RunTime:0.0001s ]
SQL: select sum(a.num) as o from(SELECT * FROM `period` where(time='2018-08-08' and f_time ='06:00')  GROUP BY db_id) as a [ RunTime:0.0003s ]
SQL: SELECT SUM(num) AS tp_sum FROM `period` WHERE ( time='2018-08-07' and f_time = '06:00' ) LIMIT 1   [ RunTime:0.0001s ]
SQL: select sum(a.num) as o from(SELECT * FROM `period` where(time='2018-08-07' and f_time = '06:00')  GROUP BY db_id) as a [ RunTime:0.0003s ]
SQL: SELECT SUM(num) AS tp_sum FROM `period` WHERE (  time='2018-08-05' and f_time = '06:00' ) LIMIT 1   [ RunTime:0.0001s ]
SQL: select sum(a.num) as o from(SELECT * FROM `period` where(time='2018-08-05' and f_time = '06:00')  GROUP BY db_id) as a [ RunTime:0.0003s ]
SQL: SELECT SUM(num) AS tp_sum FROM `period` WHERE ( time='2018-08-03' and f_time = '06:00' ) LIMIT 1   [ RunTime:0.0002s ]
SQL: select sum(a.num) as o from(SELECT * FROM `period` where(time='2018-08-03' and f_time = '06:00')  GROUP BY db_id) as a [ RunTime:0.0003s ]
SQL: SELECT SUM(num) AS tp_sum FROM `period` WHERE ( time='2018-08-09' and f_time='07:00' ) LIMIT 1   [ RunTime:0.0002s ]
SQL: select sum(a.num) as o from(SELECT * FROM `period` where(time='2018-08-09' and f_time='07:00')  GROUP BY db_id) as a [ RunTime:0.0003s ]
SQL: SELECT SUM(num) AS tp_sum FROM `period` WHERE ( time='2018-08-08' and f_time ='07:00' ) LIMIT 1   [ RunTime:0.0001s ]
SQL: select sum(a.num) as o from(SELECT * FROM `period` where(time='2018-08-08' and f_time ='07:00')  GROUP BY db_id) as a [ RunTime:0.0003s ]
SQL: SELECT SUM(num) AS tp_sum FROM `period` WHERE ( time='2018-08-07' and f_time = '07:00' ) LIMIT 1   [ RunTime:0.0001s ]
SQL: select sum(a.num) as o from(SELECT * FROM `period` where(time='2018-08-07' and f_time = '07:00')  GROUP BY db_id) as a [ RunTime:0.0003s ]
SQL: SELECT SUM(num) AS tp_sum FROM `period` WHERE (  time='2018-08-05' and f_time = '07:00' ) LIMIT 1   [ RunTime:0.0002s ]
SQL: select sum(a.num) as o from(SELECT * FROM `period` where(time='2018-08-05' and f_time = '07:00')  GROUP BY db_id) as a [ RunTime:0.0003s ]
SQL: SELECT SUM(num) AS tp_sum FROM `period` WHERE ( time='2018-08-03' and f_time = '07:00' ) LIMIT 1   [ RunTime:0.0001s ]
SQL: select sum(a.num) as o from(SELECT * FROM `period` where(time='2018-08-03' and f_time = '07:00')  GROUP BY db_id) as a [ RunTime:0.0003s ]
SQL: SELECT SUM(num) AS tp_sum FROM `period` WHERE ( time='2018-08-09' and f_time='08:00' ) LIMIT 1   [ RunTime:0.0002s ]
SQL: select sum(a.num) as o from(SELECT * FROM `period` where(time='2018-08-09' and f_time='08:00')  GROUP BY db_id) as a [ RunTime:0.0003s ]
SQL: SELECT SUM(num) AS tp_sum FROM `period` WHERE ( time='2018-08-08' and f_time ='08:00' ) LIMIT 1   [ RunTime:0.0002s ]
SQL: select sum(a.num) as o from(SELECT * FROM `period` where(time='2018-08-08' and f_time ='08:00')  GROUP BY db_id) as a [ RunTime:0.0003s ]
SQL: SELECT SUM(num) AS tp_sum FROM `period` WHERE ( time='2018-08-07' and f_time = '08:00' ) LIMIT 1   [ RunTime:0.0001s ]
SQL: select sum(a.num) as o from(SELECT * FROM `period` where(time='2018-08-07' and f_time = '08:00')  GROUP BY db_id) as a [ RunTime:0.0004s ]
SQL: SELECT SUM(num) AS tp_sum FROM `period` WHERE (  time='2018-08-05' and f_time = '08:00' ) LIMIT 1   [ RunTime:0.0001s ]
SQL: select sum(a.num) as o from(SELECT * FROM `period` where(time='2018-08-05' and f_time = '08:00')  GROUP BY db_id) as a [ RunTime:0.0003s ]
SQL: SELECT SUM(num) AS tp_sum FROM `period` WHERE ( time='2018-08-03' and f_time = '08:00' ) LIMIT 1   [ RunTime:0.0002s ]
SQL: select sum(a.num) as o from(SELECT * FROM `period` where(time='2018-08-03' and f_time = '08:00')  GROUP BY db_id) as a [ RunTime:0.0003s ]
SQL: SELECT SUM(num) AS tp_sum FROM `period` WHERE ( time='2018-08-09' and f_time='09:00' ) LIMIT 1   [ RunTime:0.0001s ]
SQL: select sum(a.num) as o from(SELECT * FROM `period` where(time='2018-08-09' and f_time='09:00')  GROUP BY db_id) as a [ RunTime:0.0003s ]
SQL: SELECT SUM(num) AS tp_sum FROM `period` WHERE ( time='2018-08-08' and f_time ='09:00' ) LIMIT 1   [ RunTime:0.0001s ]
SQL: select sum(a.num) as o from(SELECT * FROM `period` where(time='2018-08-08' and f_time ='09:00')  GROUP BY db_id) as a [ RunTime:0.0003s ]
SQL: SELECT SUM(num) AS tp_sum FROM `period` WHERE ( time='2018-08-07' and f_time = '09:00' ) LIMIT 1   [ RunTime:0.0001s ]
SQL: select sum(a.num) as o from(SELECT * FROM `period` where(time='2018-08-07' and f_time = '09:00')  GROUP BY db_id) as a [ RunTime:0.0004s ]
SQL: SELECT SUM(num) AS tp_sum FROM `period` WHERE (  time='2018-08-05' and f_time = '09:00' ) LIMIT 1   [ RunTime:0.0002s ]
SQL: select sum(a.num) as o from(SELECT * FROM `period` where(time='2018-08-05' and f_time = '09:00')  GROUP BY db_id) as a [ RunTime:0.0003s ]
SQL: SELECT SUM(num) AS tp_sum FROM `period` WHERE ( time='2018-08-03' and f_time = '09:00' ) LIMIT 1   [ RunTime:0.0002s ]
SQL: select sum(a.num) as o from(SELECT * FROM `period` where(time='2018-08-03' and f_time = '09:00')  GROUP BY db_id) as a [ RunTime:0.0003s ]
SQL: SELECT SUM(num) AS tp_sum FROM `period` WHERE ( time='2018-08-09' and f_time='10:00' ) LIMIT 1   [ RunTime:0.0001s ]
SQL: select sum(a.num) as o from(SELECT * FROM `period` where(time='2018-08-09' and f_time='10:00')  GROUP BY db_id) as a [ RunTime:0.0003s ]
SQL: SELECT SUM(num) AS tp_sum FROM `period` WHERE ( time='2018-08-08' and f_time ='10:00' ) LIMIT 1   [ RunTime:0.0001s ]
SQL: select sum(a.num) as o from(SELECT * FROM `period` where(time='2018-08-08' and f_time ='10:00')  GROUP BY db_id) as a [ RunTime:0.0003s ]
SQL: SELECT SUM(num) AS tp_sum FROM `period` WHERE ( time='2018-08-07' and f_time = '10:00' ) LIMIT 1   [ RunTime:0.0001s ]
SQL: select sum(a.num) as o from(SELECT * FROM `period` where(time='2018-08-07' and f_time = '10:00')  GROUP BY db_id) as a [ RunTime:0.0003s ]
SQL: SELECT SUM(num) AS tp_sum FROM `period` WHERE (  time='2018-08-05' and f_time = '10:00' ) LIMIT 1   [ RunTime:0.0001s ]
SQL: select sum(a.num) as o from(SELECT * FROM `period` where(time='2018-08-05' and f_time = '10:00')  GROUP BY db_id) as a [ RunTime:0.0003s ]
SQL: SELECT SUM(num) AS tp_sum FROM `period` WHERE ( time='2018-08-03' and f_time = '10:00' ) LIMIT 1   [ RunTime:0.0001s ]
SQL: select sum(a.num) as o from(SELECT * FROM `period` where(time='2018-08-03' and f_time = '10:00')  GROUP BY db_id) as a [ RunTime:0.0003s ]
SQL: SELECT SUM(num) AS tp_sum FROM `period` WHERE ( time='2018-08-09' and f_time='11:00' ) LIMIT 1   [ RunTime:0.0001s ]
SQL: select sum(a.num) as o from(SELECT * FROM `period` where(time='2018-08-09' and f_time='11:00')  GROUP BY db_id) as a [ RunTime:0.0003s ]
SQL: SELECT SUM(num) AS tp_sum FROM `period` WHERE ( time='2018-08-08' and f_time ='11:00' ) LIMIT 1   [ RunTime:0.0001s ]
SQL: select sum(a.num) as o from(SELECT * FROM `period` where(time='2018-08-08' and f_time ='11:00')  GROUP BY db_id) as a [ RunTime:0.0003s ]
SQL: SELECT SUM(num) AS tp_sum FROM `period` WHERE ( time='2018-08-07' and f_time = '11:00' ) LIMIT 1   [ RunTime:0.0001s ]
SQL: select sum(a.num) as o from(SELECT * FROM `period` where(time='2018-08-07' and f_time = '11:00')  GROUP BY db_id) as a [ RunTime:0.0003s ]
SQL: SELECT SUM(num) AS tp_sum FROM `period` WHERE (  time='2018-08-05' and f_time = '11:00' ) LIMIT 1   [ RunTime:0.0002s ]
SQL: select sum(a.num) as o from(SELECT * FROM `period` where(time='2018-08-05' and f_time = '11:00')  GROUP BY db_id) as a [ RunTime:0.0003s ]
SQL: SELECT SUM(num) AS tp_sum FROM `period` WHERE ( time='2018-08-03' and f_time = '11:00' ) LIMIT 1   [ RunTime:0.0001s ]
SQL: select sum(a.num) as o from(SELECT * FROM `period` where(time='2018-08-03' and f_time = '11:00')  GROUP BY db_id) as a [ RunTime:0.0003s ]
SQL: SELECT SUM(num) AS tp_sum FROM `period` WHERE ( time='2018-08-09' and f_time='12:00' ) LIMIT 1   [ RunTime:0.0001s ]
SQL: select sum(a.num) as o from(SELECT * FROM `period` where(time='2018-08-09' and f_time='12:00')  GROUP BY db_id) as a [ RunTime:0.0003s ]
SQL: SELECT SUM(num) AS tp_sum FROM `period` WHERE ( time='2018-08-08' and f_time ='12:00' ) LIMIT 1   [ RunTime:0.0001s ]
SQL: select sum(a.num) as o from(SELECT * FROM `period` where(time='2018-08-08' and f_time ='12:00')  GROUP BY db_id) as a [ RunTime:0.0003s ]
SQL: SELECT SUM(num) AS tp_sum FROM `period` WHERE ( time='2018-08-07' and f_time = '12:00' ) LIMIT 1   [ RunTime:0.0001s ]
SQL: select sum(a.num) as o from(SELECT * FROM `period` where(time='2018-08-07' and f_time = '12:00')  GROUP BY db_id) as a [ RunTime:0.0003s ]
SQL: SELECT SUM(num) AS tp_sum FROM `period` WHERE (  time='2018-08-05' and f_time = '12:00' ) LIMIT 1   [ RunTime:0.0001s ]
SQL: select sum(a.num) as o from(SELECT * FROM `period` where(time='2018-08-05' and f_time = '12:00')  GROUP BY db_id) as a [ RunTime:0.0003s ]
SQL: SELECT SUM(num) AS tp_sum FROM `period` WHERE ( time='2018-08-03' and f_time = '12:00' ) LIMIT 1   [ RunTime:0.0001s ]
SQL: select sum(a.num) as o from(SELECT * FROM `period` where(time='2018-08-03' and f_time = '12:00')  GROUP BY db_id) as a [ RunTime:0.0003s ]
SQL: SELECT SUM(num) AS tp_sum FROM `period` WHERE ( time='2018-08-09' and f_time='13:00' ) LIMIT 1   [ RunTime:0.0002s ]
SQL: select sum(a.num) as o from(SELECT * FROM `period` where(time='2018-08-09' and f_time='13:00')  GROUP BY db_id) as a [ RunTime:0.0003s ]
SQL: SELECT SUM(num) AS tp_sum FROM `period` WHERE ( time='2018-08-08' and f_time ='13:00' ) LIMIT 1   [ RunTime:0.0001s ]
SQL: select sum(a.num) as o from(SELECT * FROM `period` where(time='2018-08-08' and f_time ='13:00')  GROUP BY db_id) as a [ RunTime:0.0003s ]
SQL: SELECT SUM(num) AS tp_sum FROM `period` WHERE ( time='2018-08-07' and f_time = '13:00' ) LIMIT 1   [ RunTime:0.0002s ]
SQL: select sum(a.num) as o from(SELECT * FROM `period` where(time='2018-08-07' and f_time = '13:00')  GROUP BY db_id) as a [ RunTime:0.0003s ]
SQL: SELECT SUM(num) AS tp_sum FROM `period` WHERE (  time='2018-08-05' and f_time = '13:00' ) LIMIT 1   [ RunTime:0.0001s ]
SQL: select sum(a.num) as o from(SELECT * FROM `period` where(time='2018-08-05' and f_time = '13:00')  GROUP BY db_id) as a [ RunTime:0.0003s ]
SQL: SELECT SUM(num) AS tp_sum FROM `period` WHERE ( time='2018-08-03' and f_time = '13:00' ) LIMIT 1   [ RunTime:0.0001s ]
SQL: select sum(a.num) as o from(SELECT * FROM `period` where(time='2018-08-03' and f_time = '13:00')  GROUP BY db_id) as a [ RunTime:0.0003s ]
SQL: SELECT SUM(num) AS tp_sum FROM `period` WHERE ( time='2018-08-09' and f_time='14:00' ) LIMIT 1   [ RunTime:0.0001s ]
SQL: select sum(a.num) as o from(SELECT * FROM `period` where(time='2018-08-09' and f_time='14:00')  GROUP BY db_id) as a [ RunTime:0.0003s ]
SQL: SELECT SUM(num) AS tp_sum FROM `period` WHERE ( time='2018-08-08' and f_time ='14:00' ) LIMIT 1   [ RunTime:0.0002s ]
SQL: select sum(a.num) as o from(SELECT * FROM `period` where(time='2018-08-08' and f_time ='14:00')  GROUP BY db_id) as a [ RunTime:0.0003s ]
SQL: SELECT SUM(num) AS tp_sum FROM `period` WHERE ( time='2018-08-07' and f_time = '14:00' ) LIMIT 1   [ RunTime:0.0001s ]
SQL: select sum(a.num) as o from(SELECT * FROM `period` where(time='2018-08-07' and f_time = '14:00')  GROUP BY db_id) as a [ RunTime:0.0003s ]
SQL: SELECT SUM(num) AS tp_sum FROM `period` WHERE (  time='2018-08-05' and f_time = '14:00' ) LIMIT 1   [ RunTime:0.0001s ]
SQL: select sum(a.num) as o from(SELECT * FROM `period` where(time='2018-08-05' and f_time = '14:00')  GROUP BY db_id) as a [ RunTime:0.0003s ]
SQL: SELECT SUM(num) AS tp_sum FROM `period` WHERE ( time='2018-08-03' and f_time = '14:00' ) LIMIT 1   [ RunTime:0.0001s ]
SQL: select sum(a.num) as o from(SELECT * FROM `period` where(time='2018-08-03' and f_time = '14:00')  GROUP BY db_id) as a [ RunTime:0.0003s ]
SQL: SELECT SUM(num) AS tp_sum FROM `period` WHERE ( time='2018-08-09' and f_time='15:00' ) LIMIT 1   [ RunTime:0.0001s ]
SQL: select sum(a.num) as o from(SELECT * FROM `period` where(time='2018-08-09' and f_time='15:00')  GROUP BY db_id) as a [ RunTime:0.0003s ]
SQL: SELECT SUM(num) AS tp_sum FROM `period` WHERE ( time='2018-08-08' and f_time ='15:00' ) LIMIT 1   [ RunTime:0.0001s ]
SQL: select sum(a.num) as o from(SELECT * FROM `period` where(time='2018-08-08' and f_time ='15:00')  GROUP BY db_id) as a [ RunTime:0.0004s ]
SQL: SELECT SUM(num) AS tp_sum FROM `period` WHERE ( time='2018-08-07' and f_time = '15:00' ) LIMIT 1   [ RunTime:0.0001s ]
SQL: select sum(a.num) as o from(SELECT * FROM `period` where(time='2018-08-07' and f_time = '15:00')  GROUP BY db_id) as a [ RunTime:0.0003s ]
SQL: SELECT SUM(num) AS tp_sum FROM `period` WHERE (  time='2018-08-05' and f_time = '15:00' ) LIMIT 1   [ RunTime:0.0002s ]
SQL: select sum(a.num) as o from(SELECT * FROM `period` where(time='2018-08-05' and f_time = '15:00')  GROUP BY db_id) as a [ RunTime:0.0003s ]
SQL: SELECT SUM(num) AS tp_sum FROM `period` WHERE ( time='2018-08-03' and f_time = '15:00' ) LIMIT 1   [ RunTime:0.0001s ]
SQL: select sum(a.num) as o from(SELECT * FROM `period` where(time='2018-08-03' and f_time = '15:00')  GROUP BY db_id) as a [ RunTime:0.0003s ]
SQL: SELECT SUM(num) AS tp_sum FROM `period` WHERE ( time='2018-08-09' and f_time='16:00' ) LIMIT 1   [ RunTime:0.0002s ]
SQL: select sum(a.num) as o from(SELECT * FROM `period` where(time='2018-08-09' and f_time='16:00')  GROUP BY db_id) as a [ RunTime:0.0003s ]
SQL: SELECT SUM(num) AS tp_sum FROM `period` WHERE ( time='2018-08-08' and f_time ='16:00' ) LIMIT 1   [ RunTime:0.0002s ]
SQL: select sum(a.num) as o from(SELECT * FROM `period` where(time='2018-08-08' and f_time ='16:00')  GROUP BY db_id) as a [ RunTime:0.0003s ]
SQL: SELECT SUM(num) AS tp_sum FROM `period` WHERE ( time='2018-08-07' and f_time = '16:00' ) LIMIT 1   [ RunTime:0.0002s ]
SQL: select sum(a.num) as o from(SELECT * FROM `period` where(time='2018-08-07' and f_time = '16:00')  GROUP BY db_id) as a [ RunTime:0.0003s ]
SQL: SELECT SUM(num) AS tp_sum FROM `period` WHERE (  time='2018-08-05' and f_time = '16:00' ) LIMIT 1   [ RunTime:0.0001s ]
SQL: select sum(a.num) as o from(SELECT * FROM `period` where(time='2018-08-05' and f_time = '16:00')  GROUP BY db_id) as a [ RunTime:0.0004s ]
SQL: SELECT SUM(num) AS tp_sum FROM `period` WHERE ( time='2018-08-03' and f_time = '16:00' ) LIMIT 1   [ RunTime:0.0001s ]
SQL: select sum(a.num) as o from(SELECT * FROM `period` where(time='2018-08-03' and f_time = '16:00')  GROUP BY db_id) as a [ RunTime:0.0003s ]
SQL: SELECT SUM(num) AS tp_sum FROM `period` WHERE ( time='2018-08-09' and f_time='17:00' ) LIMIT 1   [ RunTime:0.0002s ]
SQL: select sum(a.num) as o from(SELECT * FROM `period` where(time='2018-08-09' and f_time='17:00')  GROUP BY db_id) as a [ RunTime:0.0003s ]
SQL: SELECT SUM(num) AS tp_sum FROM `period` WHERE ( time='2018-08-08' and f_time ='17:00' ) LIMIT 1   [ RunTime:0.0001s ]
SQL: select sum(a.num) as o from(SELECT * FROM `period` where(time='2018-08-08' and f_time ='17:00')  GROUP BY db_id) as a [ RunTime:0.0003s ]
SQL: SELECT SUM(num) AS tp_sum FROM `period` WHERE ( time='2018-08-07' and f_time = '17:00' ) LIMIT 1   [ RunTime:0.0001s ]
SQL: select sum(a.num) as o from(SELECT * FROM `period` where(time='2018-08-07' and f_time = '17:00')  GROUP BY db_id) as a [ RunTime:0.0003s ]
SQL: SELECT SUM(num) AS tp_sum FROM `period` WHERE (  time='2018-08-05' and f_time = '17:00' ) LIMIT 1   [ RunTime:0.0001s ]
SQL: select sum(a.num) as o from(SELECT * FROM `period` where(time='2018-08-05' and f_time = '17:00')  GROUP BY db_id) as a [ RunTime:0.0003s ]
SQL: SELECT SUM(num) AS tp_sum FROM `period` WHERE ( time='2018-08-03' and f_time = '17:00' ) LIMIT 1   [ RunTime:0.0002s ]
SQL: select sum(a.num) as o from(SELECT * FROM `period` where(time='2018-08-03' and f_time = '17:00')  GROUP BY db_id) as a [ RunTime:0.0003s ]
SQL: SELECT SUM(num) AS tp_sum FROM `period` WHERE ( time='2018-08-09' and f_time='18:00' ) LIMIT 1   [ RunTime:0.0001s ]
SQL: select sum(a.num) as o from(SELECT * FROM `period` where(time='2018-08-09' and f_time='18:00')  GROUP BY db_id) as a [ RunTime:0.0003s ]
SQL: SELECT SUM(num) AS tp_sum FROM `period` WHERE ( time='2018-08-08' and f_time ='18:00' ) LIMIT 1   [ RunTime:0.0001s ]
SQL: select sum(a.num) as o from(SELECT * FROM `period` where(time='2018-08-08' and f_time ='18:00')  GROUP BY db_id) as a [ RunTime:0.0003s ]
SQL: SELECT SUM(num) AS tp_sum FROM `period` WHERE ( time='2018-08-07' and f_time = '18:00' ) LIMIT 1   [ RunTime:0.0001s ]
SQL: select sum(a.num) as o from(SELECT * FROM `period` where(time='2018-08-07' and f_time = '18:00')  GROUP BY db_id) as a [ RunTime:0.0004s ]
SQL: SELECT SUM(num) AS tp_sum FROM `period` WHERE (  time='2018-08-05' and f_time = '18:00' ) LIMIT 1   [ RunTime:0.0002s ]
SQL: select sum(a.num) as o from(SELECT * FROM `period` where(time='2018-08-05' and f_time = '18:00')  GROUP BY db_id) as a [ RunTime:0.0004s ]
SQL: SELECT SUM(num) AS tp_sum FROM `period` WHERE ( time='2018-08-03' and f_time = '18:00' ) LIMIT 1   [ RunTime:0.0002s ]
SQL: select sum(a.num) as o from(SELECT * FROM `period` where(time='2018-08-03' and f_time = '18:00')  GROUP BY db_id) as a [ RunTime:0.0004s ]
SQL: SELECT SUM(num) AS tp_sum FROM `period` WHERE ( time='2018-08-09' and f_time='19:00' ) LIMIT 1   [ RunTime:0.0002s ]
SQL: select sum(a.num) as o from(SELECT * FROM `period` where(time='2018-08-09' and f_time='19:00')  GROUP BY db_id) as a [ RunTime:0.0004s ]
SQL: SELECT SUM(num) AS tp_sum FROM `period` WHERE ( time='2018-08-08' and f_time ='19:00' ) LIMIT 1   [ RunTime:0.0002s ]
SQL: select sum(a.num) as o from(SELECT * FROM `period` where(time='2018-08-08' and f_time ='19:00')  GROUP BY db_id) as a [ RunTime:0.0003s ]
SQL: SELECT SUM(num) AS tp_sum FROM `period` WHERE ( time='2018-08-07' and f_time = '19:00' ) LIMIT 1   [ RunTime:0.0002s ]
SQL: select sum(a.num) as o from(SELECT * FROM `period` where(time='2018-08-07' and f_time = '19:00')  GROUP BY db_id) as a [ RunTime:0.0003s ]
SQL: SELECT SUM(num) AS tp_sum FROM `period` WHERE (  time='2018-08-05' and f_time = '19:00' ) LIMIT 1   [ RunTime:0.0001s ]
SQL: select sum(a.num) as o from(SELECT * FROM `period` where(time='2018-08-05' and f_time = '19:00')  GROUP BY db_id) as a [ RunTime:0.0003s ]
SQL: SELECT SUM(num) AS tp_sum FROM `period` WHERE ( time='2018-08-03' and f_time = '19:00' ) LIMIT 1   [ RunTime:0.0001s ]
SQL: select sum(a.num) as o from(SELECT * FROM `period` where(time='2018-08-03' and f_time = '19:00')  GROUP BY db_id) as a [ RunTime:0.0003s ]
SQL: SELECT SUM(num) AS tp_sum FROM `period` WHERE ( time='2018-08-09' and f_time='20:00' ) LIMIT 1   [ RunTime:0.0001s ]
SQL: select sum(a.num) as o from(SELECT * FROM `period` where(time='2018-08-09' and f_time='20:00')  GROUP BY db_id) as a [ RunTime:0.0003s ]
SQL: SELECT SUM(num) AS tp_sum FROM `period` WHERE ( time='2018-08-08' and f_time ='20:00' ) LIMIT 1   [ RunTime:0.0001s ]
SQL: select sum(a.num) as o from(SELECT * FROM `period` where(time='2018-08-08' and f_time ='20:00')  GROUP BY db_id) as a [ RunTime:0.0003s ]
SQL: SELECT SUM(num) AS tp_sum FROM `period` WHERE ( time='2018-08-07' and f_time = '20:00' ) LIMIT 1   [ RunTime:0.0001s ]
SQL: select sum(a.num) as o from(SELECT * FROM `period` where(time='2018-08-07' and f_time = '20:00')  GROUP BY db_id) as a [ RunTime:0.0003s ]
SQL: SELECT SUM(num) AS tp_sum FROM `period` WHERE (  time='2018-08-05' and f_time = '20:00' ) LIMIT 1   [ RunTime:0.0001s ]
SQL: select sum(a.num) as o from(SELECT * FROM `period` where(time='2018-08-05' and f_time = '20:00')  GROUP BY db_id) as a [ RunTime:0.0003s ]
SQL: SELECT SUM(num) AS tp_sum FROM `period` WHERE ( time='2018-08-03' and f_time = '20:00' ) LIMIT 1   [ RunTime:0.0001s ]
SQL: select sum(a.num) as o from(SELECT * FROM `period` where(time='2018-08-03' and f_time = '20:00')  GROUP BY db_id) as a [ RunTime:0.0003s ]
SQL: SELECT SUM(num) AS tp_sum FROM `period` WHERE ( time='2018-08-09' and f_time='21:00' ) LIMIT 1   [ RunTime:0.0001s ]
SQL: select sum(a.num) as o from(SELECT * FROM `period` where(time='2018-08-09' and f_time='21:00')  GROUP BY db_id) as a [ RunTime:0.0003s ]
SQL: SELECT SUM(num) AS tp_sum FROM `period` WHERE ( time='2018-08-08' and f_time ='21:00' ) LIMIT 1   [ RunTime:0.0002s ]
SQL: select sum(a.num) as o from(SELECT * FROM `period` where(time='2018-08-08' and f_time ='21:00')  GROUP BY db_id) as a [ RunTime:0.0004s ]
SQL: SELECT SUM(num) AS tp_sum FROM `period` WHERE ( time='2018-08-07' and f_time = '21:00' ) LIMIT 1   [ RunTime:0.0002s ]
SQL: select sum(a.num) as o from(SELECT * FROM `period` where(time='2018-08-07' and f_time = '21:00')  GROUP BY db_id) as a [ RunTime:0.0003s ]
SQL: SELECT SUM(num) AS tp_sum FROM `period` WHERE (  time='2018-08-05' and f_time = '21:00' ) LIMIT 1   [ RunTime:0.0002s ]
SQL: select sum(a.num) as o from(SELECT * FROM `period` where(time='2018-08-05' and f_time = '21:00')  GROUP BY db_id) as a [ RunTime:0.0003s ]
SQL: SELECT SUM(num) AS tp_sum FROM `period` WHERE ( time='2018-08-03' and f_time = '21:00' ) LIMIT 1   [ RunTime:0.0001s ]
SQL: select sum(a.num) as o from(SELECT * FROM `period` where(time='2018-08-03' and f_time = '21:00')  GROUP BY db_id) as a [ RunTime:0.0003s ]
SQL: SELECT SUM(num) AS tp_sum FROM `period` WHERE ( time='2018-08-09' and f_time='22:00' ) LIMIT 1   [ RunTime:0.0001s ]
SQL: select sum(a.num) as o from(SELECT * FROM `period` where(time='2018-08-09' and f_time='22:00')  GROUP BY db_id) as a [ RunTime:0.0003s ]
SQL: SELECT SUM(num) AS tp_sum FROM `period` WHERE ( time='2018-08-08' and f_time ='22:00' ) LIMIT 1   [ RunTime:0.0001s ]
SQL: select sum(a.num) as o from(SELECT * FROM `period` where(time='2018-08-08' and f_time ='22:00')  GROUP BY db_id) as a [ RunTime:0.0003s ]
SQL: SELECT SUM(num) AS tp_sum FROM `period` WHERE ( time='2018-08-07' and f_time = '22:00' ) LIMIT 1   [ RunTime:0.0001s ]
SQL: select sum(a.num) as o from(SELECT * FROM `period` where(time='2018-08-07' and f_time = '22:00')  GROUP BY db_id) as a [ RunTime:0.0003s ]
SQL: SELECT SUM(num) AS tp_sum FROM `period` WHERE (  time='2018-08-05' and f_time = '22:00' ) LIMIT 1   [ RunTime:0.0001s ]
SQL: select sum(a.num) as o from(SELECT * FROM `period` where(time='2018-08-05' and f_time = '22:00')  GROUP BY db_id) as a [ RunTime:0.0003s ]
SQL: SELECT SUM(num) AS tp_sum FROM `period` WHERE ( time='2018-08-03' and f_time = '22:00' ) LIMIT 1   [ RunTime:0.0002s ]
SQL: select sum(a.num) as o from(SELECT * FROM `period` where(time='2018-08-03' and f_time = '22:00')  GROUP BY db_id) as a [ RunTime:0.0003s ]
SQL: SELECT SUM(num) AS tp_sum FROM `period` WHERE ( time='2018-08-09' and f_time='23:00' ) LIMIT 1   [ RunTime:0.0001s ]
SQL: select sum(a.num) as o from(SELECT * FROM `period` where(time='2018-08-09' and f_time='23:00')  GROUP BY db_id) as a [ RunTime:0.0003s ]
SQL: SELECT SUM(num) AS tp_sum FROM `period` WHERE ( time='2018-08-08' and f_time ='23:00' ) LIMIT 1   [ RunTime:0.0001s ]
SQL: select sum(a.num) as o from(SELECT * FROM `period` where(time='2018-08-08' and f_time ='23:00')  GROUP BY db_id) as a [ RunTime:0.0003s ]
SQL: SELECT SUM(num) AS tp_sum FROM `period` WHERE ( time='2018-08-07' and f_time = '23:00' ) LIMIT 1   [ RunTime:0.0001s ]
SQL: select sum(a.num) as o from(SELECT * FROM `period` where(time='2018-08-07' and f_time = '23:00')  GROUP BY db_id) as a [ RunTime:0.0003s ]
SQL: SELECT SUM(num) AS tp_sum FROM `period` WHERE (  time='2018-08-05' and f_time = '23:00' ) LIMIT 1   [ RunTime:0.0002s ]
SQL: select sum(a.num) as o from(SELECT * FROM `period` where(time='2018-08-05' and f_time = '23:00')  GROUP BY db_id) as a [ RunTime:0.0003s ]
SQL: SELECT SUM(num) AS tp_sum FROM `period` WHERE ( time='2018-08-03' and f_time = '23:00' ) LIMIT 1   [ RunTime:0.0001s ]
SQL: select sum(a.num) as o from(SELECT * FROM `period` where(time='2018-08-03' and f_time = '23:00')  GROUP BY db_id) as a [ RunTime:0.0003s ]
SQL: SELECT `LogTime` FROM `period` WHERE ( time='2018-08-09 ' ) ORDER BY f_time desc LIMIT 1   [ RunTime:0.0001s ]
SQL: SHOW COLUMNS FROM `db` [ RunTime:0.0072s ]
SQL: SELECT `db_id` FROM `db`  [ RunTime:0.0002s ]
SQL: SELECT `LogTime`,`num` FROM `period` WHERE ( LogTime='2018-08-09 18:14:00'and db_id='1' ) GROUP BY db_id ORDER BY LogTime desc  [ RunTime:0.0002s ]
SQL: SELECT `LogTime`,`num` FROM `period` WHERE ( db_id='1' ) ORDER BY LogTime desc LIMIT 1   [ RunTime:0.0001s ]
NOTIC: [8] Undefined offset: 0 E:\Alirefor\APP\Home\Controller\IndexController.class.php 第 191 行.
SQL: SELECT `LogTime`,`num` FROM `period` WHERE ( LogTime='2018-08-09 18:14:00'and db_id='2' ) GROUP BY db_id ORDER BY LogTime desc  [ RunTime:0.0001s ]
SQL: SELECT `LogTime`,`num` FROM `period` WHERE ( db_id='2' ) ORDER BY LogTime desc LIMIT 1   [ RunTime:0.0001s ]
NOTIC: [8] Undefined offset: 0 E:\Alirefor\APP\Home\Controller\IndexController.class.php 第 191 行.
SQL: SELECT `LogTime`,`num` FROM `period` WHERE ( LogTime='2018-08-09 18:14:00'and db_id='3' ) GROUP BY db_id ORDER BY LogTime desc  [ RunTime:0.0001s ]
SQL: SELECT `LogTime`,`num` FROM `period` WHERE ( db_id='3' ) ORDER BY LogTime desc LIMIT 1   [ RunTime:0.0001s ]
NOTIC: [8] Undefined offset: 0 E:\Alirefor\APP\Home\Controller\IndexController.class.php 第 191 行.
SQL: SHOW COLUMNS FROM `user` [ RunTime:0.0050s ]
SQL: SELECT * FROM `user` GROUP BY game_id  [ RunTime:0.0002s ]
NOTIC: [8] Use of undefined constant pay_number - assumed 'pay_number' E:\Alirefor\APP\Home\Controller\IndexController.class.php 第 271 行.
SQL: SELECT SUM(pay_number) AS tp_sum FROM `pay` LIMIT 1   [ RunTime:0.0001s ]
NOTIC: [8] Use of undefined constant pay_number - assumed 'pay_number' E:\Alirefor\APP\Home\Controller\IndexController.class.php 第 274 行.
SQL: SELECT SUM(pay_number) AS tp_sum FROM `pay` WHERE ( pay_time>='2018-08-09 00:00:00' and pay_time<='2018-08-09 23:59:59' ) LIMIT 1   [ RunTime:0.0001s ]
SQL: SELECT `user_id` FROM `pay` WHERE ( pay_time>='2018-08-09 00:00:00' and pay_time<='2018-08-09 23:59:59' ) GROUP BY user_id  [ RunTime:0.0001s ]
NOTIC: [2] Division by zero E:\Alirefor\APP\Home\Controller\IndexController.class.php 第 278 行.
NOTIC: [2] Division by zero E:\Alirefor\APP\Home\Controller\IndexController.class.php 第 279 行.
NOTIC: [2] Division by zero E:\Alirefor\APP\Home\Controller\IndexController.class.php 第 280 行.
SQL: SELECT * FROM `user` GROUP BY game_id HAVING register_time>='2018-08-08 00:00:00' and register_time<='2018-08-08 23:59:59'  [ RunTime:0.0002s ]
SQL: SHOW COLUMNS FROM `sign` [ RunTime:0.0048s ]
SQL: SELECT * FROM `sign` WHERE ( start_time>='2018-08-09 00:00:00' and start_time<='2018-08-09 23:59:59' ) GROUP BY user_id  [ RunTime:0.0002s ]
SQL: SELECT * FROM `user` WHERE ( register_time>='2018-08-08 00:00:00' and register_time<='2018-08-08 23:59:59' ) GROUP BY game_id  [ RunTime:0.0002s ]
NOTIC: [2] Division by zero E:\Alirefor\APP\Home\Controller\IndexController.class.php 第 305 行.
INFO: [ view_parse ] --START--
INFO: [ template_filter ] --START--
INFO: Run Behavior\ContentReplaceBehavior [ RunTime:0.000138s ]
INFO: [ template_filter ] --END-- [ RunTime:0.000175s ]
NOTIC: [8] Undefined variable: id E:\Alirefor\APP\Runtime\Cache\Home\a59b5e3d0bfe1e0eebc9ef04a084f7b9.php 第 96 行.
NOTIC: [8] Undefined variable: id E:\Alirefor\APP\Runtime\Cache\Home\a59b5e3d0bfe1e0eebc9ef04a084f7b9.php 第 101 行.
NOTIC: [8] Undefined variable: id E:\Alirefor\APP\Runtime\Cache\Home\a59b5e3d0bfe1e0eebc9ef04a084f7b9.php 第 96 行.
NOTIC: [8] Undefined variable: id E:\Alirefor\APP\Runtime\Cache\Home\a59b5e3d0bfe1e0eebc9ef04a084f7b9.php 第 101 行.
NOTIC: [8] Undefined variable: id E:\Alirefor\APP\Runtime\Cache\Home\a59b5e3d0bfe1e0eebc9ef04a084f7b9.php 第 96 行.
NOTIC: [8] Undefined variable: id E:\Alirefor\APP\Runtime\Cache\Home\a59b5e3d0bfe1e0eebc9ef04a084f7b9.php 第 101 行.
NOTIC: [8] Undefined variable: id E:\Alirefor\APP\Runtime\Cache\Home\a59b5e3d0bfe1e0eebc9ef04a084f7b9.php 第 96 行.
NOTIC: [8] Undefined variable: id E:\Alirefor\APP\Runtime\Cache\Home\a59b5e3d0bfe1e0eebc9ef04a084f7b9.php 第 101 行.
NOTIC: [8] Undefined variable: id E:\Alirefor\APP\Runtime\Cache\Home\a59b5e3d0bfe1e0eebc9ef04a084f7b9.php 第 96 行.
NOTIC: [8] Undefined variable: id E:\Alirefor\APP\Runtime\Cache\Home\a59b5e3d0bfe1e0eebc9ef04a084f7b9.php 第 101 行.
NOTIC: [8] Undefined variable: id E:\Alirefor\APP\Runtime\Cache\Home\a59b5e3d0bfe1e0eebc9ef04a084f7b9.php 第 96 行.
NOTIC: [8] Undefined variable: id E:\Alirefor\APP\Runtime\Cache\Home\a59b5e3d0bfe1e0eebc9ef04a084f7b9.php 第 101 行.
NOTIC: [8] Undefined variable: id E:\Alirefor\APP\Runtime\Cache\Home\a59b5e3d0bfe1e0eebc9ef04a084f7b9.php 第 96 行.
NOTIC: [8] Undefined variable: id E:\Alirefor\APP\Runtime\Cache\Home\a59b5e3d0bfe1e0eebc9ef04a084f7b9.php 第 101 行.
NOTIC: [8] Undefined variable: id E:\Alirefor\APP\Runtime\Cache\Home\a59b5e3d0bfe1e0eebc9ef04a084f7b9.php 第 96 行.
NOTIC: [8] Undefined variable: id E:\Alirefor\APP\Runtime\Cache\Home\a59b5e3d0bfe1e0eebc9ef04a084f7b9.php 第 101 行.
NOTIC: [8] Undefined variable: id E:\Alirefor\APP\Runtime\Cache\Home\a59b5e3d0bfe1e0eebc9ef04a084f7b9.php 第 96 行.
NOTIC: [8] Undefined variable: id E:\Alirefor\APP\Runtime\Cache\Home\a59b5e3d0bfe1e0eebc9ef04a084f7b9.php 第 101 行.
NOTIC: [8] Undefined variable: id E:\Alirefor\APP\Runtime\Cache\Home\a59b5e3d0bfe1e0eebc9ef04a084f7b9.php 第 96 行.
NOTIC: [8] Undefined variable: id E:\Alirefor\APP\Runtime\Cache\Home\a59b5e3d0bfe1e0eebc9ef04a084f7b9.php 第 101 行.
NOTIC: [8] Undefined variable: id E:\Alirefor\APP\Runtime\Cache\Home\a59b5e3d0bfe1e0eebc9ef04a084f7b9.php 第 96 行.
NOTIC: [8] Undefined variable: id E:\Alirefor\APP\Runtime\Cache\Home\a59b5e3d0bfe1e0eebc9ef04a084f7b9.php 第 101 行.
NOTIC: [8] Undefined variable: id E:\Alirefor\APP\Runtime\Cache\Home\a59b5e3d0bfe1e0eebc9ef04a084f7b9.php 第 96 行.
NOTIC: [8] Undefined variable: id E:\Alirefor\APP\Runtime\Cache\Home\a59b5e3d0bfe1e0eebc9ef04a084f7b9.php 第 101 行.
NOTIC: [8] Undefined variable: id E:\Alirefor\APP\Runtime\Cache\Home\a59b5e3d0bfe1e0eebc9ef04a084f7b9.php 第 96 行.
NOTIC: [8] Undefined variable: id E:\Alirefor\APP\Runtime\Cache\Home\a59b5e3d0bfe1e0eebc9ef04a084f7b9.php 第 101 行.
NOTIC: [8] Undefined variable: id E:\Alirefor\APP\Runtime\Cache\Home\a59b5e3d0bfe1e0eebc9ef04a084f7b9.php 第 96 行.
NOTIC: [8] Undefined variable: id E:\Alirefor\APP\Runtime\Cache\Home\a59b5e3d0bfe1e0eebc9ef04a084f7b9.php 第 101 行.
NOTIC: [8] Undefined variable: id E:\Alirefor\APP\Runtime\Cache\Home\a59b5e3d0bfe1e0eebc9ef04a084f7b9.php 第 96 行.
NOTIC: [8] Undefined variable: id E:\Alirefor\APP\Runtime\Cache\Home\a59b5e3d0bfe1e0eebc9ef04a084f7b9.php 第 101 行.
NOTIC: [8] Undefined variable: id E:\Alirefor\APP\Runtime\Cache\Home\a59b5e3d0bfe1e0eebc9ef04a084f7b9.php 第 96 行.
NOTIC: [8] Undefined variable: id E:\Alirefor\APP\Runtime\Cache\Home\a59b5e3d0bfe1e0eebc9ef04a084f7b9.php 第 101 行.
NOTIC: [8] Undefined variable: id E:\Alirefor\APP\Runtime\Cache\Home\a59b5e3d0bfe1e0eebc9ef04a084f7b9.php 第 96 行.
NOTIC: [8] Undefined variable: id E:\Alirefor\APP\Runtime\Cache\Home\a59b5e3d0bfe1e0eebc9ef04a084f7b9.php 第 101 行.
NOTIC: [8] Undefined variable: id E:\Alirefor\APP\Runtime\Cache\Home\a59b5e3d0bfe1e0eebc9ef04a084f7b9.php 第 96 行.
NOTIC: [8] Undefined variable: id E:\Alirefor\APP\Runtime\Cache\Home\a59b5e3d0bfe1e0eebc9ef04a084f7b9.php 第 101 行.
NOTIC: [8] Undefined variable: id E:\Alirefor\APP\Runtime\Cache\Home\a59b5e3d0bfe1e0eebc9ef04a084f7b9.php 第 96 行.
NOTIC: [8] Undefined variable: id E:\Alirefor\APP\Runtime\Cache\Home\a59b5e3d0bfe1e0eebc9ef04a084f7b9.php 第 101 行.
NOTIC: [8] Undefined variable: id E:\Alirefor\APP\Runtime\Cache\Home\a59b5e3d0bfe1e0eebc9ef04a084f7b9.php 第 96 行.
NOTIC: [8] Undefined variable: id E:\Alirefor\APP\Runtime\Cache\Home\a59b5e3d0bfe1e0eebc9ef04a084f7b9.php 第 101 行.
NOTIC: [8] Undefined variable: id E:\Alirefor\APP\Runtime\Cache\Home\a59b5e3d0bfe1e0eebc9ef04a084f7b9.php 第 96 行.
NOTIC: [8] Undefined variable: id E:\Alirefor\APP\Runtime\Cache\Home\a59b5e3d0bfe1e0eebc9ef04a084f7b9.php 第 101 行.
NOTIC: [8] Undefined variable: id E:\Alirefor\APP\Runtime\Cache\Home\a59b5e3d0bfe1e0eebc9ef04a084f7b9.php 第 96 行.
NOTIC: [8] Undefined variable: id E:\Alirefor\APP\Runtime\Cache\Home\a59b5e3d0bfe1e0eebc9ef04a084f7b9.php 第 101 行.
NOTIC: [8] Undefined variable: id E:\Alirefor\APP\Runtime\Cache\Home\a59b5e3d0bfe1e0eebc9ef04a084f7b9.php 第 96 行.
NOTIC: [8] Undefined variable: id E:\Alirefor\APP\Runtime\Cache\Home\a59b5e3d0bfe1e0eebc9ef04a084f7b9.php 第 101 行.
NOTIC: [8] Undefined variable: id E:\Alirefor\APP\Runtime\Cache\Home\a59b5e3d0bfe1e0eebc9ef04a084f7b9.php 第 96 行.
NOTIC: [8] Undefined variable: id E:\Alirefor\APP\Runtime\Cache\Home\a59b5e3d0bfe1e0eebc9ef04a084f7b9.php 第 101 行.
NOTIC: [8] Undefined variable: id E:\Alirefor\APP\Runtime\Cache\Home\a59b5e3d0bfe1e0eebc9ef04a084f7b9.php 第 96 行.
NOTIC: [8] Undefined variable: id E:\Alirefor\APP\Runtime\Cache\Home\a59b5e3d0bfe1e0eebc9ef04a084f7b9.php 第 101 行.
NOTIC: [8] Undefined variable: id E:\Alirefor\APP\Runtime\Cache\Home\a59b5e3d0bfe1e0eebc9ef04a084f7b9.php 第 96 行.
NOTIC: [8] Undefined variable: id E:\Alirefor\APP\Runtime\Cache\Home\a59b5e3d0bfe1e0eebc9ef04a084f7b9.php 第 101 行.
NOTIC: [8] Undefined variable: id E:\Alirefor\APP\Runtime\Cache\Home\a59b5e3d0bfe1e0eebc9ef04a084f7b9.php 第 96 行.
NOTIC: [8] Undefined variable: id E:\Alirefor\APP\Runtime\Cache\Home\a59b5e3d0bfe1e0eebc9ef04a084f7b9.php 第 101 行.
NOTIC: [8] Undefined variable: id E:\Alirefor\APP\Runtime\Cache\Home\a59b5e3d0bfe1e0eebc9ef04a084f7b9.php 第 96 行.
NOTIC: [8] Undefined variable: id E:\Alirefor\APP\Runtime\Cache\Home\a59b5e3d0bfe1e0eebc9ef04a084f7b9.php 第 101 行.
NOTIC: [8] Undefined variable: id E:\Alirefor\APP\Runtime\Cache\Home\a59b5e3d0bfe1e0eebc9ef04a084f7b9.php 第 96 行.
NOTIC: [8] Undefined variable: id E:\Alirefor\APP\Runtime\Cache\Home\a59b5e3d0bfe1e0eebc9ef04a084f7b9.php 第 101 行.
NOTIC: [8] Undefined variable: id E:\Alirefor\APP\Runtime\Cache\Home\a59b5e3d0bfe1e0eebc9ef04a084f7b9.php 第 96 行.
NOTIC: [8] Undefined variable: id E:\Alirefor\APP\Runtime\Cache\Home\a59b5e3d0bfe1e0eebc9ef04a084f7b9.php 第 101 行.
NOTIC: [8] Undefined variable: id E:\Alirefor\APP\Runtime\Cache\Home\a59b5e3d0bfe1e0eebc9ef04a084f7b9.php 第 96 行.
NOTIC: [8] Undefined variable: id E:\Alirefor\APP\Runtime\Cache\Home\a59b5e3d0bfe1e0eebc9ef04a084f7b9.php 第 101 行.
NOTIC: [8] Undefined variable: id E:\Alirefor\APP\Runtime\Cache\Home\a59b5e3d0bfe1e0eebc9ef04a084f7b9.php 第 96 行.
NOTIC: [8] Undefined variable: id E:\Alirefor\APP\Runtime\Cache\Home\a59b5e3d0bfe1e0eebc9ef04a084f7b9.php 第 101 行.
NOTIC: [8] Undefined variable: id E:\Alirefor\APP\Runtime\Cache\Home\a59b5e3d0bfe1e0eebc9ef04a084f7b9.php 第 96 行.
NOTIC: [8] Undefined variable: id E:\Alirefor\APP\Runtime\Cache\Home\a59b5e3d0bfe1e0eebc9ef04a084f7b9.php 第 101 行.
NOTIC: [8] Undefined variable: id E:\Alirefor\APP\Runtime\Cache\Home\a59b5e3d0bfe1e0eebc9ef04a084f7b9.php 第 96 行.
NOTIC: [8] Undefined variable: id E:\Alirefor\APP\Runtime\Cache\Home\a59b5e3d0bfe1e0eebc9ef04a084f7b9.php 第 101 行.
NOTIC: [8] Undefined variable: id E:\Alirefor\APP\Runtime\Cache\Home\a59b5e3d0bfe1e0eebc9ef04a084f7b9.php 第 96 行.
NOTIC: [8] Undefined variable: id E:\Alirefor\APP\Runtime\Cache\Home\a59b5e3d0bfe1e0eebc9ef04a084f7b9.php 第 101 行.
NOTIC: [8] Undefined variable: id E:\Alirefor\APP\Runtime\Cache\Home\a59b5e3d0bfe1e0eebc9ef04a084f7b9.php 第 96 行.
NOTIC: [8] Undefined variable: id E:\Alirefor\APP\Runtime\Cache\Home\a59b5e3d0bfe1e0eebc9ef04a084f7b9.php 第 101 行.
NOTIC: [8] Undefined variable: id E:\Alirefor\APP\Runtime\Cache\Home\a59b5e3d0bfe1e0eebc9ef04a084f7b9.php 第 96 行.
NOTIC: [8] Undefined variable: id E:\Alirefor\APP\Runtime\Cache\Home\a59b5e3d0bfe1e0eebc9ef04a084f7b9.php 第 101 行.
NOTIC: [8] Undefined variable: id E:\Alirefor\APP\Runtime\Cache\Home\a59b5e3d0bfe1e0eebc9ef04a084f7b9.php 第 96 行.
NOTIC: [8] Undefined variable: id E:\Alirefor\APP\Runtime\Cache\Home\a59b5e3d0bfe1e0eebc9ef04a084f7b9.php 第 101 行.
NOTIC: [8] Undefined variable: id E:\Alirefor\APP\Runtime\Cache\Home\a59b5e3d0bfe1e0eebc9ef04a084f7b9.php 第 96 行.
NOTIC: [8] Undefined variable: id E:\Alirefor\APP\Runtime\Cache\Home\a59b5e3d0bfe1e0eebc9ef04a084f7b9.php 第 101 行.
NOTIC: [8] Undefined variable: id E:\Alirefor\APP\Runtime\Cache\Home\a59b5e3d0bfe1e0eebc9ef04a084f7b9.php 第 96 行.
NOTIC: [8] Undefined variable: id E:\Alirefor\APP\Runtime\Cache\Home\a59b5e3d0bfe1e0eebc9ef04a084f7b9.php 第 101 行.
NOTIC: [8] Undefined variable: id E:\Alirefor\APP\Runtime\Cache\Home\a59b5e3d0bfe1e0eebc9ef04a084f7b9.php 第 96 行.
NOTIC: [8] Undefined variable: id E:\Alirefor\APP\Runtime\Cache\Home\a59b5e3d0bfe1e0eebc9ef04a084f7b9.php 第 101 行.
NOTIC: [8] Undefined variable: id E:\Alirefor\APP\Runtime\Cache\Home\a59b5e3d0bfe1e0eebc9ef04a084f7b9.php 第 96 行.
NOTIC: [8] Undefined variable: id E:\Alirefor\APP\Runtime\Cache\Home\a59b5e3d0bfe1e0eebc9ef04a084f7b9.php 第 101 行.
NOTIC: [8] Undefined variable: id E:\Alirefor\APP\Runtime\Cache\Home\a59b5e3d0bfe1e0eebc9ef04a084f7b9.php 第 96 行.
NOTIC: [8] Undefined variable: id E:\Alirefor\APP\Runtime\Cache\Home\a59b5e3d0bfe1e0eebc9ef04a084f7b9.php 第 101 行.
NOTIC: [8] Undefined variable: id E:\Alirefor\APP\Runtime\Cache\Home\a59b5e3d0bfe1e0eebc9ef04a084f7b9.php 第 96 行.
NOTIC: [8] Undefined variable: id E:\Alirefor\APP\Runtime\Cache\Home\a59b5e3d0bfe1e0eebc9ef04a084f7b9.php 第 101 行.
NOTIC: [8] Undefined variable: id E:\Alirefor\APP\Runtime\Cache\Home\a59b5e3d0bfe1e0eebc9ef04a084f7b9.php 第 96 行.
NOTIC: [8] Undefined variable: id E:\Alirefor\APP\Runtime\Cache\Home\a59b5e3d0bfe1e0eebc9ef04a084f7b9.php 第 101 行.
NOTIC: [8] Undefined variable: id E:\Alirefor\APP\Runtime\Cache\Home\a59b5e3d0bfe1e0eebc9ef04a084f7b9.php 第 96 行.
NOTIC: [8] Undefined variable: id E:\Alirefor\APP\Runtime\Cache\Home\a59b5e3d0bfe1e0eebc9ef04a084f7b9.php 第 101 行.
NOTIC: [8] Undefined variable: id E:\Alirefor\APP\Runtime\Cache\Home\a59b5e3d0bfe1e0eebc9ef04a084f7b9.php 第 96 行.
NOTIC: [8] Undefined variable: id E:\Alirefor\APP\Runtime\Cache\Home\a59b5e3d0bfe1e0eebc9ef04a084f7b9.php 第 101 行.
NOTIC: [8] Undefined variable: id E:\Alirefor\APP\Runtime\Cache\Home\a59b5e3d0bfe1e0eebc9ef04a084f7b9.php 第 96 行.
NOTIC: [8] Undefined variable: id E:\Alirefor\APP\Runtime\Cache\Home\a59b5e3d0bfe1e0eebc9ef04a084f7b9.php 第 101 行.
NOTIC: [8] Undefined variable: id E:\Alirefor\APP\Runtime\Cache\Home\a59b5e3d0bfe1e0eebc9ef04a084f7b9.php 第 96 行.
NOTIC: [8] Undefined variable: id E:\Alirefor\APP\Runtime\Cache\Home\a59b5e3d0bfe1e0eebc9ef04a084f7b9.php 第 101 行.
NOTIC: [8] Undefined variable: id E:\Alirefor\APP\Runtime\Cache\Home\a59b5e3d0bfe1e0eebc9ef04a084f7b9.php 第 96 行.
NOTIC: [8] Undefined variable: id E:\Alirefor\APP\Runtime\Cache\Home\a59b5e3d0bfe1e0eebc9ef04a084f7b9.php 第 101 行.
NOTIC: [8] Undefined variable: id E:\Alirefor\APP\Runtime\Cache\Home\a59b5e3d0bfe1e0eebc9ef04a084f7b9.php 第 96 行.
NOTIC: [8] Undefined variable: id E:\Alirefor\APP\Runtime\Cache\Home\a59b5e3d0bfe1e0eebc9ef04a084f7b9.php 第 101 行.
NOTIC: [8] Undefined variable: id E:\Alirefor\APP\Runtime\Cache\Home\a59b5e3d0bfe1e0eebc9ef04a084f7b9.php 第 96 行.
NOTIC: [8] Undefined variable: id E:\Alirefor\APP\Runtime\Cache\Home\a59b5e3d0bfe1e0eebc9ef04a084f7b9.php 第 101 行.
NOTIC: [8] Undefined variable: id E:\Alirefor\APP\Runtime\Cache\Home\a59b5e3d0bfe1e0eebc9ef04a084f7b9.php 第 96 行.
NOTIC: [8] Undefined variable: id E:\Alirefor\APP\Runtime\Cache\Home\a59b5e3d0bfe1e0eebc9ef04a084f7b9.php 第 101 行.
NOTIC: [8] Undefined variable: num E:\Alirefor\APP\Runtime\Cache\Home\a59b5e3d0bfe1e0eebc9ef04a084f7b9.php 第 131 行.
NOTIC: [8] Undefined offset: 0 E:\Alirefor\APP\Runtime\Cache\Home\a59b5e3d0bfe1e0eebc9ef04a084f7b9.php 第 157 行.
NOTIC: [8] Undefined offset: 0 E:\Alirefor\APP\Runtime\Cache\Home\a59b5e3d0bfe1e0eebc9ef04a084f7b9.php 第 157 行.
NOTIC: [8] Undefined offset: 0 E:\Alirefor\APP\Runtime\Cache\Home\a59b5e3d0bfe1e0eebc9ef04a084f7b9.php 第 157 行.
NOTIC: [8] Undefined variable: data E:\Alirefor\APP\Runtime\Cache\Home\a59b5e3d0bfe1e0eebc9ef04a084f7b9.php 第 259 行.
INFO: Run Behavior\ParseTemplateBehavior [ RunTime:0.078353s ]
INFO: [ view_parse ] --END-- [ RunTime:0.078394s ]
INFO: [ view_filter ] --START--
INFO: Run Behavior\WriteHtmlCacheBehavior [ RunTime:0.000428s ]
INFO: [ view_filter ] --END-- [ RunTime:0.000454s ]
INFO: [ app_end ] --START--
INFO: Run Behavior\ShowPageTraceBehavior [ RunTime:0.000568s ]
INFO: [ app_end ] --END-- [ RunTime:0.000599s ]

