[ 2018-08-01T16:52:04+08:00 ] ::1 /index.php?m=Home&c=Equiplog&a=exl&start_time=2018-07-20%2015:11:53&end_time=2018-08-01%2017:11:53&game_user_id=&game_user_name=&db_id=..%E9%80%89%E6%9C%8D%E5%8A%A1%E5%99%A8..
INFO: [ app_init ] --START--
INFO: Run Behavior\BuildLiteBehavior [ RunTime:0.000012s ]
INFO: [ app_init ] --END-- [ RunTime:0.000085s ]
INFO: [ app_begin ] --START--
INFO: Run Behavior\ReadHtmlCacheBehavior [ RunTime:0.000874s ]
INFO: Run Behavior\CheckLangBehavior [ RunTime:0.001842s ]
INFO: [ app_begin ] --END-- [ RunTime:0.002796s ]
ERR: syntax error, unexpected '}'

[ 2018-08-01T17:56:41+09:00 ] ::1 /index.php?m=Home&c=Equiplog&a=exl&start_time=2018-07-20%2015:11:53&end_time=2018-08-01%2017:11:53&game_user_id=&game_user_name=&db_id=..%E9%80%89%E6%9C%8D%E5%8A%A1%E5%99%A8..
INFO: [ app_init ] --START--
INFO: Run Behavior\BuildLiteBehavior [ RunTime:0.000006s ]
INFO: [ app_init ] --END-- [ RunTime:0.000041s ]
INFO: [ app_begin ] --START--
INFO: Run Behavior\ReadHtmlCacheBehavior [ RunTime:0.000546s ]
INFO: Run Behavior\CheckLangBehavior [ RunTime:0.001374s ]
INFO: [ app_begin ] --END-- [ RunTime:0.001978s ]
SQL: SHOW COLUMNS FROM `admin` [ RunTime:0.0141s ]
SQL: SELECT * FROM `admin` WHERE ( user_name='admin' and password='nanjingcongyu719' ) LIMIT 1   [ RunTime:0.0005s ]
SQL: SELECT * FROM `admin` WHERE ( id=1 ) LIMIT 1   [ RunTime:0.0003s ]
SQL: SHOW COLUMNS FROM `admin_auth_type` [ RunTime:0.0123s ]
SQL: SELECT * FROM `admin_auth_type` WHERE ( id=9 ) LIMIT 1   [ RunTime:0.0003s ]
SQL: SHOW COLUMNS FROM `admin_auth_rule` [ RunTime:0.0125s ]
SQL: SELECT * FROM `admin_auth_rule` WHERE (  status=1 and  id = 147 or  id = 146 or  id = 145 or  id = 144 or  id = 143 or  id = 142 or  id = 141 or  id = 140 or  id = 139 or  id = 138 or  id = 137 or  id = 136 or  id = 135 or  id = 134 or  id = 133 or  id = 132 or  id = 131 or  id = 130 or  id = 129 or  id = 128 or  id = 127 or  id = 126 or  id = 125 or  id = 124 or  id = 123 or  id = 122 or  id = 121 or  id = 120 or  id = 119 or  id = 118 or  id = 117 or  id = 116 or  id = 115 or  id = 114 or  id = 113 or  id = 112 or  id = 111 or  id = 110 or  id = 109 or  id = 108 or  id = 107 or  id = 106 or  id = 105 or  id = 104 or  id = 103 or  id = 102 or  id = 101 or  id = 100 or  id = 99 or  id = 98 or  id = 97 or  id = 96 or  id = 95 or  id = 94 or  id = 93 or  id = 92 or  id = 91 or  id = 90 or  id = 89 or  id = 88 or  id = 87 or  id = 86 or  id = 84 or  id = 83 or  id = 82 or  id = 81 or  id = 80 or  id = 79 or  id = 77 or  id = 76 or  id = 75 or  id = 74 or  id = 73 or  id = 72 or  id = 71 or  id = 70 or  id = 69 or  id = 68 or  id = 67 or  id = 66 or  id = 65 or  id = 64 or  id = 63 or  id = 62 or  id = 61 or  id = 60 or  id = 59 or  id = 58 or  id = 57 or  id = 56 or  id = 55 or  id = 54 or  id = 53 or  id = 52 or  id = 51 or  id = 50 or  id = 49 or  id = 46 or  id = 45 or  id = 44 or  id = 43 or  id = 42 or  id = 41 or  id = 40 or  id = 39 or  id = 38 or  id = 37 or  id = 36 or  id = 35 or  id = 34 or  id = 33 or  id = 32 or  id = 31 or  id = 30 or  id = 29 or  id = 28 or  id = 27 or  id = 26 or  id = 25 or  id = 24 or  id = 23 or  id = 22 or  id = 21 or  id = 20 or  id = 19 or  id = 18 or  id = 17 or  id = 16 or  id = 15 or  id = 14 or  id = 10 or  id = 9 or  id = 8 or  id = 7 or  id = 6 or  id = 5 or  id = 4 or  id = 3 or  id = 2 or  id = 1 or  id = 148 or  id = 149 or  id = 150 or  id = 151 or  id = 152 or  id = 153 or  id = 154 or  id = 155 or  id = 156 or  id = 157 or  id = 158 or  id = 159 or  id = 160 or  id = 161 or  id = 162 or  id = 163 or  id = 164 or  id = 165 or  id = 166 or  id = 167 or  id = 168 or  id = 169 or  id = 170 or  id = 171 or  id = 172 or  id = 173 or  id = 174 or  id = 175 or  id = 176 or  id = 177 or  id = 178 or  id = 179 or  id = 180 or  id = 181 or  id = 182 or  id = 183 or  id = 184 or  id = 185 or  id = 186 or  id = 187 or  id = 188 or  id = 194 or  id = 195 or  id = 196 or  id = 197 or  id = 198 or  id = 199 or  id = 200 or  id = 201 or  id = 202 or  id = 203 or  id = 204 or  id = 205 or  id = 206 or  id = 207 or  id = 208 or  id = 209 or  id = 210 or  id = 211 or  id = 212 or  id = 213 or  id = 214 or  id = 215 or  id = 216 or  id = 217 or  id = 218  ) ORDER BY id  [ RunTime:0.0021s ]
SQL: SELECT * FROM `admin_auth_rule` WHERE ( type=-1 ) ORDER BY status asc  [ RunTime:0.0003s ]
SQL: SELECT * FROM `admin_auth_type` WHERE ( id=9 ) LIMIT 1   [ RunTime:0.0002s ]
SQL: SELECT * FROM `admin_auth_rule` WHERE ( name='Equiplog/exl' ) LIMIT 1   [ RunTime:0.0003s ]
SQL: SHOW COLUMNS FROM `db` [ RunTime:0.0134s ]
SQL: SELECT * FROM `db` ORDER BY db_id desc  [ RunTime:0.0003s ]
SQL: SHOW COLUMNS FROM `equiplog` [ RunTime:0.0133s ]
SQL: SELECT * FROM `equiplog` WHERE ( `LogTime` > '2018-07-20 15:11:53' AND `LogTime` < '2018-08-01 17:11:53'  )  [ RunTime:0.2692s ]

