2017-11-25 00:00:00->OnlineRoleNum->{"serverId":1,"OnLinePlayerNum":0}
2017-11-25 00:02:00->OnlineRoleNum->{"serverId":1,"OnLinePlayerNum":0}
2017-11-25 00:04:00->OnlineRoleNum->{"serverId":1,"OnLinePlayerNum":0}
2017-11-25 00:06:00->OnlineRoleNum->{"serverId":1,"OnLinePlayerNum":0}
2017-11-25 00:08:00->OnlineRoleNum->{"serverId":1,"OnLinePlayerNum":0}
2017-11-25 00:10:00->OnlineRoleNum->{"serverId":1,"OnLinePlayerNum":0}
2017-11-25 00:12:00->OnlineRoleNum->{"serverId":1,"OnLinePlayerNum":0}
2017-11-25 00:14:00->OnlineRoleNum->{"serverId":1,"OnLinePlayerNum":0}
2017-11-25 00:16:00->OnlineRoleNum->{"serverId":1,"OnLinePlayerNum":0}
2017-11-25 00:18:00->OnlineRoleNum->{"serverId":1,"OnLinePlayerNum":0}
2017-11-25 00:20:00->OnlineRoleNum->{"serverId":1,"OnLinePlayerNum":0}
2017-11-25 00:22:00->OnlineRoleNum->{"serverId":1,"OnLinePlayerNum":0}
2017-11-25 00:24:00->OnlineRoleNum->{"serverId":1,"OnLinePlayerNum":0}
2017-11-25 00:26:00->OnlineRoleNum->{"serverId":1,"OnLinePlayerNum":0}
2017-11-25 00:28:00->OnlineRoleNum->{"serverId":1,"OnLinePlayerNum":0}
2017-11-25 00:30:00->OnlineRoleNum->{"serverId":1,"OnLinePlayerNum":0}
2017-11-25 00:32:00->OnlineRoleNum->{"serverId":1,"OnLinePlayerNum":0}
2017-11-25 00:34:00->OnlineRoleNum->{"serverId":1,"OnLinePlayerNum":0}
2017-11-25 00:36:00->OnlineRoleNum->{"serverId":1,"OnLinePlayerNum":0}
2017-11-25 00:38:00->OnlineRoleNum->{"serverId":1,"OnLinePlayerNum":0}
2017-11-25 00:40:00->OnlineRoleNum->{"serverId":1,"OnLinePlayerNum":0}
2017-11-25 00:42:00->OnlineRoleNum->{"serverId":1,"OnLinePlayerNum":0}
2017-11-25 00:44:00->OnlineRoleNum->{"serverId":1,"OnLinePlayerNum":0}
2017-11-25 00:46:00->OnlineRoleNum->{"serverId":1,"OnLinePlayerNum":0}
2017-11-25 00:48:00->OnlineRoleNum->{"serverId":1,"OnLinePlayerNum":0}
2017-11-25 00:50:00->OnlineRoleNum->{"serverId":1,"OnLinePlayerNum":0}
2017-11-25 00:54:00->OnlineRoleNum->{"serverId":1,"OnLinePlayerNum":0}
2017-11-25 00:56:00->OnlineRoleNum->{"serverId":1,"OnLinePlayerNum":0}
2017-11-25 00:58:00->OnlineRoleNum->{"serverId":1,"OnLinePlayerNum":0}
2017-11-25 01:00:00->OnlineRoleNum->{"serverId":1,"OnLinePlayerNum":0}
2017-11-25 01:02:00->OnlineRoleNum->{"serverId":1,"OnLinePlayerNum":0}
2017-11-25 01:04:00->OnlineRoleNum->{"serverId":1,"OnLinePlayerNum":0}
2017-11-25 01:06:00->OnlineRoleNum->{"serverId":1,"OnLinePlayerNum":0}
2017-11-25 01:08:00->OnlineRoleNum->{"serverId":1,"OnLinePlayerNum":0}
2017-11-25 01:10:00->OnlineRoleNum->{"serverId":1,"OnLinePlayerNum":0}
2017-11-25 01:12:00->OnlineRoleNum->{"serverId":1,"OnLinePlayerNum":0}
2017-11-25 01:14:00->OnlineRoleNum->{"serverId":1,"OnLinePlayerNum":0}
2017-11-25 01:16:00->OnlineRoleNum->{"serverId":1,"OnLinePlayerNum":0}
2017-11-25 01:18:00->OnlineRoleNum->{"serverId":1,"OnLinePlayerNum":0}
2017-11-25 01:20:00->OnlineRoleNum->{"serverId":1,"OnLinePlayerNum":0}
2017-11-25 01:22:00->OnlineRoleNum->{"serverId":1,"OnLinePlayerNum":0}
2017-11-25 01:24:00->OnlineRoleNum->{"serverId":1,"OnLinePlayerNum":0}
2017-11-25 01:26:00->OnlineRoleNum->{"serverId":1,"OnLinePlayerNum":0}
2017-11-25 01:28:00->OnlineRoleNum->{"serverId":1,"OnLinePlayerNum":0}
2017-11-25 01:30:00->OnlineRoleNum->{"serverId":1,"OnLinePlayerNum":0}
2017-11-25 01:32:00->OnlineRoleNum->{"serverId":1,"OnLinePlayerNum":0}
2017-11-25 01:34:00->OnlineRoleNum->{"serverId":1,"OnLinePlayerNum":0}
2017-11-25 01:36:00->OnlineRoleNum->{"serverId":1,"OnLinePlayerNum":0}
2017-11-25 01:38:00->OnlineRoleNum->{"serverId":1,"OnLinePlayerNum":0}
2017-11-25 01:40:00->OnlineRoleNum->{"serverId":1,"OnLinePlayerNum":0}
2017-11-25 01:42:00->OnlineRoleNum->{"serverId":1,"OnLinePlayerNum":0}
2017-11-25 01:44:00->OnlineRoleNum->{"serverId":1,"OnLinePlayerNum":0}
2017-11-25 01:46:00->OnlineRoleNum->{"serverId":1,"OnLinePlayerNum":0}
2017-11-25 01:48:00->OnlineRoleNum->{"serverId":1,"OnLinePlayerNum":0}
2017-11-25 01:50:00->OnlineRoleNum->{"serverId":1,"OnLinePlayerNum":0}
2017-11-25 01:52:00->OnlineRoleNum->{"serverId":1,"OnLinePlayerNum":0}
2017-11-25 01:54:00->OnlineRoleNum->{"serverId":1,"OnLinePlayerNum":0}
2017-11-25 01:56:00->OnlineRoleNum->{"serverId":1,"OnLinePlayerNum":0}
2017-11-25 01:58:00->OnlineRoleNum->{"serverId":1,"OnLinePlayerNum":0}
2017-11-25 02:00:00->OnlineRoleNum->{"serverId":1,"OnLinePlayerNum":0}
2017-11-25 02:02:00->OnlineRoleNum->{"serverId":1,"OnLinePlayerNum":0}
2017-11-25 02:04:00->OnlineRoleNum->{"serverId":1,"OnLinePlayerNum":0}
2017-11-25 02:06:00->OnlineRoleNum->{"serverId":1,"OnLinePlayerNum":0}
2017-11-25 02:08:00->OnlineRoleNum->{"serverId":1,"OnLinePlayerNum":0}
2017-11-25 02:10:00->OnlineRoleNum->{"serverId":1,"OnLinePlayerNum":0}
2017-11-25 02:12:00->OnlineRoleNum->{"serverId":1,"OnLinePlayerNum":0}
2017-11-25 02:14:00->OnlineRoleNum->{"serverId":1,"OnLinePlayerNum":0}
2017-11-25 02:16:00->OnlineRoleNum->{"serverId":1,"OnLinePlayerNum":0}
2017-11-25 02:18:00->OnlineRoleNum->{"serverId":1,"OnLinePlayerNum":0}
2017-11-25 02:20:00->OnlineRoleNum->{"serverId":1,"OnLinePlayerNum":0}
2017-11-25 02:22:00->OnlineRoleNum->{"serverId":1,"OnLinePlayerNum":0}
2017-11-25 02:24:00->OnlineRoleNum->{"serverId":1,"OnLinePlayerNum":0}
2017-11-25 02:26:00->OnlineRoleNum->{"serverId":1,"OnLinePlayerNum":0}
2017-11-25 02:28:00->OnlineRoleNum->{"serverId":1,"OnLinePlayerNum":0}
2017-11-25 02:30:00->OnlineRoleNum->{"serverId":1,"OnLinePlayerNum":0}
2017-11-25 02:32:00->OnlineRoleNum->{"serverId":1,"OnLinePlayerNum":0}
2017-11-25 02:34:00->OnlineRoleNum->{"serverId":1,"OnLinePlayerNum":0}
2017-11-25 02:36:00->OnlineRoleNum->{"serverId":1,"OnLinePlayerNum":0}
2017-11-25 02:38:00->OnlineRoleNum->{"serverId":1,"OnLinePlayerNum":0}
2017-11-25 02:40:00->OnlineRoleNum->{"serverId":1,"OnLinePlayerNum":0}
2017-11-25 02:42:00->OnlineRoleNum->{"serverId":1,"OnLinePlayerNum":0}
2017-11-25 02:44:00->OnlineRoleNum->{"serverId":1,"OnLinePlayerNum":0}
2017-11-25 02:46:00->OnlineRoleNum->{"serverId":1,"OnLinePlayerNum":0}
2017-11-25 02:48:00->OnlineRoleNum->{"serverId":1,"OnLinePlayerNum":0}
2017-11-25 02:50:00->OnlineRoleNum->{"serverId":1,"OnLinePlayerNum":0}
2017-11-25 02:54:00->OnlineRoleNum->{"serverId":1,"OnLinePlayerNum":0}
2017-11-25 02:56:00->OnlineRoleNum->{"serverId":1,"OnLinePlayerNum":0}
2017-11-25 02:58:00->OnlineRoleNum->{"serverId":1,"OnLinePlayerNum":0}
2017-11-25 03:00:00->OnlineRoleNum->{"serverId":1,"OnLinePlayerNum":0}
2017-11-25 03:02:00->OnlineRoleNum->{"serverId":1,"OnLinePlayerNum":0}
2017-11-25 03:04:00->OnlineRoleNum->{"serverId":1,"OnLinePlayerNum":0}
2017-11-25 03:06:00->OnlineRoleNum->{"serverId":1,"OnLinePlayerNum":0}
2017-11-25 03:08:00->OnlineRoleNum->{"serverId":1,"OnLinePlayerNum":0}
2017-11-25 03:10:00->OnlineRoleNum->{"serverId":1,"OnLinePlayerNum":0}
2017-11-25 03:12:00->OnlineRoleNum->{"serverId":1,"OnLinePlayerNum":0}
2017-11-25 03:14:00->OnlineRoleNum->{"serverId":1,"OnLinePlayerNum":0}
2017-11-25 03:16:00->OnlineRoleNum->{"serverId":1,"OnLinePlayerNum":0}
2017-11-25 03:18:00->OnlineRoleNum->{"serverId":1,"OnLinePlayerNum":0}
2017-11-25 03:20:00->OnlineRoleNum->{"serverId":1,"OnLinePlayerNum":0}
2017-11-25 03:22:00->OnlineRoleNum->{"serverId":1,"OnLinePlayerNum":0}
2017-11-25 03:24:00->OnlineRoleNum->{"serverId":1,"OnLinePlayerNum":0}
2017-11-25 03:26:00->OnlineRoleNum->{"serverId":1,"OnLinePlayerNum":0}
2017-11-25 03:28:00->OnlineRoleNum->{"serverId":1,"OnLinePlayerNum":0}
2017-11-25 03:30:00->OnlineRoleNum->{"serverId":1,"OnLinePlayerNum":0}
2017-11-25 03:32:00->OnlineRoleNum->{"serverId":1,"OnLinePlayerNum":0}
2017-11-25 03:34:00->OnlineRoleNum->{"serverId":1,"OnLinePlayerNum":0}
2017-11-25 03:36:00->OnlineRoleNum->{"serverId":1,"OnLinePlayerNum":0}
2017-11-25 03:38:00->OnlineRoleNum->{"serverId":1,"OnLinePlayerNum":0}
2017-11-25 03:40:00->OnlineRoleNum->{"serverId":1,"OnLinePlayerNum":0}
2017-11-25 03:42:00->OnlineRoleNum->{"serverId":1,"OnLinePlayerNum":0}
2017-11-25 03:44:00->OnlineRoleNum->{"serverId":1,"OnLinePlayerNum":0}
2017-11-25 03:46:00->OnlineRoleNum->{"serverId":1,"OnLinePlayerNum":0}
2017-11-25 03:48:00->OnlineRoleNum->{"serverId":1,"OnLinePlayerNum":0}
2017-11-25 03:50:00->OnlineRoleNum->{"serverId":1,"OnLinePlayerNum":0}
2017-11-25 03:52:00->OnlineRoleNum->{"serverId":1,"OnLinePlayerNum":0}
2017-11-25 03:54:00->OnlineRoleNum->{"serverId":1,"OnLinePlayerNum":0}
2017-11-25 03:56:00->OnlineRoleNum->{"serverId":1,"OnLinePlayerNum":0}
2017-11-25 03:58:00->OnlineRoleNum->{"serverId":1,"OnLinePlayerNum":0}
2017-11-25 04:00:00->OnlineRoleNum->{"serverId":1,"OnLinePlayerNum":0}
2017-11-25 04:02:00->OnlineRoleNum->{"serverId":1,"OnLinePlayerNum":0}
2017-11-25 04:04:00->OnlineRoleNum->{"serverId":1,"OnLinePlayerNum":0}
2017-11-25 04:06:00->OnlineRoleNum->{"serverId":1,"OnLinePlayerNum":0}
2017-11-25 04:08:00->OnlineRoleNum->{"serverId":1,"OnLinePlayerNum":0}
2017-11-25 04:10:00->OnlineRoleNum->{"serverId":1,"OnLinePlayerNum":0}
2017-11-25 04:12:00->OnlineRoleNum->{"serverId":1,"OnLinePlayerNum":0}
2017-11-25 04:14:00->OnlineRoleNum->{"serverId":1,"OnLinePlayerNum":0}
2017-11-25 04:16:00->OnlineRoleNum->{"serverId":1,"OnLinePlayerNum":0}
2017-11-25 04:18:00->OnlineRoleNum->{"serverId":1,"OnLinePlayerNum":0}
2017-11-25 04:20:00->OnlineRoleNum->{"serverId":1,"OnLinePlayerNum":0}
2017-11-25 04:22:00->OnlineRoleNum->{"serverId":1,"OnLinePlayerNum":0}
2017-11-25 04:24:00->OnlineRoleNum->{"serverId":1,"OnLinePlayerNum":0}
2017-11-25 04:26:00->OnlineRoleNum->{"serverId":1,"OnLinePlayerNum":0}
2017-11-25 04:28:00->OnlineRoleNum->{"serverId":1,"OnLinePlayerNum":0}
2017-11-25 04:30:00->OnlineRoleNum->{"serverId":1,"OnLinePlayerNum":0}
2017-11-25 04:32:00->OnlineRoleNum->{"serverId":1,"OnLinePlayerNum":0}
2017-11-25 04:34:00->OnlineRoleNum->{"serverId":1,"OnLinePlayerNum":0}
2017-11-25 04:36:00->OnlineRoleNum->{"serverId":1,"OnLinePlayerNum":0}
2017-11-25 04:38:00->OnlineRoleNum->{"serverId":1,"OnLinePlayerNum":0}
2017-11-25 04:40:00->OnlineRoleNum->{"serverId":1,"OnLinePlayerNum":0}
2017-11-25 04:42:00->OnlineRoleNum->{"serverId":1,"OnLinePlayerNum":0}
2017-11-25 04:44:00->OnlineRoleNum->{"serverId":1,"OnLinePlayerNum":0}
2017-11-25 04:46:00->OnlineRoleNum->{"serverId":1,"OnLinePlayerNum":0}
2017-11-25 04:48:00->OnlineRoleNum->{"serverId":1,"OnLinePlayerNum":0}
2017-11-25 04:50:00->OnlineRoleNum->{"serverId":1,"OnLinePlayerNum":0}
2017-11-25 04:52:00->OnlineRoleNum->{"serverId":1,"OnLinePlayerNum":0}
2017-11-25 04:54:00->OnlineRoleNum->{"serverId":1,"OnLinePlayerNum":0}
2017-11-25 04:56:00->OnlineRoleNum->{"serverId":1,"OnLinePlayerNum":0}
2017-11-25 04:58:00->OnlineRoleNum->{"serverId":1,"OnLinePlayerNum":0}
2017-11-25 05:00:00->OnlineRoleNum->{"serverId":1,"OnLinePlayerNum":0}
2017-11-25 05:02:00->OnlineRoleNum->{"serverId":1,"OnLinePlayerNum":0}
2017-11-25 05:04:00->OnlineRoleNum->{"serverId":1,"OnLinePlayerNum":0}
2017-11-25 05:06:00->OnlineRoleNum->{"serverId":1,"OnLinePlayerNum":0}
2017-11-25 05:08:00->OnlineRoleNum->{"serverId":1,"OnLinePlayerNum":0}
2017-11-25 05:10:00->OnlineRoleNum->{"serverId":1,"OnLinePlayerNum":0}
2017-11-25 05:12:00->OnlineRoleNum->{"serverId":1,"OnLinePlayerNum":0}
2017-11-25 05:14:00->OnlineRoleNum->{"serverId":1,"OnLinePlayerNum":0}
2017-11-25 05:16:00->OnlineRoleNum->{"serverId":1,"OnLinePlayerNum":0}
2017-11-25 05:18:00->OnlineRoleNum->{"serverId":1,"OnLinePlayerNum":0}
2017-11-25 05:20:00->OnlineRoleNum->{"serverId":1,"OnLinePlayerNum":0}
2017-11-25 05:22:00->OnlineRoleNum->{"serverId":1,"OnLinePlayerNum":0}
2017-11-25 05:24:00->OnlineRoleNum->{"serverId":1,"OnLinePlayerNum":0}
2017-11-25 05:26:00->OnlineRoleNum->{"serverId":1,"OnLinePlayerNum":0}
2017-11-25 05:28:00->OnlineRoleNum->{"serverId":1,"OnLinePlayerNum":0}
2017-11-25 05:30:00->OnlineRoleNum->{"serverId":1,"OnLinePlayerNum":0}
2017-11-25 05:32:00->OnlineRoleNum->{"serverId":1,"OnLinePlayerNum":0}
2017-11-25 05:34:00->OnlineRoleNum->{"serverId":1,"OnLinePlayerNum":0}
2017-11-25 05:36:00->OnlineRoleNum->{"serverId":1,"OnLinePlayerNum":0}
2017-11-25 05:38:00->OnlineRoleNum->{"serverId":1,"OnLinePlayerNum":0}
2017-11-25 05:40:00->OnlineRoleNum->{"serverId":1,"OnLinePlayerNum":0}
2017-11-25 05:42:00->OnlineRoleNum->{"serverId":1,"OnLinePlayerNum":0}
2017-11-25 05:44:00->OnlineRoleNum->{"serverId":1,"OnLinePlayerNum":0}
2017-11-25 05:46:00->OnlineRoleNum->{"serverId":1,"OnLinePlayerNum":0}
2017-11-25 05:48:00->OnlineRoleNum->{"serverId":1,"OnLinePlayerNum":0}
2017-11-25 05:50:00->OnlineRoleNum->{"serverId":1,"OnLinePlayerNum":0}
2017-11-25 05:52:00->OnlineRoleNum->{"serverId":1,"OnLinePlayerNum":0}
2017-11-25 05:54:00->OnlineRoleNum->{"serverId":1,"OnLinePlayerNum":0}
2017-11-25 05:56:00->OnlineRoleNum->{"serverId":1,"OnLinePlayerNum":0}
2017-11-25 05:58:00->OnlineRoleNum->{"serverId":1,"OnLinePlayerNum":0}
2017-11-25 06:00:00->OnlineRoleNum->{"serverId":1,"OnLinePlayerNum":0}
2017-11-25 06:02:00->OnlineRoleNum->{"serverId":1,"OnLinePlayerNum":0}
2017-11-25 06:04:00->OnlineRoleNum->{"serverId":1,"OnLinePlayerNum":0}
2017-11-25 06:06:00->OnlineRoleNum->{"serverId":1,"OnLinePlayerNum":0}
2017-11-25 06:08:00->OnlineRoleNum->{"serverId":1,"OnLinePlayerNum":0}
2017-11-25 06:10:00->OnlineRoleNum->{"serverId":1,"OnLinePlayerNum":0}
2017-11-25 06:12:00->OnlineRoleNum->{"serverId":1,"OnLinePlayerNum":0}
2017-11-25 06:14:00->OnlineRoleNum->{"serverId":1,"OnLinePlayerNum":0}
2017-11-25 06:16:00->OnlineRoleNum->{"serverId":1,"OnLinePlayerNum":0}
2017-11-25 06:18:00->OnlineRoleNum->{"serverId":1,"OnLinePlayerNum":0}
2017-11-25 06:20:00->OnlineRoleNum->{"serverId":1,"OnLinePlayerNum":0}
2017-11-25 06:22:00->OnlineRoleNum->{"serverId":1,"OnLinePlayerNum":0}
2017-11-25 06:24:00->OnlineRoleNum->{"serverId":1,"OnLinePlayerNum":0}
2017-11-25 06:26:00->OnlineRoleNum->{"serverId":1,"OnLinePlayerNum":0}
2017-11-25 06:28:00->OnlineRoleNum->{"serverId":1,"OnLinePlayerNum":0}
2017-11-25 06:30:00->OnlineRoleNum->{"serverId":1,"OnLinePlayerNum":0}
2017-11-25 06:32:00->OnlineRoleNum->{"serverId":1,"OnLinePlayerNum":0}
2017-11-25 06:34:00->OnlineRoleNum->{"serverId":1,"OnLinePlayerNum":0}
2017-11-25 06:36:00->OnlineRoleNum->{"serverId":1,"OnLinePlayerNum":0}
2017-11-25 06:38:00->OnlineRoleNum->{"serverId":1,"OnLinePlayerNum":0}
2017-11-25 06:40:00->OnlineRoleNum->{"serverId":1,"OnLinePlayerNum":0}
2017-11-25 06:42:00->OnlineRoleNum->{"serverId":1,"OnLinePlayerNum":0}
2017-11-25 06:44:00->OnlineRoleNum->{"serverId":1,"OnLinePlayerNum":0}
2017-11-25 06:46:00->OnlineRoleNum->{"serverId":1,"OnLinePlayerNum":0}
2017-11-25 06:48:00->OnlineRoleNum->{"serverId":1,"OnLinePlayerNum":0}
2017-11-25 06:50:00->OnlineRoleNum->{"serverId":1,"OnLinePlayerNum":0}
2017-11-25 06:52:00->OnlineRoleNum->{"serverId":1,"OnLinePlayerNum":0}
2017-11-25 06:54:00->OnlineRoleNum->{"serverId":1,"OnLinePlayerNum":0}
2017-11-25 06:56:00->OnlineRoleNum->{"serverId":1,"OnLinePlayerNum":0}
2017-11-25 06:58:00->OnlineRoleNum->{"serverId":1,"OnLinePlayerNum":0}
2017-11-25 07:00:00->OnlineRoleNum->{"serverId":1,"OnLinePlayerNum":0}
2017-11-25 07:02:00->OnlineRoleNum->{"serverId":1,"OnLinePlayerNum":0}
2017-11-25 07:04:00->OnlineRoleNum->{"serverId":1,"OnLinePlayerNum":0}
2017-11-25 07:06:00->OnlineRoleNum->{"serverId":1,"OnLinePlayerNum":0}
2017-11-25 07:08:00->OnlineRoleNum->{"serverId":1,"OnLinePlayerNum":0}
2017-11-25 07:10:00->OnlineRoleNum->{"serverId":1,"OnLinePlayerNum":0}
2017-11-25 07:12:00->OnlineRoleNum->{"serverId":1,"OnLinePlayerNum":0}
2017-11-25 07:14:00->OnlineRoleNum->{"serverId":1,"OnLinePlayerNum":0}
2017-11-25 07:16:00->OnlineRoleNum->{"serverId":1,"OnLinePlayerNum":0}
2017-11-25 07:18:00->OnlineRoleNum->{"serverId":1,"OnLinePlayerNum":0}
2017-11-25 07:20:00->OnlineRoleNum->{"serverId":1,"OnLinePlayerNum":0}
2017-11-25 07:22:00->OnlineRoleNum->{"serverId":1,"OnLinePlayerNum":0}
2017-11-25 07:24:00->OnlineRoleNum->{"serverId":1,"OnLinePlayerNum":0}
2017-11-25 07:26:00->OnlineRoleNum->{"serverId":1,"OnLinePlayerNum":0}
2017-11-25 07:28:00->OnlineRoleNum->{"serverId":1,"OnLinePlayerNum":0}
2017-11-25 07:30:00->OnlineRoleNum->{"serverId":1,"OnLinePlayerNum":0}
2017-11-25 07:32:00->OnlineRoleNum->{"serverId":1,"OnLinePlayerNum":0}
2017-11-25 07:34:00->OnlineRoleNum->{"serverId":1,"OnLinePlayerNum":0}
2017-11-25 07:36:00->OnlineRoleNum->{"serverId":1,"OnLinePlayerNum":0}
2017-11-25 07:38:00->OnlineRoleNum->{"serverId":1,"OnLinePlayerNum":0}
2017-11-25 07:40:00->OnlineRoleNum->{"serverId":1,"OnLinePlayerNum":0}
2017-11-25 07:42:00->OnlineRoleNum->{"serverId":1,"OnLinePlayerNum":0}
2017-11-25 07:44:00->OnlineRoleNum->{"serverId":1,"OnLinePlayerNum":0}
2017-11-25 07:46:00->OnlineRoleNum->{"serverId":1,"OnLinePlayerNum":0}
2017-11-25 07:48:00->OnlineRoleNum->{"serverId":1,"OnLinePlayerNum":0}
2017-11-25 07:50:00->OnlineRoleNum->{"serverId":1,"OnLinePlayerNum":0}
2017-11-25 07:52:00->OnlineRoleNum->{"serverId":1,"OnLinePlayerNum":0}
2017-11-25 07:54:00->OnlineRoleNum->{"serverId":1,"OnLinePlayerNum":0}
2017-11-25 07:56:00->OnlineRoleNum->{"serverId":1,"OnLinePlayerNum":0}
2017-11-25 07:58:00->OnlineRoleNum->{"serverId":1,"OnLinePlayerNum":0}
2017-11-25 08:00:00->OnlineRoleNum->{"serverId":1,"OnLinePlayerNum":0}
2017-11-25 08:02:00->OnlineRoleNum->{"serverId":1,"OnLinePlayerNum":0}
2017-11-25 08:04:00->OnlineRoleNum->{"serverId":1,"OnLinePlayerNum":0}
2017-11-25 08:06:00->OnlineRoleNum->{"serverId":1,"OnLinePlayerNum":0}
2017-11-25 08:08:00->OnlineRoleNum->{"serverId":1,"OnLinePlayerNum":0}
2017-11-25 08:10:00->OnlineRoleNum->{"serverId":1,"OnLinePlayerNum":0}
2017-11-25 08:12:00->OnlineRoleNum->{"serverId":1,"OnLinePlayerNum":0}
2017-11-25 08:14:00->OnlineRoleNum->{"serverId":1,"OnLinePlayerNum":0}
2017-11-25 08:16:00->OnlineRoleNum->{"serverId":1,"OnLinePlayerNum":0}
2017-11-25 08:18:00->OnlineRoleNum->{"serverId":1,"OnLinePlayerNum":0}
2017-11-25 08:20:00->OnlineRoleNum->{"serverId":1,"OnLinePlayerNum":0}
2017-11-25 08:22:00->OnlineRoleNum->{"serverId":1,"OnLinePlayerNum":0}
2017-11-25 08:24:00->OnlineRoleNum->{"serverId":1,"OnLinePlayerNum":0}
2017-11-25 08:26:00->OnlineRoleNum->{"serverId":1,"OnLinePlayerNum":0}
2017-11-25 08:28:00->OnlineRoleNum->{"serverId":1,"OnLinePlayerNum":0}
2017-11-25 08:30:00->OnlineRoleNum->{"serverId":1,"OnLinePlayerNum":0}
2017-11-25 08:32:00->OnlineRoleNum->{"serverId":1,"OnLinePlayerNum":0}
2017-11-25 08:34:00->OnlineRoleNum->{"serverId":1,"OnLinePlayerNum":0}
2017-11-25 08:36:00->OnlineRoleNum->{"serverId":1,"OnLinePlayerNum":0}
2017-11-25 08:38:00->OnlineRoleNum->{"serverId":1,"OnLinePlayerNum":0}
2017-11-25 08:40:00->OnlineRoleNum->{"serverId":1,"OnLinePlayerNum":0}
2017-11-25 08:42:00->OnlineRoleNum->{"serverId":1,"OnLinePlayerNum":0}
2017-11-25 08:44:00->OnlineRoleNum->{"serverId":1,"OnLinePlayerNum":0}
2017-11-25 08:46:00->OnlineRoleNum->{"serverId":1,"OnLinePlayerNum":0}
2017-11-25 08:48:00->OnlineRoleNum->{"serverId":1,"OnLinePlayerNum":0}
2017-11-25 08:50:00->OnlineRoleNum->{"serverId":1,"OnLinePlayerNum":0}
2017-11-25 08:52:00->OnlineRoleNum->{"serverId":1,"OnLinePlayerNum":0}
2017-11-25 08:54:00->OnlineRoleNum->{"serverId":1,"OnLinePlayerNum":0}
2017-11-25 08:56:00->OnlineRoleNum->{"serverId":1,"OnLinePlayerNum":0}
2017-11-25 08:58:00->OnlineRoleNum->{"serverId":1,"OnLinePlayerNum":0}
2017-11-25 09:00:00->OnlineRoleNum->{"serverId":1,"OnLinePlayerNum":0}
2017-11-25 09:02:00->OnlineRoleNum->{"serverId":1,"OnLinePlayerNum":0}
2017-11-25 09:04:00->OnlineRoleNum->{"serverId":1,"OnLinePlayerNum":0}
2017-11-25 09:06:00->OnlineRoleNum->{"serverId":1,"OnLinePlayerNum":0}
2017-11-25 09:08:00->OnlineRoleNum->{"serverId":1,"OnLinePlayerNum":0}
2017-11-25 09:10:00->OnlineRoleNum->{"serverId":1,"OnLinePlayerNum":0}
2017-11-25 09:12:00->OnlineRoleNum->{"serverId":1,"OnLinePlayerNum":0}
2017-11-25 09:14:00->OnlineRoleNum->{"serverId":1,"OnLinePlayerNum":0}
2017-11-25 09:16:00->OnlineRoleNum->{"serverId":1,"OnLinePlayerNum":0}
2017-11-25 09:18:00->OnlineRoleNum->{"serverId":1,"OnLinePlayerNum":0}
2017-11-25 09:20:00->OnlineRoleNum->{"serverId":1,"OnLinePlayerNum":0}
2017-11-25 09:22:00->OnlineRoleNum->{"serverId":1,"OnLinePlayerNum":0}
2017-11-25 09:24:00->OnlineRoleNum->{"serverId":1,"OnLinePlayerNum":0}
2017-11-25 09:26:00->OnlineRoleNum->{"serverId":1,"OnLinePlayerNum":0}
2017-11-25 09:28:00->OnlineRoleNum->{"serverId":1,"OnLinePlayerNum":0}
2017-11-25 09:30:00->OnlineRoleNum->{"serverId":1,"OnLinePlayerNum":0}
2017-11-25 09:32:00->OnlineRoleNum->{"serverId":1,"OnLinePlayerNum":0}
2017-11-25 09:34:00->OnlineRoleNum->{"serverId":1,"OnLinePlayerNum":0}
2017-11-25 09:35:09->LoginRole->role_name:寒衣调天影->{"ip":"192.168.88.61:46418 ","ClientApp_ver":0,"serverID":1,"account_id":"7","account_Name":"test7","role_id":1800200326,"role_name":"\u5BD2\u8863\u8C03\u5929\u5F71","role_create_time":"2017-10-23 13:40:51","role_ChangeLife":10,"role_level":90,"login_time":"2017-11-25 09:35:09","last_logout_time":"2017-11-24 21:28:02"}
2017-11-25 09:36:00->OnlineRoleNum->{"serverId":1,"OnLinePlayerNum":1}
2017-11-25 09:38:00->OnlineRoleNum->{"serverId":1,"OnLinePlayerNum":1}
2017-11-25 09:40:00->OnlineRoleNum->{"serverId":1,"OnLinePlayerNum":1}
2017-11-25 09:42:00->OnlineRoleNum->{"serverId":1,"OnLinePlayerNum":1}
2017-11-25 09:44:00->OnlineRoleNum->{"serverId":1,"OnLinePlayerNum":1}
2017-11-25 09:46:00->OnlineRoleNum->{"serverId":1,"OnLinePlayerNum":1}
2017-11-25 09:48:00->OnlineRoleNum->{"serverId":1,"OnLinePlayerNum":1}
2017-11-25 09:50:00->OnlineRoleNum->{"serverId":1,"OnLinePlayerNum":1}
2017-11-25 09:52:00->OnlineRoleNum->{"serverId":1,"OnLinePlayerNum":1}
2017-11-25 09:54:00->OnlineRoleNum->{"serverId":1,"OnLinePlayerNum":1}
2017-11-25 09:56:00->OnlineRoleNum->{"serverId":1,"OnLinePlayerNum":1}
2017-11-25 09:58:00->OnlineRoleNum->{"serverId":1,"OnLinePlayerNum":1}
2017-11-25 10:00:00->OnlineRoleNum->{"serverId":1,"OnLinePlayerNum":1}
2017-11-25 10:02:00->OnlineRoleNum->{"serverId":1,"OnLinePlayerNum":1}
2017-11-25 10:04:00->OnlineRoleNum->{"serverId":1,"OnLinePlayerNum":1}
2017-11-25 10:04:14->CreateRole->role_name:初霜仲夏:{"ip":"192.168.88.61","serverID":1,"account_id":"2599","account_Name":"s061","role_id":1800600392,"role_name":"\u521D\u971C\u4EF2\u590F","create_time":"2017-11-25 10:04:14"}
2017-11-25 10:04:15->LoginRole->role_name:初霜仲夏->{"ip":"192.168.88.61:47250 ","ClientApp_ver":0,"serverID":1,"account_id":"2599","account_Name":"s061","role_id":1800600392,"role_name":"\u521D\u971C\u4EF2\u590F","role_create_time":"2017-11-25 10:04:14","role_ChangeLife":0,"role_level":1,"login_time":"2017-11-25 10:04:15","last_logout_time":"1900-01-01 12:00:00"}
2017-11-25 10:06:00->OnlineRoleNum->{"serverId":1,"OnLinePlayerNum":2}
2017-11-25 10:08:00->OnlineRoleNum->{"serverId":1,"OnLinePlayerNum":2}
2017-11-25 10:10:00->OnlineRoleNum->{"serverId":1,"OnLinePlayerNum":2}
2017-11-25 10:12:00->OnlineRoleNum->{"serverId":1,"OnLinePlayerNum":2}
2017-11-25 10:14:00->OnlineRoleNum->{"serverId":1,"OnLinePlayerNum":2}
2017-11-25 10:16:00->OnlineRoleNum->{"serverId":1,"OnLinePlayerNum":2}
2017-11-25 10:18:00->OnlineRoleNum->{"serverId":1,"OnLinePlayerNum":2}
2017-11-25 10:20:00->OnlineRoleNum->{"serverId":1,"OnLinePlayerNum":2}
2017-11-25 10:22:00->OnlineRoleNum->{"serverId":1,"OnLinePlayerNum":2}
2017-11-25 10:24:00->OnlineRoleNum->{"serverId":1,"OnLinePlayerNum":2}
2017-11-25 10:26:00->OnlineRoleNum->{"serverId":1,"OnLinePlayerNum":2}
2017-11-25 10:28:00->OnlineRoleNum->{"serverId":1,"OnLinePlayerNum":2}
2017-11-25 10:30:00->OnlineRoleNum->{"serverId":1,"OnLinePlayerNum":2}
2017-11-25 10:32:00->OnlineRoleNum->{"serverId":1,"OnLinePlayerNum":2}
2017-11-25 10:34:00->OnlineRoleNum->{"serverId":1,"OnLinePlayerNum":2}
2017-11-25 10:36:00->OnlineRoleNum->{"serverId":1,"OnLinePlayerNum":2}
2017-11-25 10:38:00->OnlineRoleNum->{"serverId":1,"OnLinePlayerNum":2}
2017-11-25 10:40:00->OnlineRoleNum->{"serverId":1,"OnLinePlayerNum":2}
2017-11-25 10:42:00->OnlineRoleNum->{"serverId":1,"OnLinePlayerNum":2}
2017-11-25 10:44:00->OnlineRoleNum->{"serverId":1,"OnLinePlayerNum":2}
2017-11-25 10:46:00->OnlineRoleNum->{"serverId":1,"OnLinePlayerNum":2}
2017-11-25 10:48:00->OnlineRoleNum->{"serverId":1,"OnLinePlayerNum":2}
2017-11-25 10:50:00->OnlineRoleNum->{"serverId":1,"OnLinePlayerNum":2}
2017-11-25 10:52:00->OnlineRoleNum->{"serverId":1,"OnLinePlayerNum":2}
2017-11-25 10:54:00->OnlineRoleNum->{"serverId":1,"OnLinePlayerNum":2}
2017-11-25 10:56:00->OnlineRoleNum->{"serverId":1,"OnLinePlayerNum":2}
2017-11-25 10:58:00->OnlineRoleNum->{"serverId":1,"OnLinePlayerNum":2}
2017-11-25 11:00:00->OnlineRoleNum->{"serverId":1,"OnLinePlayerNum":2}
2017-11-25 11:02:00->OnlineRoleNum->{"serverId":1,"OnLinePlayerNum":2}
2017-11-25 11:04:00->OnlineRoleNum->{"serverId":1,"OnLinePlayerNum":2}
2017-11-25 11:05:03->YuanbaoUse->role_name:初霜仲夏:reason:一键完日常任务->{"server":1,"account_id":"2599","account_Name":"s061","role_id":1800600392,"role_name":"\u521D\u971C\u4EF2\u590F","role_ChangeLife":1,"role_level":49,"vip":12,"ip":"192.168.88.61:47250 ","useYuanbao":150,"left_yuanbao":2978707,"use_time":"2017-11-25 11:05:03"}
2017-11-25 11:06:00->OnlineRoleNum->{"serverId":1,"OnLinePlayerNum":2}
2017-11-25 11:08:00->OnlineRoleNum->{"serverId":1,"OnLinePlayerNum":2}
2017-11-25 11:10:00->OnlineRoleNum->{"serverId":1,"OnLinePlayerNum":2}
2017-11-25 11:11:43->LogoutRole->role_name:初霜仲夏->{"ip":"192.168.88.61:47250 ","ClientApp_ver":20151212,"serverID":1,"account_id":"2599","account_Name":"s061","role_id":1800600392,"role_name":"\u521D\u971C\u4EF2\u590F","role_create_time":"2017-11-25 10:04:14","role_ChangeLife":1,"role_level":65,"logout_time":"2017-11-25 11:11:43","Online_time":4041,"last_operation":"","money_sum":0,"exp_sum":0,"item_sum":0}
2017-11-25 11:12:00->OnlineRoleNum->{"serverId":1,"OnLinePlayerNum":1}
2017-11-25 11:13:28->LoginRole->role_name:初霜仲夏->{"ip":"192.168.88.61:48684 ","ClientApp_ver":0,"serverID":1,"account_id":"2599","account_Name":"s061","role_id":1800600392,"role_name":"\u521D\u971C\u4EF2\u590F","role_create_time":"2017-11-25 10:04:14","role_ChangeLife":1,"role_level":65,"login_time":"2017-11-25 11:13:28","last_logout_time":"2017-11-25 11:11:43"}
2017-11-25 11:14:00->OnlineRoleNum->{"serverId":1,"OnLinePlayerNum":2}
2017-11-25 11:16:00->OnlineRoleNum->{"serverId":1,"OnLinePlayerNum":2}
2017-11-25 11:18:00->OnlineRoleNum->{"serverId":1,"OnLinePlayerNum":2}
2017-11-25 11:18:03->LogoutRole->role_name:初霜仲夏->{"ip":"192.168.88.61:48684 ","ClientApp_ver":20151212,"serverID":1,"account_id":"2599","account_Name":"s061","role_id":1800600392,"role_name":"\u521D\u971C\u4EF2\u590F","role_create_time":"2017-11-25 10:04:14","role_ChangeLife":1,"role_level":65,"logout_time":"2017-11-25 11:18:03","Online_time":4311,"last_operation":"","money_sum":0,"exp_sum":0,"item_sum":0}
2017-11-25 11:20:00->OnlineRoleNum->{"serverId":1,"OnLinePlayerNum":1}
2017-11-25 11:22:00->OnlineRoleNum->{"serverId":1,"OnLinePlayerNum":1}
2017-11-25 11:24:00->OnlineRoleNum->{"serverId":1,"OnLinePlayerNum":1}
2017-11-25 11:26:00->OnlineRoleNum->{"serverId":1,"OnLinePlayerNum":1}
2017-11-25 11:28:00->OnlineRoleNum->{"serverId":1,"OnLinePlayerNum":1}
2017-11-25 11:30:00->OnlineRoleNum->{"serverId":1,"OnLinePlayerNum":1}
2017-11-25 11:32:00->OnlineRoleNum->{"serverId":1,"OnLinePlayerNum":1}
2017-11-25 11:34:00->OnlineRoleNum->{"serverId":1,"OnLinePlayerNum":1}
2017-11-25 11:36:00->OnlineRoleNum->{"serverId":1,"OnLinePlayerNum":1}
2017-11-25 11:38:00->OnlineRoleNum->{"serverId":1,"OnLinePlayerNum":1}
2017-11-25 11:40:00->OnlineRoleNum->{"serverId":1,"OnLinePlayerNum":1}
2017-11-25 11:42:00->OnlineRoleNum->{"serverId":1,"OnLinePlayerNum":1}
2017-11-25 11:44:00->OnlineRoleNum->{"serverId":1,"OnLinePlayerNum":1}
2017-11-25 11:46:00->OnlineRoleNum->{"serverId":1,"OnLinePlayerNum":1}
2017-11-25 11:48:00->OnlineRoleNum->{"serverId":1,"OnLinePlayerNum":1}
2017-11-25 11:50:00->OnlineRoleNum->{"serverId":1,"OnLinePlayerNum":1}
2017-11-25 11:52:00->OnlineRoleNum->{"serverId":1,"OnLinePlayerNum":1}
2017-11-25 11:54:00->OnlineRoleNum->{"serverId":1,"OnLinePlayerNum":1}
2017-11-25 11:56:00->OnlineRoleNum->{"serverId":1,"OnLinePlayerNum":1}
2017-11-25 11:58:00->OnlineRoleNum->{"serverId":1,"OnLinePlayerNum":1}
2017-11-25 11:58:51->LoginRole->role_name:初霜仲夏->{"ip":"192.168.88.61:49606 ","ClientApp_ver":0,"serverID":1,"account_id":"2599","account_Name":"s061","role_id":1800600392,"role_name":"\u521D\u971C\u4EF2\u590F","role_create_time":"2017-11-25 10:04:14","role_ChangeLife":1,"role_level":65,"login_time":"2017-11-25 11:58:51","last_logout_time":"2017-11-25 11:18:03"}
2017-11-25 12:00:00->OnlineRoleNum->{"serverId":1,"OnLinePlayerNum":2}
2017-11-25 12:00:26->LogoutRole->role_name:初霜仲夏->{"ip":"192.168.88.61:49606 ","ClientApp_ver":20151212,"serverID":1,"account_id":"2599","account_Name":"s061","role_id":1800600392,"role_name":"\u521D\u971C\u4EF2\u590F","role_create_time":"2017-11-25 10:04:14","role_ChangeLife":1,"role_level":65,"logout_time":"2017-11-25 12:00:26","Online_time":4401,"last_operation":"","money_sum":0,"exp_sum":0,"item_sum":0}
2017-11-25 12:02:00->OnlineRoleNum->{"serverId":1,"OnLinePlayerNum":1}
2017-11-25 12:02:02->LoginRole->role_name:初霜仲夏->{"ip":"192.168.88.61:49673 ","ClientApp_ver":0,"serverID":1,"account_id":"2599","account_Name":"s061","role_id":1800600392,"role_name":"\u521D\u971C\u4EF2\u590F","role_create_time":"2017-11-25 10:04:14","role_ChangeLife":1,"role_level":65,"login_time":"2017-11-25 12:02:02","last_logout_time":"2017-11-25 12:00:26"}
2017-11-25 12:04:00->OnlineRoleNum->{"serverId":1,"OnLinePlayerNum":2}
2017-11-25 12:05:49->LogoutRole->role_name:初霜仲夏->{"ip":"192.168.88.61:49673 ","ClientApp_ver":20151212,"serverID":1,"account_id":"2599","account_Name":"s061","role_id":1800600392,"role_name":"\u521D\u971C\u4EF2\u590F","role_create_time":"2017-11-25 10:04:14","role_ChangeLife":1,"role_level":65,"logout_time":"2017-11-25 12:05:49","Online_time":4611,"last_operation":"","money_sum":0,"exp_sum":0,"item_sum":0}
2017-11-25 12:06:00->OnlineRoleNum->{"serverId":1,"OnLinePlayerNum":1}
2017-11-25 12:08:00->OnlineRoleNum->{"serverId":1,"OnLinePlayerNum":1}
2017-11-25 12:10:00->OnlineRoleNum->{"serverId":1,"OnLinePlayerNum":1}
2017-11-25 12:12:00->OnlineRoleNum->{"serverId":1,"OnLinePlayerNum":1}
2017-11-25 12:14:00->OnlineRoleNum->{"serverId":1,"OnLinePlayerNum":1}
2017-11-25 12:16:00->OnlineRoleNum->{"serverId":1,"OnLinePlayerNum":1}
2017-11-25 12:18:00->OnlineRoleNum->{"serverId":1,"OnLinePlayerNum":1}
2017-11-25 12:20:00->OnlineRoleNum->{"serverId":1,"OnLinePlayerNum":1}
2017-11-25 12:22:00->OnlineRoleNum->{"serverId":1,"OnLinePlayerNum":1}
2017-11-25 12:24:00->OnlineRoleNum->{"serverId":1,"OnLinePlayerNum":1}
2017-11-25 12:26:00->OnlineRoleNum->{"serverId":1,"OnLinePlayerNum":1}
2017-11-25 12:28:00->OnlineRoleNum->{"serverId":1,"OnLinePlayerNum":1}
2017-11-25 12:30:00->OnlineRoleNum->{"serverId":1,"OnLinePlayerNum":1}
2017-11-25 12:32:00->OnlineRoleNum->{"serverId":1,"OnLinePlayerNum":1}
2017-11-25 12:34:00->OnlineRoleNum->{"serverId":1,"OnLinePlayerNum":1}
2017-11-25 12:36:00->OnlineRoleNum->{"serverId":1,"OnLinePlayerNum":1}
2017-11-25 12:38:00->OnlineRoleNum->{"serverId":1,"OnLinePlayerNum":1}
2017-11-25 12:40:00->OnlineRoleNum->{"serverId":1,"OnLinePlayerNum":1}
2017-11-25 12:42:00->OnlineRoleNum->{"serverId":1,"OnLinePlayerNum":1}
2017-11-25 12:44:00->OnlineRoleNum->{"serverId":1,"OnLinePlayerNum":1}
2017-11-25 12:46:00->OnlineRoleNum->{"serverId":1,"OnLinePlayerNum":1}
2017-11-25 12:48:00->OnlineRoleNum->{"serverId":1,"OnLinePlayerNum":1}
2017-11-25 12:50:00->OnlineRoleNum->{"serverId":1,"OnLinePlayerNum":1}
2017-11-25 12:52:00->OnlineRoleNum->{"serverId":1,"OnLinePlayerNum":1}
2017-11-25 12:54:00->OnlineRoleNum->{"serverId":1,"OnLinePlayerNum":1}
2017-11-25 12:56:00->OnlineRoleNum->{"serverId":1,"OnLinePlayerNum":1}
2017-11-25 12:58:00->OnlineRoleNum->{"serverId":1,"OnLinePlayerNum":1}
2017-11-25 13:00:00->OnlineRoleNum->{"serverId":1,"OnLinePlayerNum":1}
2017-11-25 13:02:00->OnlineRoleNum->{"serverId":1,"OnLinePlayerNum":1}
2017-11-25 13:04:00->OnlineRoleNum->{"serverId":1,"OnLinePlayerNum":1}
2017-11-25 13:06:00->OnlineRoleNum->{"serverId":1,"OnLinePlayerNum":1}
2017-11-25 13:08:00->OnlineRoleNum->{"serverId":1,"OnLinePlayerNum":1}
2017-11-25 13:10:00->OnlineRoleNum->{"serverId":1,"OnLinePlayerNum":1}
2017-11-25 13:12:00->OnlineRoleNum->{"serverId":1,"OnLinePlayerNum":1}
2017-11-25 13:14:00->OnlineRoleNum->{"serverId":1,"OnLinePlayerNum":1}
2017-11-25 13:16:00->OnlineRoleNum->{"serverId":1,"OnLinePlayerNum":1}
2017-11-25 13:18:00->OnlineRoleNum->{"serverId":1,"OnLinePlayerNum":1}
2017-11-25 13:20:00->OnlineRoleNum->{"serverId":1,"OnLinePlayerNum":1}
2017-11-25 13:22:00->OnlineRoleNum->{"serverId":1,"OnLinePlayerNum":1}
2017-11-25 13:24:00->OnlineRoleNum->{"serverId":1,"OnLinePlayerNum":1}
2017-11-25 13:26:00->OnlineRoleNum->{"serverId":1,"OnLinePlayerNum":1}
2017-11-25 13:28:00->OnlineRoleNum->{"serverId":1,"OnLinePlayerNum":1}
2017-11-25 13:30:00->OnlineRoleNum->{"serverId":1,"OnLinePlayerNum":1}
2017-11-25 13:32:00->OnlineRoleNum->{"serverId":1,"OnLinePlayerNum":1}
2017-11-25 13:34:00->OnlineRoleNum->{"serverId":1,"OnLinePlayerNum":1}
2017-11-25 13:36:00->OnlineRoleNum->{"serverId":1,"OnLinePlayerNum":1}
2017-11-25 13:38:00->OnlineRoleNum->{"serverId":1,"OnLinePlayerNum":1}
2017-11-25 13:40:00->OnlineRoleNum->{"serverId":1,"OnLinePlayerNum":1}
2017-11-25 13:42:00->OnlineRoleNum->{"serverId":1,"OnLinePlayerNum":1}
2017-11-25 13:44:00->OnlineRoleNum->{"serverId":1,"OnLinePlayerNum":1}
2017-11-25 13:46:00->OnlineRoleNum->{"serverId":1,"OnLinePlayerNum":1}
2017-11-25 13:48:00->OnlineRoleNum->{"serverId":1,"OnLinePlayerNum":1}
2017-11-25 13:50:00->OnlineRoleNum->{"serverId":1,"OnLinePlayerNum":1}
2017-11-25 13:52:00->OnlineRoleNum->{"serverId":1,"OnLinePlayerNum":1}
2017-11-25 13:54:00->OnlineRoleNum->{"serverId":1,"OnLinePlayerNum":1}
2017-11-25 13:56:00->OnlineRoleNum->{"serverId":1,"OnLinePlayerNum":1}
2017-11-25 13:58:00->OnlineRoleNum->{"serverId":1,"OnLinePlayerNum":1}
2017-11-25 14:00:00->OnlineRoleNum->{"serverId":1,"OnLinePlayerNum":1}
2017-11-25 14:02:00->OnlineRoleNum->{"serverId":1,"OnLinePlayerNum":1}
2017-11-25 14:04:00->OnlineRoleNum->{"serverId":1,"OnLinePlayerNum":1}
2017-11-25 14:06:00->OnlineRoleNum->{"serverId":1,"OnLinePlayerNum":1}
2017-11-25 14:08:00->OnlineRoleNum->{"serverId":1,"OnLinePlayerNum":1}
2017-11-25 14:09:12->LogoutRole->role_name:寒衣调天影->{"ip":"192.168.88.61:46418 ","ClientApp_ver":20160330,"serverID":1,"account_id":"7","account_Name":"test7","role_id":1800200326,"role_name":"\u5BD2\u8863\u8C03\u5929\u5F71","role_create_time":"2017-10-23 13:40:51","role_ChangeLife":10,"role_level":90,"logout_time":"2017-11-25 14:09:12","Online_time":128810,"last_operation":"","money_sum":0,"exp_sum":0,"item_sum":0}
2017-11-25 14:10:00->OnlineRoleNum->{"serverId":1,"OnLinePlayerNum":0}
2017-11-25 14:12:00->OnlineRoleNum->{"serverId":1,"OnLinePlayerNum":0}
2017-11-25 14:14:00->OnlineRoleNum->{"serverId":1,"OnLinePlayerNum":0}
2017-11-25 14:16:00->OnlineRoleNum->{"serverId":1,"OnLinePlayerNum":0}
2017-11-25 14:18:00->OnlineRoleNum->{"serverId":1,"OnLinePlayerNum":0}
2017-11-25 14:20:00->OnlineRoleNum->{"serverId":1,"OnLinePlayerNum":0}
2017-11-25 14:22:00->OnlineRoleNum->{"serverId":1,"OnLinePlayerNum":0}
2017-11-25 14:24:00->OnlineRoleNum->{"serverId":1,"OnLinePlayerNum":0}
2017-11-25 14:26:00->OnlineRoleNum->{"serverId":1,"OnLinePlayerNum":0}
2017-11-25 14:28:00->OnlineRoleNum->{"serverId":1,"OnLinePlayerNum":0}
2017-11-25 14:30:00->OnlineRoleNum->{"serverId":1,"OnLinePlayerNum":0}
2017-11-25 14:32:00->OnlineRoleNum->{"serverId":1,"OnLinePlayerNum":0}
2017-11-25 14:34:00->OnlineRoleNum->{"serverId":1,"OnLinePlayerNum":0}
2017-11-25 14:36:00->OnlineRoleNum->{"serverId":1,"OnLinePlayerNum":0}
2017-11-25 14:38:00->OnlineRoleNum->{"serverId":1,"OnLinePlayerNum":0}
2017-11-25 14:40:00->OnlineRoleNum->{"serverId":1,"OnLinePlayerNum":0}
2017-11-25 14:42:00->OnlineRoleNum->{"serverId":1,"OnLinePlayerNum":0}
2017-11-25 14:44:00->OnlineRoleNum->{"serverId":1,"OnLinePlayerNum":0}
2017-11-25 14:46:00->OnlineRoleNum->{"serverId":1,"OnLinePlayerNum":0}
2017-11-25 14:48:00->OnlineRoleNum->{"serverId":1,"OnLinePlayerNum":0}
2017-11-25 14:50:00->OnlineRoleNum->{"serverId":1,"OnLinePlayerNum":0}
2017-11-25 14:52:00->OnlineRoleNum->{"serverId":1,"OnLinePlayerNum":0}
2017-11-25 14:54:00->OnlineRoleNum->{"serverId":1,"OnLinePlayerNum":0}
2017-11-25 14:56:00->OnlineRoleNum->{"serverId":1,"OnLinePlayerNum":0}
2017-11-25 14:58:00->OnlineRoleNum->{"serverId":1,"OnLinePlayerNum":0}
2017-11-25 15:00:00->OnlineRoleNum->{"serverId":1,"OnLinePlayerNum":0}
2017-11-25 15:02:00->OnlineRoleNum->{"serverId":1,"OnLinePlayerNum":0}
2017-11-25 15:06:00->OnlineRoleNum->{"serverId":1,"OnLinePlayerNum":0}
2017-11-25 15:08:00->OnlineRoleNum->{"serverId":1,"OnLinePlayerNum":0}
2017-11-25 15:10:00->OnlineRoleNum->{"serverId":1,"OnLinePlayerNum":0}
2017-11-25 15:12:00->OnlineRoleNum->{"serverId":1,"OnLinePlayerNum":0}
2017-11-25 15:14:00->OnlineRoleNum->{"serverId":1,"OnLinePlayerNum":0}
2017-11-25 15:16:00->OnlineRoleNum->{"serverId":1,"OnLinePlayerNum":0}
2017-11-25 15:18:00->OnlineRoleNum->{"serverId":1,"OnLinePlayerNum":0}
2017-11-25 15:20:00->OnlineRoleNum->{"serverId":1,"OnLinePlayerNum":0}
2017-11-25 15:22:00->OnlineRoleNum->{"serverId":1,"OnLinePlayerNum":0}
2017-11-25 15:24:00->OnlineRoleNum->{"serverId":1,"OnLinePlayerNum":0}
2017-11-25 15:26:00->OnlineRoleNum->{"serverId":1,"OnLinePlayerNum":0}
2017-11-25 15:28:00->OnlineRoleNum->{"serverId":1,"OnLinePlayerNum":0}
2017-11-25 15:30:00->OnlineRoleNum->{"serverId":1,"OnLinePlayerNum":0}
2017-11-25 15:32:00->OnlineRoleNum->{"serverId":1,"OnLinePlayerNum":0}
2017-11-25 15:34:00->OnlineRoleNum->{"serverId":1,"OnLinePlayerNum":0}
2017-11-25 15:36:00->OnlineRoleNum->{"serverId":1,"OnLinePlayerNum":0}
2017-11-25 15:38:00->OnlineRoleNum->{"serverId":1,"OnLinePlayerNum":0}
2017-11-25 15:40:00->OnlineRoleNum->{"serverId":1,"OnLinePlayerNum":0}
2017-11-25 15:42:00->OnlineRoleNum->{"serverId":1,"OnLinePlayerNum":0}
2017-11-25 15:44:00->OnlineRoleNum->{"serverId":1,"OnLinePlayerNum":0}
2017-11-25 15:46:00->OnlineRoleNum->{"serverId":1,"OnLinePlayerNum":0}
2017-11-25 15:48:00->OnlineRoleNum->{"serverId":1,"OnLinePlayerNum":0}
2017-11-25 15:50:00->OnlineRoleNum->{"serverId":1,"OnLinePlayerNum":0}
2017-11-25 15:52:00->OnlineRoleNum->{"serverId":1,"OnLinePlayerNum":0}
2017-11-25 15:54:00->OnlineRoleNum->{"serverId":1,"OnLinePlayerNum":0}
2017-11-25 15:56:00->OnlineRoleNum->{"serverId":1,"OnLinePlayerNum":0}
2017-11-25 15:58:00->OnlineRoleNum->{"serverId":1,"OnLinePlayerNum":0}
2017-11-25 16:00:00->OnlineRoleNum->{"serverId":1,"OnLinePlayerNum":0}
2017-11-25 16:02:00->OnlineRoleNum->{"serverId":1,"OnLinePlayerNum":0}
2017-11-25 16:04:00->OnlineRoleNum->{"serverId":1,"OnLinePlayerNum":0}
2017-11-25 16:06:00->OnlineRoleNum->{"serverId":1,"OnLinePlayerNum":0}
2017-11-25 16:08:00->OnlineRoleNum->{"serverId":1,"OnLinePlayerNum":0}
2017-11-25 16:12:00->OnlineRoleNum->{"serverId":1,"OnLinePlayerNum":0}
2017-11-25 16:14:00->OnlineRoleNum->{"serverId":1,"OnLinePlayerNum":0}
2017-11-25 16:15:19->LoginRole->role_name:八云绝版->{"ip":"192.168.88.65:5883 ","ClientApp_ver":0,"serverID":1,"account_id":"12584","account_Name":"12584","role_id":1800200182,"role_name":"\u516B\u4E91\u7EDD\u7248","role_create_time":"2017-09-27 20:24:38","role_ChangeLife":10,"role_level":90,"login_time":"2017-11-25 16:15:19","last_logout_time":"2017-11-18 16:33:33"}
2017-11-25 16:16:00->OnlineRoleNum->{"serverId":1,"OnLinePlayerNum":1}
2017-11-25 16:18:00->OnlineRoleNum->{"serverId":1,"OnLinePlayerNum":1}
2017-11-25 16:20:00->OnlineRoleNum->{"serverId":1,"OnLinePlayerNum":1}
2017-11-25 16:22:00->OnlineRoleNum->{"serverId":1,"OnLinePlayerNum":1}
2017-11-25 16:24:00->OnlineRoleNum->{"serverId":1,"OnLinePlayerNum":1}
2017-11-25 16:26:00->OnlineRoleNum->{"serverId":1,"OnLinePlayerNum":1}
2017-11-25 16:28:00->OnlineRoleNum->{"serverId":1,"OnLinePlayerNum":1}
2017-11-25 16:30:00->OnlineRoleNum->{"serverId":1,"OnLinePlayerNum":1}
2017-11-25 16:32:00->OnlineRoleNum->{"serverId":1,"OnLinePlayerNum":1}
2017-11-25 16:34:00->OnlineRoleNum->{"serverId":1,"OnLinePlayerNum":1}
2017-11-25 16:36:00->OnlineRoleNum->{"serverId":1,"OnLinePlayerNum":1}
2017-11-25 16:38:00->OnlineRoleNum->{"serverId":1,"OnLinePlayerNum":1}
2017-11-25 16:40:00->OnlineRoleNum->{"serverId":1,"OnLinePlayerNum":1}
2017-11-25 16:42:00->OnlineRoleNum->{"serverId":1,"OnLinePlayerNum":1}
2017-11-25 16:44:00->OnlineRoleNum->{"serverId":1,"OnLinePlayerNum":1}
2017-11-25 16:46:00->OnlineRoleNum->{"serverId":1,"OnLinePlayerNum":1}
2017-11-25 16:48:00->OnlineRoleNum->{"serverId":1,"OnLinePlayerNum":1}
2017-11-25 16:50:00->OnlineRoleNum->{"serverId":1,"OnLinePlayerNum":1}
2017-11-25 16:52:00->OnlineRoleNum->{"serverId":1,"OnLinePlayerNum":1}
2017-11-25 16:54:00->OnlineRoleNum->{"serverId":1,"OnLinePlayerNum":1}
2017-11-25 16:56:00->OnlineRoleNum->{"serverId":1,"OnLinePlayerNum":1}
2017-11-25 16:58:00->OnlineRoleNum->{"serverId":1,"OnLinePlayerNum":1}
2017-11-25 17:00:00->OnlineRoleNum->{"serverId":1,"OnLinePlayerNum":1}
2017-11-25 17:02:00->OnlineRoleNum->{"serverId":1,"OnLinePlayerNum":1}
2017-11-25 17:04:00->OnlineRoleNum->{"serverId":1,"OnLinePlayerNum":1}
2017-11-25 17:06:00->OnlineRoleNum->{"serverId":1,"OnLinePlayerNum":1}
2017-11-25 17:08:00->OnlineRoleNum->{"serverId":1,"OnLinePlayerNum":1}
2017-11-25 17:10:00->OnlineRoleNum->{"serverId":1,"OnLinePlayerNum":1}
2017-11-25 17:12:00->OnlineRoleNum->{"serverId":1,"OnLinePlayerNum":1}
2017-11-25 17:14:00->OnlineRoleNum->{"serverId":1,"OnLinePlayerNum":1}
2017-11-25 17:16:00->OnlineRoleNum->{"serverId":1,"OnLinePlayerNum":1}
2017-11-25 17:18:00->OnlineRoleNum->{"serverId":1,"OnLinePlayerNum":1}
2017-11-25 17:20:00->OnlineRoleNum->{"serverId":1,"OnLinePlayerNum":1}
2017-11-25 17:22:00->OnlineRoleNum->{"serverId":1,"OnLinePlayerNum":1}
2017-11-25 17:24:00->OnlineRoleNum->{"serverId":1,"OnLinePlayerNum":1}
2017-11-25 17:26:00->OnlineRoleNum->{"serverId":1,"OnLinePlayerNum":1}
2017-11-25 17:28:00->OnlineRoleNum->{"serverId":1,"OnLinePlayerNum":1}
2017-11-25 17:30:00->OnlineRoleNum->{"serverId":1,"OnLinePlayerNum":1}
2017-11-25 17:32:00->OnlineRoleNum->{"serverId":1,"OnLinePlayerNum":1}
2017-11-25 17:34:00->OnlineRoleNum->{"serverId":1,"OnLinePlayerNum":1}
2017-11-25 17:36:00->OnlineRoleNum->{"serverId":1,"OnLinePlayerNum":1}
2017-11-25 17:38:00->OnlineRoleNum->{"serverId":1,"OnLinePlayerNum":1}
2017-11-25 17:40:00->OnlineRoleNum->{"serverId":1,"OnLinePlayerNum":1}
2017-11-25 17:42:00->OnlineRoleNum->{"serverId":1,"OnLinePlayerNum":1}
2017-11-25 17:44:00->OnlineRoleNum->{"serverId":1,"OnLinePlayerNum":1}
2017-11-25 17:46:00->OnlineRoleNum->{"serverId":1,"OnLinePlayerNum":1}
2017-11-25 17:48:00->OnlineRoleNum->{"serverId":1,"OnLinePlayerNum":1}
2017-11-25 17:50:00->OnlineRoleNum->{"serverId":1,"OnLinePlayerNum":1}
2017-11-25 17:52:00->OnlineRoleNum->{"serverId":1,"OnLinePlayerNum":1}
2017-11-25 17:54:00->OnlineRoleNum->{"serverId":1,"OnLinePlayerNum":1}
2017-11-25 17:56:00->OnlineRoleNum->{"serverId":1,"OnLinePlayerNum":1}
2017-11-25 17:58:00->OnlineRoleNum->{"serverId":1,"OnLinePlayerNum":1}
2017-11-25 18:00:00->OnlineRoleNum->{"serverId":1,"OnLinePlayerNum":1}
2017-11-25 18:02:00->OnlineRoleNum->{"serverId":1,"OnLinePlayerNum":1}
2017-11-25 18:04:00->OnlineRoleNum->{"serverId":1,"OnLinePlayerNum":1}
2017-11-25 18:06:00->OnlineRoleNum->{"serverId":1,"OnLinePlayerNum":1}
2017-11-25 18:08:00->OnlineRoleNum->{"serverId":1,"OnLinePlayerNum":1}
2017-11-25 18:10:00->OnlineRoleNum->{"serverId":1,"OnLinePlayerNum":1}
2017-11-25 18:12:00->OnlineRoleNum->{"serverId":1,"OnLinePlayerNum":1}
2017-11-25 18:13:54->LogoutRole->role_name:八云绝版->{"ip":"192.168.88.65:5883 ","ClientApp_ver":20160330,"serverID":1,"account_id":"12584","account_Name":"12584","role_id":1800200182,"role_name":"\u516B\u4E91\u7EDD\u7248","role_create_time":"2017-09-27 20:24:38","role_ChangeLife":10,"role_level":90,"logout_time":"2017-11-25 18:13:54","Online_time":43893,"last_operation":"","money_sum":0,"exp_sum":0,"item_sum":0}
2017-11-25 18:14:00->OnlineRoleNum->{"serverId":1,"OnLinePlayerNum":0}
2017-11-25 18:14:14->LoginRole->role_name:战士无良->{"ip":"192.168.88.65:17895 ","ClientApp_ver":0,"serverID":1,"account_id":"12584","account_Name":"12584","role_id":12200105,"role_name":"\u6218\u58EB\u65E0\u826F","role_create_time":"2017-08-30 17:43:19","role_ChangeLife":10,"role_level":90,"login_time":"2017-11-25 18:14:14","last_logout_time":"2017-11-18 16:30:21"}
2017-11-25 18:15:59->LogoutRole->role_name:战士无良->{"ip":"192.168.88.65:17895 ","ClientApp_ver":20160330,"serverID":1,"account_id":"12584","account_Name":"12584","role_id":12200105,"role_name":"\u6218\u58EB\u65E0\u826F","role_create_time":"2017-08-30 17:43:19","role_ChangeLife":10,"role_level":90,"logout_time":"2017-11-25 18:15:59","Online_time":376583,"last_operation":"","money_sum":0,"exp_sum":0,"item_sum":0}
2017-11-25 18:16:00->OnlineRoleNum->{"serverId":1,"OnLinePlayerNum":0}
2017-11-25 18:17:12->LoginRole->role_name:战士无良->{"ip":"192.168.88.65:18768 ","ClientApp_ver":0,"serverID":1,"account_id":"12584","account_Name":"12584","role_id":12200105,"role_name":"\u6218\u58EB\u65E0\u826F","role_create_time":"2017-08-30 17:43:19","role_ChangeLife":10,"role_level":90,"login_time":"2017-11-25 18:17:12","last_logout_time":"2017-11-25 18:15:59"}
2017-11-25 18:18:00->OnlineRoleNum->{"serverId":1,"OnLinePlayerNum":1}
2017-11-25 18:18:03->LogoutRole->role_name:战士无良->{"ip":"192.168.88.65:18768 ","ClientApp_ver":20160330,"serverID":1,"account_id":"12584","account_Name":"12584","role_id":12200105,"role_name":"\u6218\u58EB\u65E0\u826F","role_create_time":"2017-08-30 17:43:19","role_ChangeLife":10,"role_level":90,"logout_time":"2017-11-25 18:18:03","Online_time":376633,"last_operation":"","money_sum":0,"exp_sum":0,"item_sum":0}
2017-11-25 18:18:48->LoginRole->role_name:战士无良->{"ip":"192.168.88.65:19220 ","ClientApp_ver":0,"serverID":1,"account_id":"12584","account_Name":"12584","role_id":12200105,"role_name":"\u6218\u58EB\u65E0\u826F","role_create_time":"2017-08-30 17:43:19","role_ChangeLife":10,"role_level":90,"login_time":"2017-11-25 18:18:48","last_logout_time":"2017-11-25 18:18:03"}
2017-11-25 18:19:58->LoginRole->role_name:冰河夏首->{"ip":"192.168.88.65:19524 ","ClientApp_ver":0,"serverID":1,"account_id":"125","account_Name":"test48","role_id":200104,"role_name":"\u51B0\u6CB3\u590F\u9996","role_create_time":"2017-08-09 17:03:01","role_ChangeLife":11,"role_level":90,"login_time":"2017-11-25 18:19:58","last_logout_time":"2017-11-25 18:17:56"}
2017-11-25 18:20:00->OnlineRoleNum->{"serverId":1,"OnLinePlayerNum":2}
2017-11-25 18:20:08->LogoutRole->role_name:战士无良->{"ip":"192.168.88.65:19220 ","ClientApp_ver":20160330,"serverID":1,"account_id":"12584","account_Name":"12584","role_id":12200105,"role_name":"\u6218\u58EB\u65E0\u826F","role_create_time":"2017-08-30 17:43:19","role_ChangeLife":10,"role_level":90,"logout_time":"2017-11-25 18:20:08","Online_time":376703,"last_operation":"","money_sum":0,"exp_sum":0,"item_sum":0}
2017-11-25 18:20:15->LoginRole->role_name:战士无良->{"ip":"192.168.88.65:19622 ","ClientApp_ver":0,"serverID":1,"account_id":"12584","account_Name":"12584","role_id":12200105,"role_name":"\u6218\u58EB\u65E0\u826F","role_create_time":"2017-08-30 17:43:19","role_ChangeLife":10,"role_level":90,"login_time":"2017-11-25 18:20:15","last_logout_time":"2017-11-25 18:20:08"}
2017-11-25 18:20:58->LoginRole->role_name:333->{"ip":"192.168.88.50:21480 ","ClientApp_ver":0,"serverID":1,"account_id":"3467","account_Name":"s929","role_id":1800200239,"role_name":"333","role_create_time":"2017-09-29 16:45:03","role_ChangeLife":14,"role_level":90,"login_time":"2017-11-25 18:20:58","last_logout_time":"2017-11-25 17:25:27"}
2017-11-25 18:21:12->LogoutRole->role_name:333->{"ip":"192.168.88.50:21480 ","ClientApp_ver":20160330,"serverID":1,"account_id":"3467","account_Name":"s929","role_id":1800200239,"role_name":"333","role_create_time":"2017-09-29 16:45:03","role_ChangeLife":14,"role_level":90,"logout_time":"2017-11-25 18:21:12","Online_time":2745491,"last_operation":"","money_sum":0,"exp_sum":0,"item_sum":0}
2017-11-25 18:21:16->LoginRole->role_name:333->{"ip":"192.168.88.50:21609 ","ClientApp_ver":0,"serverID":1,"account_id":"3467","account_Name":"s929","role_id":1800200239,"role_name":"333","role_create_time":"2017-09-29 16:45:03","role_ChangeLife":14,"role_level":90,"login_time":"2017-11-25 18:21:16","last_logout_time":"2017-11-25 18:21:12"}
2017-11-25 18:21:58->LogoutRole->role_name:333->{"ip":"192.168.88.50:21609 ","ClientApp_ver":20160330,"serverID":1,"account_id":"3467","account_Name":"s929","role_id":1800200239,"role_name":"333","role_create_time":"2017-09-29 16:45:03","role_ChangeLife":14,"role_level":90,"logout_time":"2017-11-25 18:21:58","Online_time":2745531,"last_operation":"","money_sum":0,"exp_sum":0,"item_sum":0}
2017-11-25 18:22:00->OnlineRoleNum->{"serverId":1,"OnLinePlayerNum":2}
2017-11-25 18:22:14->LogoutRole->role_name:战士无良->{"ip":"192.168.88.65:19622 ","ClientApp_ver":20160330,"serverID":1,"account_id":"12584","account_Name":"12584","role_id":12200105,"role_name":"\u6218\u58EB\u65E0\u826F","role_create_time":"2017-08-30 17:43:19","role_ChangeLife":10,"role_level":90,"logout_time":"2017-11-25 18:22:14","Online_time":376813,"last_operation":"","money_sum":0,"exp_sum":0,"item_sum":0}
2017-11-25 18:22:23->LoginRole->role_name:战士无良->{"ip":"192.168.88.65:20204 ","ClientApp_ver":0,"serverID":1,"account_id":"12584","account_Name":"12584","role_id":12200105,"role_name":"\u6218\u58EB\u65E0\u826F","role_create_time":"2017-08-30 17:43:19","role_ChangeLife":10,"role_level":90,"login_time":"2017-11-25 18:22:23","last_logout_time":"2017-11-25 18:22:14"}
2017-11-25 18:22:50->Chat->sender_role_name:冰河夏首, content:-moveto 1 29980 3041,->{"sender_server":1,"sender_account_id":"125","sender_account_Name":"test48","sender_role_id":200104,"sender_role_ChangeLife":11,"sender_role_name":"\u51B0\u6CB3\u590F\u9996","sender_role_level":90,"sender_vip":0,"sender_ip":"192.168.88.65:19524 ","channel":"System","chat_time":"2017-11-25 18:22:50","reason":0,"input_type":0}
2017-11-25 18:23:13->Chat->sender_role_name:战士无良, content:-moveto 1 29980 3041,->{"sender_server":1,"sender_account_id":"12584","sender_account_Name":"12584","sender_role_id":12200105,"sender_role_ChangeLife":10,"sender_role_name":"\u6218\u58EB\u65E0\u826F","sender_role_level":90,"sender_vip":0,"sender_ip":"192.168.88.65:20204 ","channel":"System","chat_time":"2017-11-25 18:23:13","reason":0,"input_type":0}
2017-11-25 18:24:00->OnlineRoleNum->{"serverId":1,"OnLinePlayerNum":2}
2017-11-25 18:24:18->Chat->sender_role_name:冰河夏首, content:-moveto 3 16793 10831,->{"sender_server":1,"sender_account_id":"125","sender_account_Name":"test48","sender_role_id":200104,"sender_role_ChangeLife":11,"sender_role_name":"\u51B0\u6CB3\u590F\u9996","sender_role_level":90,"sender_vip":0,"sender_ip":"192.168.88.65:19524 ","channel":"System","chat_time":"2017-11-25 18:24:18","reason":0,"input_type":0}
2017-11-25 18:24:19->LogoutRole->role_name:战士无良->{"ip":"192.168.88.65:20204 ","ClientApp_ver":20160330,"serverID":1,"account_id":"12584","account_Name":"12584","role_id":12200105,"role_name":"\u6218\u58EB\u65E0\u826F","role_create_time":"2017-08-30 17:43:19","role_ChangeLife":10,"role_level":90,"logout_time":"2017-11-25 18:24:19","Online_time":376923,"last_operation":"","money_sum":0,"exp_sum":0,"item_sum":0}
2017-11-25 18:25:17->LoginRole->role_name:战士无良->{"ip":"192.168.88.65:21017 ","ClientApp_ver":0,"serverID":1,"account_id":"12584","account_Name":"12584","role_id":12200105,"role_name":"\u6218\u58EB\u65E0\u826F","role_create_time":"2017-08-30 17:43:19","role_ChangeLife":10,"role_level":90,"login_time":"2017-11-25 18:25:17","last_logout_time":"2017-11-25 18:24:19"}
2017-11-25 18:25:42->ItemBuy->role_name:冰河夏首->{"server":1,"account_id":"125","account_Name":"test48","role_id":200104,"role_name":"\u51B0\u6CB3\u590F\u9996","role_ChangeLife":11,"role_level":90,"vip":0,"ip":"192.168.88.65:19524 ","buy_time":"2017-11-25 18:25:42","GainItems":"{\"1111\":99}","currency_use":"{\"TongQian\":14850}","currency_left":"{\"TongQian\":289819319}"}
2017-11-25 18:26:00->OnlineRoleNum->{"serverId":1,"OnLinePlayerNum":2}
2017-11-25 18:26:24->LogoutRole->role_name:战士无良->{"ip":"192.168.88.65:21017 ","ClientApp_ver":20160330,"serverID":1,"account_id":"12584","account_Name":"12584","role_id":12200105,"role_name":"\u6218\u58EB\u65E0\u826F","role_create_time":"2017-08-30 17:43:19","role_ChangeLife":10,"role_level":90,"logout_time":"2017-11-25 18:26:24","Online_time":376983,"last_operation":"","money_sum":0,"exp_sum":0,"item_sum":0}
2017-11-25 18:26:57->LoginRole->role_name:战士无良->{"ip":"192.168.88.65:21489 ","ClientApp_ver":0,"serverID":1,"account_id":"12584","account_Name":"12584","role_id":12200105,"role_name":"\u6218\u58EB\u65E0\u826F","role_create_time":"2017-08-30 17:43:19","role_ChangeLife":10,"role_level":90,"login_time":"2017-11-25 18:26:57","last_logout_time":"2017-11-25 18:26:24"}
2017-11-25 18:28:00->OnlineRoleNum->{"serverId":1,"OnLinePlayerNum":2}
2017-11-25 18:28:12->ItemBuy->role_name:冰河夏首->{"server":1,"account_id":"125","account_Name":"test48","role_id":200104,"role_name":"\u51B0\u6CB3\u590F\u9996","role_ChangeLife":11,"role_level":90,"vip":0,"ip":"192.168.88.65:19524 ","buy_time":"2017-11-25 18:28:12","GainItems":"{\"1013\":99}","currency_use":"{\"TongQian\":59400}","currency_left":"{\"TongQian\":289759919}"}
2017-11-25 18:30:00->OnlineRoleNum->{"serverId":1,"OnLinePlayerNum":2}
2017-11-25 18:32:00->OnlineRoleNum->{"serverId":1,"OnLinePlayerNum":2}
2017-11-25 18:32:51->LogoutRole->role_name:冰河夏首->{"ip":"192.168.88.65:19524 ","ClientApp_ver":20151212,"serverID":1,"account_id":"125","account_Name":"test48","role_id":200104,"role_name":"\u51B0\u6CB3\u590F\u9996","role_create_time":"2017-08-09 17:03:01","role_ChangeLife":11,"role_level":90,"logout_time":"2017-11-25 18:32:51","Online_time":1043134,"last_operation":"","money_sum":0,"exp_sum":0,"item_sum":0}
2017-11-25 18:34:00->OnlineRoleNum->{"serverId":1,"OnLinePlayerNum":1}
2017-11-25 18:36:00->OnlineRoleNum->{"serverId":1,"OnLinePlayerNum":1}
2017-11-25 18:38:00->OnlineRoleNum->{"serverId":1,"OnLinePlayerNum":1}
2017-11-25 18:40:00->OnlineRoleNum->{"serverId":1,"OnLinePlayerNum":1}
2017-11-25 18:40:01->LogoutRole->role_name:战士无良->{"ip":"192.168.88.65:21489 ","ClientApp_ver":20160330,"serverID":1,"account_id":"12584","account_Name":"12584","role_id":12200105,"role_name":"\u6218\u58EB\u65E0\u826F","role_create_time":"2017-08-30 17:43:19","role_ChangeLife":10,"role_level":90,"logout_time":"2017-11-25 18:40:01","Online_time":377763,"last_operation":"","money_sum":0,"exp_sum":0,"item_sum":0}
2017-11-25 18:42:00->OnlineRoleNum->{"serverId":1,"OnLinePlayerNum":0}
2017-11-25 18:42:09->LoginRole->role_name:战士无良->{"ip":"192.168.88.65:25636 ","ClientApp_ver":0,"serverID":1,"account_id":"12584","account_Name":"12584","role_id":12200105,"role_name":"\u6218\u58EB\u65E0\u826F","role_create_time":"2017-08-30 17:43:19","role_ChangeLife":10,"role_level":90,"login_time":"2017-11-25 18:42:09","last_logout_time":"2017-11-25 18:40:01"}
2017-11-25 18:44:00->OnlineRoleNum->{"serverId":1,"OnLinePlayerNum":1}
2017-11-25 18:46:00->OnlineRoleNum->{"serverId":1,"OnLinePlayerNum":1}
2017-11-25 18:48:00->OnlineRoleNum->{"serverId":1,"OnLinePlayerNum":1}
2017-11-25 18:50:00->OnlineRoleNum->{"serverId":1,"OnLinePlayerNum":1}
2017-11-25 18:52:00->OnlineRoleNum->{"serverId":1,"OnLinePlayerNum":1}
2017-11-25 18:54:00->OnlineRoleNum->{"serverId":1,"OnLinePlayerNum":1}
2017-11-25 18:56:00->OnlineRoleNum->{"serverId":1,"OnLinePlayerNum":1}
2017-11-25 18:58:00->OnlineRoleNum->{"serverId":1,"OnLinePlayerNum":1}
2017-11-25 19:00:00->OnlineRoleNum->{"serverId":1,"OnLinePlayerNum":1}
2017-11-25 19:02:00->OnlineRoleNum->{"serverId":1,"OnLinePlayerNum":1}
2017-11-25 19:04:00->OnlineRoleNum->{"serverId":1,"OnLinePlayerNum":1}
2017-11-25 19:06:00->OnlineRoleNum->{"serverId":1,"OnLinePlayerNum":1}
2017-11-25 19:08:00->OnlineRoleNum->{"serverId":1,"OnLinePlayerNum":1}
2017-11-25 19:10:00->OnlineRoleNum->{"serverId":1,"OnLinePlayerNum":1}
2017-11-25 19:12:00->OnlineRoleNum->{"serverId":1,"OnLinePlayerNum":1}
2017-11-25 19:14:00->OnlineRoleNum->{"serverId":1,"OnLinePlayerNum":1}
2017-11-25 19:14:29->LogoutRole->role_name:战士无良->{"ip":"192.168.88.65:25636 ","ClientApp_ver":20160330,"serverID":1,"account_id":"12584","account_Name":"12584","role_id":12200105,"role_name":"\u6218\u58EB\u65E0\u826F","role_create_time":"2017-08-30 17:43:19","role_ChangeLife":10,"role_level":90,"logout_time":"2017-11-25 19:14:29","Online_time":379696,"last_operation":"","money_sum":0,"exp_sum":0,"item_sum":0}
2017-11-25 19:16:00->OnlineRoleNum->{"serverId":1,"OnLinePlayerNum":0}
2017-11-25 19:18:00->OnlineRoleNum->{"serverId":1,"OnLinePlayerNum":0}
2017-11-25 19:20:00->OnlineRoleNum->{"serverId":1,"OnLinePlayerNum":0}
2017-11-25 19:22:00->OnlineRoleNum->{"serverId":1,"OnLinePlayerNum":0}
2017-11-25 19:24:00->OnlineRoleNum->{"serverId":1,"OnLinePlayerNum":0}
2017-11-25 19:26:00->OnlineRoleNum->{"serverId":1,"OnLinePlayerNum":0}
2017-11-25 19:28:00->OnlineRoleNum->{"serverId":1,"OnLinePlayerNum":0}
2017-11-25 19:30:00->OnlineRoleNum->{"serverId":1,"OnLinePlayerNum":0}
2017-11-25 19:32:00->OnlineRoleNum->{"serverId":1,"OnLinePlayerNum":0}
2017-11-25 19:34:00->OnlineRoleNum->{"serverId":1,"OnLinePlayerNum":0}
2017-11-25 19:36:00->OnlineRoleNum->{"serverId":1,"OnLinePlayerNum":0}
2017-11-25 19:38:00->OnlineRoleNum->{"serverId":1,"OnLinePlayerNum":0}
2017-11-25 19:40:00->OnlineRoleNum->{"serverId":1,"OnLinePlayerNum":0}
2017-11-25 19:44:00->OnlineRoleNum->{"serverId":1,"OnLinePlayerNum":0}
2017-11-25 19:46:00->OnlineRoleNum->{"serverId":1,"OnLinePlayerNum":0}
2017-11-25 19:48:00->OnlineRoleNum->{"serverId":1,"OnLinePlayerNum":0}
2017-11-25 19:50:00->OnlineRoleNum->{"serverId":1,"OnLinePlayerNum":0}
2017-11-25 19:52:00->OnlineRoleNum->{"serverId":1,"OnLinePlayerNum":0}
2017-11-25 19:54:00->OnlineRoleNum->{"serverId":1,"OnLinePlayerNum":0}
2017-11-25 19:56:00->OnlineRoleNum->{"serverId":1,"OnLinePlayerNum":0}
2017-11-25 19:58:00->OnlineRoleNum->{"serverId":1,"OnLinePlayerNum":0}
2017-11-25 20:00:00->OnlineRoleNum->{"serverId":1,"OnLinePlayerNum":0}
2017-11-25 20:02:00->OnlineRoleNum->{"serverId":1,"OnLinePlayerNum":0}
2017-11-25 20:04:00->OnlineRoleNum->{"serverId":1,"OnLinePlayerNum":0}
2017-11-25 20:06:00->OnlineRoleNum->{"serverId":1,"OnLinePlayerNum":0}
2017-11-25 20:08:00->OnlineRoleNum->{"serverId":1,"OnLinePlayerNum":0}
2017-11-25 20:10:00->OnlineRoleNum->{"serverId":1,"OnLinePlayerNum":0}
2017-11-25 20:12:00->OnlineRoleNum->{"serverId":1,"OnLinePlayerNum":0}
2017-11-25 20:14:00->OnlineRoleNum->{"serverId":1,"OnLinePlayerNum":0}
2017-11-25 20:16:00->OnlineRoleNum->{"serverId":1,"OnLinePlayerNum":0}
2017-11-25 20:18:00->OnlineRoleNum->{"serverId":1,"OnLinePlayerNum":0}
2017-11-25 20:20:00->OnlineRoleNum->{"serverId":1,"OnLinePlayerNum":0}
2017-11-25 20:22:00->OnlineRoleNum->{"serverId":1,"OnLinePlayerNum":0}
2017-11-25 20:24:00->OnlineRoleNum->{"serverId":1,"OnLinePlayerNum":0}
2017-11-25 20:26:00->OnlineRoleNum->{"serverId":1,"OnLinePlayerNum":0}
2017-11-25 20:28:00->OnlineRoleNum->{"serverId":1,"OnLinePlayerNum":0}
2017-11-25 20:30:00->OnlineRoleNum->{"serverId":1,"OnLinePlayerNum":0}
2017-11-25 20:32:00->OnlineRoleNum->{"serverId":1,"OnLinePlayerNum":0}
2017-11-25 20:34:00->OnlineRoleNum->{"serverId":1,"OnLinePlayerNum":0}
2017-11-25 20:36:00->OnlineRoleNum->{"serverId":1,"OnLinePlayerNum":0}
2017-11-25 20:38:00->OnlineRoleNum->{"serverId":1,"OnLinePlayerNum":0}
2017-11-25 20:40:00->OnlineRoleNum->{"serverId":1,"OnLinePlayerNum":0}
2017-11-25 20:42:00->OnlineRoleNum->{"serverId":1,"OnLinePlayerNum":0}
2017-11-25 20:44:00->OnlineRoleNum->{"serverId":1,"OnLinePlayerNum":0}
2017-11-25 20:46:00->OnlineRoleNum->{"serverId":1,"OnLinePlayerNum":0}
2017-11-25 20:48:00->OnlineRoleNum->{"serverId":1,"OnLinePlayerNum":0}
2017-11-25 20:50:00->OnlineRoleNum->{"serverId":1,"OnLinePlayerNum":0}
2017-11-25 20:52:00->OnlineRoleNum->{"serverId":1,"OnLinePlayerNum":0}
2017-11-25 20:54:00->OnlineRoleNum->{"serverId":1,"OnLinePlayerNum":0}
2017-11-25 20:56:00->OnlineRoleNum->{"serverId":1,"OnLinePlayerNum":0}
2017-11-25 20:58:00->OnlineRoleNum->{"serverId":1,"OnLinePlayerNum":0}
2017-11-25 21:00:00->OnlineRoleNum->{"serverId":1,"OnLinePlayerNum":0}
2017-11-25 21:02:00->OnlineRoleNum->{"serverId":1,"OnLinePlayerNum":0}
2017-11-25 21:04:00->OnlineRoleNum->{"serverId":1,"OnLinePlayerNum":0}
2017-11-25 21:06:00->OnlineRoleNum->{"serverId":1,"OnLinePlayerNum":0}
2017-11-25 21:08:00->OnlineRoleNum->{"serverId":1,"OnLinePlayerNum":0}
2017-11-25 21:10:00->OnlineRoleNum->{"serverId":1,"OnLinePlayerNum":0}
2017-11-25 21:12:00->OnlineRoleNum->{"serverId":1,"OnLinePlayerNum":0}
2017-11-25 21:14:00->OnlineRoleNum->{"serverId":1,"OnLinePlayerNum":0}
2017-11-25 21:16:00->OnlineRoleNum->{"serverId":1,"OnLinePlayerNum":0}
2017-11-25 21:18:00->OnlineRoleNum->{"serverId":1,"OnLinePlayerNum":0}
2017-11-25 21:20:00->OnlineRoleNum->{"serverId":1,"OnLinePlayerNum":0}
2017-11-25 21:22:00->OnlineRoleNum->{"serverId":1,"OnLinePlayerNum":0}
2017-11-25 21:24:00->OnlineRoleNum->{"serverId":1,"OnLinePlayerNum":0}
2017-11-25 21:26:00->OnlineRoleNum->{"serverId":1,"OnLinePlayerNum":0}
2017-11-25 21:28:00->OnlineRoleNum->{"serverId":1,"OnLinePlayerNum":0}
2017-11-25 21:30:00->OnlineRoleNum->{"serverId":1,"OnLinePlayerNum":0}
2017-11-25 21:32:00->OnlineRoleNum->{"serverId":1,"OnLinePlayerNum":0}
2017-11-25 21:34:00->OnlineRoleNum->{"serverId":1,"OnLinePlayerNum":0}
2017-11-25 21:36:00->OnlineRoleNum->{"serverId":1,"OnLinePlayerNum":0}
2017-11-25 21:38:00->OnlineRoleNum->{"serverId":1,"OnLinePlayerNum":0}
2017-11-25 21:40:00->OnlineRoleNum->{"serverId":1,"OnLinePlayerNum":0}
2017-11-25 21:42:00->OnlineRoleNum->{"serverId":1,"OnLinePlayerNum":0}
2017-11-25 21:44:00->OnlineRoleNum->{"serverId":1,"OnLinePlayerNum":0}
2017-11-25 21:46:00->OnlineRoleNum->{"serverId":1,"OnLinePlayerNum":0}
2017-11-25 21:48:00->OnlineRoleNum->{"serverId":1,"OnLinePlayerNum":0}
2017-11-25 21:50:00->OnlineRoleNum->{"serverId":1,"OnLinePlayerNum":0}
2017-11-25 21:52:00->OnlineRoleNum->{"serverId":1,"OnLinePlayerNum":0}
2017-11-25 21:54:00->OnlineRoleNum->{"serverId":1,"OnLinePlayerNum":0}
2017-11-25 21:56:00->OnlineRoleNum->{"serverId":1,"OnLinePlayerNum":0}
2017-11-25 21:58:00->OnlineRoleNum->{"serverId":1,"OnLinePlayerNum":0}
2017-11-25 22:00:00->OnlineRoleNum->{"serverId":1,"OnLinePlayerNum":0}
2017-11-25 22:02:00->OnlineRoleNum->{"serverId":1,"OnLinePlayerNum":0}
2017-11-25 22:04:00->OnlineRoleNum->{"serverId":1,"OnLinePlayerNum":0}
2017-11-25 22:06:00->OnlineRoleNum->{"serverId":1,"OnLinePlayerNum":0}
2017-11-25 22:08:00->OnlineRoleNum->{"serverId":1,"OnLinePlayerNum":0}
2017-11-25 22:10:00->OnlineRoleNum->{"serverId":1,"OnLinePlayerNum":0}
2017-11-25 22:12:00->OnlineRoleNum->{"serverId":1,"OnLinePlayerNum":0}
2017-11-25 22:14:00->OnlineRoleNum->{"serverId":1,"OnLinePlayerNum":0}
2017-11-25 22:16:00->OnlineRoleNum->{"serverId":1,"OnLinePlayerNum":0}
2017-11-25 22:18:00->OnlineRoleNum->{"serverId":1,"OnLinePlayerNum":0}
2017-11-25 22:20:00->OnlineRoleNum->{"serverId":1,"OnLinePlayerNum":0}
2017-11-25 22:22:00->OnlineRoleNum->{"serverId":1,"OnLinePlayerNum":0}
2017-11-25 22:24:00->OnlineRoleNum->{"serverId":1,"OnLinePlayerNum":0}
2017-11-25 22:26:00->OnlineRoleNum->{"serverId":1,"OnLinePlayerNum":0}
2017-11-25 22:28:00->OnlineRoleNum->{"serverId":1,"OnLinePlayerNum":0}
2017-11-25 22:30:00->OnlineRoleNum->{"serverId":1,"OnLinePlayerNum":0}
2017-11-25 22:32:00->OnlineRoleNum->{"serverId":1,"OnLinePlayerNum":0}
2017-11-25 22:34:00->OnlineRoleNum->{"serverId":1,"OnLinePlayerNum":0}
2017-11-25 22:36:00->OnlineRoleNum->{"serverId":1,"OnLinePlayerNum":0}
2017-11-25 22:38:00->OnlineRoleNum->{"serverId":1,"OnLinePlayerNum":0}
2017-11-25 22:40:00->OnlineRoleNum->{"serverId":1,"OnLinePlayerNum":0}
2017-11-25 22:42:00->OnlineRoleNum->{"serverId":1,"OnLinePlayerNum":0}
2017-11-25 22:44:00->OnlineRoleNum->{"serverId":1,"OnLinePlayerNum":0}
2017-11-25 22:46:00->OnlineRoleNum->{"serverId":1,"OnLinePlayerNum":0}
2017-11-25 22:48:00->OnlineRoleNum->{"serverId":1,"OnLinePlayerNum":0}
2017-11-25 22:50:00->OnlineRoleNum->{"serverId":1,"OnLinePlayerNum":0}
2017-11-25 22:52:00->OnlineRoleNum->{"serverId":1,"OnLinePlayerNum":0}
2017-11-25 22:54:00->OnlineRoleNum->{"serverId":1,"OnLinePlayerNum":0}
2017-11-25 22:56:00->OnlineRoleNum->{"serverId":1,"OnLinePlayerNum":0}
2017-11-25 22:58:00->OnlineRoleNum->{"serverId":1,"OnLinePlayerNum":0}
2017-11-25 23:00:00->OnlineRoleNum->{"serverId":1,"OnLinePlayerNum":0}
2017-11-25 23:02:00->OnlineRoleNum->{"serverId":1,"OnLinePlayerNum":0}
2017-11-25 23:04:00->OnlineRoleNum->{"serverId":1,"OnLinePlayerNum":0}
2017-11-25 23:06:00->OnlineRoleNum->{"serverId":1,"OnLinePlayerNum":0}
2017-11-25 23:08:00->OnlineRoleNum->{"serverId":1,"OnLinePlayerNum":0}
2017-11-25 23:10:00->OnlineRoleNum->{"serverId":1,"OnLinePlayerNum":0}
2017-11-25 23:12:00->OnlineRoleNum->{"serverId":1,"OnLinePlayerNum":0}
2017-11-25 23:14:00->OnlineRoleNum->{"serverId":1,"OnLinePlayerNum":0}
2017-11-25 23:16:00->OnlineRoleNum->{"serverId":1,"OnLinePlayerNum":0}
2017-11-25 23:18:00->OnlineRoleNum->{"serverId":1,"OnLinePlayerNum":0}
2017-11-25 23:20:00->OnlineRoleNum->{"serverId":1,"OnLinePlayerNum":0}
2017-11-25 23:22:00->OnlineRoleNum->{"serverId":1,"OnLinePlayerNum":0}
2017-11-25 23:24:00->OnlineRoleNum->{"serverId":1,"OnLinePlayerNum":0}
2017-11-25 23:26:00->OnlineRoleNum->{"serverId":1,"OnLinePlayerNum":0}
2017-11-25 23:28:00->OnlineRoleNum->{"serverId":1,"OnLinePlayerNum":0}
2017-11-25 23:30:00->OnlineRoleNum->{"serverId":1,"OnLinePlayerNum":0}
2017-11-25 23:32:00->OnlineRoleNum->{"serverId":1,"OnLinePlayerNum":0}
2017-11-25 23:34:00->OnlineRoleNum->{"serverId":1,"OnLinePlayerNum":0}
2017-11-25 23:36:00->OnlineRoleNum->{"serverId":1,"OnLinePlayerNum":0}
2017-11-25 23:38:00->OnlineRoleNum->{"serverId":1,"OnLinePlayerNum":0}
2017-11-25 23:40:00->OnlineRoleNum->{"serverId":1,"OnLinePlayerNum":0}
2017-11-25 23:42:00->OnlineRoleNum->{"serverId":1,"OnLinePlayerNum":0}
2017-11-25 23:44:00->OnlineRoleNum->{"serverId":1,"OnLinePlayerNum":0}
2017-11-25 23:46:00->OnlineRoleNum->{"serverId":1,"OnLinePlayerNum":0}
2017-11-25 23:48:00->OnlineRoleNum->{"serverId":1,"OnLinePlayerNum":0}
2017-11-25 23:50:00->OnlineRoleNum->{"serverId":1,"OnLinePlayerNum":0}
2017-11-25 23:52:00->OnlineRoleNum->{"serverId":1,"OnLinePlayerNum":0}
2017-11-25 23:54:00->OnlineRoleNum->{"serverId":1,"OnLinePlayerNum":0}
2017-11-25 23:56:00->OnlineRoleNum->{"serverId":1,"OnLinePlayerNum":0}
2017-11-25 23:58:00->OnlineRoleNum->{"serverId":1,"OnLinePlayerNum":0}
