{"LogTime":"2018-02-13 00:00:00", "Operation":"OnlineRoleNum", "serverID":1, "OnLinePlayerNum":0}
{"LogTime":"2018-02-13 00:02:00", "Operation":"OnlineRoleNum", "serverID":1, "OnLinePlayerNum":0}
{"LogTime":"2018-02-13 00:04:00", "Operation":"OnlineRoleNum", "serverID":1, "OnLinePlayerNum":0}
{"LogTime":"2018-02-13 00:06:00", "Operation":"OnlineRoleNum", "serverID":1, "OnLinePlayerNum":0}
{"LogTime":"2018-02-13 00:08:00", "Operation":"OnlineRoleNum", "serverID":1, "OnLinePlayerNum":0}
{"LogTime":"2018-02-13 00:10:00", "Operation":"OnlineRoleNum", "serverID":1, "OnLinePlayerNum":0}
{"LogTime":"2018-02-13 00:12:00", "Operation":"OnlineRoleNum", "serverID":1, "OnLinePlayerNum":0}
{"LogTime":"2018-02-13 00:14:00", "Operation":"OnlineRoleNum", "serverID":1, "OnLinePlayerNum":0}
{"LogTime":"2018-02-13 00:16:00", "Operation":"OnlineRoleNum", "serverID":1, "OnLinePlayerNum":0}
{"LogTime":"2018-02-13 00:18:00", "Operation":"OnlineRoleNum", "serverID":1, "OnLinePlayerNum":0}
{"LogTime":"2018-02-13 00:20:00", "Operation":"OnlineRoleNum", "serverID":1, "OnLinePlayerNum":0}
{"LogTime":"2018-02-13 00:22:00", "Operation":"OnlineRoleNum", "serverID":1, "OnLinePlayerNum":0}
{"LogTime":"2018-02-13 00:24:00", "Operation":"OnlineRoleNum", "serverID":1, "OnLinePlayerNum":0}
{"LogTime":"2018-02-13 00:26:00", "Operation":"OnlineRoleNum", "serverID":1, "OnLinePlayerNum":0}
{"LogTime":"2018-02-13 00:30:00", "Operation":"OnlineRoleNum", "serverID":1, "OnLinePlayerNum":0}
{"LogTime":"2018-02-13 00:32:00", "Operation":"OnlineRoleNum", "serverID":1, "OnLinePlayerNum":0}
{"LogTime":"2018-02-13 00:34:00", "Operation":"OnlineRoleNum", "serverID":1, "OnLinePlayerNum":0}
{"LogTime":"2018-02-13 00:36:00", "Operation":"OnlineRoleNum", "serverID":1, "OnLinePlayerNum":0}
{"LogTime":"2018-02-13 00:38:00", "Operation":"OnlineRoleNum", "serverID":1, "OnLinePlayerNum":0}
{"LogTime":"2018-02-13 00:40:00", "Operation":"OnlineRoleNum", "serverID":1, "OnLinePlayerNum":0}
{"LogTime":"2018-02-13 00:42:00", "Operation":"OnlineRoleNum", "serverID":1, "OnLinePlayerNum":0}
{"LogTime":"2018-02-13 00:44:00", "Operation":"OnlineRoleNum", "serverID":1, "OnLinePlayerNum":0}
{"LogTime":"2018-02-13 00:46:00", "Operation":"OnlineRoleNum", "serverID":1, "OnLinePlayerNum":0}
{"LogTime":"2018-02-13 00:48:00", "Operation":"OnlineRoleNum", "serverID":1, "OnLinePlayerNum":0}
{"LogTime":"2018-02-13 00:50:00", "Operation":"OnlineRoleNum", "serverID":1, "OnLinePlayerNum":0}
{"LogTime":"2018-02-13 00:52:00", "Operation":"OnlineRoleNum", "serverID":1, "OnLinePlayerNum":0}
{"LogTime":"2018-02-13 00:54:00", "Operation":"OnlineRoleNum", "serverID":1, "OnLinePlayerNum":0}
{"LogTime":"2018-02-13 00:56:00", "Operation":"OnlineRoleNum", "serverID":1, "OnLinePlayerNum":0}
{"LogTime":"2018-02-13 00:58:00", "Operation":"OnlineRoleNum", "serverID":1, "OnLinePlayerNum":0}
{"LogTime":"2018-02-13 01:00:00", "Operation":"OnlineRoleNum", "serverID":1, "OnLinePlayerNum":0}
{"LogTime":"2018-02-13 01:02:00", "Operation":"OnlineRoleNum", "serverID":1, "OnLinePlayerNum":0}
{"LogTime":"2018-02-13 01:04:00", "Operation":"OnlineRoleNum", "serverID":1, "OnLinePlayerNum":0}
{"LogTime":"2018-02-13 01:06:00", "Operation":"OnlineRoleNum", "serverID":1, "OnLinePlayerNum":0}
{"LogTime":"2018-02-13 01:08:00", "Operation":"OnlineRoleNum", "serverID":1, "OnLinePlayerNum":0}
{"LogTime":"2018-02-13 01:10:00", "Operation":"OnlineRoleNum", "serverID":1, "OnLinePlayerNum":0}
{"LogTime":"2018-02-13 01:12:00", "Operation":"OnlineRoleNum", "serverID":1, "OnLinePlayerNum":0}
{"LogTime":"2018-02-13 01:14:00", "Operation":"OnlineRoleNum", "serverID":1, "OnLinePlayerNum":0}
{"LogTime":"2018-02-13 01:16:00", "Operation":"OnlineRoleNum", "serverID":1, "OnLinePlayerNum":0}
{"LogTime":"2018-02-13 01:18:00", "Operation":"OnlineRoleNum", "serverID":1, "OnLinePlayerNum":0}
{"LogTime":"2018-02-13 01:20:00", "Operation":"OnlineRoleNum", "serverID":1, "OnLinePlayerNum":0}
{"LogTime":"2018-02-13 01:22:00", "Operation":"OnlineRoleNum", "serverID":1, "OnLinePlayerNum":0}
{"LogTime":"2018-02-13 01:24:00", "Operation":"OnlineRoleNum", "serverID":1, "OnLinePlayerNum":0}
{"LogTime":"2018-02-13 01:26:00", "Operation":"OnlineRoleNum", "serverID":1, "OnLinePlayerNum":0}
{"LogTime":"2018-02-13 01:28:00", "Operation":"OnlineRoleNum", "serverID":1, "OnLinePlayerNum":0}
{"LogTime":"2018-02-13 01:30:00", "Operation":"OnlineRoleNum", "serverID":1, "OnLinePlayerNum":0}
{"LogTime":"2018-02-13 01:32:00", "Operation":"OnlineRoleNum", "serverID":1, "OnLinePlayerNum":0}
{"LogTime":"2018-02-13 01:34:00", "Operation":"OnlineRoleNum", "serverID":1, "OnLinePlayerNum":0}
{"LogTime":"2018-02-13 01:36:00", "Operation":"OnlineRoleNum", "serverID":1, "OnLinePlayerNum":0}
{"LogTime":"2018-02-13 01:38:00", "Operation":"OnlineRoleNum", "serverID":1, "OnLinePlayerNum":0}
{"LogTime":"2018-02-13 01:40:00", "Operation":"OnlineRoleNum", "serverID":1, "OnLinePlayerNum":0}
{"LogTime":"2018-02-13 01:42:00", "Operation":"OnlineRoleNum", "serverID":1, "OnLinePlayerNum":0}
{"LogTime":"2018-02-13 01:44:00", "Operation":"OnlineRoleNum", "serverID":1, "OnLinePlayerNum":0}
{"LogTime":"2018-02-13 01:46:00", "Operation":"OnlineRoleNum", "serverID":1, "OnLinePlayerNum":0}
{"LogTime":"2018-02-13 01:48:00", "Operation":"OnlineRoleNum", "serverID":1, "OnLinePlayerNum":0}
{"LogTime":"2018-02-13 01:50:00", "Operation":"OnlineRoleNum", "serverID":1, "OnLinePlayerNum":0}
{"LogTime":"2018-02-13 01:52:00", "Operation":"OnlineRoleNum", "serverID":1, "OnLinePlayerNum":0}
{"LogTime":"2018-02-13 01:54:00", "Operation":"OnlineRoleNum", "serverID":1, "OnLinePlayerNum":0}
{"LogTime":"2018-02-13 01:56:00", "Operation":"OnlineRoleNum", "serverID":1, "OnLinePlayerNum":0}
{"LogTime":"2018-02-13 01:58:00", "Operation":"OnlineRoleNum", "serverID":1, "OnLinePlayerNum":0}
{"LogTime":"2018-02-13 02:00:00", "Operation":"OnlineRoleNum", "serverID":1, "OnLinePlayerNum":0}
{"LogTime":"2018-02-13 02:02:00", "Operation":"OnlineRoleNum", "serverID":1, "OnLinePlayerNum":0}
{"LogTime":"2018-02-13 02:04:00", "Operation":"OnlineRoleNum", "serverID":1, "OnLinePlayerNum":0}
{"LogTime":"2018-02-13 02:06:00", "Operation":"OnlineRoleNum", "serverID":1, "OnLinePlayerNum":0}
{"LogTime":"2018-02-13 02:08:00", "Operation":"OnlineRoleNum", "serverID":1, "OnLinePlayerNum":0}
{"LogTime":"2018-02-13 02:10:00", "Operation":"OnlineRoleNum", "serverID":1, "OnLinePlayerNum":0}
{"LogTime":"2018-02-13 02:12:00", "Operation":"OnlineRoleNum", "serverID":1, "OnLinePlayerNum":0}
{"LogTime":"2018-02-13 02:14:00", "Operation":"OnlineRoleNum", "serverID":1, "OnLinePlayerNum":0}
{"LogTime":"2018-02-13 02:16:00", "Operation":"OnlineRoleNum", "serverID":1, "OnLinePlayerNum":0}
{"LogTime":"2018-02-13 02:18:00", "Operation":"OnlineRoleNum", "serverID":1, "OnLinePlayerNum":0}
{"LogTime":"2018-02-13 02:20:00", "Operation":"OnlineRoleNum", "serverID":1, "OnLinePlayerNum":0}
{"LogTime":"2018-02-13 02:22:00", "Operation":"OnlineRoleNum", "serverID":1, "OnLinePlayerNum":0}
{"LogTime":"2018-02-13 02:24:00", "Operation":"OnlineRoleNum", "serverID":1, "OnLinePlayerNum":0}
{"LogTime":"2018-02-13 02:26:00", "Operation":"OnlineRoleNum", "serverID":1, "OnLinePlayerNum":0}
{"LogTime":"2018-02-13 02:28:00", "Operation":"OnlineRoleNum", "serverID":1, "OnLinePlayerNum":0}
{"LogTime":"2018-02-13 02:30:00", "Operation":"OnlineRoleNum", "serverID":1, "OnLinePlayerNum":0}
{"LogTime":"2018-02-13 02:32:00", "Operation":"OnlineRoleNum", "serverID":1, "OnLinePlayerNum":0}
{"LogTime":"2018-02-13 02:34:00", "Operation":"OnlineRoleNum", "serverID":1, "OnLinePlayerNum":0}
{"LogTime":"2018-02-13 02:36:00", "Operation":"OnlineRoleNum", "serverID":1, "OnLinePlayerNum":0}
{"LogTime":"2018-02-13 02:38:00", "Operation":"OnlineRoleNum", "serverID":1, "OnLinePlayerNum":0}
{"LogTime":"2018-02-13 02:40:00", "Operation":"OnlineRoleNum", "serverID":1, "OnLinePlayerNum":0}
{"LogTime":"2018-02-13 02:42:00", "Operation":"OnlineRoleNum", "serverID":1, "OnLinePlayerNum":0}
{"LogTime":"2018-02-13 02:44:00", "Operation":"OnlineRoleNum", "serverID":1, "OnLinePlayerNum":0}
{"LogTime":"2018-02-13 02:46:00", "Operation":"OnlineRoleNum", "serverID":1, "OnLinePlayerNum":0}
{"LogTime":"2018-02-13 02:48:00", "Operation":"OnlineRoleNum", "serverID":1, "OnLinePlayerNum":0}
{"LogTime":"2018-02-13 02:50:00", "Operation":"OnlineRoleNum", "serverID":1, "OnLinePlayerNum":0}
{"LogTime":"2018-02-13 02:52:00", "Operation":"OnlineRoleNum", "serverID":1, "OnLinePlayerNum":0}
{"LogTime":"2018-02-13 02:54:00", "Operation":"OnlineRoleNum", "serverID":1, "OnLinePlayerNum":0}
{"LogTime":"2018-02-13 02:56:00", "Operation":"OnlineRoleNum", "serverID":1, "OnLinePlayerNum":0}
{"LogTime":"2018-02-13 02:58:00", "Operation":"OnlineRoleNum", "serverID":1, "OnLinePlayerNum":0}
{"LogTime":"2018-02-13 03:00:00", "Operation":"OnlineRoleNum", "serverID":1, "OnLinePlayerNum":0}
{"LogTime":"2018-02-13 03:02:00", "Operation":"OnlineRoleNum", "serverID":1, "OnLinePlayerNum":0}
{"LogTime":"2018-02-13 03:04:00", "Operation":"OnlineRoleNum", "serverID":1, "OnLinePlayerNum":0}
{"LogTime":"2018-02-13 03:06:00", "Operation":"OnlineRoleNum", "serverID":1, "OnLinePlayerNum":0}
{"LogTime":"2018-02-13 03:08:00", "Operation":"OnlineRoleNum", "serverID":1, "OnLinePlayerNum":0}
{"LogTime":"2018-02-13 03:10:00", "Operation":"OnlineRoleNum", "serverID":1, "OnLinePlayerNum":0}
{"LogTime":"2018-02-13 03:12:00", "Operation":"OnlineRoleNum", "serverID":1, "OnLinePlayerNum":0}
{"LogTime":"2018-02-13 03:14:00", "Operation":"OnlineRoleNum", "serverID":1, "OnLinePlayerNum":0}
{"LogTime":"2018-02-13 03:16:00", "Operation":"OnlineRoleNum", "serverID":1, "OnLinePlayerNum":0}
{"LogTime":"2018-02-13 03:18:00", "Operation":"OnlineRoleNum", "serverID":1, "OnLinePlayerNum":0}
{"LogTime":"2018-02-13 03:20:00", "Operation":"OnlineRoleNum", "serverID":1, "OnLinePlayerNum":0}
{"LogTime":"2018-02-13 03:22:00", "Operation":"OnlineRoleNum", "serverID":1, "OnLinePlayerNum":0}
{"LogTime":"2018-02-13 03:24:00", "Operation":"OnlineRoleNum", "serverID":1, "OnLinePlayerNum":0}
{"LogTime":"2018-02-13 03:26:00", "Operation":"OnlineRoleNum", "serverID":1, "OnLinePlayerNum":0}
{"LogTime":"2018-02-13 03:28:00", "Operation":"OnlineRoleNum", "serverID":1, "OnLinePlayerNum":0}
{"LogTime":"2018-02-13 03:30:00", "Operation":"OnlineRoleNum", "serverID":1, "OnLinePlayerNum":0}
{"LogTime":"2018-02-13 03:32:00", "Operation":"OnlineRoleNum", "serverID":1, "OnLinePlayerNum":0}
{"LogTime":"2018-02-13 03:34:00", "Operation":"OnlineRoleNum", "serverID":1, "OnLinePlayerNum":0}
{"LogTime":"2018-02-13 03:36:00", "Operation":"OnlineRoleNum", "serverID":1, "OnLinePlayerNum":0}
{"LogTime":"2018-02-13 03:38:00", "Operation":"OnlineRoleNum", "serverID":1, "OnLinePlayerNum":0}
{"LogTime":"2018-02-13 03:40:00", "Operation":"OnlineRoleNum", "serverID":1, "OnLinePlayerNum":0}
{"LogTime":"2018-02-13 03:42:00", "Operation":"OnlineRoleNum", "serverID":1, "OnLinePlayerNum":0}
{"LogTime":"2018-02-13 03:44:00", "Operation":"OnlineRoleNum", "serverID":1, "OnLinePlayerNum":0}
{"LogTime":"2018-02-13 03:46:00", "Operation":"OnlineRoleNum", "serverID":1, "OnLinePlayerNum":0}
{"LogTime":"2018-02-13 03:48:00", "Operation":"OnlineRoleNum", "serverID":1, "OnLinePlayerNum":0}
{"LogTime":"2018-02-13 03:50:00", "Operation":"OnlineRoleNum", "serverID":1, "OnLinePlayerNum":0}
{"LogTime":"2018-02-13 03:52:00", "Operation":"OnlineRoleNum", "serverID":1, "OnLinePlayerNum":0}
{"LogTime":"2018-02-13 03:54:00", "Operation":"OnlineRoleNum", "serverID":1, "OnLinePlayerNum":0}
{"LogTime":"2018-02-13 03:56:00", "Operation":"OnlineRoleNum", "serverID":1, "OnLinePlayerNum":0}
{"LogTime":"2018-02-13 03:58:00", "Operation":"OnlineRoleNum", "serverID":1, "OnLinePlayerNum":0}
{"LogTime":"2018-02-13 04:00:00", "Operation":"OnlineRoleNum", "serverID":1, "OnLinePlayerNum":0}
{"LogTime":"2018-02-13 04:02:00", "Operation":"OnlineRoleNum", "serverID":1, "OnLinePlayerNum":0}
{"LogTime":"2018-02-13 04:04:00", "Operation":"OnlineRoleNum", "serverID":1, "OnLinePlayerNum":0}
{"LogTime":"2018-02-13 04:06:00", "Operation":"OnlineRoleNum", "serverID":1, "OnLinePlayerNum":0}
{"LogTime":"2018-02-13 04:08:00", "Operation":"OnlineRoleNum", "serverID":1, "OnLinePlayerNum":0}
{"LogTime":"2018-02-13 04:10:00", "Operation":"OnlineRoleNum", "serverID":1, "OnLinePlayerNum":0}
{"LogTime":"2018-02-13 04:12:00", "Operation":"OnlineRoleNum", "serverID":1, "OnLinePlayerNum":0}
{"LogTime":"2018-02-13 04:14:00", "Operation":"OnlineRoleNum", "serverID":1, "OnLinePlayerNum":0}
{"LogTime":"2018-02-13 04:16:00", "Operation":"OnlineRoleNum", "serverID":1, "OnLinePlayerNum":0}
{"LogTime":"2018-02-13 04:18:00", "Operation":"OnlineRoleNum", "serverID":1, "OnLinePlayerNum":0}
{"LogTime":"2018-02-13 04:20:00", "Operation":"OnlineRoleNum", "serverID":1, "OnLinePlayerNum":0}
{"LogTime":"2018-02-13 04:22:00", "Operation":"OnlineRoleNum", "serverID":1, "OnLinePlayerNum":0}
{"LogTime":"2018-02-13 04:24:00", "Operation":"OnlineRoleNum", "serverID":1, "OnLinePlayerNum":0}
{"LogTime":"2018-02-13 04:26:00", "Operation":"OnlineRoleNum", "serverID":1, "OnLinePlayerNum":0}
{"LogTime":"2018-02-13 04:28:00", "Operation":"OnlineRoleNum", "serverID":1, "OnLinePlayerNum":0}
{"LogTime":"2018-02-13 04:30:00", "Operation":"OnlineRoleNum", "serverID":1, "OnLinePlayerNum":0}
{"LogTime":"2018-02-13 04:32:00", "Operation":"OnlineRoleNum", "serverID":1, "OnLinePlayerNum":0}
{"LogTime":"2018-02-13 04:34:00", "Operation":"OnlineRoleNum", "serverID":1, "OnLinePlayerNum":0}
{"LogTime":"2018-02-13 04:36:00", "Operation":"OnlineRoleNum", "serverID":1, "OnLinePlayerNum":0}
{"LogTime":"2018-02-13 04:38:00", "Operation":"OnlineRoleNum", "serverID":1, "OnLinePlayerNum":0}
{"LogTime":"2018-02-13 04:42:00", "Operation":"OnlineRoleNum", "serverID":1, "OnLinePlayerNum":0}
{"LogTime":"2018-02-13 04:44:00", "Operation":"OnlineRoleNum", "serverID":1, "OnLinePlayerNum":0}
{"LogTime":"2018-02-13 04:46:00", "Operation":"OnlineRoleNum", "serverID":1, "OnLinePlayerNum":0}
{"LogTime":"2018-02-13 04:48:00", "Operation":"OnlineRoleNum", "serverID":1, "OnLinePlayerNum":0}
{"LogTime":"2018-02-13 04:50:00", "Operation":"OnlineRoleNum", "serverID":1, "OnLinePlayerNum":0}
{"LogTime":"2018-02-13 04:52:00", "Operation":"OnlineRoleNum", "serverID":1, "OnLinePlayerNum":0}
{"LogTime":"2018-02-13 04:54:00", "Operation":"OnlineRoleNum", "serverID":1, "OnLinePlayerNum":0}
{"LogTime":"2018-02-13 04:56:00", "Operation":"OnlineRoleNum", "serverID":1, "OnLinePlayerNum":0}
{"LogTime":"2018-02-13 04:58:00", "Operation":"OnlineRoleNum", "serverID":1, "OnLinePlayerNum":0}
{"LogTime":"2018-02-13 05:00:00", "Operation":"OnlineRoleNum", "serverID":1, "OnLinePlayerNum":0}
{"LogTime":"2018-02-13 05:02:00", "Operation":"OnlineRoleNum", "serverID":1, "OnLinePlayerNum":0}
{"LogTime":"2018-02-13 05:04:00", "Operation":"OnlineRoleNum", "serverID":1, "OnLinePlayerNum":0}
{"LogTime":"2018-02-13 05:06:00", "Operation":"OnlineRoleNum", "serverID":1, "OnLinePlayerNum":0}
{"LogTime":"2018-02-13 05:08:00", "Operation":"OnlineRoleNum", "serverID":1, "OnLinePlayerNum":0}
{"LogTime":"2018-02-13 05:10:00", "Operation":"OnlineRoleNum", "serverID":1, "OnLinePlayerNum":0}
{"LogTime":"2018-02-13 05:12:00", "Operation":"OnlineRoleNum", "serverID":1, "OnLinePlayerNum":0}
{"LogTime":"2018-02-13 05:14:00", "Operation":"OnlineRoleNum", "serverID":1, "OnLinePlayerNum":0}
{"LogTime":"2018-02-13 05:16:00", "Operation":"OnlineRoleNum", "serverID":1, "OnLinePlayerNum":0}
{"LogTime":"2018-02-13 05:18:00", "Operation":"OnlineRoleNum", "serverID":1, "OnLinePlayerNum":0}
{"LogTime":"2018-02-13 05:20:00", "Operation":"OnlineRoleNum", "serverID":1, "OnLinePlayerNum":0}
{"LogTime":"2018-02-13 05:22:00", "Operation":"OnlineRoleNum", "serverID":1, "OnLinePlayerNum":0}
{"LogTime":"2018-02-13 05:24:00", "Operation":"OnlineRoleNum", "serverID":1, "OnLinePlayerNum":0}
{"LogTime":"2018-02-13 05:26:00", "Operation":"OnlineRoleNum", "serverID":1, "OnLinePlayerNum":0}
{"LogTime":"2018-02-13 05:28:00", "Operation":"OnlineRoleNum", "serverID":1, "OnLinePlayerNum":0}
{"LogTime":"2018-02-13 05:30:00", "Operation":"OnlineRoleNum", "serverID":1, "OnLinePlayerNum":0}
{"LogTime":"2018-02-13 05:32:00", "Operation":"OnlineRoleNum", "serverID":1, "OnLinePlayerNum":0}
{"LogTime":"2018-02-13 05:34:00", "Operation":"OnlineRoleNum", "serverID":1, "OnLinePlayerNum":0}
{"LogTime":"2018-02-13 05:36:00", "Operation":"OnlineRoleNum", "serverID":1, "OnLinePlayerNum":0}
{"LogTime":"2018-02-13 05:38:00", "Operation":"OnlineRoleNum", "serverID":1, "OnLinePlayerNum":0}
{"LogTime":"2018-02-13 05:40:00", "Operation":"OnlineRoleNum", "serverID":1, "OnLinePlayerNum":0}
{"LogTime":"2018-02-13 05:42:00", "Operation":"OnlineRoleNum", "serverID":1, "OnLinePlayerNum":0}
{"LogTime":"2018-02-13 05:44:00", "Operation":"OnlineRoleNum", "serverID":1, "OnLinePlayerNum":0}
{"LogTime":"2018-02-13 05:46:00", "Operation":"OnlineRoleNum", "serverID":1, "OnLinePlayerNum":0}
{"LogTime":"2018-02-13 05:48:00", "Operation":"OnlineRoleNum", "serverID":1, "OnLinePlayerNum":0}
{"LogTime":"2018-02-13 05:50:00", "Operation":"OnlineRoleNum", "serverID":1, "OnLinePlayerNum":0}
{"LogTime":"2018-02-13 05:52:00", "Operation":"OnlineRoleNum", "serverID":1, "OnLinePlayerNum":0}
{"LogTime":"2018-02-13 05:54:00", "Operation":"OnlineRoleNum", "serverID":1, "OnLinePlayerNum":0}
{"LogTime":"2018-02-13 05:56:00", "Operation":"OnlineRoleNum", "serverID":1, "OnLinePlayerNum":0}
{"LogTime":"2018-02-13 05:58:00", "Operation":"OnlineRoleNum", "serverID":1, "OnLinePlayerNum":0}
{"LogTime":"2018-02-13 06:00:00", "Operation":"OnlineRoleNum", "serverID":1, "OnLinePlayerNum":0}
{"LogTime":"2018-02-13 06:02:00", "Operation":"OnlineRoleNum", "serverID":1, "OnLinePlayerNum":0}
{"LogTime":"2018-02-13 06:04:00", "Operation":"OnlineRoleNum", "serverID":1, "OnLinePlayerNum":0}
{"LogTime":"2018-02-13 06:06:00", "Operation":"OnlineRoleNum", "serverID":1, "OnLinePlayerNum":0}
{"LogTime":"2018-02-13 06:08:00", "Operation":"OnlineRoleNum", "serverID":1, "OnLinePlayerNum":0}
{"LogTime":"2018-02-13 06:10:00", "Operation":"OnlineRoleNum", "serverID":1, "OnLinePlayerNum":0}
{"LogTime":"2018-02-13 06:12:00", "Operation":"OnlineRoleNum", "serverID":1, "OnLinePlayerNum":0}
{"LogTime":"2018-02-13 06:14:00", "Operation":"OnlineRoleNum", "serverID":1, "OnLinePlayerNum":0}
{"LogTime":"2018-02-13 06:16:00", "Operation":"OnlineRoleNum", "serverID":1, "OnLinePlayerNum":0}
{"LogTime":"2018-02-13 06:18:00", "Operation":"OnlineRoleNum", "serverID":1, "OnLinePlayerNum":0}
{"LogTime":"2018-02-13 06:20:00", "Operation":"OnlineRoleNum", "serverID":1, "OnLinePlayerNum":0}
{"LogTime":"2018-02-13 06:22:00", "Operation":"OnlineRoleNum", "serverID":1, "OnLinePlayerNum":0}
{"LogTime":"2018-02-13 06:24:00", "Operation":"OnlineRoleNum", "serverID":1, "OnLinePlayerNum":0}
{"LogTime":"2018-02-13 06:26:00", "Operation":"OnlineRoleNum", "serverID":1, "OnLinePlayerNum":0}
{"LogTime":"2018-02-13 06:28:00", "Operation":"OnlineRoleNum", "serverID":1, "OnLinePlayerNum":0}
{"LogTime":"2018-02-13 06:30:00", "Operation":"OnlineRoleNum", "serverID":1, "OnLinePlayerNum":0}
{"LogTime":"2018-02-13 06:32:00", "Operation":"OnlineRoleNum", "serverID":1, "OnLinePlayerNum":0}
{"LogTime":"2018-02-13 06:34:00", "Operation":"OnlineRoleNum", "serverID":1, "OnLinePlayerNum":0}
{"LogTime":"2018-02-13 06:36:00", "Operation":"OnlineRoleNum", "serverID":1, "OnLinePlayerNum":0}
{"LogTime":"2018-02-13 06:38:00", "Operation":"OnlineRoleNum", "serverID":1, "OnLinePlayerNum":0}
{"LogTime":"2018-02-13 06:40:00", "Operation":"OnlineRoleNum", "serverID":1, "OnLinePlayerNum":0}
{"LogTime":"2018-02-13 06:42:00", "Operation":"OnlineRoleNum", "serverID":1, "OnLinePlayerNum":0}
{"LogTime":"2018-02-13 06:44:00", "Operation":"OnlineRoleNum", "serverID":1, "OnLinePlayerNum":0}
{"LogTime":"2018-02-13 06:46:00", "Operation":"OnlineRoleNum", "serverID":1, "OnLinePlayerNum":0}
{"LogTime":"2018-02-13 06:48:00", "Operation":"OnlineRoleNum", "serverID":1, "OnLinePlayerNum":0}
{"LogTime":"2018-02-13 06:52:00", "Operation":"OnlineRoleNum", "serverID":1, "OnLinePlayerNum":0}
{"LogTime":"2018-02-13 06:54:00", "Operation":"OnlineRoleNum", "serverID":1, "OnLinePlayerNum":0}
{"LogTime":"2018-02-13 06:56:00", "Operation":"OnlineRoleNum", "serverID":1, "OnLinePlayerNum":0}
{"LogTime":"2018-02-13 06:58:00", "Operation":"OnlineRoleNum", "serverID":1, "OnLinePlayerNum":0}
{"LogTime":"2018-02-13 07:00:00", "Operation":"OnlineRoleNum", "serverID":1, "OnLinePlayerNum":0}
{"LogTime":"2018-02-13 07:02:00", "Operation":"OnlineRoleNum", "serverID":1, "OnLinePlayerNum":0}
{"LogTime":"2018-02-13 07:04:00", "Operation":"OnlineRoleNum", "serverID":1, "OnLinePlayerNum":0}
{"LogTime":"2018-02-13 07:06:00", "Operation":"OnlineRoleNum", "serverID":1, "OnLinePlayerNum":0}
{"LogTime":"2018-02-13 07:08:00", "Operation":"OnlineRoleNum", "serverID":1, "OnLinePlayerNum":0}
{"LogTime":"2018-02-13 07:10:00", "Operation":"OnlineRoleNum", "serverID":1, "OnLinePlayerNum":0}
{"LogTime":"2018-02-13 07:12:00", "Operation":"OnlineRoleNum", "serverID":1, "OnLinePlayerNum":0}
{"LogTime":"2018-02-13 07:14:00", "Operation":"OnlineRoleNum", "serverID":1, "OnLinePlayerNum":0}
{"LogTime":"2018-02-13 07:16:00", "Operation":"OnlineRoleNum", "serverID":1, "OnLinePlayerNum":0}
{"LogTime":"2018-02-13 07:18:00", "Operation":"OnlineRoleNum", "serverID":1, "OnLinePlayerNum":0}
{"LogTime":"2018-02-13 07:20:00", "Operation":"OnlineRoleNum", "serverID":1, "OnLinePlayerNum":0}
{"LogTime":"2018-02-13 07:22:00", "Operation":"OnlineRoleNum", "serverID":1, "OnLinePlayerNum":0}
{"LogTime":"2018-02-13 07:24:00", "Operation":"OnlineRoleNum", "serverID":1, "OnLinePlayerNum":0}
{"LogTime":"2018-02-13 07:26:00", "Operation":"OnlineRoleNum", "serverID":1, "OnLinePlayerNum":0}
{"LogTime":"2018-02-13 07:28:00", "Operation":"OnlineRoleNum", "serverID":1, "OnLinePlayerNum":0}
{"LogTime":"2018-02-13 07:30:00", "Operation":"OnlineRoleNum", "serverID":1, "OnLinePlayerNum":0}
{"LogTime":"2018-02-13 07:34:00", "Operation":"OnlineRoleNum", "serverID":1, "OnLinePlayerNum":0}
{"LogTime":"2018-02-13 07:36:00", "Operation":"OnlineRoleNum", "serverID":1, "OnLinePlayerNum":0}
{"LogTime":"2018-02-13 07:38:00", "Operation":"OnlineRoleNum", "serverID":1, "OnLinePlayerNum":0}
{"LogTime":"2018-02-13 07:40:00", "Operation":"OnlineRoleNum", "serverID":1, "OnLinePlayerNum":0}
{"LogTime":"2018-02-13 07:42:00", "Operation":"OnlineRoleNum", "serverID":1, "OnLinePlayerNum":0}
{"LogTime":"2018-02-13 07:44:00", "Operation":"OnlineRoleNum", "serverID":1, "OnLinePlayerNum":0}
{"LogTime":"2018-02-13 07:46:00", "Operation":"OnlineRoleNum", "serverID":1, "OnLinePlayerNum":0}
{"LogTime":"2018-02-13 07:48:00", "Operation":"OnlineRoleNum", "serverID":1, "OnLinePlayerNum":0}
{"LogTime":"2018-02-13 07:50:00", "Operation":"OnlineRoleNum", "serverID":1, "OnLinePlayerNum":0}
{"LogTime":"2018-02-13 07:52:00", "Operation":"OnlineRoleNum", "serverID":1, "OnLinePlayerNum":0}
{"LogTime":"2018-02-13 07:54:00", "Operation":"OnlineRoleNum", "serverID":1, "OnLinePlayerNum":0}
{"LogTime":"2018-02-13 07:56:00", "Operation":"OnlineRoleNum", "serverID":1, "OnLinePlayerNum":0}
{"LogTime":"2018-02-13 07:58:00", "Operation":"OnlineRoleNum", "serverID":1, "OnLinePlayerNum":0}
{"LogTime":"2018-02-13 08:00:00", "Operation":"OnlineRoleNum", "serverID":1, "OnLinePlayerNum":0}
{"LogTime":"2018-02-13 08:02:00", "Operation":"OnlineRoleNum", "serverID":1, "OnLinePlayerNum":0}
{"LogTime":"2018-02-13 08:04:00", "Operation":"OnlineRoleNum", "serverID":1, "OnLinePlayerNum":0}
{"LogTime":"2018-02-13 08:06:00", "Operation":"OnlineRoleNum", "serverID":1, "OnLinePlayerNum":0}
{"LogTime":"2018-02-13 08:08:00", "Operation":"OnlineRoleNum", "serverID":1, "OnLinePlayerNum":0}
{"LogTime":"2018-02-13 08:10:00", "Operation":"OnlineRoleNum", "serverID":1, "OnLinePlayerNum":0}
{"LogTime":"2018-02-13 08:12:00", "Operation":"OnlineRoleNum", "serverID":1, "OnLinePlayerNum":0}
{"LogTime":"2018-02-13 08:14:00", "Operation":"OnlineRoleNum", "serverID":1, "OnLinePlayerNum":0}
{"LogTime":"2018-02-13 08:16:00", "Operation":"OnlineRoleNum", "serverID":1, "OnLinePlayerNum":0}
{"LogTime":"2018-02-13 08:18:00", "Operation":"OnlineRoleNum", "serverID":1, "OnLinePlayerNum":0}
{"LogTime":"2018-02-13 08:20:00", "Operation":"OnlineRoleNum", "serverID":1, "OnLinePlayerNum":0}
{"LogTime":"2018-02-13 08:22:00", "Operation":"OnlineRoleNum", "serverID":1, "OnLinePlayerNum":0}
{"LogTime":"2018-02-13 08:24:00", "Operation":"OnlineRoleNum", "serverID":1, "OnLinePlayerNum":0}
{"LogTime":"2018-02-13 08:26:00", "Operation":"OnlineRoleNum", "serverID":1, "OnLinePlayerNum":0}
{"LogTime":"2018-02-13 08:28:00", "Operation":"OnlineRoleNum", "serverID":1, "OnLinePlayerNum":0}
{"LogTime":"2018-02-13 08:30:00", "Operation":"OnlineRoleNum", "serverID":1, "OnLinePlayerNum":0}
{"LogTime":"2018-02-13 08:32:00", "Operation":"OnlineRoleNum", "serverID":1, "OnLinePlayerNum":0}
{"LogTime":"2018-02-13 08:34:00", "Operation":"OnlineRoleNum", "serverID":1, "OnLinePlayerNum":0}
{"LogTime":"2018-02-13 08:36:00", "Operation":"OnlineRoleNum", "serverID":1, "OnLinePlayerNum":0}
{"LogTime":"2018-02-13 08:38:00", "Operation":"OnlineRoleNum", "serverID":1, "OnLinePlayerNum":0}
{"LogTime":"2018-02-13 08:40:00", "Operation":"OnlineRoleNum", "serverID":1, "OnLinePlayerNum":0}
{"LogTime":"2018-02-13 08:42:00", "Operation":"OnlineRoleNum", "serverID":1, "OnLinePlayerNum":0}
{"LogTime":"2018-02-13 08:44:00", "Operation":"OnlineRoleNum", "serverID":1, "OnLinePlayerNum":0}
{"LogTime":"2018-02-13 08:46:00", "Operation":"OnlineRoleNum", "serverID":1, "OnLinePlayerNum":0}
{"LogTime":"2018-02-13 08:48:00", "Operation":"OnlineRoleNum", "serverID":1, "OnLinePlayerNum":0}
{"LogTime":"2018-02-13 08:50:00", "Operation":"OnlineRoleNum", "serverID":1, "OnLinePlayerNum":0}
{"LogTime":"2018-02-13 08:52:00", "Operation":"OnlineRoleNum", "serverID":1, "OnLinePlayerNum":0}
{"LogTime":"2018-02-13 08:54:00", "Operation":"OnlineRoleNum", "serverID":1, "OnLinePlayerNum":0}
{"LogTime":"2018-02-13 08:56:00", "Operation":"OnlineRoleNum", "serverID":1, "OnLinePlayerNum":0}
{"LogTime":"2018-02-13 08:58:00", "Operation":"OnlineRoleNum", "serverID":1, "OnLinePlayerNum":0}
{"LogTime":"2018-02-13 09:00:00", "Operation":"OnlineRoleNum", "serverID":1, "OnLinePlayerNum":0}
{"LogTime":"2018-02-13 09:02:00", "Operation":"OnlineRoleNum", "serverID":1, "OnLinePlayerNum":0}
{"LogTime":"2018-02-13 09:04:00", "Operation":"OnlineRoleNum", "serverID":1, "OnLinePlayerNum":0}
{"LogTime":"2018-02-13 09:06:00", "Operation":"OnlineRoleNum", "serverID":1, "OnLinePlayerNum":0}
{"LogTime":"2018-02-13 09:08:00", "Operation":"OnlineRoleNum", "serverID":1, "OnLinePlayerNum":0}
{"LogTime":"2018-02-13 09:10:00", "Operation":"OnlineRoleNum", "serverID":1, "OnLinePlayerNum":0}
{"LogTime":"2018-02-13 09:12:00", "Operation":"OnlineRoleNum", "serverID":1, "OnLinePlayerNum":0}
{"LogTime":"2018-02-13 09:14:00", "Operation":"OnlineRoleNum", "serverID":1, "OnLinePlayerNum":0}
{"LogTime":"2018-02-13 09:16:00", "Operation":"OnlineRoleNum", "serverID":1, "OnLinePlayerNum":0}
{"LogTime":"2018-02-13 09:18:00", "Operation":"OnlineRoleNum", "serverID":1, "OnLinePlayerNum":0}
{"LogTime":"2018-02-13 09:20:00", "Operation":"OnlineRoleNum", "serverID":1, "OnLinePlayerNum":0}
{"LogTime":"2018-02-13 09:22:00", "Operation":"OnlineRoleNum", "serverID":1, "OnLinePlayerNum":0}
{"LogTime":"2018-02-13 09:24:00", "Operation":"OnlineRoleNum", "serverID":1, "OnLinePlayerNum":0}
{"LogTime":"2018-02-13 09:26:00", "Operation":"OnlineRoleNum", "serverID":1, "OnLinePlayerNum":0}
{"LogTime":"2018-02-13 09:28:00", "Operation":"OnlineRoleNum", "serverID":1, "OnLinePlayerNum":0}
{"LogTime":"2018-02-13 09:30:00", "Operation":"OnlineRoleNum", "serverID":1, "OnLinePlayerNum":0}
{"LogTime":"2018-02-13 09:32:00", "Operation":"OnlineRoleNum", "serverID":1, "OnLinePlayerNum":0}
{"LogTime":"2018-02-13 09:34:00", "Operation":"OnlineRoleNum", "serverID":1, "OnLinePlayerNum":0}
{"LogTime":"2018-02-13 09:36:00", "Operation":"OnlineRoleNum", "serverID":1, "OnLinePlayerNum":0}
{"LogTime":"2018-02-13 09:38:00", "Operation":"OnlineRoleNum", "serverID":1, "OnLinePlayerNum":0}
{"LogTime":"2018-02-13 09:40:00", "Operation":"OnlineRoleNum", "serverID":1, "OnLinePlayerNum":0}
{"LogTime":"2018-02-13 09:42:00", "Operation":"OnlineRoleNum", "serverID":1, "OnLinePlayerNum":0}
{"LogTime":"2018-02-13 09:44:00", "Operation":"OnlineRoleNum", "serverID":1, "OnLinePlayerNum":0}
{"LogTime":"2018-02-13 09:46:00", "Operation":"OnlineRoleNum", "serverID":1, "OnLinePlayerNum":0}
{"LogTime":"2018-02-13 09:48:00", "Operation":"OnlineRoleNum", "serverID":1, "OnLinePlayerNum":0}
{"LogTime":"2018-02-13 09:50:00", "Operation":"OnlineRoleNum", "serverID":1, "OnLinePlayerNum":0}
{"LogTime":"2018-02-13 09:52:00", "Operation":"OnlineRoleNum", "serverID":1, "OnLinePlayerNum":0}
{"LogTime":"2018-02-13 09:54:00", "Operation":"OnlineRoleNum", "serverID":1, "OnLinePlayerNum":0}
{"LogTime":"2018-02-13 09:56:00", "Operation":"OnlineRoleNum", "serverID":1, "OnLinePlayerNum":0}
{"LogTime":"2018-02-13 09:58:00", "Operation":"OnlineRoleNum", "serverID":1, "OnLinePlayerNum":0}
{"LogTime":"2018-02-13 10:00:00", "Operation":"OnlineRoleNum", "serverID":1, "OnLinePlayerNum":0}
{"LogTime":"2018-02-13 10:02:00", "Operation":"OnlineRoleNum", "serverID":1, "OnLinePlayerNum":0}
{"LogTime":"2018-02-13 10:04:00", "Operation":"OnlineRoleNum", "serverID":1, "OnLinePlayerNum":0}
{"LogTime":"2018-02-13 10:06:00", "Operation":"OnlineRoleNum", "serverID":1, "OnLinePlayerNum":0}
{"LogTime":"2018-02-13 10:08:00", "Operation":"OnlineRoleNum", "serverID":1, "OnLinePlayerNum":0}
{"LogTime":"2018-02-13 10:10:00", "Operation":"OnlineRoleNum", "serverID":1, "OnLinePlayerNum":0}
{"LogTime":"2018-02-13 10:12:00", "Operation":"OnlineRoleNum", "serverID":1, "OnLinePlayerNum":0}
{"LogTime":"2018-02-13 10:14:00", "Operation":"OnlineRoleNum", "serverID":1, "OnLinePlayerNum":0}
{"LogTime":"2018-02-13 10:16:00", "Operation":"OnlineRoleNum", "serverID":1, "OnLinePlayerNum":0}
{"LogTime":"2018-02-13 10:16:12", "Operation":"backpack", "server":1, "account_id":"841", "role_id":1800201067, "role_name":"嘚嘚嘣", "role_ChangeLife":9, "role_level":100, "item_reason":"使用指定道具后获取", "change_type":1, "item_get":"{\"47275_1090801\":1}", "item_use":"{}", "item_left":"{\"47275_1090801\":1}"}
{"LogTime":"2018-02-13 10:16:12", "Operation":"LoginRole", "ip":"192.168.88.68:42830 ", "deviceID":"a14b91b269f071d80420e2e8989164275feed6ff", "ClientApp_ver":0, "serverID":1, "account_id":"841", "account_Name":"s102", "role_id":1800201067, "role_name":"嘚嘚嘣", "create_time":"2018-01-31 14:01:27", "vip":5, "left_Money":121265, "left_Bind_Money":121510100, "left_yuanbao":1754604, "left_free_yuanbao":121265, "role_ChangeLife":9, "role_level":100, "login_time":"2018-02-13 10:16:12", "last_logout_time":"2018-02-12 18:48:03", "player_message":"{\"FriendCount\":1, \"CurExp\":3137782512, \"CombatForce\":736295, \"TotalOnlineSecs\":696572, \"PKPoint\":0, \"BangGong\":340}"}
{"LogTime":"2018-02-13 10:16:45", "Operation":"currency", "server":1, "account_id":"841", "role_id":1800201067, "role_name":"嘚嘚嘣", "role_ChangeLife":9, "role_level":100, "currency_reason":"领取潜心修炼经验(钻石)", "currency_get":"{}", "currency_use":"{\"40\":72}", "currency_left":"{\"40\":1754532}"}
{"LogTime":"2018-02-13 10:16:45", "Operation":"YuanbaoUse", "serverID":1, "deviceID":"a14b91b269f071d80420e2e8989164275feed6ff", "ClientApp_ver":20151212, "account_id":"841", "account_Name":"s102", "role_id":1800201067, "role_name":"嘚嘚嘣", "role_ChangeLife":9, "role_level":100, "vip":5, "ip":"192.168.88.68:42830 ", "reason":"领取潜心修炼经验(钻石)", "useYuanbao":72, "left_yuanbao":1754532, "left_free_yuanbao":121265, "use_time":"2018-02-13 10:16:45"}
{"LogTime":"2018-02-13 10:16:45", "Operation":"role_exp", "server":1, "account_id":"841", "role_id":1800201067, "role_name":"嘚嘚嘣", "exp_reason":"潜心修炼", "role_exp_get":317952000, "laterrole_exp":3455734512, "prerole_ChangeLife":9, "prerole_level":100, "laterrole_ChangeLife":9, "laterrole_level":100}
{"LogTime":"2018-02-13 10:16:45", "Operation":"currency", "server":1, "account_id":"841", "role_id":1800201067, "role_name":"嘚嘚嘣", "role_ChangeLife":9, "role_level":100, "currency_reason":"领取潜心修炼经验", "currency_get":"{\"103\":86400}", "currency_use":"{}", "currency_left":"{\"103\":932053260}"}
{"LogTime":"2018-02-13 10:16:50", "Operation":"currency", "server":1, "account_id":"841", "role_id":1800201067, "role_name":"嘚嘚嘣", "role_ChangeLife":9, "role_level":100, "currency_reason":"资源追回", "currency_get":"{}", "currency_use":"{\"40\":36}", "currency_left":"{\"40\":1754496}"}
{"LogTime":"2018-02-13 10:16:50", "Operation":"YuanbaoUse", "serverID":1, "deviceID":"a14b91b269f071d80420e2e8989164275feed6ff", "ClientApp_ver":20151212, "account_id":"841", "account_Name":"s102", "role_id":1800201067, "role_name":"嘚嘚嘣", "role_ChangeLife":9, "role_level":100, "vip":5, "ip":"192.168.88.68:42830 ", "reason":"资源追回", "useYuanbao":36, "left_yuanbao":1754496, "left_free_yuanbao":121265, "use_time":"2018-02-13 10:16:50"}
{"LogTime":"2018-02-13 10:16:50", "Operation":"role_exp", "server":1, "account_id":"841", "role_id":1800201067, "role_name":"嘚嘚嘣", "exp_reason":"资源追回（钻石）", "role_exp_get":33408000, "laterrole_exp":3489142512, "prerole_ChangeLife":9, "prerole_level":100, "laterrole_ChangeLife":9, "laterrole_level":100}
{"LogTime":"2018-02-13 10:16:50", "Operation":"currency", "server":1, "account_id":"841", "role_id":1800201067, "role_name":"嘚嘚嘣", "role_ChangeLife":9, "role_level":100, "currency_reason":"资源追回", "currency_get":"{}", "currency_use":"{\"40\":22}", "currency_left":"{\"40\":1754474}"}
{"LogTime":"2018-02-13 10:16:50", "Operation":"YuanbaoUse", "serverID":1, "deviceID":"a14b91b269f071d80420e2e8989164275feed6ff", "ClientApp_ver":20151212, "account_id":"841", "account_Name":"s102", "role_id":1800201067, "role_name":"嘚嘚嘣", "role_ChangeLife":9, "role_level":100, "vip":5, "ip":"192.168.88.68:42830 ", "reason":"资源追回", "useYuanbao":22, "left_yuanbao":1754474, "left_free_yuanbao":121265, "use_time":"2018-02-13 10:16:50"}
{"LogTime":"2018-02-13 10:16:50", "Operation":"role_exp", "server":1, "account_id":"841", "role_id":1800201067, "role_name":"嘚嘚嘣", "exp_reason":"资源追回（钻石）", "role_exp_get":9676800, "laterrole_exp":3498819312, "prerole_ChangeLife":9, "prerole_level":100, "laterrole_ChangeLife":9, "laterrole_level":100}
{"LogTime":"2018-02-13 10:16:50", "Operation":"currency", "server":1, "account_id":"841", "role_id":1800201067, "role_name":"嘚嘚嘣", "role_ChangeLife":9, "role_level":100, "currency_reason":"资源追回(钻石)", "currency_get":"{\"13\":24300}", "currency_use":"{}", "currency_left":"{\"13\":55144648}"}
{"LogTime":"2018-02-13 10:16:50", "Operation":"currency", "server":1, "account_id":"841", "role_id":1800201067, "role_name":"嘚嘚嘣", "role_ChangeLife":9, "role_level":100, "currency_reason":"资源追回", "currency_get":"{}", "currency_use":"{\"40\":138}", "currency_left":"{\"40\":1754336}"}
{"LogTime":"2018-02-13 10:16:50", "Operation":"YuanbaoUse", "serverID":1, "deviceID":"a14b91b269f071d80420e2e8989164275feed6ff", "ClientApp_ver":20151212, "account_id":"841", "account_Name":"s102", "role_id":1800201067, "role_name":"嘚嘚嘣", "role_ChangeLife":9, "role_level":100, "vip":5, "ip":"192.168.88.68:42830 ", "reason":"资源追回", "useYuanbao":138, "left_yuanbao":1754336, "left_free_yuanbao":121265, "use_time":"2018-02-13 10:16:50"}
{"LogTime":"2018-02-13 10:16:50", "Operation":"role_exp", "server":1, "account_id":"841", "role_id":1800201067, "role_name":"嘚嘚嘣", "exp_reason":"资源追回（钻石）", "role_exp_get":127180800, "laterrole_exp":3626000112, "prerole_ChangeLife":9, "prerole_level":100, "laterrole_ChangeLife":9, "laterrole_level":100}
{"LogTime":"2018-02-13 10:16:50", "Operation":"currency", "server":1, "account_id":"841", "role_id":1800201067, "role_name":"嘚嘚嘣", "role_ChangeLife":9, "role_level":100, "currency_reason":"资源追回", "currency_get":"{}", "currency_use":"{\"40\":52}", "currency_left":"{\"40\":1754284}"}
{"LogTime":"2018-02-13 10:16:50", "Operation":"YuanbaoUse", "serverID":1, "deviceID":"a14b91b269f071d80420e2e8989164275feed6ff", "ClientApp_ver":20151212, "account_id":"841", "account_Name":"s102", "role_id":1800201067, "role_name":"嘚嘚嘣", "role_ChangeLife":9, "role_level":100, "vip":5, "ip":"192.168.88.68:42830 ", "reason":"资源追回", "useYuanbao":52, "left_yuanbao":1754284, "left_free_yuanbao":121265, "use_time":"2018-02-13 10:16:50"}
{"LogTime":"2018-02-13 10:16:50", "Operation":"currency", "server":1, "account_id":"841", "role_id":1800201067, "role_name":"嘚嘚嘣", "role_ChangeLife":9, "role_level":100, "currency_reason":"钻石资源追回", "currency_get":"{\"1\":5250000}", "currency_use":"{}", "currency_left":"{\"1\":126760100}"}
{"LogTime":"2018-02-13 10:16:51", "Operation":"currency", "server":1, "account_id":"841", "role_id":1800201067, "role_name":"嘚嘚嘣", "role_ChangeLife":9, "role_level":100, "currency_reason":"资源追回", "currency_get":"{}", "currency_use":"{\"40\":124}", "currency_left":"{\"40\":1754160}"}
{"LogTime":"2018-02-13 10:16:51", "Operation":"YuanbaoUse", "serverID":1, "deviceID":"a14b91b269f071d80420e2e8989164275feed6ff", "ClientApp_ver":20151212, "account_id":"841", "account_Name":"s102", "role_id":1800201067, "role_name":"嘚嘚嘣", "role_ChangeLife":9, "role_level":100, "vip":5, "ip":"192.168.88.68:42830 ", "reason":"资源追回", "useYuanbao":124, "left_yuanbao":1754160, "left_free_yuanbao":121265, "use_time":"2018-02-13 10:16:51"}
{"LogTime":"2018-02-13 10:16:51", "Operation":"role_exp", "server":1, "account_id":"841", "role_id":1800201067, "role_name":"嘚嘚嘣", "exp_reason":"资源追回（钻石）", "role_exp_get":114462720, "laterrole_exp":3740462832, "prerole_ChangeLife":9, "prerole_level":100, "laterrole_ChangeLife":9, "laterrole_level":100}
{"LogTime":"2018-02-13 10:16:51", "Operation":"currency", "server":1, "account_id":"841", "role_id":1800201067, "role_name":"嘚嘚嘣", "role_ChangeLife":9, "role_level":100, "currency_reason":"资源追回", "currency_get":"{}", "currency_use":"{\"40\":82}", "currency_left":"{\"40\":1754078}"}
{"LogTime":"2018-02-13 10:16:51", "Operation":"YuanbaoUse", "serverID":1, "deviceID":"a14b91b269f071d80420e2e8989164275feed6ff", "ClientApp_ver":20151212, "account_id":"841", "account_Name":"s102", "role_id":1800201067, "role_name":"嘚嘚嘣", "role_ChangeLife":9, "role_level":100, "vip":5, "ip":"192.168.88.68:42830 ", "reason":"资源追回", "useYuanbao":82, "left_yuanbao":1754078, "left_free_yuanbao":121265, "use_time":"2018-02-13 10:16:51"}
{"LogTime":"2018-02-13 10:16:51", "Operation":"role_exp", "server":1, "account_id":"841", "role_id":1800201067, "role_name":"嘚嘚嘣", "exp_reason":"资源追回（钻石）", "role_exp_get":76308480, "laterrole_exp":3816771312, "prerole_ChangeLife":9, "prerole_level":100, "laterrole_ChangeLife":9, "laterrole_level":100}
{"LogTime":"2018-02-13 10:16:51", "Operation":"currency", "server":1, "account_id":"841", "role_id":1800201067, "role_name":"嘚嘚嘣", "role_ChangeLife":9, "role_level":100, "currency_reason":"资源追回", "currency_get":"{}", "currency_use":"{\"40\":55}", "currency_left":"{\"40\":1754023}"}
{"LogTime":"2018-02-13 10:16:51", "Operation":"YuanbaoUse", "serverID":1, "deviceID":"a14b91b269f071d80420e2e8989164275feed6ff", "ClientApp_ver":20151212, "account_id":"841", "account_Name":"s102", "role_id":1800201067, "role_name":"嘚嘚嘣", "role_ChangeLife":9, "role_level":100, "vip":5, "ip":"192.168.88.68:42830 ", "reason":"资源追回", "useYuanbao":55, "left_yuanbao":1754023, "left_free_yuanbao":121265, "use_time":"2018-02-13 10:16:51"}
{"LogTime":"2018-02-13 10:16:51", "Operation":"role_exp", "server":1, "account_id":"841", "role_id":1800201067, "role_name":"嘚嘚嘣", "exp_reason":"资源追回（钻石）", "role_exp_get":48107520, "laterrole_exp":3864878832, "prerole_ChangeLife":9, "prerole_level":100, "laterrole_ChangeLife":9, "laterrole_level":100}
{"LogTime":"2018-02-13 10:16:51", "Operation":"currency", "server":1, "account_id":"841", "role_id":1800201067, "role_name":"嘚嘚嘣", "role_ChangeLife":9, "role_level":100, "currency_reason":"资源追回(钻石)", "currency_get":"{\"13\":2000}", "currency_use":"{}", "currency_left":"{\"13\":55146648}"}
{"LogTime":"2018-02-13 10:16:51", "Operation":"currency", "server":1, "account_id":"841", "role_id":1800201067, "role_name":"嘚嘚嘣", "role_ChangeLife":9, "role_level":100, "currency_reason":"资源追回(钻石)", "currency_get":"{\"105\":1000}", "currency_use":"{}", "currency_left":"{\"105\":256780}"}
{"LogTime":"2018-02-13 10:16:51", "Operation":"currency", "server":1, "account_id":"841", "role_id":1800201067, "role_name":"嘚嘚嘣", "role_ChangeLife":9, "role_level":100, "currency_reason":"资源追回", "currency_get":"{}", "currency_use":"{\"40\":124}", "currency_left":"{\"40\":1753899}"}
{"LogTime":"2018-02-13 10:16:51", "Operation":"YuanbaoUse", "serverID":1, "deviceID":"a14b91b269f071d80420e2e8989164275feed6ff", "ClientApp_ver":20151212, "account_id":"841", "account_Name":"s102", "role_id":1800201067, "role_name":"嘚嘚嘣", "role_ChangeLife":9, "role_level":100, "vip":5, "ip":"192.168.88.68:42830 ", "reason":"资源追回", "useYuanbao":124, "left_yuanbao":1753899, "left_free_yuanbao":121265, "use_time":"2018-02-13 10:16:51"}
{"LogTime":"2018-02-13 10:16:51", "Operation":"currency", "server":1, "account_id":"841", "role_id":1800201067, "role_name":"嘚嘚嘣", "role_ChangeLife":9, "role_level":100, "currency_reason":"资源追回(钻石)", "currency_get":"{\"104\":9600}", "currency_use":"{}", "currency_left":"{\"104\":551800}"}
{"LogTime":"2018-02-13 10:16:51", "Operation":"currency", "server":1, "account_id":"841", "role_id":1800201067, "role_name":"嘚嘚嘣", "role_ChangeLife":9, "role_level":100, "currency_reason":"资源追回(钻石)", "currency_get":"{\"105\":4800}", "currency_use":"{}", "currency_left":"{\"105\":261580}"}
{"LogTime":"2018-02-13 10:16:51", "Operation":"currency", "server":1, "account_id":"841", "role_id":1800201067, "role_name":"嘚嘚嘣", "role_ChangeLife":9, "role_level":100, "currency_reason":"资源追回获得星魂", "currency_get":"{\"103\":64000}", "currency_use":"{}", "currency_left":"{\"103\":932117260}"}
{"LogTime":"2018-02-13 10:16:51", "Operation":"currency", "server":1, "account_id":"841", "role_id":1800201067, "role_name":"嘚嘚嘣", "role_ChangeLife":9, "role_level":100, "currency_reason":"资源追回", "currency_get":"{}", "currency_use":"{\"40\":2}", "currency_left":"{\"40\":1753897}"}
{"LogTime":"2018-02-13 10:16:51", "Operation":"YuanbaoUse", "serverID":1, "deviceID":"a14b91b269f071d80420e2e8989164275feed6ff", "ClientApp_ver":20151212, "account_id":"841", "account_Name":"s102", "role_id":1800201067, "role_name":"嘚嘚嘣", "role_ChangeLife":9, "role_level":100, "vip":5, "ip":"192.168.88.68:42830 ", "reason":"资源追回", "useYuanbao":2, "left_yuanbao":1753897, "left_free_yuanbao":121265, "use_time":"2018-02-13 10:16:51"}
{"LogTime":"2018-02-13 10:16:51", "Operation":"role_exp", "server":1, "account_id":"841", "role_id":1800201067, "role_name":"嘚嘚嘣", "exp_reason":"资源追回（钻石）", "role_exp_get":720000, "laterrole_exp":3865598832, "prerole_ChangeLife":9, "prerole_level":100, "laterrole_ChangeLife":9, "laterrole_level":100}
{"LogTime":"2018-02-13 10:16:51", "Operation":"currency", "server":1, "account_id":"841", "role_id":1800201067, "role_name":"嘚嘚嘣", "role_ChangeLife":9, "role_level":100, "currency_reason":"钻石资源追回", "currency_get":"{\"1\":200000}", "currency_use":"{}", "currency_left":"{\"1\":126960100}"}
{"LogTime":"2018-02-13 10:16:51", "Operation":"currency", "server":1, "account_id":"841", "role_id":1800201067, "role_name":"嘚嘚嘣", "role_ChangeLife":9, "role_level":100, "currency_reason":"资源追回", "currency_get":"{}", "currency_use":"{\"40\":1}", "currency_left":"{\"40\":1753896}"}
{"LogTime":"2018-02-13 10:16:51", "Operation":"YuanbaoUse", "serverID":1, "deviceID":"a14b91b269f071d80420e2e8989164275feed6ff", "ClientApp_ver":20151212, "account_id":"841", "account_Name":"s102", "role_id":1800201067, "role_name":"嘚嘚嘣", "role_ChangeLife":9, "role_level":100, "vip":5, "ip":"192.168.88.68:42830 ", "reason":"资源追回", "useYuanbao":1, "left_yuanbao":1753896, "left_free_yuanbao":121265, "use_time":"2018-02-13 10:16:51"}
{"LogTime":"2018-02-13 10:16:51", "Operation":"role_exp", "server":1, "account_id":"841", "role_id":1800201067, "role_name":"嘚嘚嘣", "exp_reason":"资源追回（钻石）", "role_exp_get":720000, "laterrole_exp":3866318832, "prerole_ChangeLife":9, "prerole_level":100, "laterrole_ChangeLife":9, "laterrole_level":100}
{"LogTime":"2018-02-13 10:16:51", "Operation":"currency", "server":1, "account_id":"841", "role_id":1800201067, "role_name":"嘚嘚嘣", "role_ChangeLife":9, "role_level":100, "currency_reason":"钻石资源追回", "currency_get":"{\"1\":175300}", "currency_use":"{}", "currency_left":"{\"1\":127135400}"}
{"LogTime":"2018-02-13 10:16:51", "Operation":"currency", "server":1, "account_id":"841", "role_id":1800201067, "role_name":"嘚嘚嘣", "role_ChangeLife":9, "role_level":100, "currency_reason":"资源追回", "currency_get":"{}", "currency_use":"{\"40\":14}", "currency_left":"{\"40\":1753882}"}
{"LogTime":"2018-02-13 10:16:51", "Operation":"YuanbaoUse", "serverID":1, "deviceID":"a14b91b269f071d80420e2e8989164275feed6ff", "ClientApp_ver":20151212, "account_id":"841", "account_Name":"s102", "role_id":1800201067, "role_name":"嘚嘚嘣", "role_ChangeLife":9, "role_level":100, "vip":5, "ip":"192.168.88.68:42830 ", "reason":"资源追回", "useYuanbao":14, "left_yuanbao":1753882, "left_free_yuanbao":121265, "use_time":"2018-02-13 10:16:51"}
{"LogTime":"2018-02-13 10:16:51", "Operation":"role_exp", "server":1, "account_id":"841", "role_id":1800201067, "role_name":"嘚嘚嘣", "exp_reason":"资源追回（钻石）", "role_exp_get":4239360, "laterrole_exp":3870558192, "prerole_ChangeLife":9, "prerole_level":100, "laterrole_ChangeLife":9, "laterrole_level":100}
{"LogTime":"2018-02-13 10:16:51", "Operation":"currency", "server":1, "account_id":"841", "role_id":1800201067, "role_name":"嘚嘚嘣", "role_ChangeLife":9, "role_level":100, "currency_reason":"资源追回(钻石)", "currency_get":"{\"104\":2000}", "currency_use":"{}", "currency_left":"{\"104\":553800}"}
{"LogTime":"2018-02-13 10:17:00", "Operation":"backpack", "server":1, "account_id":"841", "role_id":1800201067, "role_name":"嘚嘚嘣", "role_ChangeLife":9, "role_level":100, "item_reason":"龙影城战胜利帮会每日奖励", "change_type":1, "item_get":"{\"47276_5041\":1}", "item_use":"{}", "item_left":"{\"47276_5041\":1}"}
{"LogTime":"2018-02-13 10:17:00", "Operation":"role_exp", "server":1, "account_id":"841", "role_id":1800201067, "role_name":"嘚嘚嘣", "exp_reason":"每日奖励", "role_exp_get":600000, "laterrole_exp":3871158192, "prerole_ChangeLife":9, "prerole_level":100, "laterrole_ChangeLife":9, "laterrole_level":100}
{"LogTime":"2018-02-13 10:17:04", "Operation":"currency", "server":1, "account_id":"841", "role_id":1800201067, "role_name":"嘚嘚嘣", "role_ChangeLife":9, "role_level":100, "currency_reason":"脚本增加声望", "currency_get":"{\"104\":20000}", "currency_use":"{}", "currency_left":"{\"104\":573800}"}
{"LogTime":"2018-02-13 10:17:04", "Operation":"backpack", "server":1, "account_id":"841", "role_id":1800201067, "role_name":"嘚嘚嘣", "role_ChangeLife":9, "role_level":100, "item_reason":"物品使用", "change_type":0, "item_get":"{}", "item_use":"{\"47276_5041\":1}", "item_left":"{\"47276_5041\":0}"}
{"LogTime":"2018-02-13 10:18:00", "Operation":"OnlineRoleNum", "serverID":1, "OnLinePlayerNum":1}
{"LogTime":"2018-02-13 10:20:00", "Operation":"OnlineRoleNum", "serverID":1, "OnLinePlayerNum":1}
{"LogTime":"2018-02-13 10:22:00", "Operation":"OnlineRoleNum", "serverID":1, "OnLinePlayerNum":1}
{"LogTime":"2018-02-13 10:24:00", "Operation":"OnlineRoleNum", "serverID":1, "OnLinePlayerNum":1}
{"LogTime":"2018-02-13 10:26:00", "Operation":"OnlineRoleNum", "serverID":1, "OnLinePlayerNum":1}
{"LogTime":"2018-02-13 10:28:00", "Operation":"OnlineRoleNum", "serverID":1, "OnLinePlayerNum":1}
{"LogTime":"2018-02-13 10:30:00", "Operation":"OnlineRoleNum", "serverID":1, "OnLinePlayerNum":1}
{"LogTime":"2018-02-13 10:30:40", "Operation":"LogoutRole", "ip":"192.168.88.68:42830 ", "deviceID":"a14b91b269f071d80420e2e8989164275feed6ff", "ClientApp_ver":20151212, "serverID":1, "account_id":"841", "account_Name":"s102", "role_id":1800201067, "role_name":"嘚嘚嘣", "create_time":"2018-01-31 14:01:27", "role_ChangeLife":9, "role_level":100, "vip":5, "left_yuanbao":1753882, "left_free_yuanbao":121265, "left_Money":121265, "left_Bind_Money":127135400, "logout_time":"2018-02-13 10:30:40", "Online_time":697423, "player_message":"{\"FriendCount\":1, \"CurExp\":3871158192, \"CombatForce\":736295, \"PKPoint\":0, \"BangGong\":640}"}
{"LogTime":"2018-02-13 10:31:51", "Operation":"LoginRole", "ip":"192.168.88.68:43178 ", "deviceID":"a14b91b269f071d80420e2e8989164275feed6ff", "ClientApp_ver":0, "serverID":1, "account_id":"841", "account_Name":"s102", "role_id":1800201067, "role_name":"嘚嘚嘣", "create_time":"2018-01-31 14:01:27", "vip":5, "left_Money":121265, "left_Bind_Money":127135400, "left_yuanbao":1753882, "left_free_yuanbao":121265, "role_ChangeLife":9, "role_level":100, "login_time":"2018-02-13 10:31:51", "last_logout_time":"2018-02-13 10:30:40", "player_message":"{\"FriendCount\":1, \"CurExp\":3871158192, \"CombatForce\":704656, \"TotalOnlineSecs\":697423, \"PKPoint\":0, \"BangGong\":640}"}
{"LogTime":"2018-02-13 10:32:00", "Operation":"OnlineRoleNum", "serverID":1, "OnLinePlayerNum":1}
{"LogTime":"2018-02-13 10:34:00", "Operation":"OnlineRoleNum", "serverID":1, "OnLinePlayerNum":1}
{"LogTime":"2018-02-13 10:36:00", "Operation":"OnlineRoleNum", "serverID":1, "OnLinePlayerNum":1}
{"LogTime":"2018-02-13 10:38:00", "Operation":"OnlineRoleNum", "serverID":1, "OnLinePlayerNum":1}
{"LogTime":"2018-02-13 10:40:00", "Operation":"OnlineRoleNum", "serverID":1, "OnLinePlayerNum":1}
{"LogTime":"2018-02-13 10:42:00", "Operation":"OnlineRoleNum", "serverID":1, "OnLinePlayerNum":1}
{"LogTime":"2018-02-13 10:44:00", "Operation":"OnlineRoleNum", "serverID":1, "OnLinePlayerNum":1}
{"LogTime":"2018-02-13 10:46:00", "Operation":"OnlineRoleNum", "serverID":1, "OnLinePlayerNum":1}
{"LogTime":"2018-02-13 10:48:00", "Operation":"OnlineRoleNum", "serverID":1, "OnLinePlayerNum":1}
{"LogTime":"2018-02-13 10:50:00", "Operation":"OnlineRoleNum", "serverID":1, "OnLinePlayerNum":1}
{"LogTime":"2018-02-13 10:52:00", "Operation":"OnlineRoleNum", "serverID":1, "OnLinePlayerNum":1}
{"LogTime":"2018-02-13 10:54:00", "Operation":"OnlineRoleNum", "serverID":1, "OnLinePlayerNum":1}
{"LogTime":"2018-02-13 10:56:00", "Operation":"OnlineRoleNum", "serverID":1, "OnLinePlayerNum":1}
{"LogTime":"2018-02-13 10:58:00", "Operation":"OnlineRoleNum", "serverID":1, "OnLinePlayerNum":1}
{"LogTime":"2018-02-13 11:00:00", "Operation":"OnlineRoleNum", "serverID":1, "OnLinePlayerNum":1}
{"LogTime":"2018-02-13 11:02:00", "Operation":"OnlineRoleNum", "serverID":1, "OnLinePlayerNum":1}
{"LogTime":"2018-02-13 11:03:29", "Operation":"role_exp", "server":1, "account_id":"841", "role_id":1800201067, "role_name":"嘚嘚嘣", "exp_reason":"排行榜奖励", "role_exp_get":2500000, "laterrole_exp":3873658192, "prerole_ChangeLife":9, "prerole_level":100, "laterrole_ChangeLife":9, "laterrole_level":100}
{"LogTime":"2018-02-13 11:03:29", "Operation":"backpack", "server":1, "account_id":"841", "role_id":1800201067, "role_name":"嘚嘚嘣", "role_ChangeLife":9, "role_level":100, "item_reason":"竞技场排行榜奖励", "change_type":1, "item_get":"{\"47277_2000\":1}", "item_use":"{}", "item_left":"{\"47277_2000\":1}"}
{"LogTime":"2018-02-13 11:03:29", "Operation":"currency", "server":1, "account_id":"841", "role_id":1800201067, "role_name":"嘚嘚嘣", "role_ChangeLife":9, "role_level":100, "currency_reason":"竞技场", "currency_get":"{\"104\":1000}", "currency_use":"{}", "currency_left":"{\"104\":574800}"}
{"LogTime":"2018-02-13 11:04:00", "Operation":"OnlineRoleNum", "serverID":1, "OnLinePlayerNum":1}
{"LogTime":"2018-02-13 11:06:00", "Operation":"OnlineRoleNum", "serverID":1, "OnLinePlayerNum":1}
{"LogTime":"2018-02-13 11:08:00", "Operation":"OnlineRoleNum", "serverID":1, "OnLinePlayerNum":1}
{"LogTime":"2018-02-13 11:10:00", "Operation":"OnlineRoleNum", "serverID":1, "OnLinePlayerNum":1}
{"LogTime":"2018-02-13 11:12:00", "Operation":"OnlineRoleNum", "serverID":1, "OnLinePlayerNum":1}
{"LogTime":"2018-02-13 11:14:00", "Operation":"OnlineRoleNum", "serverID":1, "OnLinePlayerNum":1}
{"LogTime":"2018-02-13 11:16:00", "Operation":"OnlineRoleNum", "serverID":1, "OnLinePlayerNum":1}
{"LogTime":"2018-02-13 11:18:00", "Operation":"OnlineRoleNum", "serverID":1, "OnLinePlayerNum":1}
{"LogTime":"2018-02-13 11:20:00", "Operation":"OnlineRoleNum", "serverID":1, "OnLinePlayerNum":1}
{"LogTime":"2018-02-13 11:22:00", "Operation":"OnlineRoleNum", "serverID":1, "OnLinePlayerNum":1}
{"LogTime":"2018-02-13 11:24:00", "Operation":"OnlineRoleNum", "serverID":1, "OnLinePlayerNum":1}
{"LogTime":"2018-02-13 11:26:00", "Operation":"OnlineRoleNum", "serverID":1, "OnLinePlayerNum":1}
{"LogTime":"2018-02-13 11:28:00", "Operation":"OnlineRoleNum", "serverID":1, "OnLinePlayerNum":1}
{"LogTime":"2018-02-13 11:30:00", "Operation":"OnlineRoleNum", "serverID":1, "OnLinePlayerNum":1}
{"LogTime":"2018-02-13 11:32:00", "Operation":"OnlineRoleNum", "serverID":1, "OnLinePlayerNum":1}
{"LogTime":"2018-02-13 11:34:00", "Operation":"OnlineRoleNum", "serverID":1, "OnLinePlayerNum":1}
{"LogTime":"2018-02-13 11:36:00", "Operation":"OnlineRoleNum", "serverID":1, "OnLinePlayerNum":1}
{"LogTime":"2018-02-13 11:38:00", "Operation":"OnlineRoleNum", "serverID":1, "OnLinePlayerNum":1}
{"LogTime":"2018-02-13 11:40:00", "Operation":"OnlineRoleNum", "serverID":1, "OnLinePlayerNum":1}
{"LogTime":"2018-02-13 11:42:00", "Operation":"OnlineRoleNum", "serverID":1, "OnLinePlayerNum":1}
{"LogTime":"2018-02-13 11:44:00", "Operation":"OnlineRoleNum", "serverID":1, "OnLinePlayerNum":1}
{"LogTime":"2018-02-13 11:46:00", "Operation":"OnlineRoleNum", "serverID":1, "OnLinePlayerNum":1}
{"LogTime":"2018-02-13 11:48:00", "Operation":"OnlineRoleNum", "serverID":1, "OnLinePlayerNum":1}
{"LogTime":"2018-02-13 11:50:00", "Operation":"OnlineRoleNum", "serverID":1, "OnLinePlayerNum":1}
{"LogTime":"2018-02-13 11:52:00", "Operation":"OnlineRoleNum", "serverID":1, "OnLinePlayerNum":1}
{"LogTime":"2018-02-13 11:54:00", "Operation":"OnlineRoleNum", "serverID":1, "OnLinePlayerNum":1}
{"LogTime":"2018-02-13 11:56:00", "Operation":"OnlineRoleNum", "serverID":1, "OnLinePlayerNum":1}
{"LogTime":"2018-02-13 11:58:00", "Operation":"OnlineRoleNum", "serverID":1, "OnLinePlayerNum":1}
{"LogTime":"2018-02-13 12:00:00", "Operation":"OnlineRoleNum", "serverID":1, "OnLinePlayerNum":1}
{"LogTime":"2018-02-13 12:02:00", "Operation":"OnlineRoleNum", "serverID":1, "OnLinePlayerNum":1}
{"LogTime":"2018-02-13 12:02:51", "Operation":"LogoutRole", "ip":"192.168.88.68:43178 ", "deviceID":"a14b91b269f071d80420e2e8989164275feed6ff", "ClientApp_ver":20151212, "serverID":1, "account_id":"841", "account_Name":"s102", "role_id":1800201067, "role_name":"嘚嘚嘣", "create_time":"2018-01-31 14:01:27", "role_ChangeLife":9, "role_level":100, "vip":5, "left_yuanbao":1753882, "left_free_yuanbao":121265, "left_Money":121265, "left_Bind_Money":127135400, "logout_time":"2018-02-13 12:02:51", "Online_time":702857, "player_message":"{\"FriendCount\":1, \"CurExp\":3873658192, \"CombatForce\":736295, \"PKPoint\":0, \"BangGong\":640}"}
{"LogTime":"2018-02-13 12:04:00", "Operation":"OnlineRoleNum", "serverID":1, "OnLinePlayerNum":0}
{"LogTime":"2018-02-13 12:06:00", "Operation":"OnlineRoleNum", "serverID":1, "OnLinePlayerNum":0}
{"LogTime":"2018-02-13 12:08:00", "Operation":"OnlineRoleNum", "serverID":1, "OnLinePlayerNum":0}
{"LogTime":"2018-02-13 12:10:00", "Operation":"OnlineRoleNum", "serverID":1, "OnLinePlayerNum":0}
{"LogTime":"2018-02-13 12:12:00", "Operation":"OnlineRoleNum", "serverID":1, "OnLinePlayerNum":0}
{"LogTime":"2018-02-13 12:14:00", "Operation":"OnlineRoleNum", "serverID":1, "OnLinePlayerNum":0}
{"LogTime":"2018-02-13 12:16:00", "Operation":"OnlineRoleNum", "serverID":1, "OnLinePlayerNum":0}
{"LogTime":"2018-02-13 12:18:00", "Operation":"OnlineRoleNum", "serverID":1, "OnLinePlayerNum":0}
{"LogTime":"2018-02-13 12:20:00", "Operation":"OnlineRoleNum", "serverID":1, "OnLinePlayerNum":0}
{"LogTime":"2018-02-13 12:22:00", "Operation":"OnlineRoleNum", "serverID":1, "OnLinePlayerNum":0}
{"LogTime":"2018-02-13 12:24:00", "Operation":"OnlineRoleNum", "serverID":1, "OnLinePlayerNum":0}
{"LogTime":"2018-02-13 12:26:00", "Operation":"OnlineRoleNum", "serverID":1, "OnLinePlayerNum":0}
{"LogTime":"2018-02-13 12:28:00", "Operation":"OnlineRoleNum", "serverID":1, "OnLinePlayerNum":0}
{"LogTime":"2018-02-13 12:30:00", "Operation":"OnlineRoleNum", "serverID":1, "OnLinePlayerNum":0}
{"LogTime":"2018-02-13 12:32:00", "Operation":"OnlineRoleNum", "serverID":1, "OnLinePlayerNum":0}
{"LogTime":"2018-02-13 12:34:00", "Operation":"OnlineRoleNum", "serverID":1, "OnLinePlayerNum":0}
{"LogTime":"2018-02-13 12:36:00", "Operation":"OnlineRoleNum", "serverID":1, "OnLinePlayerNum":0}
{"LogTime":"2018-02-13 12:38:00", "Operation":"OnlineRoleNum", "serverID":1, "OnLinePlayerNum":0}
{"LogTime":"2018-02-13 12:40:00", "Operation":"OnlineRoleNum", "serverID":1, "OnLinePlayerNum":0}
{"LogTime":"2018-02-13 12:42:00", "Operation":"OnlineRoleNum", "serverID":1, "OnLinePlayerNum":0}
{"LogTime":"2018-02-13 12:44:00", "Operation":"OnlineRoleNum", "serverID":1, "OnLinePlayerNum":0}
{"LogTime":"2018-02-13 12:46:00", "Operation":"OnlineRoleNum", "serverID":1, "OnLinePlayerNum":0}
{"LogTime":"2018-02-13 12:48:00", "Operation":"OnlineRoleNum", "serverID":1, "OnLinePlayerNum":0}
{"LogTime":"2018-02-13 12:50:00", "Operation":"OnlineRoleNum", "serverID":1, "OnLinePlayerNum":0}
{"LogTime":"2018-02-13 12:52:00", "Operation":"OnlineRoleNum", "serverID":1, "OnLinePlayerNum":0}
{"LogTime":"2018-02-13 12:54:00", "Operation":"OnlineRoleNum", "serverID":1, "OnLinePlayerNum":0}
{"LogTime":"2018-02-13 12:56:00", "Operation":"OnlineRoleNum", "serverID":1, "OnLinePlayerNum":0}
{"LogTime":"2018-02-13 12:58:00", "Operation":"OnlineRoleNum", "serverID":1, "OnLinePlayerNum":0}
{"LogTime":"2018-02-13 13:00:00", "Operation":"OnlineRoleNum", "serverID":1, "OnLinePlayerNum":0}
{"LogTime":"2018-02-13 13:02:00", "Operation":"OnlineRoleNum", "serverID":1, "OnLinePlayerNum":0}
{"LogTime":"2018-02-13 13:04:00", "Operation":"OnlineRoleNum", "serverID":1, "OnLinePlayerNum":0}
{"LogTime":"2018-02-13 13:06:00", "Operation":"OnlineRoleNum", "serverID":1, "OnLinePlayerNum":0}
{"LogTime":"2018-02-13 13:08:00", "Operation":"OnlineRoleNum", "serverID":1, "OnLinePlayerNum":0}
{"LogTime":"2018-02-13 13:10:00", "Operation":"OnlineRoleNum", "serverID":1, "OnLinePlayerNum":0}
{"LogTime":"2018-02-13 13:12:00", "Operation":"OnlineRoleNum", "serverID":1, "OnLinePlayerNum":0}
{"LogTime":"2018-02-13 13:14:00", "Operation":"OnlineRoleNum", "serverID":1, "OnLinePlayerNum":0}
{"LogTime":"2018-02-13 13:16:00", "Operation":"OnlineRoleNum", "serverID":1, "OnLinePlayerNum":0}
{"LogTime":"2018-02-13 13:18:00", "Operation":"OnlineRoleNum", "serverID":1, "OnLinePlayerNum":0}
{"LogTime":"2018-02-13 13:20:00", "Operation":"OnlineRoleNum", "serverID":1, "OnLinePlayerNum":0}
{"LogTime":"2018-02-13 13:22:00", "Operation":"OnlineRoleNum", "serverID":1, "OnLinePlayerNum":0}
{"LogTime":"2018-02-13 13:24:00", "Operation":"OnlineRoleNum", "serverID":1, "OnLinePlayerNum":0}
{"LogTime":"2018-02-13 13:26:00", "Operation":"OnlineRoleNum", "serverID":1, "OnLinePlayerNum":0}
{"LogTime":"2018-02-13 13:28:00", "Operation":"OnlineRoleNum", "serverID":1, "OnLinePlayerNum":0}
{"LogTime":"2018-02-13 13:30:00", "Operation":"OnlineRoleNum", "serverID":1, "OnLinePlayerNum":0}
{"LogTime":"2018-02-13 13:32:00", "Operation":"OnlineRoleNum", "serverID":1, "OnLinePlayerNum":0}
{"LogTime":"2018-02-13 13:34:00", "Operation":"OnlineRoleNum", "serverID":1, "OnLinePlayerNum":0}
{"LogTime":"2018-02-13 13:36:00", "Operation":"OnlineRoleNum", "serverID":1, "OnLinePlayerNum":0}
{"LogTime":"2018-02-13 13:38:00", "Operation":"OnlineRoleNum", "serverID":1, "OnLinePlayerNum":0}
{"LogTime":"2018-02-13 13:40:00", "Operation":"OnlineRoleNum", "serverID":1, "OnLinePlayerNum":0}
{"LogTime":"2018-02-13 13:42:00", "Operation":"OnlineRoleNum", "serverID":1, "OnLinePlayerNum":0}
{"LogTime":"2018-02-13 13:44:00", "Operation":"OnlineRoleNum", "serverID":1, "OnLinePlayerNum":0}
{"LogTime":"2018-02-13 13:46:00", "Operation":"OnlineRoleNum", "serverID":1, "OnLinePlayerNum":0}
{"LogTime":"2018-02-13 13:48:00", "Operation":"OnlineRoleNum", "serverID":1, "OnLinePlayerNum":0}
{"LogTime":"2018-02-13 13:50:00", "Operation":"OnlineRoleNum", "serverID":1, "OnLinePlayerNum":0}
{"LogTime":"2018-02-13 13:52:00", "Operation":"OnlineRoleNum", "serverID":1, "OnLinePlayerNum":0}
{"LogTime":"2018-02-13 13:54:00", "Operation":"OnlineRoleNum", "serverID":1, "OnLinePlayerNum":0}
{"LogTime":"2018-02-13 13:56:00", "Operation":"OnlineRoleNum", "serverID":1, "OnLinePlayerNum":0}
{"LogTime":"2018-02-13 13:58:00", "Operation":"OnlineRoleNum", "serverID":1, "OnLinePlayerNum":0}
{"LogTime":"2018-02-13 14:00:00", "Operation":"OnlineRoleNum", "serverID":1, "OnLinePlayerNum":0}
{"LogTime":"2018-02-13 14:02:00", "Operation":"OnlineRoleNum", "serverID":1, "OnLinePlayerNum":0}
{"LogTime":"2018-02-13 14:04:00", "Operation":"OnlineRoleNum", "serverID":1, "OnLinePlayerNum":0}
{"LogTime":"2018-02-13 14:06:00", "Operation":"OnlineRoleNum", "serverID":1, "OnLinePlayerNum":0}
{"LogTime":"2018-02-13 14:08:00", "Operation":"OnlineRoleNum", "serverID":1, "OnLinePlayerNum":0}
{"LogTime":"2018-02-13 14:10:00", "Operation":"OnlineRoleNum", "serverID":1, "OnLinePlayerNum":0}
{"LogTime":"2018-02-13 14:12:00", "Operation":"OnlineRoleNum", "serverID":1, "OnLinePlayerNum":0}
{"LogTime":"2018-02-13 14:14:00", "Operation":"OnlineRoleNum", "serverID":1, "OnLinePlayerNum":0}
{"LogTime":"2018-02-13 14:16:00", "Operation":"OnlineRoleNum", "serverID":1, "OnLinePlayerNum":0}
{"LogTime":"2018-02-13 14:18:00", "Operation":"OnlineRoleNum", "serverID":1, "OnLinePlayerNum":0}
{"LogTime":"2018-02-13 14:20:00", "Operation":"OnlineRoleNum", "serverID":1, "OnLinePlayerNum":0}
{"LogTime":"2018-02-13 14:22:00", "Operation":"OnlineRoleNum", "serverID":1, "OnLinePlayerNum":0}
{"LogTime":"2018-02-13 14:24:00", "Operation":"OnlineRoleNum", "serverID":1, "OnLinePlayerNum":0}
{"LogTime":"2018-02-13 14:26:00", "Operation":"OnlineRoleNum", "serverID":1, "OnLinePlayerNum":0}
{"LogTime":"2018-02-13 14:28:00", "Operation":"OnlineRoleNum", "serverID":1, "OnLinePlayerNum":0}
{"LogTime":"2018-02-13 14:30:00", "Operation":"OnlineRoleNum", "serverID":1, "OnLinePlayerNum":0}
{"LogTime":"2018-02-13 14:32:00", "Operation":"OnlineRoleNum", "serverID":1, "OnLinePlayerNum":0}
{"LogTime":"2018-02-13 14:34:00", "Operation":"OnlineRoleNum", "serverID":1, "OnLinePlayerNum":0}
{"LogTime":"2018-02-13 14:36:00", "Operation":"OnlineRoleNum", "serverID":1, "OnLinePlayerNum":0}
{"LogTime":"2018-02-13 14:38:00", "Operation":"OnlineRoleNum", "serverID":1, "OnLinePlayerNum":0}
{"LogTime":"2018-02-13 14:40:00", "Operation":"OnlineRoleNum", "serverID":1, "OnLinePlayerNum":0}
{"LogTime":"2018-02-13 14:42:00", "Operation":"OnlineRoleNum", "serverID":1, "OnLinePlayerNum":0}
{"LogTime":"2018-02-13 14:44:00", "Operation":"OnlineRoleNum", "serverID":1, "OnLinePlayerNum":0}
{"LogTime":"2018-02-13 14:46:00", "Operation":"OnlineRoleNum", "serverID":1, "OnLinePlayerNum":0}
{"LogTime":"2018-02-13 14:48:00", "Operation":"OnlineRoleNum", "serverID":1, "OnLinePlayerNum":0}
{"LogTime":"2018-02-13 14:50:00", "Operation":"OnlineRoleNum", "serverID":1, "OnLinePlayerNum":0}
{"LogTime":"2018-02-13 14:52:00", "Operation":"OnlineRoleNum", "serverID":1, "OnLinePlayerNum":0}
{"LogTime":"2018-02-13 14:54:00", "Operation":"OnlineRoleNum", "serverID":1, "OnLinePlayerNum":0}
{"LogTime":"2018-02-13 14:56:00", "Operation":"OnlineRoleNum", "serverID":1, "OnLinePlayerNum":0}
{"LogTime":"2018-02-13 14:58:00", "Operation":"OnlineRoleNum", "serverID":1, "OnLinePlayerNum":0}
{"LogTime":"2018-02-13 15:00:00", "Operation":"OnlineRoleNum", "serverID":1, "OnLinePlayerNum":0}
{"LogTime":"2018-02-13 15:02:00", "Operation":"OnlineRoleNum", "serverID":1, "OnLinePlayerNum":0}
{"LogTime":"2018-02-13 15:04:00", "Operation":"OnlineRoleNum", "serverID":1, "OnLinePlayerNum":0}
{"LogTime":"2018-02-13 15:06:00", "Operation":"OnlineRoleNum", "serverID":1, "OnLinePlayerNum":0}
{"LogTime":"2018-02-13 15:08:00", "Operation":"OnlineRoleNum", "serverID":1, "OnLinePlayerNum":0}
{"LogTime":"2018-02-13 15:10:00", "Operation":"OnlineRoleNum", "serverID":1, "OnLinePlayerNum":0}
{"LogTime":"2018-02-13 15:12:00", "Operation":"OnlineRoleNum", "serverID":1, "OnLinePlayerNum":0}
{"LogTime":"2018-02-13 15:14:00", "Operation":"OnlineRoleNum", "serverID":1, "OnLinePlayerNum":0}
{"LogTime":"2018-02-13 15:16:00", "Operation":"OnlineRoleNum", "serverID":1, "OnLinePlayerNum":0}
{"LogTime":"2018-02-13 15:18:00", "Operation":"OnlineRoleNum", "serverID":1, "OnLinePlayerNum":0}
{"LogTime":"2018-02-13 15:20:00", "Operation":"OnlineRoleNum", "serverID":1, "OnLinePlayerNum":0}
{"LogTime":"2018-02-13 15:22:00", "Operation":"OnlineRoleNum", "serverID":1, "OnLinePlayerNum":0}
{"LogTime":"2018-02-13 15:24:00", "Operation":"OnlineRoleNum", "serverID":1, "OnLinePlayerNum":0}
{"LogTime":"2018-02-13 15:26:00", "Operation":"OnlineRoleNum", "serverID":1, "OnLinePlayerNum":0}
{"LogTime":"2018-02-13 15:28:00", "Operation":"OnlineRoleNum", "serverID":1, "OnLinePlayerNum":0}
{"LogTime":"2018-02-13 15:30:00", "Operation":"OnlineRoleNum", "serverID":1, "OnLinePlayerNum":0}
{"LogTime":"2018-02-13 15:32:00", "Operation":"OnlineRoleNum", "serverID":1, "OnLinePlayerNum":0}
{"LogTime":"2018-02-13 15:34:00", "Operation":"OnlineRoleNum", "serverID":1, "OnLinePlayerNum":0}
{"LogTime":"2018-02-13 15:36:00", "Operation":"OnlineRoleNum", "serverID":1, "OnLinePlayerNum":0}
{"LogTime":"2018-02-13 15:38:00", "Operation":"OnlineRoleNum", "serverID":1, "OnLinePlayerNum":0}
{"LogTime":"2018-02-13 15:40:00", "Operation":"OnlineRoleNum", "serverID":1, "OnLinePlayerNum":0}
{"LogTime":"2018-02-13 15:42:00", "Operation":"OnlineRoleNum", "serverID":1, "OnLinePlayerNum":0}
{"LogTime":"2018-02-13 15:44:00", "Operation":"OnlineRoleNum", "serverID":1, "OnLinePlayerNum":0}
{"LogTime":"2018-02-13 15:46:00", "Operation":"OnlineRoleNum", "serverID":1, "OnLinePlayerNum":0}
{"LogTime":"2018-02-13 15:48:00", "Operation":"OnlineRoleNum", "serverID":1, "OnLinePlayerNum":0}
{"LogTime":"2018-02-13 15:50:00", "Operation":"OnlineRoleNum", "serverID":1, "OnLinePlayerNum":0}
{"LogTime":"2018-02-13 15:52:00", "Operation":"OnlineRoleNum", "serverID":1, "OnLinePlayerNum":0}
{"LogTime":"2018-02-13 15:54:00", "Operation":"OnlineRoleNum", "serverID":1, "OnLinePlayerNum":0}
{"LogTime":"2018-02-13 15:56:00", "Operation":"OnlineRoleNum", "serverID":1, "OnLinePlayerNum":0}
{"LogTime":"2018-02-13 15:58:00", "Operation":"OnlineRoleNum", "serverID":1, "OnLinePlayerNum":0}
{"LogTime":"2018-02-13 16:00:00", "Operation":"OnlineRoleNum", "serverID":1, "OnLinePlayerNum":0}
{"LogTime":"2018-02-13 16:02:00", "Operation":"OnlineRoleNum", "serverID":1, "OnLinePlayerNum":0}
{"LogTime":"2018-02-13 16:04:00", "Operation":"OnlineRoleNum", "serverID":1, "OnLinePlayerNum":0}
{"LogTime":"2018-02-13 16:06:00", "Operation":"OnlineRoleNum", "serverID":1, "OnLinePlayerNum":0}
{"LogTime":"2018-02-13 16:08:00", "Operation":"OnlineRoleNum", "serverID":1, "OnLinePlayerNum":0}
{"LogTime":"2018-02-13 16:10:00", "Operation":"OnlineRoleNum", "serverID":1, "OnLinePlayerNum":0}
{"LogTime":"2018-02-13 16:12:00", "Operation":"OnlineRoleNum", "serverID":1, "OnLinePlayerNum":0}
{"LogTime":"2018-02-13 16:14:00", "Operation":"OnlineRoleNum", "serverID":1, "OnLinePlayerNum":0}
{"LogTime":"2018-02-13 16:16:00", "Operation":"OnlineRoleNum", "serverID":1, "OnLinePlayerNum":0}
{"LogTime":"2018-02-13 16:18:00", "Operation":"OnlineRoleNum", "serverID":1, "OnLinePlayerNum":0}
{"LogTime":"2018-02-13 16:20:00", "Operation":"OnlineRoleNum", "serverID":1, "OnLinePlayerNum":0}
{"LogTime":"2018-02-13 16:22:00", "Operation":"OnlineRoleNum", "serverID":1, "OnLinePlayerNum":0}
{"LogTime":"2018-02-13 16:24:00", "Operation":"OnlineRoleNum", "serverID":1, "OnLinePlayerNum":0}
{"LogTime":"2018-02-13 16:26:00", "Operation":"OnlineRoleNum", "serverID":1, "OnLinePlayerNum":0}
{"LogTime":"2018-02-13 16:28:00", "Operation":"OnlineRoleNum", "serverID":1, "OnLinePlayerNum":0}
{"LogTime":"2018-02-13 16:30:00", "Operation":"OnlineRoleNum", "serverID":1, "OnLinePlayerNum":0}
{"LogTime":"2018-02-13 16:32:00", "Operation":"OnlineRoleNum", "serverID":1, "OnLinePlayerNum":0}
{"LogTime":"2018-02-13 16:34:00", "Operation":"OnlineRoleNum", "serverID":1, "OnLinePlayerNum":0}
{"LogTime":"2018-02-13 16:36:00", "Operation":"OnlineRoleNum", "serverID":1, "OnLinePlayerNum":0}
{"LogTime":"2018-02-13 16:38:00", "Operation":"OnlineRoleNum", "serverID":1, "OnLinePlayerNum":0}
{"LogTime":"2018-02-13 16:40:00", "Operation":"OnlineRoleNum", "serverID":1, "OnLinePlayerNum":0}
{"LogTime":"2018-02-13 16:42:00", "Operation":"OnlineRoleNum", "serverID":1, "OnLinePlayerNum":0}
{"LogTime":"2018-02-13 16:44:00", "Operation":"OnlineRoleNum", "serverID":1, "OnLinePlayerNum":0}
{"LogTime":"2018-02-13 16:46:00", "Operation":"OnlineRoleNum", "serverID":1, "OnLinePlayerNum":0}
{"LogTime":"2018-02-13 16:48:00", "Operation":"OnlineRoleNum", "serverID":1, "OnLinePlayerNum":0}
{"LogTime":"2018-02-13 16:50:00", "Operation":"OnlineRoleNum", "serverID":1, "OnLinePlayerNum":0}
{"LogTime":"2018-02-13 16:52:00", "Operation":"OnlineRoleNum", "serverID":1, "OnLinePlayerNum":0}
{"LogTime":"2018-02-13 16:54:00", "Operation":"OnlineRoleNum", "serverID":1, "OnLinePlayerNum":0}
{"LogTime":"2018-02-13 16:56:00", "Operation":"OnlineRoleNum", "serverID":1, "OnLinePlayerNum":0}
{"LogTime":"2018-02-13 16:58:00", "Operation":"OnlineRoleNum", "serverID":1, "OnLinePlayerNum":0}
{"LogTime":"2018-02-13 17:00:00", "Operation":"OnlineRoleNum", "serverID":1, "OnLinePlayerNum":0}
{"LogTime":"2018-02-13 17:04:00", "Operation":"OnlineRoleNum", "serverID":1, "OnLinePlayerNum":0}
{"LogTime":"2018-02-13 17:06:00", "Operation":"OnlineRoleNum", "serverID":1, "OnLinePlayerNum":0}
{"LogTime":"2018-02-13 17:08:00", "Operation":"OnlineRoleNum", "serverID":1, "OnLinePlayerNum":0}
{"LogTime":"2018-02-13 17:10:00", "Operation":"OnlineRoleNum", "serverID":1, "OnLinePlayerNum":0}
{"LogTime":"2018-02-13 17:12:00", "Operation":"OnlineRoleNum", "serverID":1, "OnLinePlayerNum":0}
{"LogTime":"2018-02-13 17:14:00", "Operation":"OnlineRoleNum", "serverID":1, "OnLinePlayerNum":0}
{"LogTime":"2018-02-13 17:16:00", "Operation":"OnlineRoleNum", "serverID":1, "OnLinePlayerNum":0}
{"LogTime":"2018-02-13 17:18:00", "Operation":"OnlineRoleNum", "serverID":1, "OnLinePlayerNum":0}
{"LogTime":"2018-02-13 17:20:00", "Operation":"OnlineRoleNum", "serverID":1, "OnLinePlayerNum":0}
{"LogTime":"2018-02-13 17:22:00", "Operation":"OnlineRoleNum", "serverID":1, "OnLinePlayerNum":0}
{"LogTime":"2018-02-13 17:24:00", "Operation":"OnlineRoleNum", "serverID":1, "OnLinePlayerNum":0}
{"LogTime":"2018-02-13 17:26:00", "Operation":"OnlineRoleNum", "serverID":1, "OnLinePlayerNum":0}
{"LogTime":"2018-02-13 17:28:00", "Operation":"OnlineRoleNum", "serverID":1, "OnLinePlayerNum":0}
{"LogTime":"2018-02-13 17:30:00", "Operation":"OnlineRoleNum", "serverID":1, "OnLinePlayerNum":0}
{"LogTime":"2018-02-13 17:32:00", "Operation":"OnlineRoleNum", "serverID":1, "OnLinePlayerNum":0}
{"LogTime":"2018-02-13 17:34:00", "Operation":"OnlineRoleNum", "serverID":1, "OnLinePlayerNum":0}
{"LogTime":"2018-02-13 17:36:00", "Operation":"OnlineRoleNum", "serverID":1, "OnLinePlayerNum":0}
{"LogTime":"2018-02-13 17:38:00", "Operation":"OnlineRoleNum", "serverID":1, "OnLinePlayerNum":0}
{"LogTime":"2018-02-13 17:40:00", "Operation":"OnlineRoleNum", "serverID":1, "OnLinePlayerNum":0}
{"LogTime":"2018-02-13 17:42:00", "Operation":"OnlineRoleNum", "serverID":1, "OnLinePlayerNum":0}
{"LogTime":"2018-02-13 17:44:00", "Operation":"OnlineRoleNum", "serverID":1, "OnLinePlayerNum":0}
{"LogTime":"2018-02-13 17:46:00", "Operation":"OnlineRoleNum", "serverID":1, "OnLinePlayerNum":0}
{"LogTime":"2018-02-13 17:48:00", "Operation":"OnlineRoleNum", "serverID":1, "OnLinePlayerNum":0}
{"LogTime":"2018-02-13 17:50:00", "Operation":"OnlineRoleNum", "serverID":1, "OnLinePlayerNum":0}
{"LogTime":"2018-02-13 17:52:00", "Operation":"OnlineRoleNum", "serverID":1, "OnLinePlayerNum":0}
{"LogTime":"2018-02-13 17:54:00", "Operation":"OnlineRoleNum", "serverID":1, "OnLinePlayerNum":0}
{"LogTime":"2018-02-13 17:56:00", "Operation":"OnlineRoleNum", "serverID":1, "OnLinePlayerNum":0}
{"LogTime":"2018-02-13 17:58:00", "Operation":"OnlineRoleNum", "serverID":1, "OnLinePlayerNum":0}
{"LogTime":"2018-02-13 18:00:00", "Operation":"OnlineRoleNum", "serverID":1, "OnLinePlayerNum":0}
{"LogTime":"2018-02-13 18:02:00", "Operation":"OnlineRoleNum", "serverID":1, "OnLinePlayerNum":0}
{"LogTime":"2018-02-13 18:04:00", "Operation":"OnlineRoleNum", "serverID":1, "OnLinePlayerNum":0}
{"LogTime":"2018-02-13 18:06:00", "Operation":"OnlineRoleNum", "serverID":1, "OnLinePlayerNum":0}
{"LogTime":"2018-02-13 18:08:00", "Operation":"OnlineRoleNum", "serverID":1, "OnLinePlayerNum":0}
{"LogTime":"2018-02-13 18:10:00", "Operation":"OnlineRoleNum", "serverID":1, "OnLinePlayerNum":0}
{"LogTime":"2018-02-13 18:12:00", "Operation":"OnlineRoleNum", "serverID":1, "OnLinePlayerNum":0}
{"LogTime":"2018-02-13 18:14:00", "Operation":"OnlineRoleNum", "serverID":1, "OnLinePlayerNum":0}
{"LogTime":"2018-02-13 18:16:00", "Operation":"OnlineRoleNum", "serverID":1, "OnLinePlayerNum":0}
{"LogTime":"2018-02-13 18:18:00", "Operation":"OnlineRoleNum", "serverID":1, "OnLinePlayerNum":0}
{"LogTime":"2018-02-13 18:20:00", "Operation":"OnlineRoleNum", "serverID":1, "OnLinePlayerNum":0}
{"LogTime":"2018-02-13 18:22:00", "Operation":"OnlineRoleNum", "serverID":1, "OnLinePlayerNum":0}
{"LogTime":"2018-02-13 18:24:00", "Operation":"OnlineRoleNum", "serverID":1, "OnLinePlayerNum":0}
{"LogTime":"2018-02-13 18:26:00", "Operation":"OnlineRoleNum", "serverID":1, "OnLinePlayerNum":0}
{"LogTime":"2018-02-13 18:28:00", "Operation":"OnlineRoleNum", "serverID":1, "OnLinePlayerNum":0}
{"LogTime":"2018-02-13 18:30:00", "Operation":"OnlineRoleNum", "serverID":1, "OnLinePlayerNum":0}
{"LogTime":"2018-02-13 18:32:00", "Operation":"OnlineRoleNum", "serverID":1, "OnLinePlayerNum":0}
{"LogTime":"2018-02-13 18:34:00", "Operation":"OnlineRoleNum", "serverID":1, "OnLinePlayerNum":0}
{"LogTime":"2018-02-13 18:36:00", "Operation":"OnlineRoleNum", "serverID":1, "OnLinePlayerNum":0}
{"LogTime":"2018-02-13 18:38:00", "Operation":"OnlineRoleNum", "serverID":1, "OnLinePlayerNum":0}
{"LogTime":"2018-02-13 18:40:00", "Operation":"OnlineRoleNum", "serverID":1, "OnLinePlayerNum":0}
{"LogTime":"2018-02-13 18:42:00", "Operation":"OnlineRoleNum", "serverID":1, "OnLinePlayerNum":0}
{"LogTime":"2018-02-13 18:44:00", "Operation":"OnlineRoleNum", "serverID":1, "OnLinePlayerNum":0}
{"LogTime":"2018-02-13 18:46:00", "Operation":"OnlineRoleNum", "serverID":1, "OnLinePlayerNum":0}
{"LogTime":"2018-02-13 18:48:00", "Operation":"OnlineRoleNum", "serverID":1, "OnLinePlayerNum":0}
{"LogTime":"2018-02-13 18:50:00", "Operation":"OnlineRoleNum", "serverID":1, "OnLinePlayerNum":0}
{"LogTime":"2018-02-13 18:52:00", "Operation":"OnlineRoleNum", "serverID":1, "OnLinePlayerNum":0}
{"LogTime":"2018-02-13 18:54:00", "Operation":"OnlineRoleNum", "serverID":1, "OnLinePlayerNum":0}
{"LogTime":"2018-02-13 18:56:00", "Operation":"OnlineRoleNum", "serverID":1, "OnLinePlayerNum":0}
{"LogTime":"2018-02-13 18:58:00", "Operation":"OnlineRoleNum", "serverID":1, "OnLinePlayerNum":0}
{"LogTime":"2018-02-13 19:00:00", "Operation":"OnlineRoleNum", "serverID":1, "OnLinePlayerNum":0}
{"LogTime":"2018-02-13 19:02:00", "Operation":"OnlineRoleNum", "serverID":1, "OnLinePlayerNum":0}
{"LogTime":"2018-02-13 19:04:00", "Operation":"OnlineRoleNum", "serverID":1, "OnLinePlayerNum":0}
{"LogTime":"2018-02-13 19:06:00", "Operation":"OnlineRoleNum", "serverID":1, "OnLinePlayerNum":0}
{"LogTime":"2018-02-13 19:10:00", "Operation":"OnlineRoleNum", "serverID":1, "OnLinePlayerNum":0}
{"LogTime":"2018-02-13 19:12:00", "Operation":"OnlineRoleNum", "serverID":1, "OnLinePlayerNum":0}
{"LogTime":"2018-02-13 19:14:00", "Operation":"OnlineRoleNum", "serverID":1, "OnLinePlayerNum":0}
{"LogTime":"2018-02-13 19:16:00", "Operation":"OnlineRoleNum", "serverID":1, "OnLinePlayerNum":0}
{"LogTime":"2018-02-13 19:18:00", "Operation":"OnlineRoleNum", "serverID":1, "OnLinePlayerNum":0}
{"LogTime":"2018-02-13 19:20:00", "Operation":"OnlineRoleNum", "serverID":1, "OnLinePlayerNum":0}
{"LogTime":"2018-02-13 19:24:00", "Operation":"OnlineRoleNum", "serverID":1, "OnLinePlayerNum":0}
{"LogTime":"2018-02-13 19:26:00", "Operation":"OnlineRoleNum", "serverID":1, "OnLinePlayerNum":0}
{"LogTime":"2018-02-13 19:28:00", "Operation":"OnlineRoleNum", "serverID":1, "OnLinePlayerNum":0}
{"LogTime":"2018-02-13 19:30:00", "Operation":"OnlineRoleNum", "serverID":1, "OnLinePlayerNum":0}
{"LogTime":"2018-02-13 19:32:00", "Operation":"OnlineRoleNum", "serverID":1, "OnLinePlayerNum":0}
{"LogTime":"2018-02-13 19:34:00", "Operation":"OnlineRoleNum", "serverID":1, "OnLinePlayerNum":0}
{"LogTime":"2018-02-13 19:36:00", "Operation":"OnlineRoleNum", "serverID":1, "OnLinePlayerNum":0}
{"LogTime":"2018-02-13 19:38:00", "Operation":"OnlineRoleNum", "serverID":1, "OnLinePlayerNum":0}
{"LogTime":"2018-02-13 19:40:00", "Operation":"OnlineRoleNum", "serverID":1, "OnLinePlayerNum":0}
{"LogTime":"2018-02-13 19:42:00", "Operation":"OnlineRoleNum", "serverID":1, "OnLinePlayerNum":0}
{"LogTime":"2018-02-13 19:44:00", "Operation":"OnlineRoleNum", "serverID":1, "OnLinePlayerNum":0}
{"LogTime":"2018-02-13 19:46:00", "Operation":"OnlineRoleNum", "serverID":1, "OnLinePlayerNum":0}
{"LogTime":"2018-02-13 19:48:00", "Operation":"OnlineRoleNum", "serverID":1, "OnLinePlayerNum":0}
{"LogTime":"2018-02-13 19:50:00", "Operation":"OnlineRoleNum", "serverID":1, "OnLinePlayerNum":0}
{"LogTime":"2018-02-13 19:52:00", "Operation":"OnlineRoleNum", "serverID":1, "OnLinePlayerNum":0}
{"LogTime":"2018-02-13 19:54:00", "Operation":"OnlineRoleNum", "serverID":1, "OnLinePlayerNum":0}
{"LogTime":"2018-02-13 19:56:00", "Operation":"OnlineRoleNum", "serverID":1, "OnLinePlayerNum":0}
{"LogTime":"2018-02-13 19:58:00", "Operation":"OnlineRoleNum", "serverID":1, "OnLinePlayerNum":0}
{"LogTime":"2018-02-13 20:00:00", "Operation":"OnlineRoleNum", "serverID":1, "OnLinePlayerNum":0}
{"LogTime":"2018-02-13 20:02:00", "Operation":"OnlineRoleNum", "serverID":1, "OnLinePlayerNum":0}
{"LogTime":"2018-02-13 20:04:00", "Operation":"OnlineRoleNum", "serverID":1, "OnLinePlayerNum":0}
{"LogTime":"2018-02-13 20:06:00", "Operation":"OnlineRoleNum", "serverID":1, "OnLinePlayerNum":0}
{"LogTime":"2018-02-13 20:08:00", "Operation":"OnlineRoleNum", "serverID":1, "OnLinePlayerNum":0}
{"LogTime":"2018-02-13 20:10:00", "Operation":"OnlineRoleNum", "serverID":1, "OnLinePlayerNum":0}
{"LogTime":"2018-02-13 20:12:00", "Operation":"OnlineRoleNum", "serverID":1, "OnLinePlayerNum":0}
{"LogTime":"2018-02-13 20:14:00", "Operation":"OnlineRoleNum", "serverID":1, "OnLinePlayerNum":0}
{"LogTime":"2018-02-13 20:16:00", "Operation":"OnlineRoleNum", "serverID":1, "OnLinePlayerNum":0}
{"LogTime":"2018-02-13 20:18:00", "Operation":"OnlineRoleNum", "serverID":1, "OnLinePlayerNum":0}
{"LogTime":"2018-02-13 20:20:00", "Operation":"OnlineRoleNum", "serverID":1, "OnLinePlayerNum":0}
{"LogTime":"2018-02-13 20:22:00", "Operation":"OnlineRoleNum", "serverID":1, "OnLinePlayerNum":0}
{"LogTime":"2018-02-13 20:24:00", "Operation":"OnlineRoleNum", "serverID":1, "OnLinePlayerNum":0}
{"LogTime":"2018-02-13 20:26:00", "Operation":"OnlineRoleNum", "serverID":1, "OnLinePlayerNum":0}
{"LogTime":"2018-02-13 20:28:00", "Operation":"OnlineRoleNum", "serverID":1, "OnLinePlayerNum":0}
{"LogTime":"2018-02-13 20:30:00", "Operation":"OnlineRoleNum", "serverID":1, "OnLinePlayerNum":0}
{"LogTime":"2018-02-13 20:32:00", "Operation":"OnlineRoleNum", "serverID":1, "OnLinePlayerNum":0}
{"LogTime":"2018-02-13 20:34:00", "Operation":"OnlineRoleNum", "serverID":1, "OnLinePlayerNum":0}
{"LogTime":"2018-02-13 20:36:00", "Operation":"OnlineRoleNum", "serverID":1, "OnLinePlayerNum":0}
{"LogTime":"2018-02-13 20:38:00", "Operation":"OnlineRoleNum", "serverID":1, "OnLinePlayerNum":0}
{"LogTime":"2018-02-13 20:40:00", "Operation":"OnlineRoleNum", "serverID":1, "OnLinePlayerNum":0}
{"LogTime":"2018-02-13 20:42:00", "Operation":"OnlineRoleNum", "serverID":1, "OnLinePlayerNum":0}
{"LogTime":"2018-02-13 20:44:00", "Operation":"OnlineRoleNum", "serverID":1, "OnLinePlayerNum":0}
{"LogTime":"2018-02-13 20:46:00", "Operation":"OnlineRoleNum", "serverID":1, "OnLinePlayerNum":0}
{"LogTime":"2018-02-13 20:48:00", "Operation":"OnlineRoleNum", "serverID":1, "OnLinePlayerNum":0}
{"LogTime":"2018-02-13 20:50:00", "Operation":"OnlineRoleNum", "serverID":1, "OnLinePlayerNum":0}
{"LogTime":"2018-02-13 20:52:00", "Operation":"OnlineRoleNum", "serverID":1, "OnLinePlayerNum":0}
{"LogTime":"2018-02-13 20:54:00", "Operation":"OnlineRoleNum", "serverID":1, "OnLinePlayerNum":0}
{"LogTime":"2018-02-13 20:56:00", "Operation":"OnlineRoleNum", "serverID":1, "OnLinePlayerNum":0}
{"LogTime":"2018-02-13 20:58:00", "Operation":"OnlineRoleNum", "serverID":1, "OnLinePlayerNum":0}
{"LogTime":"2018-02-13 21:00:00", "Operation":"OnlineRoleNum", "serverID":1, "OnLinePlayerNum":0}
{"LogTime":"2018-02-13 21:02:00", "Operation":"OnlineRoleNum", "serverID":1, "OnLinePlayerNum":0}
{"LogTime":"2018-02-13 21:04:00", "Operation":"OnlineRoleNum", "serverID":1, "OnLinePlayerNum":0}
{"LogTime":"2018-02-13 21:06:00", "Operation":"OnlineRoleNum", "serverID":1, "OnLinePlayerNum":0}
{"LogTime":"2018-02-13 21:08:00", "Operation":"OnlineRoleNum", "serverID":1, "OnLinePlayerNum":0}
{"LogTime":"2018-02-13 21:10:00", "Operation":"OnlineRoleNum", "serverID":1, "OnLinePlayerNum":0}
{"LogTime":"2018-02-13 21:12:00", "Operation":"OnlineRoleNum", "serverID":1, "OnLinePlayerNum":0}
{"LogTime":"2018-02-13 21:14:00", "Operation":"OnlineRoleNum", "serverID":1, "OnLinePlayerNum":0}
{"LogTime":"2018-02-13 21:16:00", "Operation":"OnlineRoleNum", "serverID":1, "OnLinePlayerNum":0}
{"LogTime":"2018-02-13 21:18:00", "Operation":"OnlineRoleNum", "serverID":1, "OnLinePlayerNum":0}
{"LogTime":"2018-02-13 21:20:00", "Operation":"OnlineRoleNum", "serverID":1, "OnLinePlayerNum":0}
{"LogTime":"2018-02-13 21:22:00", "Operation":"OnlineRoleNum", "serverID":1, "OnLinePlayerNum":0}
{"LogTime":"2018-02-13 21:24:00", "Operation":"OnlineRoleNum", "serverID":1, "OnLinePlayerNum":0}
{"LogTime":"2018-02-13 21:26:00", "Operation":"OnlineRoleNum", "serverID":1, "OnLinePlayerNum":0}
{"LogTime":"2018-02-13 21:28:00", "Operation":"OnlineRoleNum", "serverID":1, "OnLinePlayerNum":0}
{"LogTime":"2018-02-13 21:30:00", "Operation":"OnlineRoleNum", "serverID":1, "OnLinePlayerNum":0}
{"LogTime":"2018-02-13 21:32:00", "Operation":"OnlineRoleNum", "serverID":1, "OnLinePlayerNum":0}
{"LogTime":"2018-02-13 21:34:00", "Operation":"OnlineRoleNum", "serverID":1, "OnLinePlayerNum":0}
{"LogTime":"2018-02-13 21:36:00", "Operation":"OnlineRoleNum", "serverID":1, "OnLinePlayerNum":0}
{"LogTime":"2018-02-13 21:38:00", "Operation":"OnlineRoleNum", "serverID":1, "OnLinePlayerNum":0}
{"LogTime":"2018-02-13 21:40:00", "Operation":"OnlineRoleNum", "serverID":1, "OnLinePlayerNum":0}
{"LogTime":"2018-02-13 21:42:00", "Operation":"OnlineRoleNum", "serverID":1, "OnLinePlayerNum":0}
{"LogTime":"2018-02-13 21:44:00", "Operation":"OnlineRoleNum", "serverID":1, "OnLinePlayerNum":0}
{"LogTime":"2018-02-13 21:46:00", "Operation":"OnlineRoleNum", "serverID":1, "OnLinePlayerNum":0}
{"LogTime":"2018-02-13 21:48:00", "Operation":"OnlineRoleNum", "serverID":1, "OnLinePlayerNum":0}
{"LogTime":"2018-02-13 21:50:00", "Operation":"OnlineRoleNum", "serverID":1, "OnLinePlayerNum":0}
{"LogTime":"2018-02-13 21:52:00", "Operation":"OnlineRoleNum", "serverID":1, "OnLinePlayerNum":0}
{"LogTime":"2018-02-13 21:54:00", "Operation":"OnlineRoleNum", "serverID":1, "OnLinePlayerNum":0}
{"LogTime":"2018-02-13 21:56:00", "Operation":"OnlineRoleNum", "serverID":1, "OnLinePlayerNum":0}
{"LogTime":"2018-02-13 21:58:00", "Operation":"OnlineRoleNum", "serverID":1, "OnLinePlayerNum":0}
{"LogTime":"2018-02-13 22:00:00", "Operation":"OnlineRoleNum", "serverID":1, "OnLinePlayerNum":0}
{"LogTime":"2018-02-13 22:02:00", "Operation":"OnlineRoleNum", "serverID":1, "OnLinePlayerNum":0}
{"LogTime":"2018-02-13 22:04:00", "Operation":"OnlineRoleNum", "serverID":1, "OnLinePlayerNum":0}
{"LogTime":"2018-02-13 22:06:00", "Operation":"OnlineRoleNum", "serverID":1, "OnLinePlayerNum":0}
{"LogTime":"2018-02-13 22:08:00", "Operation":"OnlineRoleNum", "serverID":1, "OnLinePlayerNum":0}
{"LogTime":"2018-02-13 22:10:00", "Operation":"OnlineRoleNum", "serverID":1, "OnLinePlayerNum":0}
{"LogTime":"2018-02-13 22:12:00", "Operation":"OnlineRoleNum", "serverID":1, "OnLinePlayerNum":0}
{"LogTime":"2018-02-13 22:14:00", "Operation":"OnlineRoleNum", "serverID":1, "OnLinePlayerNum":0}
{"LogTime":"2018-02-13 22:16:00", "Operation":"OnlineRoleNum", "serverID":1, "OnLinePlayerNum":0}
{"LogTime":"2018-02-13 22:18:00", "Operation":"OnlineRoleNum", "serverID":1, "OnLinePlayerNum":0}
{"LogTime":"2018-02-13 22:20:00", "Operation":"OnlineRoleNum", "serverID":1, "OnLinePlayerNum":0}
{"LogTime":"2018-02-13 22:22:00", "Operation":"OnlineRoleNum", "serverID":1, "OnLinePlayerNum":0}
{"LogTime":"2018-02-13 22:24:00", "Operation":"OnlineRoleNum", "serverID":1, "OnLinePlayerNum":0}
{"LogTime":"2018-02-13 22:26:00", "Operation":"OnlineRoleNum", "serverID":1, "OnLinePlayerNum":0}
{"LogTime":"2018-02-13 22:28:00", "Operation":"OnlineRoleNum", "serverID":1, "OnLinePlayerNum":0}
{"LogTime":"2018-02-13 22:30:00", "Operation":"OnlineRoleNum", "serverID":1, "OnLinePlayerNum":0}
{"LogTime":"2018-02-13 22:32:00", "Operation":"OnlineRoleNum", "serverID":1, "OnLinePlayerNum":0}
{"LogTime":"2018-02-13 22:34:00", "Operation":"OnlineRoleNum", "serverID":1, "OnLinePlayerNum":0}
{"LogTime":"2018-02-13 22:36:00", "Operation":"OnlineRoleNum", "serverID":1, "OnLinePlayerNum":0}
{"LogTime":"2018-02-13 22:38:00", "Operation":"OnlineRoleNum", "serverID":1, "OnLinePlayerNum":0}
{"LogTime":"2018-02-13 22:40:00", "Operation":"OnlineRoleNum", "serverID":1, "OnLinePlayerNum":0}
{"LogTime":"2018-02-13 22:42:00", "Operation":"OnlineRoleNum", "serverID":1, "OnLinePlayerNum":0}
{"LogTime":"2018-02-13 22:44:00", "Operation":"OnlineRoleNum", "serverID":1, "OnLinePlayerNum":0}
{"LogTime":"2018-02-13 22:46:00", "Operation":"OnlineRoleNum", "serverID":1, "OnLinePlayerNum":0}
{"LogTime":"2018-02-13 22:48:00", "Operation":"OnlineRoleNum", "serverID":1, "OnLinePlayerNum":0}
{"LogTime":"2018-02-13 22:50:00", "Operation":"OnlineRoleNum", "serverID":1, "OnLinePlayerNum":0}
{"LogTime":"2018-02-13 22:52:00", "Operation":"OnlineRoleNum", "serverID":1, "OnLinePlayerNum":0}
{"LogTime":"2018-02-13 22:54:00", "Operation":"OnlineRoleNum", "serverID":1, "OnLinePlayerNum":0}
{"LogTime":"2018-02-13 22:56:00", "Operation":"OnlineRoleNum", "serverID":1, "OnLinePlayerNum":0}
{"LogTime":"2018-02-13 22:58:00", "Operation":"OnlineRoleNum", "serverID":1, "OnLinePlayerNum":0}
{"LogTime":"2018-02-13 23:00:00", "Operation":"OnlineRoleNum", "serverID":1, "OnLinePlayerNum":0}
{"LogTime":"2018-02-13 23:02:00", "Operation":"OnlineRoleNum", "serverID":1, "OnLinePlayerNum":0}
{"LogTime":"2018-02-13 23:04:00", "Operation":"OnlineRoleNum", "serverID":1, "OnLinePlayerNum":0}
{"LogTime":"2018-02-13 23:06:00", "Operation":"OnlineRoleNum", "serverID":1, "OnLinePlayerNum":0}
{"LogTime":"2018-02-13 23:08:00", "Operation":"OnlineRoleNum", "serverID":1, "OnLinePlayerNum":0}
{"LogTime":"2018-02-13 23:10:00", "Operation":"OnlineRoleNum", "serverID":1, "OnLinePlayerNum":0}
{"LogTime":"2018-02-13 23:12:00", "Operation":"OnlineRoleNum", "serverID":1, "OnLinePlayerNum":0}
{"LogTime":"2018-02-13 23:14:00", "Operation":"OnlineRoleNum", "serverID":1, "OnLinePlayerNum":0}
{"LogTime":"2018-02-13 23:16:00", "Operation":"OnlineRoleNum", "serverID":1, "OnLinePlayerNum":0}
{"LogTime":"2018-02-13 23:18:00", "Operation":"OnlineRoleNum", "serverID":1, "OnLinePlayerNum":0}
{"LogTime":"2018-02-13 23:20:00", "Operation":"OnlineRoleNum", "serverID":1, "OnLinePlayerNum":0}
{"LogTime":"2018-02-13 23:22:00", "Operation":"OnlineRoleNum", "serverID":1, "OnLinePlayerNum":0}
{"LogTime":"2018-02-13 23:24:00", "Operation":"OnlineRoleNum", "serverID":1, "OnLinePlayerNum":0}
{"LogTime":"2018-02-13 23:26:00", "Operation":"OnlineRoleNum", "serverID":1, "OnLinePlayerNum":0}
{"LogTime":"2018-02-13 23:28:00", "Operation":"OnlineRoleNum", "serverID":1, "OnLinePlayerNum":0}
{"LogTime":"2018-02-13 23:30:00", "Operation":"OnlineRoleNum", "serverID":1, "OnLinePlayerNum":0}
{"LogTime":"2018-02-13 23:32:00", "Operation":"OnlineRoleNum", "serverID":1, "OnLinePlayerNum":0}
{"LogTime":"2018-02-13 23:34:00", "Operation":"OnlineRoleNum", "serverID":1, "OnLinePlayerNum":0}
{"LogTime":"2018-02-13 23:36:00", "Operation":"OnlineRoleNum", "serverID":1, "OnLinePlayerNum":0}
{"LogTime":"2018-02-13 23:38:00", "Operation":"OnlineRoleNum", "serverID":1, "OnLinePlayerNum":0}
{"LogTime":"2018-02-13 23:40:00", "Operation":"OnlineRoleNum", "serverID":1, "OnLinePlayerNum":0}
{"LogTime":"2018-02-13 23:42:00", "Operation":"OnlineRoleNum", "serverID":1, "OnLinePlayerNum":0}
{"LogTime":"2018-02-13 23:44:00", "Operation":"OnlineRoleNum", "serverID":1, "OnLinePlayerNum":0}
{"LogTime":"2018-02-13 23:46:00", "Operation":"OnlineRoleNum", "serverID":1, "OnLinePlayerNum":0}
{"LogTime":"2018-02-13 23:48:00", "Operation":"OnlineRoleNum", "serverID":1, "OnLinePlayerNum":0}
{"LogTime":"2018-02-13 23:50:00", "Operation":"OnlineRoleNum", "serverID":1, "OnLinePlayerNum":0}
{"LogTime":"2018-02-13 23:52:00", "Operation":"OnlineRoleNum", "serverID":1, "OnLinePlayerNum":0}
{"LogTime":"2018-02-13 23:54:00", "Operation":"OnlineRoleNum", "serverID":1, "OnLinePlayerNum":0}
{"LogTime":"2018-02-13 23:56:00", "Operation":"OnlineRoleNum", "serverID":1, "OnLinePlayerNum":0}
{"LogTime":"2018-02-13 23:58:00", "Operation":"OnlineRoleNum", "serverID":1, "OnLinePlayerNum":0}
