2017-12-10 00:00:00->OnlineRoleNum->{"serverId":1,"OnLinePlayerNum":2}
2017-12-10 00:02:00->OnlineRoleNum->{"serverId":1,"OnLinePlayerNum":2}
2017-12-10 00:04:00->OnlineRoleNum->{"serverId":1,"OnLinePlayerNum":2}
2017-12-10 00:06:00->OnlineRoleNum->{"serverId":1,"OnLinePlayerNum":2}
2017-12-10 00:08:00->OnlineRoleNum->{"serverId":1,"OnLinePlayerNum":2}
2017-12-10 00:10:00->OnlineRoleNum->{"serverId":1,"OnLinePlayerNum":2}
2017-12-10 00:12:00->OnlineRoleNum->{"serverId":1,"OnLinePlayerNum":2}
2017-12-10 00:14:00->OnlineRoleNum->{"serverId":1,"OnLinePlayerNum":2}
2017-12-10 00:16:00->OnlineRoleNum->{"serverId":1,"OnLinePlayerNum":2}
2017-12-10 00:18:00->OnlineRoleNum->{"serverId":1,"OnLinePlayerNum":2}
2017-12-10 00:20:00->OnlineRoleNum->{"serverId":1,"OnLinePlayerNum":2}
2017-12-10 00:22:00->OnlineRoleNum->{"serverId":1,"OnLinePlayerNum":2}
2017-12-10 00:24:00->OnlineRoleNum->{"serverId":1,"OnLinePlayerNum":2}
2017-12-10 00:26:00->OnlineRoleNum->{"serverId":1,"OnLinePlayerNum":2}
2017-12-10 00:28:00->OnlineRoleNum->{"serverId":1,"OnLinePlayerNum":2}
2017-12-10 00:30:00->OnlineRoleNum->{"serverId":1,"OnLinePlayerNum":2}
2017-12-10 00:32:00->OnlineRoleNum->{"serverId":1,"OnLinePlayerNum":2}
2017-12-10 00:34:00->OnlineRoleNum->{"serverId":1,"OnLinePlayerNum":2}
2017-12-10 00:36:00->OnlineRoleNum->{"serverId":1,"OnLinePlayerNum":2}
2017-12-10 00:38:00->OnlineRoleNum->{"serverId":1,"OnLinePlayerNum":2}
2017-12-10 00:40:00->OnlineRoleNum->{"serverId":1,"OnLinePlayerNum":2}
2017-12-10 00:42:00->OnlineRoleNum->{"serverId":1,"OnLinePlayerNum":2}
2017-12-10 00:44:00->OnlineRoleNum->{"serverId":1,"OnLinePlayerNum":2}
2017-12-10 00:46:00->OnlineRoleNum->{"serverId":1,"OnLinePlayerNum":2}
2017-12-10 00:48:00->OnlineRoleNum->{"serverId":1,"OnLinePlayerNum":2}
2017-12-10 00:50:00->OnlineRoleNum->{"serverId":1,"OnLinePlayerNum":2}
2017-12-10 00:52:00->OnlineRoleNum->{"serverId":1,"OnLinePlayerNum":2}
2017-12-10 00:54:00->OnlineRoleNum->{"serverId":1,"OnLinePlayerNum":2}
2017-12-10 00:56:00->OnlineRoleNum->{"serverId":1,"OnLinePlayerNum":2}
2017-12-10 00:58:00->OnlineRoleNum->{"serverId":1,"OnLinePlayerNum":2}
2017-12-10 01:00:00->OnlineRoleNum->{"serverId":1,"OnLinePlayerNum":2}
2017-12-10 01:02:00->OnlineRoleNum->{"serverId":1,"OnLinePlayerNum":2}
2017-12-10 01:04:00->OnlineRoleNum->{"serverId":1,"OnLinePlayerNum":2}
2017-12-10 01:06:00->OnlineRoleNum->{"serverId":1,"OnLinePlayerNum":2}
2017-12-10 01:08:00->OnlineRoleNum->{"serverId":1,"OnLinePlayerNum":2}
2017-12-10 01:10:00->OnlineRoleNum->{"serverId":1,"OnLinePlayerNum":2}
2017-12-10 01:12:00->OnlineRoleNum->{"serverId":1,"OnLinePlayerNum":2}
2017-12-10 01:14:00->OnlineRoleNum->{"serverId":1,"OnLinePlayerNum":2}
2017-12-10 01:16:00->OnlineRoleNum->{"serverId":1,"OnLinePlayerNum":2}
2017-12-10 01:18:00->OnlineRoleNum->{"serverId":1,"OnLinePlayerNum":2}
2017-12-10 01:20:00->OnlineRoleNum->{"serverId":1,"OnLinePlayerNum":2}
2017-12-10 01:22:00->OnlineRoleNum->{"serverId":1,"OnLinePlayerNum":2}
2017-12-10 01:24:00->OnlineRoleNum->{"serverId":1,"OnLinePlayerNum":2}
2017-12-10 01:26:00->OnlineRoleNum->{"serverId":1,"OnLinePlayerNum":2}
2017-12-10 01:28:00->OnlineRoleNum->{"serverId":1,"OnLinePlayerNum":2}
2017-12-10 01:30:00->OnlineRoleNum->{"serverId":1,"OnLinePlayerNum":2}
2017-12-10 01:32:00->OnlineRoleNum->{"serverId":1,"OnLinePlayerNum":2}
2017-12-10 01:34:00->OnlineRoleNum->{"serverId":1,"OnLinePlayerNum":2}
2017-12-10 01:36:00->OnlineRoleNum->{"serverId":1,"OnLinePlayerNum":2}
2017-12-10 01:38:00->OnlineRoleNum->{"serverId":1,"OnLinePlayerNum":2}
2017-12-10 01:40:00->OnlineRoleNum->{"serverId":1,"OnLinePlayerNum":2}
2017-12-10 01:42:00->OnlineRoleNum->{"serverId":1,"OnLinePlayerNum":2}
2017-12-10 01:44:00->OnlineRoleNum->{"serverId":1,"OnLinePlayerNum":2}
2017-12-10 01:46:00->OnlineRoleNum->{"serverId":1,"OnLinePlayerNum":2}
2017-12-10 01:48:00->OnlineRoleNum->{"serverId":1,"OnLinePlayerNum":2}
2017-12-10 01:50:00->OnlineRoleNum->{"serverId":1,"OnLinePlayerNum":2}
2017-12-10 01:52:00->OnlineRoleNum->{"serverId":1,"OnLinePlayerNum":2}
2017-12-10 01:54:00->OnlineRoleNum->{"serverId":1,"OnLinePlayerNum":2}
2017-12-10 01:56:00->OnlineRoleNum->{"serverId":1,"OnLinePlayerNum":2}
2017-12-10 01:58:00->OnlineRoleNum->{"serverId":1,"OnLinePlayerNum":2}
2017-12-10 02:00:00->OnlineRoleNum->{"serverId":1,"OnLinePlayerNum":2}
2017-12-10 02:02:00->OnlineRoleNum->{"serverId":1,"OnLinePlayerNum":2}
2017-12-10 02:04:00->OnlineRoleNum->{"serverId":1,"OnLinePlayerNum":2}
2017-12-10 02:06:00->OnlineRoleNum->{"serverId":1,"OnLinePlayerNum":2}
2017-12-10 02:08:00->OnlineRoleNum->{"serverId":1,"OnLinePlayerNum":2}
2017-12-10 02:10:00->OnlineRoleNum->{"serverId":1,"OnLinePlayerNum":2}
2017-12-10 02:12:00->OnlineRoleNum->{"serverId":1,"OnLinePlayerNum":2}
2017-12-10 02:14:00->OnlineRoleNum->{"serverId":1,"OnLinePlayerNum":2}
2017-12-10 02:16:00->OnlineRoleNum->{"serverId":1,"OnLinePlayerNum":2}
2017-12-10 02:18:00->OnlineRoleNum->{"serverId":1,"OnLinePlayerNum":2}
2017-12-10 02:20:00->OnlineRoleNum->{"serverId":1,"OnLinePlayerNum":2}
2017-12-10 02:22:00->OnlineRoleNum->{"serverId":1,"OnLinePlayerNum":2}
2017-12-10 02:24:00->OnlineRoleNum->{"serverId":1,"OnLinePlayerNum":2}
2017-12-10 02:26:00->OnlineRoleNum->{"serverId":1,"OnLinePlayerNum":2}
2017-12-10 02:28:00->OnlineRoleNum->{"serverId":1,"OnLinePlayerNum":2}
2017-12-10 02:30:00->OnlineRoleNum->{"serverId":1,"OnLinePlayerNum":2}
2017-12-10 02:32:00->OnlineRoleNum->{"serverId":1,"OnLinePlayerNum":2}
2017-12-10 02:34:00->OnlineRoleNum->{"serverId":1,"OnLinePlayerNum":2}
2017-12-10 02:36:00->OnlineRoleNum->{"serverId":1,"OnLinePlayerNum":2}
2017-12-10 02:38:00->OnlineRoleNum->{"serverId":1,"OnLinePlayerNum":2}
2017-12-10 02:40:00->OnlineRoleNum->{"serverId":1,"OnLinePlayerNum":2}
2017-12-10 02:42:00->OnlineRoleNum->{"serverId":1,"OnLinePlayerNum":2}
2017-12-10 02:44:00->OnlineRoleNum->{"serverId":1,"OnLinePlayerNum":2}
2017-12-10 02:46:00->OnlineRoleNum->{"serverId":1,"OnLinePlayerNum":2}
2017-12-10 02:48:00->OnlineRoleNum->{"serverId":1,"OnLinePlayerNum":2}
2017-12-10 02:50:00->OnlineRoleNum->{"serverId":1,"OnLinePlayerNum":2}
2017-12-10 02:52:00->OnlineRoleNum->{"serverId":1,"OnLinePlayerNum":2}
2017-12-10 02:54:00->OnlineRoleNum->{"serverId":1,"OnLinePlayerNum":2}
2017-12-10 02:56:00->OnlineRoleNum->{"serverId":1,"OnLinePlayerNum":2}
2017-12-10 02:58:00->OnlineRoleNum->{"serverId":1,"OnLinePlayerNum":2}
2017-12-10 03:00:00->OnlineRoleNum->{"serverId":1,"OnLinePlayerNum":2}
2017-12-10 03:02:00->OnlineRoleNum->{"serverId":1,"OnLinePlayerNum":2}
2017-12-10 03:04:00->OnlineRoleNum->{"serverId":1,"OnLinePlayerNum":2}
2017-12-10 03:06:00->OnlineRoleNum->{"serverId":1,"OnLinePlayerNum":2}
2017-12-10 03:08:00->OnlineRoleNum->{"serverId":1,"OnLinePlayerNum":2}
2017-12-10 03:10:00->OnlineRoleNum->{"serverId":1,"OnLinePlayerNum":2}
2017-12-10 03:12:00->OnlineRoleNum->{"serverId":1,"OnLinePlayerNum":2}
2017-12-10 03:14:00->OnlineRoleNum->{"serverId":1,"OnLinePlayerNum":2}
2017-12-10 03:16:00->OnlineRoleNum->{"serverId":1,"OnLinePlayerNum":2}
2017-12-10 03:18:00->OnlineRoleNum->{"serverId":1,"OnLinePlayerNum":2}
2017-12-10 03:20:00->OnlineRoleNum->{"serverId":1,"OnLinePlayerNum":2}
2017-12-10 03:22:00->OnlineRoleNum->{"serverId":1,"OnLinePlayerNum":2}
2017-12-10 03:24:00->OnlineRoleNum->{"serverId":1,"OnLinePlayerNum":2}
2017-12-10 03:26:00->OnlineRoleNum->{"serverId":1,"OnLinePlayerNum":2}
2017-12-10 03:28:00->OnlineRoleNum->{"serverId":1,"OnLinePlayerNum":2}
2017-12-10 03:30:00->OnlineRoleNum->{"serverId":1,"OnLinePlayerNum":2}
2017-12-10 03:32:00->OnlineRoleNum->{"serverId":1,"OnLinePlayerNum":2}
2017-12-10 03:34:00->OnlineRoleNum->{"serverId":1,"OnLinePlayerNum":2}
2017-12-10 03:36:00->OnlineRoleNum->{"serverId":1,"OnLinePlayerNum":2}
2017-12-10 03:38:00->OnlineRoleNum->{"serverId":1,"OnLinePlayerNum":2}
2017-12-10 03:40:00->OnlineRoleNum->{"serverId":1,"OnLinePlayerNum":2}
2017-12-10 03:42:00->OnlineRoleNum->{"serverId":1,"OnLinePlayerNum":2}
2017-12-10 03:44:00->OnlineRoleNum->{"serverId":1,"OnLinePlayerNum":2}
2017-12-10 03:46:00->OnlineRoleNum->{"serverId":1,"OnLinePlayerNum":2}
2017-12-10 03:48:00->OnlineRoleNum->{"serverId":1,"OnLinePlayerNum":2}
2017-12-10 03:50:00->OnlineRoleNum->{"serverId":1,"OnLinePlayerNum":2}
2017-12-10 03:52:00->OnlineRoleNum->{"serverId":1,"OnLinePlayerNum":2}
2017-12-10 03:54:00->OnlineRoleNum->{"serverId":1,"OnLinePlayerNum":2}
2017-12-10 03:56:00->OnlineRoleNum->{"serverId":1,"OnLinePlayerNum":2}
2017-12-10 03:58:00->OnlineRoleNum->{"serverId":1,"OnLinePlayerNum":2}
2017-12-10 04:00:00->OnlineRoleNum->{"serverId":1,"OnLinePlayerNum":2}
2017-12-10 04:02:00->OnlineRoleNum->{"serverId":1,"OnLinePlayerNum":2}
2017-12-10 04:04:00->OnlineRoleNum->{"serverId":1,"OnLinePlayerNum":2}
2017-12-10 04:06:00->OnlineRoleNum->{"serverId":1,"OnLinePlayerNum":2}
2017-12-10 04:08:00->OnlineRoleNum->{"serverId":1,"OnLinePlayerNum":2}
2017-12-10 04:10:00->OnlineRoleNum->{"serverId":1,"OnLinePlayerNum":2}
2017-12-10 04:12:00->OnlineRoleNum->{"serverId":1,"OnLinePlayerNum":2}
2017-12-10 04:14:00->OnlineRoleNum->{"serverId":1,"OnLinePlayerNum":2}
2017-12-10 04:16:00->OnlineRoleNum->{"serverId":1,"OnLinePlayerNum":2}
2017-12-10 04:18:00->OnlineRoleNum->{"serverId":1,"OnLinePlayerNum":2}
2017-12-10 04:20:00->OnlineRoleNum->{"serverId":1,"OnLinePlayerNum":2}
2017-12-10 04:22:00->OnlineRoleNum->{"serverId":1,"OnLinePlayerNum":2}
2017-12-10 04:24:00->OnlineRoleNum->{"serverId":1,"OnLinePlayerNum":2}
2017-12-10 04:26:00->OnlineRoleNum->{"serverId":1,"OnLinePlayerNum":2}
2017-12-10 04:28:00->OnlineRoleNum->{"serverId":1,"OnLinePlayerNum":2}
2017-12-10 04:30:00->OnlineRoleNum->{"serverId":1,"OnLinePlayerNum":2}
2017-12-10 04:32:00->OnlineRoleNum->{"serverId":1,"OnLinePlayerNum":2}
2017-12-10 04:34:00->OnlineRoleNum->{"serverId":1,"OnLinePlayerNum":2}
2017-12-10 04:36:00->OnlineRoleNum->{"serverId":1,"OnLinePlayerNum":2}
2017-12-10 04:38:00->OnlineRoleNum->{"serverId":1,"OnLinePlayerNum":2}
2017-12-10 04:40:00->OnlineRoleNum->{"serverId":1,"OnLinePlayerNum":2}
2017-12-10 04:42:00->OnlineRoleNum->{"serverId":1,"OnLinePlayerNum":2}
2017-12-10 04:44:00->OnlineRoleNum->{"serverId":1,"OnLinePlayerNum":2}
2017-12-10 04:46:00->OnlineRoleNum->{"serverId":1,"OnLinePlayerNum":2}
2017-12-10 04:48:00->OnlineRoleNum->{"serverId":1,"OnLinePlayerNum":2}
2017-12-10 04:50:00->OnlineRoleNum->{"serverId":1,"OnLinePlayerNum":2}
2017-12-10 04:52:00->OnlineRoleNum->{"serverId":1,"OnLinePlayerNum":2}
2017-12-10 04:54:00->OnlineRoleNum->{"serverId":1,"OnLinePlayerNum":2}
2017-12-10 04:56:00->OnlineRoleNum->{"serverId":1,"OnLinePlayerNum":2}
2017-12-10 04:58:00->OnlineRoleNum->{"serverId":1,"OnLinePlayerNum":2}
2017-12-10 05:00:00->OnlineRoleNum->{"serverId":1,"OnLinePlayerNum":2}
2017-12-10 05:02:00->OnlineRoleNum->{"serverId":1,"OnLinePlayerNum":2}
2017-12-10 05:04:00->OnlineRoleNum->{"serverId":1,"OnLinePlayerNum":2}
2017-12-10 05:06:00->OnlineRoleNum->{"serverId":1,"OnLinePlayerNum":2}
2017-12-10 05:08:00->OnlineRoleNum->{"serverId":1,"OnLinePlayerNum":2}
2017-12-10 05:10:00->OnlineRoleNum->{"serverId":1,"OnLinePlayerNum":2}
2017-12-10 05:12:00->OnlineRoleNum->{"serverId":1,"OnLinePlayerNum":2}
2017-12-10 05:14:00->OnlineRoleNum->{"serverId":1,"OnLinePlayerNum":2}
2017-12-10 05:16:00->OnlineRoleNum->{"serverId":1,"OnLinePlayerNum":2}
2017-12-10 05:18:00->OnlineRoleNum->{"serverId":1,"OnLinePlayerNum":2}
2017-12-10 05:20:00->OnlineRoleNum->{"serverId":1,"OnLinePlayerNum":2}
2017-12-10 05:22:00->OnlineRoleNum->{"serverId":1,"OnLinePlayerNum":2}
2017-12-10 05:24:00->OnlineRoleNum->{"serverId":1,"OnLinePlayerNum":2}
2017-12-10 05:26:00->OnlineRoleNum->{"serverId":1,"OnLinePlayerNum":2}
2017-12-10 05:28:00->OnlineRoleNum->{"serverId":1,"OnLinePlayerNum":2}
2017-12-10 05:30:00->OnlineRoleNum->{"serverId":1,"OnLinePlayerNum":2}
2017-12-10 05:32:00->OnlineRoleNum->{"serverId":1,"OnLinePlayerNum":2}
2017-12-10 05:34:00->OnlineRoleNum->{"serverId":1,"OnLinePlayerNum":2}
2017-12-10 05:36:00->OnlineRoleNum->{"serverId":1,"OnLinePlayerNum":2}
2017-12-10 05:38:00->OnlineRoleNum->{"serverId":1,"OnLinePlayerNum":2}
2017-12-10 05:40:00->OnlineRoleNum->{"serverId":1,"OnLinePlayerNum":2}
2017-12-10 05:42:00->OnlineRoleNum->{"serverId":1,"OnLinePlayerNum":2}
2017-12-10 05:44:00->OnlineRoleNum->{"serverId":1,"OnLinePlayerNum":2}
2017-12-10 05:46:00->OnlineRoleNum->{"serverId":1,"OnLinePlayerNum":2}
2017-12-10 05:48:00->OnlineRoleNum->{"serverId":1,"OnLinePlayerNum":2}
2017-12-10 05:50:00->OnlineRoleNum->{"serverId":1,"OnLinePlayerNum":2}
2017-12-10 05:52:00->OnlineRoleNum->{"serverId":1,"OnLinePlayerNum":2}
2017-12-10 05:54:00->OnlineRoleNum->{"serverId":1,"OnLinePlayerNum":2}
2017-12-10 05:56:00->OnlineRoleNum->{"serverId":1,"OnLinePlayerNum":2}
2017-12-10 05:58:00->OnlineRoleNum->{"serverId":1,"OnLinePlayerNum":2}
2017-12-10 06:00:00->OnlineRoleNum->{"serverId":1,"OnLinePlayerNum":2}
2017-12-10 06:02:00->OnlineRoleNum->{"serverId":1,"OnLinePlayerNum":2}
2017-12-10 06:04:00->OnlineRoleNum->{"serverId":1,"OnLinePlayerNum":2}
2017-12-10 06:06:00->OnlineRoleNum->{"serverId":1,"OnLinePlayerNum":2}
2017-12-10 06:08:00->OnlineRoleNum->{"serverId":1,"OnLinePlayerNum":2}
2017-12-10 06:10:00->OnlineRoleNum->{"serverId":1,"OnLinePlayerNum":2}
2017-12-10 06:12:00->OnlineRoleNum->{"serverId":1,"OnLinePlayerNum":2}
2017-12-10 06:14:00->OnlineRoleNum->{"serverId":1,"OnLinePlayerNum":2}
2017-12-10 06:16:00->OnlineRoleNum->{"serverId":1,"OnLinePlayerNum":2}
2017-12-10 06:18:00->OnlineRoleNum->{"serverId":1,"OnLinePlayerNum":2}
2017-12-10 06:20:00->OnlineRoleNum->{"serverId":1,"OnLinePlayerNum":2}
2017-12-10 06:22:00->OnlineRoleNum->{"serverId":1,"OnLinePlayerNum":2}
2017-12-10 06:24:00->OnlineRoleNum->{"serverId":1,"OnLinePlayerNum":2}
2017-12-10 06:26:00->OnlineRoleNum->{"serverId":1,"OnLinePlayerNum":2}
2017-12-10 06:28:00->OnlineRoleNum->{"serverId":1,"OnLinePlayerNum":2}
2017-12-10 06:30:00->OnlineRoleNum->{"serverId":1,"OnLinePlayerNum":2}
2017-12-10 06:32:00->OnlineRoleNum->{"serverId":1,"OnLinePlayerNum":2}
2017-12-10 06:34:00->OnlineRoleNum->{"serverId":1,"OnLinePlayerNum":2}
2017-12-10 06:36:00->OnlineRoleNum->{"serverId":1,"OnLinePlayerNum":2}
2017-12-10 06:38:00->OnlineRoleNum->{"serverId":1,"OnLinePlayerNum":2}
2017-12-10 06:40:00->OnlineRoleNum->{"serverId":1,"OnLinePlayerNum":2}
2017-12-10 06:42:00->OnlineRoleNum->{"serverId":1,"OnLinePlayerNum":2}
2017-12-10 06:44:00->OnlineRoleNum->{"serverId":1,"OnLinePlayerNum":2}
2017-12-10 06:46:00->OnlineRoleNum->{"serverId":1,"OnLinePlayerNum":2}
2017-12-10 06:48:00->OnlineRoleNum->{"serverId":1,"OnLinePlayerNum":2}
2017-12-10 06:50:00->OnlineRoleNum->{"serverId":1,"OnLinePlayerNum":2}
2017-12-10 06:52:00->OnlineRoleNum->{"serverId":1,"OnLinePlayerNum":2}
2017-12-10 06:54:00->OnlineRoleNum->{"serverId":1,"OnLinePlayerNum":2}
2017-12-10 06:56:00->OnlineRoleNum->{"serverId":1,"OnLinePlayerNum":2}
2017-12-10 06:58:00->OnlineRoleNum->{"serverId":1,"OnLinePlayerNum":2}
2017-12-10 07:00:00->OnlineRoleNum->{"serverId":1,"OnLinePlayerNum":2}
2017-12-10 07:02:00->OnlineRoleNum->{"serverId":1,"OnLinePlayerNum":2}
2017-12-10 07:04:00->OnlineRoleNum->{"serverId":1,"OnLinePlayerNum":2}
2017-12-10 07:06:00->OnlineRoleNum->{"serverId":1,"OnLinePlayerNum":2}
2017-12-10 07:08:00->OnlineRoleNum->{"serverId":1,"OnLinePlayerNum":2}
2017-12-10 07:10:00->OnlineRoleNum->{"serverId":1,"OnLinePlayerNum":2}
2017-12-10 07:12:00->OnlineRoleNum->{"serverId":1,"OnLinePlayerNum":2}
2017-12-10 07:14:00->OnlineRoleNum->{"serverId":1,"OnLinePlayerNum":2}
2017-12-10 07:16:00->OnlineRoleNum->{"serverId":1,"OnLinePlayerNum":2}
2017-12-10 07:20:00->OnlineRoleNum->{"serverId":1,"OnLinePlayerNum":2}
2017-12-10 07:22:00->OnlineRoleNum->{"serverId":1,"OnLinePlayerNum":2}
2017-12-10 07:24:00->OnlineRoleNum->{"serverId":1,"OnLinePlayerNum":2}
2017-12-10 07:26:00->OnlineRoleNum->{"serverId":1,"OnLinePlayerNum":2}
2017-12-10 07:28:00->OnlineRoleNum->{"serverId":1,"OnLinePlayerNum":2}
2017-12-10 07:30:00->OnlineRoleNum->{"serverId":1,"OnLinePlayerNum":2}
2017-12-10 07:32:00->OnlineRoleNum->{"serverId":1,"OnLinePlayerNum":2}
2017-12-10 07:34:00->OnlineRoleNum->{"serverId":1,"OnLinePlayerNum":2}
2017-12-10 07:36:00->OnlineRoleNum->{"serverId":1,"OnLinePlayerNum":2}
2017-12-10 07:38:00->OnlineRoleNum->{"serverId":1,"OnLinePlayerNum":2}
2017-12-10 07:40:00->OnlineRoleNum->{"serverId":1,"OnLinePlayerNum":2}
2017-12-10 07:42:00->OnlineRoleNum->{"serverId":1,"OnLinePlayerNum":2}
2017-12-10 07:44:00->OnlineRoleNum->{"serverId":1,"OnLinePlayerNum":2}
2017-12-10 07:46:00->OnlineRoleNum->{"serverId":1,"OnLinePlayerNum":2}
2017-12-10 07:48:00->OnlineRoleNum->{"serverId":1,"OnLinePlayerNum":2}
2017-12-10 07:50:00->OnlineRoleNum->{"serverId":1,"OnLinePlayerNum":2}
2017-12-10 07:52:00->OnlineRoleNum->{"serverId":1,"OnLinePlayerNum":2}
2017-12-10 07:54:00->OnlineRoleNum->{"serverId":1,"OnLinePlayerNum":2}
2017-12-10 07:56:00->OnlineRoleNum->{"serverId":1,"OnLinePlayerNum":2}
2017-12-10 07:58:00->OnlineRoleNum->{"serverId":1,"OnLinePlayerNum":2}
2017-12-10 08:00:00->OnlineRoleNum->{"serverId":1,"OnLinePlayerNum":2}
2017-12-10 08:02:00->OnlineRoleNum->{"serverId":1,"OnLinePlayerNum":2}
2017-12-10 08:04:00->OnlineRoleNum->{"serverId":1,"OnLinePlayerNum":2}
2017-12-10 08:06:00->OnlineRoleNum->{"serverId":1,"OnLinePlayerNum":2}
2017-12-10 08:08:00->OnlineRoleNum->{"serverId":1,"OnLinePlayerNum":2}
2017-12-10 08:10:00->OnlineRoleNum->{"serverId":1,"OnLinePlayerNum":2}
2017-12-10 08:12:00->OnlineRoleNum->{"serverId":1,"OnLinePlayerNum":2}
2017-12-10 08:14:00->OnlineRoleNum->{"serverId":1,"OnLinePlayerNum":2}
2017-12-10 08:16:00->OnlineRoleNum->{"serverId":1,"OnLinePlayerNum":2}
2017-12-10 08:18:00->OnlineRoleNum->{"serverId":1,"OnLinePlayerNum":2}
2017-12-10 08:20:00->OnlineRoleNum->{"serverId":1,"OnLinePlayerNum":2}
2017-12-10 08:22:00->OnlineRoleNum->{"serverId":1,"OnLinePlayerNum":2}
2017-12-10 08:24:00->OnlineRoleNum->{"serverId":1,"OnLinePlayerNum":2}
2017-12-10 08:26:00->OnlineRoleNum->{"serverId":1,"OnLinePlayerNum":2}
2017-12-10 08:28:00->OnlineRoleNum->{"serverId":1,"OnLinePlayerNum":2}
2017-12-10 08:30:00->OnlineRoleNum->{"serverId":1,"OnLinePlayerNum":2}
2017-12-10 08:32:00->OnlineRoleNum->{"serverId":1,"OnLinePlayerNum":2}
2017-12-10 08:34:00->OnlineRoleNum->{"serverId":1,"OnLinePlayerNum":2}
2017-12-10 08:36:00->OnlineRoleNum->{"serverId":1,"OnLinePlayerNum":2}
2017-12-10 08:38:00->OnlineRoleNum->{"serverId":1,"OnLinePlayerNum":2}
2017-12-10 08:40:00->OnlineRoleNum->{"serverId":1,"OnLinePlayerNum":2}
2017-12-10 08:42:00->OnlineRoleNum->{"serverId":1,"OnLinePlayerNum":2}
2017-12-10 08:44:00->OnlineRoleNum->{"serverId":1,"OnLinePlayerNum":2}
2017-12-10 08:46:00->OnlineRoleNum->{"serverId":1,"OnLinePlayerNum":2}
2017-12-10 08:48:00->OnlineRoleNum->{"serverId":1,"OnLinePlayerNum":2}
2017-12-10 08:50:00->OnlineRoleNum->{"serverId":1,"OnLinePlayerNum":2}
2017-12-10 08:52:00->OnlineRoleNum->{"serverId":1,"OnLinePlayerNum":2}
2017-12-10 08:54:00->OnlineRoleNum->{"serverId":1,"OnLinePlayerNum":2}
2017-12-10 08:56:00->OnlineRoleNum->{"serverId":1,"OnLinePlayerNum":2}
2017-12-10 08:58:00->OnlineRoleNum->{"serverId":1,"OnLinePlayerNum":2}
2017-12-10 09:00:00->OnlineRoleNum->{"serverId":1,"OnLinePlayerNum":2}
2017-12-10 09:02:00->OnlineRoleNum->{"serverId":1,"OnLinePlayerNum":2}
2017-12-10 09:04:00->OnlineRoleNum->{"serverId":1,"OnLinePlayerNum":2}
2017-12-10 09:06:00->OnlineRoleNum->{"serverId":1,"OnLinePlayerNum":2}
2017-12-10 09:08:00->OnlineRoleNum->{"serverId":1,"OnLinePlayerNum":2}
2017-12-10 09:10:00->OnlineRoleNum->{"serverId":1,"OnLinePlayerNum":2}
2017-12-10 09:12:00->OnlineRoleNum->{"serverId":1,"OnLinePlayerNum":2}
2017-12-10 09:14:00->OnlineRoleNum->{"serverId":1,"OnLinePlayerNum":2}
2017-12-10 09:16:00->OnlineRoleNum->{"serverId":1,"OnLinePlayerNum":2}
2017-12-10 09:18:00->OnlineRoleNum->{"serverId":1,"OnLinePlayerNum":2}
2017-12-10 09:20:00->OnlineRoleNum->{"serverId":1,"OnLinePlayerNum":2}
2017-12-10 09:22:00->OnlineRoleNum->{"serverId":1,"OnLinePlayerNum":2}
2017-12-10 09:24:00->OnlineRoleNum->{"serverId":1,"OnLinePlayerNum":2}
2017-12-10 09:26:00->OnlineRoleNum->{"serverId":1,"OnLinePlayerNum":2}
2017-12-10 09:28:00->OnlineRoleNum->{"serverId":1,"OnLinePlayerNum":2}
2017-12-10 09:30:00->OnlineRoleNum->{"serverId":1,"OnLinePlayerNum":2}
2017-12-10 09:32:00->OnlineRoleNum->{"serverId":1,"OnLinePlayerNum":2}
2017-12-10 09:34:00->OnlineRoleNum->{"serverId":1,"OnLinePlayerNum":2}
2017-12-10 09:36:00->OnlineRoleNum->{"serverId":1,"OnLinePlayerNum":2}
2017-12-10 09:38:00->OnlineRoleNum->{"serverId":1,"OnLinePlayerNum":2}
2017-12-10 09:40:00->OnlineRoleNum->{"serverId":1,"OnLinePlayerNum":2}
2017-12-10 09:42:00->OnlineRoleNum->{"serverId":1,"OnLinePlayerNum":2}
2017-12-10 09:44:00->OnlineRoleNum->{"serverId":1,"OnLinePlayerNum":2}
2017-12-10 09:46:00->OnlineRoleNum->{"serverId":1,"OnLinePlayerNum":2}
2017-12-10 09:48:00->OnlineRoleNum->{"serverId":1,"OnLinePlayerNum":2}
2017-12-10 09:50:00->OnlineRoleNum->{"serverId":1,"OnLinePlayerNum":2}
2017-12-10 09:52:00->OnlineRoleNum->{"serverId":1,"OnLinePlayerNum":2}
2017-12-10 09:54:00->OnlineRoleNum->{"serverId":1,"OnLinePlayerNum":2}
2017-12-10 09:56:00->OnlineRoleNum->{"serverId":1,"OnLinePlayerNum":2}
2017-12-10 09:58:00->OnlineRoleNum->{"serverId":1,"OnLinePlayerNum":2}
2017-12-10 10:00:00->OnlineRoleNum->{"serverId":1,"OnLinePlayerNum":2}
2017-12-10 10:02:00->OnlineRoleNum->{"serverId":1,"OnLinePlayerNum":2}
2017-12-10 10:04:00->OnlineRoleNum->{"serverId":1,"OnLinePlayerNum":2}
2017-12-10 10:06:00->OnlineRoleNum->{"serverId":1,"OnLinePlayerNum":2}
2017-12-10 10:08:00->OnlineRoleNum->{"serverId":1,"OnLinePlayerNum":2}
2017-12-10 10:10:00->OnlineRoleNum->{"serverId":1,"OnLinePlayerNum":2}
2017-12-10 10:12:00->OnlineRoleNum->{"serverId":1,"OnLinePlayerNum":2}
2017-12-10 10:14:00->OnlineRoleNum->{"serverId":1,"OnLinePlayerNum":2}
2017-12-10 10:16:00->OnlineRoleNum->{"serverId":1,"OnLinePlayerNum":2}
2017-12-10 10:18:00->OnlineRoleNum->{"serverId":1,"OnLinePlayerNum":2}
2017-12-10 10:20:00->OnlineRoleNum->{"serverId":1,"OnLinePlayerNum":2}
2017-12-10 10:22:00->OnlineRoleNum->{"serverId":1,"OnLinePlayerNum":2}
2017-12-10 10:24:00->OnlineRoleNum->{"serverId":1,"OnLinePlayerNum":2}
2017-12-10 10:26:00->OnlineRoleNum->{"serverId":1,"OnLinePlayerNum":2}
2017-12-10 10:28:00->OnlineRoleNum->{"serverId":1,"OnLinePlayerNum":2}
2017-12-10 10:30:00->OnlineRoleNum->{"serverId":1,"OnLinePlayerNum":2}
2017-12-10 10:32:00->OnlineRoleNum->{"serverId":1,"OnLinePlayerNum":2}
2017-12-10 10:34:00->OnlineRoleNum->{"serverId":1,"OnLinePlayerNum":2}
2017-12-10 10:36:00->OnlineRoleNum->{"serverId":1,"OnLinePlayerNum":2}
2017-12-10 10:38:00->OnlineRoleNum->{"serverId":1,"OnLinePlayerNum":2}
2017-12-10 10:40:00->OnlineRoleNum->{"serverId":1,"OnLinePlayerNum":2}
2017-12-10 10:42:00->OnlineRoleNum->{"serverId":1,"OnLinePlayerNum":2}
2017-12-10 10:44:00->OnlineRoleNum->{"serverId":1,"OnLinePlayerNum":2}
2017-12-10 10:46:00->OnlineRoleNum->{"serverId":1,"OnLinePlayerNum":2}
2017-12-10 10:48:00->OnlineRoleNum->{"serverId":1,"OnLinePlayerNum":2}
2017-12-10 10:50:00->OnlineRoleNum->{"serverId":1,"OnLinePlayerNum":2}
2017-12-10 10:52:00->OnlineRoleNum->{"serverId":1,"OnLinePlayerNum":2}
2017-12-10 10:54:00->OnlineRoleNum->{"serverId":1,"OnLinePlayerNum":2}
2017-12-10 10:56:00->OnlineRoleNum->{"serverId":1,"OnLinePlayerNum":2}
2017-12-10 10:58:00->OnlineRoleNum->{"serverId":1,"OnLinePlayerNum":2}
2017-12-10 11:00:00->OnlineRoleNum->{"serverId":1,"OnLinePlayerNum":2}
2017-12-10 11:02:00->OnlineRoleNum->{"serverId":1,"OnLinePlayerNum":2}
2017-12-10 11:04:00->OnlineRoleNum->{"serverId":1,"OnLinePlayerNum":2}
2017-12-10 11:06:00->OnlineRoleNum->{"serverId":1,"OnLinePlayerNum":2}
2017-12-10 11:08:00->OnlineRoleNum->{"serverId":1,"OnLinePlayerNum":2}
2017-12-10 11:10:00->OnlineRoleNum->{"serverId":1,"OnLinePlayerNum":2}
2017-12-10 11:12:00->OnlineRoleNum->{"serverId":1,"OnLinePlayerNum":2}
2017-12-10 11:14:00->OnlineRoleNum->{"serverId":1,"OnLinePlayerNum":2}
2017-12-10 11:16:00->OnlineRoleNum->{"serverId":1,"OnLinePlayerNum":2}
2017-12-10 11:18:00->OnlineRoleNum->{"serverId":1,"OnLinePlayerNum":2}
2017-12-10 11:20:00->OnlineRoleNum->{"serverId":1,"OnLinePlayerNum":2}
2017-12-10 11:22:00->OnlineRoleNum->{"serverId":1,"OnLinePlayerNum":2}
2017-12-10 11:24:00->OnlineRoleNum->{"serverId":1,"OnLinePlayerNum":2}
2017-12-10 11:26:00->OnlineRoleNum->{"serverId":1,"OnLinePlayerNum":2}
2017-12-10 11:28:00->OnlineRoleNum->{"serverId":1,"OnLinePlayerNum":2}
2017-12-10 11:30:00->OnlineRoleNum->{"serverId":1,"OnLinePlayerNum":2}
2017-12-10 11:32:00->OnlineRoleNum->{"serverId":1,"OnLinePlayerNum":2}
2017-12-10 11:34:00->OnlineRoleNum->{"serverId":1,"OnLinePlayerNum":2}
2017-12-10 11:36:00->OnlineRoleNum->{"serverId":1,"OnLinePlayerNum":2}
2017-12-10 11:38:00->OnlineRoleNum->{"serverId":1,"OnLinePlayerNum":2}
2017-12-10 11:40:00->OnlineRoleNum->{"serverId":1,"OnLinePlayerNum":2}
2017-12-10 11:42:00->OnlineRoleNum->{"serverId":1,"OnLinePlayerNum":2}
2017-12-10 11:44:00->OnlineRoleNum->{"serverId":1,"OnLinePlayerNum":2}
2017-12-10 11:46:00->OnlineRoleNum->{"serverId":1,"OnLinePlayerNum":2}
2017-12-10 11:48:00->OnlineRoleNum->{"serverId":1,"OnLinePlayerNum":2}
2017-12-10 11:50:00->OnlineRoleNum->{"serverId":1,"OnLinePlayerNum":2}
2017-12-10 11:52:00->OnlineRoleNum->{"serverId":1,"OnLinePlayerNum":2}
2017-12-10 11:54:00->OnlineRoleNum->{"serverId":1,"OnLinePlayerNum":2}
2017-12-10 11:56:00->OnlineRoleNum->{"serverId":1,"OnLinePlayerNum":2}
2017-12-10 11:58:00->OnlineRoleNum->{"serverId":1,"OnLinePlayerNum":2}
2017-12-10 12:00:00->OnlineRoleNum->{"serverId":1,"OnLinePlayerNum":2}
2017-12-10 12:02:00->OnlineRoleNum->{"serverId":1,"OnLinePlayerNum":2}
2017-12-10 12:04:00->OnlineRoleNum->{"serverId":1,"OnLinePlayerNum":2}
2017-12-10 12:06:00->OnlineRoleNum->{"serverId":1,"OnLinePlayerNum":2}
2017-12-10 12:08:00->OnlineRoleNum->{"serverId":1,"OnLinePlayerNum":2}
2017-12-10 12:10:00->OnlineRoleNum->{"serverId":1,"OnLinePlayerNum":2}
2017-12-10 12:12:00->OnlineRoleNum->{"serverId":1,"OnLinePlayerNum":2}
2017-12-10 12:14:00->OnlineRoleNum->{"serverId":1,"OnLinePlayerNum":2}
2017-12-10 12:16:00->OnlineRoleNum->{"serverId":1,"OnLinePlayerNum":2}
2017-12-10 12:18:00->OnlineRoleNum->{"serverId":1,"OnLinePlayerNum":2}
2017-12-10 12:20:00->OnlineRoleNum->{"serverId":1,"OnLinePlayerNum":2}
2017-12-10 12:22:00->OnlineRoleNum->{"serverId":1,"OnLinePlayerNum":2}
2017-12-10 12:24:00->OnlineRoleNum->{"serverId":1,"OnLinePlayerNum":2}
2017-12-10 12:26:00->OnlineRoleNum->{"serverId":1,"OnLinePlayerNum":2}
2017-12-10 12:28:00->OnlineRoleNum->{"serverId":1,"OnLinePlayerNum":2}
2017-12-10 12:30:00->OnlineRoleNum->{"serverId":1,"OnLinePlayerNum":2}
2017-12-10 12:32:00->OnlineRoleNum->{"serverId":1,"OnLinePlayerNum":2}
2017-12-10 12:34:00->OnlineRoleNum->{"serverId":1,"OnLinePlayerNum":2}
2017-12-10 12:36:00->OnlineRoleNum->{"serverId":1,"OnLinePlayerNum":2}
2017-12-10 12:38:00->OnlineRoleNum->{"serverId":1,"OnLinePlayerNum":2}
2017-12-10 12:40:00->OnlineRoleNum->{"serverId":1,"OnLinePlayerNum":2}
2017-12-10 12:42:00->OnlineRoleNum->{"serverId":1,"OnLinePlayerNum":2}
2017-12-10 12:44:00->OnlineRoleNum->{"serverId":1,"OnLinePlayerNum":2}
2017-12-10 12:46:00->OnlineRoleNum->{"serverId":1,"OnLinePlayerNum":2}
2017-12-10 12:48:00->OnlineRoleNum->{"serverId":1,"OnLinePlayerNum":2}
2017-12-10 12:50:00->OnlineRoleNum->{"serverId":1,"OnLinePlayerNum":2}
2017-12-10 12:52:00->OnlineRoleNum->{"serverId":1,"OnLinePlayerNum":2}
2017-12-10 12:54:00->OnlineRoleNum->{"serverId":1,"OnLinePlayerNum":2}
2017-12-10 12:56:00->OnlineRoleNum->{"serverId":1,"OnLinePlayerNum":2}
2017-12-10 12:58:00->OnlineRoleNum->{"serverId":1,"OnLinePlayerNum":2}
2017-12-10 13:00:00->OnlineRoleNum->{"serverId":1,"OnLinePlayerNum":2}
2017-12-10 13:02:00->OnlineRoleNum->{"serverId":1,"OnLinePlayerNum":2}
2017-12-10 13:04:00->OnlineRoleNum->{"serverId":1,"OnLinePlayerNum":2}
2017-12-10 13:06:00->OnlineRoleNum->{"serverId":1,"OnLinePlayerNum":2}
2017-12-10 13:08:00->OnlineRoleNum->{"serverId":1,"OnLinePlayerNum":2}
2017-12-10 13:10:00->OnlineRoleNum->{"serverId":1,"OnLinePlayerNum":2}
2017-12-10 13:12:00->OnlineRoleNum->{"serverId":1,"OnLinePlayerNum":2}
2017-12-10 13:14:00->OnlineRoleNum->{"serverId":1,"OnLinePlayerNum":2}
2017-12-10 13:16:00->OnlineRoleNum->{"serverId":1,"OnLinePlayerNum":2}
2017-12-10 13:18:00->OnlineRoleNum->{"serverId":1,"OnLinePlayerNum":2}
2017-12-10 13:20:00->OnlineRoleNum->{"serverId":1,"OnLinePlayerNum":2}
2017-12-10 13:22:00->OnlineRoleNum->{"serverId":1,"OnLinePlayerNum":2}
2017-12-10 13:24:00->OnlineRoleNum->{"serverId":1,"OnLinePlayerNum":2}
2017-12-10 13:26:00->OnlineRoleNum->{"serverId":1,"OnLinePlayerNum":2}
2017-12-10 13:28:00->OnlineRoleNum->{"serverId":1,"OnLinePlayerNum":2}
2017-12-10 13:30:00->OnlineRoleNum->{"serverId":1,"OnLinePlayerNum":2}
2017-12-10 13:32:00->OnlineRoleNum->{"serverId":1,"OnLinePlayerNum":2}
2017-12-10 13:34:00->OnlineRoleNum->{"serverId":1,"OnLinePlayerNum":2}
2017-12-10 13:36:00->OnlineRoleNum->{"serverId":1,"OnLinePlayerNum":2}
2017-12-10 13:38:00->OnlineRoleNum->{"serverId":1,"OnLinePlayerNum":2}
2017-12-10 13:40:00->OnlineRoleNum->{"serverId":1,"OnLinePlayerNum":2}
2017-12-10 13:42:00->OnlineRoleNum->{"serverId":1,"OnLinePlayerNum":2}
2017-12-10 13:44:00->OnlineRoleNum->{"serverId":1,"OnLinePlayerNum":2}
2017-12-10 13:46:00->OnlineRoleNum->{"serverId":1,"OnLinePlayerNum":2}
2017-12-10 13:48:00->OnlineRoleNum->{"serverId":1,"OnLinePlayerNum":2}
2017-12-10 13:50:00->OnlineRoleNum->{"serverId":1,"OnLinePlayerNum":2}
2017-12-10 13:52:00->OnlineRoleNum->{"serverId":1,"OnLinePlayerNum":2}
2017-12-10 13:54:00->OnlineRoleNum->{"serverId":1,"OnLinePlayerNum":2}
2017-12-10 13:56:00->OnlineRoleNum->{"serverId":1,"OnLinePlayerNum":2}
2017-12-10 13:58:00->OnlineRoleNum->{"serverId":1,"OnLinePlayerNum":2}
2017-12-10 14:00:00->OnlineRoleNum->{"serverId":1,"OnLinePlayerNum":2}
2017-12-10 14:02:00->OnlineRoleNum->{"serverId":1,"OnLinePlayerNum":2}
2017-12-10 14:04:00->OnlineRoleNum->{"serverId":1,"OnLinePlayerNum":2}
2017-12-10 14:06:00->OnlineRoleNum->{"serverId":1,"OnLinePlayerNum":2}
2017-12-10 14:08:00->OnlineRoleNum->{"serverId":1,"OnLinePlayerNum":2}
2017-12-10 14:10:00->OnlineRoleNum->{"serverId":1,"OnLinePlayerNum":2}
2017-12-10 14:12:00->OnlineRoleNum->{"serverId":1,"OnLinePlayerNum":2}
2017-12-10 14:14:00->OnlineRoleNum->{"serverId":1,"OnLinePlayerNum":2}
2017-12-10 14:16:00->OnlineRoleNum->{"serverId":1,"OnLinePlayerNum":2}
2017-12-10 14:18:00->OnlineRoleNum->{"serverId":1,"OnLinePlayerNum":2}
2017-12-10 14:20:00->OnlineRoleNum->{"serverId":1,"OnLinePlayerNum":2}
2017-12-10 14:22:00->OnlineRoleNum->{"serverId":1,"OnLinePlayerNum":2}
2017-12-10 14:24:00->OnlineRoleNum->{"serverId":1,"OnLinePlayerNum":2}
2017-12-10 14:26:00->OnlineRoleNum->{"serverId":1,"OnLinePlayerNum":2}
2017-12-10 14:28:00->OnlineRoleNum->{"serverId":1,"OnLinePlayerNum":2}
2017-12-10 14:30:00->OnlineRoleNum->{"serverId":1,"OnLinePlayerNum":2}
2017-12-10 14:32:00->OnlineRoleNum->{"serverId":1,"OnLinePlayerNum":2}
2017-12-10 14:34:00->OnlineRoleNum->{"serverId":1,"OnLinePlayerNum":2}
2017-12-10 14:36:00->OnlineRoleNum->{"serverId":1,"OnLinePlayerNum":2}
2017-12-10 14:38:00->OnlineRoleNum->{"serverId":1,"OnLinePlayerNum":2}
2017-12-10 14:40:00->OnlineRoleNum->{"serverId":1,"OnLinePlayerNum":2}
2017-12-10 14:42:00->OnlineRoleNum->{"serverId":1,"OnLinePlayerNum":2}
2017-12-10 14:44:00->OnlineRoleNum->{"serverId":1,"OnLinePlayerNum":2}
2017-12-10 14:46:00->OnlineRoleNum->{"serverId":1,"OnLinePlayerNum":2}
2017-12-10 14:48:00->OnlineRoleNum->{"serverId":1,"OnLinePlayerNum":2}
2017-12-10 14:50:00->OnlineRoleNum->{"serverId":1,"OnLinePlayerNum":2}
2017-12-10 14:52:00->OnlineRoleNum->{"serverId":1,"OnLinePlayerNum":2}
2017-12-10 14:54:00->OnlineRoleNum->{"serverId":1,"OnLinePlayerNum":2}
2017-12-10 14:56:00->OnlineRoleNum->{"serverId":1,"OnLinePlayerNum":2}
2017-12-10 14:58:00->OnlineRoleNum->{"serverId":1,"OnLinePlayerNum":2}
2017-12-10 15:00:00->OnlineRoleNum->{"serverId":1,"OnLinePlayerNum":2}
2017-12-10 15:02:00->OnlineRoleNum->{"serverId":1,"OnLinePlayerNum":2}
2017-12-10 15:04:00->OnlineRoleNum->{"serverId":1,"OnLinePlayerNum":2}
2017-12-10 15:06:00->OnlineRoleNum->{"serverId":1,"OnLinePlayerNum":2}
2017-12-10 15:08:00->OnlineRoleNum->{"serverId":1,"OnLinePlayerNum":2}
2017-12-10 15:10:00->OnlineRoleNum->{"serverId":1,"OnLinePlayerNum":2}
2017-12-10 15:12:00->OnlineRoleNum->{"serverId":1,"OnLinePlayerNum":2}
2017-12-10 15:13:17->LogoutRole->role_name:八千流->{"ip":"192.168.88.67:22850 ","ClientApp_ver":20151212,"serverID":1,"account_id":"806","account_Name":"s067","role_id":1800200008,"role_name":"\u516B\u5343\u6D41","role_create_time":"2017-12-08 09:38:34","role_ChangeLife":3,"role_level":99,"logout_time":"2017-12-10 15:13:17","Online_time":163688,"last_operation":"","money_sum":0,"exp_sum":0,"item_sum":0}
2017-12-10 15:14:00->OnlineRoleNum->{"serverId":1,"OnLinePlayerNum":1}
2017-12-10 15:14:26->LoginRole->role_name:八千流->{"ip":"192.168.88.67:46979 ","ClientApp_ver":0,"serverID":1,"account_id":"806","account_Name":"s067","role_id":1800200008,"role_name":"\u516B\u5343\u6D41","role_create_time":"2017-12-08 09:38:34","role_ChangeLife":3,"role_level":99,"login_time":"2017-12-10 15:14:26","last_logout_time":"2017-12-10 15:13:17"}
2017-12-10 15:16:00->OnlineRoleNum->{"serverId":1,"OnLinePlayerNum":2}
2017-12-10 15:18:00->OnlineRoleNum->{"serverId":1,"OnLinePlayerNum":2}
2017-12-10 15:18:49->LogoutRole->role_name:八千流->{"ip":"192.168.88.67:46979 ","ClientApp_ver":20151212,"serverID":1,"account_id":"806","account_Name":"s067","role_id":1800200008,"role_name":"\u516B\u5343\u6D41","role_create_time":"2017-12-08 09:38:34","role_ChangeLife":3,"role_level":99,"logout_time":"2017-12-10 15:18:49","Online_time":163948,"last_operation":"","money_sum":0,"exp_sum":0,"item_sum":0}
2017-12-10 15:20:00->OnlineRoleNum->{"serverId":1,"OnLinePlayerNum":1}
2017-12-10 15:22:00->OnlineRoleNum->{"serverId":1,"OnLinePlayerNum":1}
2017-12-10 15:24:00->OnlineRoleNum->{"serverId":1,"OnLinePlayerNum":1}
2017-12-10 15:26:00->OnlineRoleNum->{"serverId":1,"OnLinePlayerNum":1}
2017-12-10 15:28:00->OnlineRoleNum->{"serverId":1,"OnLinePlayerNum":1}
2017-12-10 15:30:00->OnlineRoleNum->{"serverId":1,"OnLinePlayerNum":1}
2017-12-10 15:32:00->OnlineRoleNum->{"serverId":1,"OnLinePlayerNum":1}
2017-12-10 15:34:00->OnlineRoleNum->{"serverId":1,"OnLinePlayerNum":1}
2017-12-10 15:36:00->OnlineRoleNum->{"serverId":1,"OnLinePlayerNum":1}
2017-12-10 15:38:00->OnlineRoleNum->{"serverId":1,"OnLinePlayerNum":1}
2017-12-10 15:40:00->OnlineRoleNum->{"serverId":1,"OnLinePlayerNum":1}
2017-12-10 15:42:00->OnlineRoleNum->{"serverId":1,"OnLinePlayerNum":1}
2017-12-10 15:44:00->OnlineRoleNum->{"serverId":1,"OnLinePlayerNum":1}
2017-12-10 15:46:00->OnlineRoleNum->{"serverId":1,"OnLinePlayerNum":1}
2017-12-10 15:48:00->OnlineRoleNum->{"serverId":1,"OnLinePlayerNum":1}
2017-12-10 15:48:40->LoginRole->role_name:八千流->{"ip":"192.168.88.67:55320 ","ClientApp_ver":0,"serverID":1,"account_id":"806","account_Name":"s067","role_id":1800200008,"role_name":"\u516B\u5343\u6D41","role_create_time":"2017-12-08 09:38:34","role_ChangeLife":3,"role_level":99,"login_time":"2017-12-10 15:48:40","last_logout_time":"2017-12-10 15:18:49"}
2017-12-10 15:49:06->LogoutRole->role_name:八千流->{"ip":"192.168.88.67:55320 ","ClientApp_ver":20151212,"serverID":1,"account_id":"806","account_Name":"s067","role_id":1800200008,"role_name":"\u516B\u5343\u6D41","role_create_time":"2017-12-08 09:38:34","role_ChangeLife":3,"role_level":99,"logout_time":"2017-12-10 15:49:06","Online_time":163968,"last_operation":"","money_sum":0,"exp_sum":0,"item_sum":0}
2017-12-10 15:49:06->Chat->sender_role_name:八千流, content:-setmaintask 八千流 1310,->{"sender_server":1,"sender_account_id":"806","sender_account_Name":"s067","sender_role_id":1800200008,"sender_role_ChangeLife":3,"sender_role_name":"\u516B\u5343\u6D41","sender_role_level":99,"sender_vip":9,"sender_ip":"","channel":"System","chat_time":"2017-12-10 15:49:06","reason":0,"input_type":0}
2017-12-10 15:49:09->LoginRole->role_name:八千流->{"ip":"192.168.88.67:55441 ","ClientApp_ver":0,"serverID":1,"account_id":"806","account_Name":"s067","role_id":1800200008,"role_name":"\u516B\u5343\u6D41","role_create_time":"2017-12-08 09:38:34","role_ChangeLife":3,"role_level":99,"login_time":"2017-12-10 15:49:09","last_logout_time":"2017-12-10 15:49:06"}
2017-12-10 15:49:12->Chat->sender_role_name:八千流, content:-moveto 1 25368 19529,->{"sender_server":1,"sender_account_id":"806","sender_account_Name":"s067","sender_role_id":1800200008,"sender_role_ChangeLife":3,"sender_role_name":"\u516B\u5343\u6D41","sender_role_level":99,"sender_vip":9,"sender_ip":"192.168.88.67:55441 ","channel":"System","chat_time":"2017-12-10 15:49:12","reason":0,"input_type":0}
2017-12-10 15:50:00->OnlineRoleNum->{"serverId":1,"OnLinePlayerNum":2}
2017-12-10 15:52:00->OnlineRoleNum->{"serverId":1,"OnLinePlayerNum":2}
2017-12-10 15:53:58->LogoutRole->role_name:八千流->{"ip":"192.168.88.67:55441 ","ClientApp_ver":20151212,"serverID":1,"account_id":"806","account_Name":"s067","role_id":1800200008,"role_name":"\u516B\u5343\u6D41","role_create_time":"2017-12-08 09:38:34","role_ChangeLife":3,"role_level":99,"logout_time":"2017-12-10 15:53:58","Online_time":164248,"last_operation":"","money_sum":0,"exp_sum":0,"item_sum":0}
2017-12-10 15:54:00->OnlineRoleNum->{"serverId":1,"OnLinePlayerNum":1}
2017-12-10 15:54:28->LoginRole->role_name:八千流->{"ip":"192.168.88.67:56737 ","ClientApp_ver":0,"serverID":1,"account_id":"806","account_Name":"s067","role_id":1800200008,"role_name":"\u516B\u5343\u6D41","role_create_time":"2017-12-08 09:38:34","role_ChangeLife":3,"role_level":99,"login_time":"2017-12-10 15:54:28","last_logout_time":"2017-12-10 15:53:58"}
2017-12-10 15:54:52->LogoutRole->role_name:八千流->{"ip":"192.168.88.67:56737 ","ClientApp_ver":20151212,"serverID":1,"account_id":"806","account_Name":"s067","role_id":1800200008,"role_name":"\u516B\u5343\u6D41","role_create_time":"2017-12-08 09:38:34","role_ChangeLife":3,"role_level":99,"logout_time":"2017-12-10 15:54:52","Online_time":164268,"last_operation":"","money_sum":0,"exp_sum":0,"item_sum":0}
2017-12-10 15:54:52->Chat->sender_role_name:八千流, content:-setmaintask 八千流 1310,->{"sender_server":1,"sender_account_id":"806","sender_account_Name":"s067","sender_role_id":1800200008,"sender_role_ChangeLife":3,"sender_role_name":"\u516B\u5343\u6D41","sender_role_level":99,"sender_vip":9,"sender_ip":"","channel":"System","chat_time":"2017-12-10 15:54:52","reason":0,"input_type":0}
2017-12-10 15:54:56->LoginRole->role_name:八千流->{"ip":"192.168.88.67:56847 ","ClientApp_ver":0,"serverID":1,"account_id":"806","account_Name":"s067","role_id":1800200008,"role_name":"\u516B\u5343\u6D41","role_create_time":"2017-12-08 09:38:34","role_ChangeLife":3,"role_level":99,"login_time":"2017-12-10 15:54:56","last_logout_time":"2017-12-10 15:54:52"}
2017-12-10 15:54:58->Chat->sender_role_name:八千流, content:-moveto 1 25368 19529,->{"sender_server":1,"sender_account_id":"806","sender_account_Name":"s067","sender_role_id":1800200008,"sender_role_ChangeLife":3,"sender_role_name":"\u516B\u5343\u6D41","sender_role_level":99,"sender_vip":9,"sender_ip":"192.168.88.67:56847 ","channel":"System","chat_time":"2017-12-10 15:54:58","reason":0,"input_type":0}
2017-12-10 15:55:31->LogoutRole->role_name:八千流->{"ip":"192.168.88.67:56847 ","ClientApp_ver":20151212,"serverID":1,"account_id":"806","account_Name":"s067","role_id":1800200008,"role_name":"\u516B\u5343\u6D41","role_create_time":"2017-12-08 09:38:34","role_ChangeLife":3,"role_level":99,"logout_time":"2017-12-10 15:55:31","Online_time":164298,"last_operation":"","money_sum":0,"exp_sum":0,"item_sum":0}
2017-12-10 15:55:31->Chat->sender_role_name:八千流, content:-setmaintask 八千流 1310,->{"sender_server":1,"sender_account_id":"806","sender_account_Name":"s067","sender_role_id":1800200008,"sender_role_ChangeLife":3,"sender_role_name":"\u516B\u5343\u6D41","sender_role_level":99,"sender_vip":9,"sender_ip":"","channel":"System","chat_time":"2017-12-10 15:55:31","reason":0,"input_type":0}
2017-12-10 15:55:34->LoginRole->role_name:八千流->{"ip":"192.168.88.67:57000 ","ClientApp_ver":0,"serverID":1,"account_id":"806","account_Name":"s067","role_id":1800200008,"role_name":"\u516B\u5343\u6D41","role_create_time":"2017-12-08 09:38:34","role_ChangeLife":3,"role_level":99,"login_time":"2017-12-10 15:55:34","last_logout_time":"2017-12-10 15:55:31"}
2017-12-10 15:56:00->OnlineRoleNum->{"serverId":1,"OnLinePlayerNum":2}
2017-12-10 15:58:00->OnlineRoleNum->{"serverId":1,"OnLinePlayerNum":2}
2017-12-10 16:00:00->OnlineRoleNum->{"serverId":1,"OnLinePlayerNum":2}
2017-12-10 16:02:00->OnlineRoleNum->{"serverId":1,"OnLinePlayerNum":2}
2017-12-10 16:02:44->LogoutRole->role_name:八千流->{"ip":"192.168.88.67:57000 ","ClientApp_ver":20151212,"serverID":1,"account_id":"806","account_Name":"s067","role_id":1800200008,"role_name":"\u516B\u5343\u6D41","role_create_time":"2017-12-08 09:38:34","role_ChangeLife":3,"role_level":99,"logout_time":"2017-12-10 16:02:44","Online_time":164719,"last_operation":"","money_sum":0,"exp_sum":0,"item_sum":0}
2017-12-10 16:04:00->OnlineRoleNum->{"serverId":1,"OnLinePlayerNum":1}
2017-12-10 16:06:00->OnlineRoleNum->{"serverId":1,"OnLinePlayerNum":1}
2017-12-10 16:08:00->OnlineRoleNum->{"serverId":1,"OnLinePlayerNum":1}
2017-12-10 16:10:00->OnlineRoleNum->{"serverId":1,"OnLinePlayerNum":1}
2017-12-10 16:12:00->OnlineRoleNum->{"serverId":1,"OnLinePlayerNum":1}
2017-12-10 16:14:00->OnlineRoleNum->{"serverId":1,"OnLinePlayerNum":1}
2017-12-10 16:16:00->OnlineRoleNum->{"serverId":1,"OnLinePlayerNum":1}
2017-12-10 16:18:00->OnlineRoleNum->{"serverId":1,"OnLinePlayerNum":1}
2017-12-10 16:20:00->OnlineRoleNum->{"serverId":1,"OnLinePlayerNum":1}
2017-12-10 16:22:00->OnlineRoleNum->{"serverId":1,"OnLinePlayerNum":1}
2017-12-10 16:24:00->OnlineRoleNum->{"serverId":1,"OnLinePlayerNum":1}
2017-12-10 16:26:00->OnlineRoleNum->{"serverId":1,"OnLinePlayerNum":1}
2017-12-10 16:26:22->LoginRole->role_name:八千流->{"ip":"192.168.88.67:64584 ","ClientApp_ver":0,"serverID":1,"account_id":"806","account_Name":"s067","role_id":1800200008,"role_name":"\u516B\u5343\u6D41","role_create_time":"2017-12-08 09:38:34","role_ChangeLife":3,"role_level":99,"login_time":"2017-12-10 16:26:22","last_logout_time":"2017-12-10 16:02:44"}
2017-12-10 16:27:09->LogoutRole->role_name:八千流->{"ip":"192.168.88.67:64584 ","ClientApp_ver":20151212,"serverID":1,"account_id":"806","account_Name":"s067","role_id":1800200008,"role_name":"\u516B\u5343\u6D41","role_create_time":"2017-12-08 09:38:34","role_ChangeLife":3,"role_level":99,"logout_time":"2017-12-10 16:27:09","Online_time":164759,"last_operation":"","money_sum":0,"exp_sum":0,"item_sum":0}
2017-12-10 16:27:09->Chat->sender_role_name:八千流, content:-setmaintask 八千流 1310,->{"sender_server":1,"sender_account_id":"806","sender_account_Name":"s067","sender_role_id":1800200008,"sender_role_ChangeLife":3,"sender_role_name":"\u516B\u5343\u6D41","sender_role_level":99,"sender_vip":9,"sender_ip":"","channel":"System","chat_time":"2017-12-10 16:27:09","reason":0,"input_type":0}
2017-12-10 16:27:45->LoginRole->role_name:八千流->{"ip":"192.168.88.67:64949 ","ClientApp_ver":0,"serverID":1,"account_id":"806","account_Name":"s067","role_id":1800200008,"role_name":"\u516B\u5343\u6D41","role_create_time":"2017-12-08 09:38:34","role_ChangeLife":3,"role_level":99,"login_time":"2017-12-10 16:27:45","last_logout_time":"2017-12-10 16:27:09"}
2017-12-10 16:28:00->OnlineRoleNum->{"serverId":1,"OnLinePlayerNum":2}
2017-12-10 16:30:00->OnlineRoleNum->{"serverId":1,"OnLinePlayerNum":2}
2017-12-10 16:31:04->LogoutRole->role_name:八千流->{"ip":"192.168.88.67:64949 ","ClientApp_ver":20151212,"serverID":1,"account_id":"806","account_Name":"s067","role_id":1800200008,"role_name":"\u516B\u5343\u6D41","role_create_time":"2017-12-08 09:38:34","role_ChangeLife":3,"role_level":99,"logout_time":"2017-12-10 16:31:04","Online_time":164950,"last_operation":"","money_sum":0,"exp_sum":0,"item_sum":0}
2017-12-10 16:32:00->OnlineRoleNum->{"serverId":1,"OnLinePlayerNum":1}
2017-12-10 16:34:00->OnlineRoleNum->{"serverId":1,"OnLinePlayerNum":1}
2017-12-10 16:36:00->OnlineRoleNum->{"serverId":1,"OnLinePlayerNum":1}
2017-12-10 16:38:00->OnlineRoleNum->{"serverId":1,"OnLinePlayerNum":1}
2017-12-10 16:40:00->OnlineRoleNum->{"serverId":1,"OnLinePlayerNum":1}
2017-12-10 16:42:00->OnlineRoleNum->{"serverId":1,"OnLinePlayerNum":1}
2017-12-10 16:44:00->OnlineRoleNum->{"serverId":1,"OnLinePlayerNum":1}
2017-12-10 16:46:00->OnlineRoleNum->{"serverId":1,"OnLinePlayerNum":1}
2017-12-10 16:47:15->LoginRole->role_name:八千流->{"ip":"192.168.88.67:5642 ","ClientApp_ver":0,"serverID":1,"account_id":"806","account_Name":"s067","role_id":1800200008,"role_name":"\u516B\u5343\u6D41","role_create_time":"2017-12-08 09:38:34","role_ChangeLife":3,"role_level":99,"login_time":"2017-12-10 16:47:15","last_logout_time":"2017-12-10 16:31:04"}
2017-12-10 16:48:00->OnlineRoleNum->{"serverId":1,"OnLinePlayerNum":2}
2017-12-10 16:48:58->LogoutRole->role_name:八千流->{"ip":"192.168.88.67:5642 ","ClientApp_ver":20151212,"serverID":1,"account_id":"806","account_Name":"s067","role_id":1800200008,"role_name":"\u516B\u5343\u6D41","role_create_time":"2017-12-08 09:38:34","role_ChangeLife":3,"role_level":99,"logout_time":"2017-12-10 16:48:58","Online_time":165051,"last_operation":"","money_sum":0,"exp_sum":0,"item_sum":0}
2017-12-10 16:50:00->OnlineRoleNum->{"serverId":1,"OnLinePlayerNum":1}
2017-12-10 16:50:33->LoginRole->role_name:八千流->{"ip":"192.168.88.67:6484 ","ClientApp_ver":0,"serverID":1,"account_id":"806","account_Name":"s067","role_id":1800200008,"role_name":"\u516B\u5343\u6D41","role_create_time":"2017-12-08 09:38:34","role_ChangeLife":3,"role_level":99,"login_time":"2017-12-10 16:50:33","last_logout_time":"2017-12-10 16:48:57"}
2017-12-10 16:50:53->LogoutRole->role_name:八千流->{"ip":"192.168.88.67:6484 ","ClientApp_ver":20151212,"serverID":1,"account_id":"806","account_Name":"s067","role_id":1800200008,"role_name":"\u516B\u5343\u6D41","role_create_time":"2017-12-08 09:38:34","role_ChangeLife":3,"role_level":99,"logout_time":"2017-12-10 16:50:53","Online_time":165061,"last_operation":"","money_sum":0,"exp_sum":0,"item_sum":0}
2017-12-10 16:50:53->Chat->sender_role_name:八千流, content:-setmaintask 八千流 1310,->{"sender_server":1,"sender_account_id":"806","sender_account_Name":"s067","sender_role_id":1800200008,"sender_role_ChangeLife":3,"sender_role_name":"\u516B\u5343\u6D41","sender_role_level":99,"sender_vip":9,"sender_ip":"","channel":"System","chat_time":"2017-12-10 16:50:53","reason":0,"input_type":0}
2017-12-10 16:50:56->LoginRole->role_name:八千流->{"ip":"192.168.88.67:6616 ","ClientApp_ver":0,"serverID":1,"account_id":"806","account_Name":"s067","role_id":1800200008,"role_name":"\u516B\u5343\u6D41","role_create_time":"2017-12-08 09:38:34","role_ChangeLife":3,"role_level":99,"login_time":"2017-12-10 16:50:56","last_logout_time":"2017-12-10 16:50:53"}
2017-12-10 16:52:00->OnlineRoleNum->{"serverId":1,"OnLinePlayerNum":2}
2017-12-10 16:54:00->OnlineRoleNum->{"serverId":1,"OnLinePlayerNum":2}
2017-12-10 16:55:57->LogoutRole->role_name:八千流->{"ip":"192.168.88.67:6616 ","ClientApp_ver":20151212,"serverID":1,"account_id":"806","account_Name":"s067","role_id":1800200008,"role_name":"\u516B\u5343\u6D41","role_create_time":"2017-12-08 09:38:34","role_ChangeLife":3,"role_level":99,"logout_time":"2017-12-10 16:55:57","Online_time":165361,"last_operation":"","money_sum":0,"exp_sum":0,"item_sum":0}
2017-12-10 16:56:00->OnlineRoleNum->{"serverId":1,"OnLinePlayerNum":1}
2017-12-10 16:57:55->LoginRole->role_name:八千流->{"ip":"192.168.88.67:8448 ","ClientApp_ver":0,"serverID":1,"account_id":"806","account_Name":"s067","role_id":1800200008,"role_name":"\u516B\u5343\u6D41","role_create_time":"2017-12-08 09:38:34","role_ChangeLife":3,"role_level":99,"login_time":"2017-12-10 16:57:55","last_logout_time":"2017-12-10 16:55:57"}
2017-12-10 16:58:00->OnlineRoleNum->{"serverId":1,"OnLinePlayerNum":2}
2017-12-10 16:58:22->LogoutRole->role_name:八千流->{"ip":"192.168.88.67:8448 ","ClientApp_ver":20151212,"serverID":1,"account_id":"806","account_Name":"s067","role_id":1800200008,"role_name":"\u516B\u5343\u6D41","role_create_time":"2017-12-08 09:38:34","role_ChangeLife":3,"role_level":99,"logout_time":"2017-12-10 16:58:22","Online_time":165381,"last_operation":"","money_sum":0,"exp_sum":0,"item_sum":0}
2017-12-10 16:58:22->Chat->sender_role_name:八千流, content:-setmaintask 八千流 1310,->{"sender_server":1,"sender_account_id":"806","sender_account_Name":"s067","sender_role_id":1800200008,"sender_role_ChangeLife":3,"sender_role_name":"\u516B\u5343\u6D41","sender_role_level":99,"sender_vip":9,"sender_ip":"","channel":"System","chat_time":"2017-12-10 16:58:22","reason":0,"input_type":0}
2017-12-10 16:58:25->LoginRole->role_name:八千流->{"ip":"192.168.88.67:8578 ","ClientApp_ver":0,"serverID":1,"account_id":"806","account_Name":"s067","role_id":1800200008,"role_name":"\u516B\u5343\u6D41","role_create_time":"2017-12-08 09:38:34","role_ChangeLife":3,"role_level":99,"login_time":"2017-12-10 16:58:25","last_logout_time":"2017-12-10 16:58:22"}
2017-12-10 17:00:00->OnlineRoleNum->{"serverId":1,"OnLinePlayerNum":2}
2017-12-10 17:02:00->OnlineRoleNum->{"serverId":1,"OnLinePlayerNum":2}
2017-12-10 17:04:00->OnlineRoleNum->{"serverId":1,"OnLinePlayerNum":2}
2017-12-10 17:06:00->OnlineRoleNum->{"serverId":1,"OnLinePlayerNum":2}
2017-12-10 17:08:00->OnlineRoleNum->{"serverId":1,"OnLinePlayerNum":2}
2017-12-10 17:10:00->OnlineRoleNum->{"serverId":1,"OnLinePlayerNum":2}
2017-12-10 17:12:00->OnlineRoleNum->{"serverId":1,"OnLinePlayerNum":2}
2017-12-10 17:14:00->OnlineRoleNum->{"serverId":1,"OnLinePlayerNum":2}
2017-12-10 17:16:00->OnlineRoleNum->{"serverId":1,"OnLinePlayerNum":2}
2017-12-10 17:18:00->OnlineRoleNum->{"serverId":1,"OnLinePlayerNum":2}
2017-12-10 17:20:00->OnlineRoleNum->{"serverId":1,"OnLinePlayerNum":2}
2017-12-10 17:22:00->OnlineRoleNum->{"serverId":1,"OnLinePlayerNum":2}
2017-12-10 17:24:00->OnlineRoleNum->{"serverId":1,"OnLinePlayerNum":2}
2017-12-10 17:25:19->LogoutRole->role_name:八千流->{"ip":"192.168.88.67:8578 ","ClientApp_ver":20151212,"serverID":1,"account_id":"806","account_Name":"s067","role_id":1800200008,"role_name":"\u516B\u5343\u6D41","role_create_time":"2017-12-08 09:38:34","role_ChangeLife":3,"role_level":99,"logout_time":"2017-12-10 17:25:19","Online_time":166992,"last_operation":"","money_sum":0,"exp_sum":0,"item_sum":0}
2017-12-10 17:25:57->LoginRole->role_name:八千流->{"ip":"192.168.88.67:15886 ","ClientApp_ver":0,"serverID":1,"account_id":"806","account_Name":"s067","role_id":1800200008,"role_name":"\u516B\u5343\u6D41","role_create_time":"2017-12-08 09:38:34","role_ChangeLife":3,"role_level":99,"login_time":"2017-12-10 17:25:57","last_logout_time":"2017-12-10 17:25:19"}
2017-12-10 17:26:00->OnlineRoleNum->{"serverId":1,"OnLinePlayerNum":2}
2017-12-10 17:26:36->LogoutRole->role_name:八千流->{"ip":"192.168.88.67:15886 ","ClientApp_ver":20151212,"serverID":1,"account_id":"806","account_Name":"s067","role_id":1800200008,"role_name":"\u516B\u5343\u6D41","role_create_time":"2017-12-08 09:38:34","role_ChangeLife":3,"role_level":99,"logout_time":"2017-12-10 17:26:36","Online_time":167022,"last_operation":"","money_sum":0,"exp_sum":0,"item_sum":0}
2017-12-10 17:26:36->Chat->sender_role_name:八千流, content:-setmaintask 八千流 1310,->{"sender_server":1,"sender_account_id":"806","sender_account_Name":"s067","sender_role_id":1800200008,"sender_role_ChangeLife":3,"sender_role_name":"\u516B\u5343\u6D41","sender_role_level":99,"sender_vip":9,"sender_ip":"","channel":"System","chat_time":"2017-12-10 17:26:36","reason":0,"input_type":0}
2017-12-10 17:26:47->LoginRole->role_name:八千流->{"ip":"192.168.88.67:16099 ","ClientApp_ver":0,"serverID":1,"account_id":"806","account_Name":"s067","role_id":1800200008,"role_name":"\u516B\u5343\u6D41","role_create_time":"2017-12-08 09:38:34","role_ChangeLife":3,"role_level":99,"login_time":"2017-12-10 17:26:47","last_logout_time":"2017-12-10 17:26:36"}
2017-12-10 17:26:50->Chat->sender_role_name:八千流, content:-moveto 1 25368 19529,->{"sender_server":1,"sender_account_id":"806","sender_account_Name":"s067","sender_role_id":1800200008,"sender_role_ChangeLife":3,"sender_role_name":"\u516B\u5343\u6D41","sender_role_level":99,"sender_vip":9,"sender_ip":"192.168.88.67:16099 ","channel":"System","chat_time":"2017-12-10 17:26:50","reason":0,"input_type":0}
2017-12-10 17:28:00->OnlineRoleNum->{"serverId":1,"OnLinePlayerNum":2}
2017-12-10 17:30:00->OnlineRoleNum->{"serverId":1,"OnLinePlayerNum":2}
2017-12-10 17:30:45->LogoutRole->role_name:八千流->{"ip":"192.168.88.67:16099 ","ClientApp_ver":20151212,"serverID":1,"account_id":"806","account_Name":"s067","role_id":1800200008,"role_name":"\u516B\u5343\u6D41","role_create_time":"2017-12-08 09:38:34","role_ChangeLife":3,"role_level":99,"logout_time":"2017-12-10 17:30:45","Online_time":167252,"last_operation":"","money_sum":0,"exp_sum":0,"item_sum":0}
2017-12-10 17:32:00->OnlineRoleNum->{"serverId":1,"OnLinePlayerNum":1}
2017-12-10 17:34:00->OnlineRoleNum->{"serverId":1,"OnLinePlayerNum":1}
2017-12-10 17:36:00->OnlineRoleNum->{"serverId":1,"OnLinePlayerNum":1}
2017-12-10 17:38:00->OnlineRoleNum->{"serverId":1,"OnLinePlayerNum":1}
2017-12-10 17:40:00->OnlineRoleNum->{"serverId":1,"OnLinePlayerNum":1}
2017-12-10 17:42:00->OnlineRoleNum->{"serverId":1,"OnLinePlayerNum":1}
2017-12-10 17:44:00->OnlineRoleNum->{"serverId":1,"OnLinePlayerNum":1}
2017-12-10 17:46:00->OnlineRoleNum->{"serverId":1,"OnLinePlayerNum":1}
2017-12-10 17:48:00->OnlineRoleNum->{"serverId":1,"OnLinePlayerNum":1}
2017-12-10 17:50:00->OnlineRoleNum->{"serverId":1,"OnLinePlayerNum":1}
2017-12-10 17:50:52->LoginRole->role_name:八千流->{"ip":"192.168.88.67:22876 ","ClientApp_ver":0,"serverID":1,"account_id":"806","account_Name":"s067","role_id":1800200008,"role_name":"\u516B\u5343\u6D41","role_create_time":"2017-12-08 09:38:34","role_ChangeLife":3,"role_level":99,"login_time":"2017-12-10 17:50:52","last_logout_time":"2017-12-10 17:30:45"}
2017-12-10 17:51:12->LogoutRole->role_name:八千流->{"ip":"192.168.88.67:22876 ","ClientApp_ver":20151212,"serverID":1,"account_id":"806","account_Name":"s067","role_id":1800200008,"role_name":"\u516B\u5343\u6D41","role_create_time":"2017-12-08 09:38:34","role_ChangeLife":3,"role_level":99,"logout_time":"2017-12-10 17:51:12","Online_time":167262,"last_operation":"","money_sum":0,"exp_sum":0,"item_sum":0}
2017-12-10 17:51:12->Chat->sender_role_name:八千流, content:-setmaintask 八千流 1310,->{"sender_server":1,"sender_account_id":"806","sender_account_Name":"s067","sender_role_id":1800200008,"sender_role_ChangeLife":3,"sender_role_name":"\u516B\u5343\u6D41","sender_role_level":99,"sender_vip":9,"sender_ip":"","channel":"System","chat_time":"2017-12-10 17:51:12","reason":0,"input_type":0}
2017-12-10 17:51:14->LoginRole->role_name:八千流->{"ip":"192.168.88.67:22978 ","ClientApp_ver":0,"serverID":1,"account_id":"806","account_Name":"s067","role_id":1800200008,"role_name":"\u516B\u5343\u6D41","role_create_time":"2017-12-08 09:38:34","role_ChangeLife":3,"role_level":99,"login_time":"2017-12-10 17:51:14","last_logout_time":"2017-12-10 17:51:12"}
2017-12-10 17:51:34->LogoutRole->role_name:八千流->{"ip":"192.168.88.67:22978 ","ClientApp_ver":20151212,"serverID":1,"account_id":"806","account_Name":"s067","role_id":1800200008,"role_name":"\u516B\u5343\u6D41","role_create_time":"2017-12-08 09:38:34","role_ChangeLife":3,"role_level":99,"logout_time":"2017-12-10 17:51:34","Online_time":167272,"last_operation":"","money_sum":0,"exp_sum":0,"item_sum":0}
2017-12-10 17:52:00->OnlineRoleNum->{"serverId":1,"OnLinePlayerNum":1}
2017-12-10 17:52:13->LoginRole->role_name:八千流->{"ip":"192.168.88.67:23225 ","ClientApp_ver":0,"serverID":1,"account_id":"806","account_Name":"s067","role_id":1800200008,"role_name":"\u516B\u5343\u6D41","role_create_time":"2017-12-08 09:38:34","role_ChangeLife":3,"role_level":99,"login_time":"2017-12-10 17:52:13","last_logout_time":"2017-12-10 17:51:34"}
2017-12-10 17:52:34->LogoutRole->role_name:八千流->{"ip":"192.168.88.67:23225 ","ClientApp_ver":20151212,"serverID":1,"account_id":"806","account_Name":"s067","role_id":1800200008,"role_name":"\u516B\u5343\u6D41","role_create_time":"2017-12-08 09:38:34","role_ChangeLife":3,"role_level":99,"logout_time":"2017-12-10 17:52:34","Online_time":167292,"last_operation":"","money_sum":0,"exp_sum":0,"item_sum":0}
2017-12-10 17:52:34->Chat->sender_role_name:八千流, content:-setmaintask 八千流 1310,->{"sender_server":1,"sender_account_id":"806","sender_account_Name":"s067","sender_role_id":1800200008,"sender_role_ChangeLife":3,"sender_role_name":"\u516B\u5343\u6D41","sender_role_level":99,"sender_vip":9,"sender_ip":"","channel":"System","chat_time":"2017-12-10 17:52:34","reason":0,"input_type":0}
2017-12-10 17:52:36->LoginRole->role_name:八千流->{"ip":"192.168.88.67:23338 ","ClientApp_ver":0,"serverID":1,"account_id":"806","account_Name":"s067","role_id":1800200008,"role_name":"\u516B\u5343\u6D41","role_create_time":"2017-12-08 09:38:34","role_ChangeLife":3,"role_level":99,"login_time":"2017-12-10 17:52:36","last_logout_time":"2017-12-10 17:52:34"}
2017-12-10 17:52:40->Chat->sender_role_name:八千流, content:-moveto 1 25368 19529,->{"sender_server":1,"sender_account_id":"806","sender_account_Name":"s067","sender_role_id":1800200008,"sender_role_ChangeLife":3,"sender_role_name":"\u516B\u5343\u6D41","sender_role_level":99,"sender_vip":9,"sender_ip":"192.168.88.67:23338 ","channel":"System","chat_time":"2017-12-10 17:52:40","reason":0,"input_type":0}
2017-12-10 17:54:00->OnlineRoleNum->{"serverId":1,"OnLinePlayerNum":2}
2017-12-10 17:54:07->LogoutRole->role_name:八千流->{"ip":"192.168.88.67:23338 ","ClientApp_ver":20151212,"serverID":1,"account_id":"806","account_Name":"s067","role_id":1800200008,"role_name":"\u516B\u5343\u6D41","role_create_time":"2017-12-08 09:38:34","role_ChangeLife":3,"role_level":99,"logout_time":"2017-12-10 17:54:07","Online_time":167372,"last_operation":"","money_sum":0,"exp_sum":0,"item_sum":0}
2017-12-10 17:56:00->OnlineRoleNum->{"serverId":1,"OnLinePlayerNum":1}
2017-12-10 17:58:00->OnlineRoleNum->{"serverId":1,"OnLinePlayerNum":1}
2017-12-10 18:00:00->OnlineRoleNum->{"serverId":1,"OnLinePlayerNum":1}
2017-12-10 18:02:00->OnlineRoleNum->{"serverId":1,"OnLinePlayerNum":1}
2017-12-10 18:02:16->LoginRole->role_name:八千流->{"ip":"192.168.88.67:25903 ","ClientApp_ver":0,"serverID":1,"account_id":"806","account_Name":"s067","role_id":1800200008,"role_name":"\u516B\u5343\u6D41","role_create_time":"2017-12-08 09:38:34","role_ChangeLife":3,"role_level":99,"login_time":"2017-12-10 18:02:16","last_logout_time":"2017-12-10 17:54:07"}
2017-12-10 18:02:44->LogoutRole->role_name:八千流->{"ip":"192.168.88.67:25903 ","ClientApp_ver":20151212,"serverID":1,"account_id":"806","account_Name":"s067","role_id":1800200008,"role_name":"\u516B\u5343\u6D41","role_create_time":"2017-12-08 09:38:34","role_ChangeLife":3,"role_level":99,"logout_time":"2017-12-10 18:02:44","Online_time":167392,"last_operation":"","money_sum":0,"exp_sum":0,"item_sum":0}
2017-12-10 18:02:44->Chat->sender_role_name:八千流, content:-setmaintask 八千流 1310,->{"sender_server":1,"sender_account_id":"806","sender_account_Name":"s067","sender_role_id":1800200008,"sender_role_ChangeLife":3,"sender_role_name":"\u516B\u5343\u6D41","sender_role_level":99,"sender_vip":9,"sender_ip":"","channel":"System","chat_time":"2017-12-10 18:02:44","reason":0,"input_type":0}
2017-12-10 18:02:46->LoginRole->role_name:八千流->{"ip":"192.168.88.67:26052 ","ClientApp_ver":0,"serverID":1,"account_id":"806","account_Name":"s067","role_id":1800200008,"role_name":"\u516B\u5343\u6D41","role_create_time":"2017-12-08 09:38:34","role_ChangeLife":3,"role_level":99,"login_time":"2017-12-10 18:02:46","last_logout_time":"2017-12-10 18:02:44"}
2017-12-10 18:04:00->OnlineRoleNum->{"serverId":1,"OnLinePlayerNum":2}
2017-12-10 18:04:19->LogoutRole->role_name:八千流->{"ip":"192.168.88.67:26052 ","ClientApp_ver":20151212,"serverID":1,"account_id":"806","account_Name":"s067","role_id":1800200008,"role_name":"\u516B\u5343\u6D41","role_create_time":"2017-12-08 09:38:34","role_ChangeLife":3,"role_level":99,"logout_time":"2017-12-10 18:04:19","Online_time":167482,"last_operation":"","money_sum":0,"exp_sum":0,"item_sum":0}
2017-12-10 18:04:19->Chat->sender_role_name:八千流, content:-setmaintask 八千流 1310,->{"sender_server":1,"sender_account_id":"806","sender_account_Name":"s067","sender_role_id":1800200008,"sender_role_ChangeLife":3,"sender_role_name":"\u516B\u5343\u6D41","sender_role_level":99,"sender_vip":9,"sender_ip":"","channel":"System","chat_time":"2017-12-10 18:04:19","reason":0,"input_type":0}
2017-12-10 18:04:22->LoginRole->role_name:八千流->{"ip":"192.168.88.67:26470 ","ClientApp_ver":0,"serverID":1,"account_id":"806","account_Name":"s067","role_id":1800200008,"role_name":"\u516B\u5343\u6D41","role_create_time":"2017-12-08 09:38:34","role_ChangeLife":3,"role_level":99,"login_time":"2017-12-10 18:04:22","last_logout_time":"2017-12-10 18:04:19"}
2017-12-10 18:06:00->OnlineRoleNum->{"serverId":1,"OnLinePlayerNum":2}
2017-12-10 18:08:00->OnlineRoleNum->{"serverId":1,"OnLinePlayerNum":2}
2017-12-10 18:10:00->OnlineRoleNum->{"serverId":1,"OnLinePlayerNum":2}
2017-12-10 18:12:00->OnlineRoleNum->{"serverId":1,"OnLinePlayerNum":2}
2017-12-10 18:14:00->OnlineRoleNum->{"serverId":1,"OnLinePlayerNum":2}
2017-12-10 18:15:33->LogoutRole->role_name:八千流->{"ip":"192.168.88.67:26470 ","ClientApp_ver":20151212,"serverID":1,"account_id":"806","account_Name":"s067","role_id":1800200008,"role_name":"\u516B\u5343\u6D41","role_create_time":"2017-12-08 09:38:34","role_ChangeLife":3,"role_level":99,"logout_time":"2017-12-10 18:15:33","Online_time":168152,"last_operation":"","money_sum":0,"exp_sum":0,"item_sum":0}
2017-12-10 18:16:00->OnlineRoleNum->{"serverId":1,"OnLinePlayerNum":1}
2017-12-10 18:16:01->LoginRole->role_name:八千流->{"ip":"192.168.88.67:29532 ","ClientApp_ver":0,"serverID":1,"account_id":"806","account_Name":"s067","role_id":1800200008,"role_name":"\u516B\u5343\u6D41","role_create_time":"2017-12-08 09:38:34","role_ChangeLife":3,"role_level":99,"login_time":"2017-12-10 18:16:01","last_logout_time":"2017-12-10 18:15:33"}
2017-12-10 18:16:22->LogoutRole->role_name:八千流->{"ip":"192.168.88.67:29532 ","ClientApp_ver":20151212,"serverID":1,"account_id":"806","account_Name":"s067","role_id":1800200008,"role_name":"\u516B\u5343\u6D41","role_create_time":"2017-12-08 09:38:34","role_ChangeLife":3,"role_level":99,"logout_time":"2017-12-10 18:16:22","Online_time":168172,"last_operation":"","money_sum":0,"exp_sum":0,"item_sum":0}
2017-12-10 18:16:22->Chat->sender_role_name:八千流, content:-setmaintask 八千流 1310,->{"sender_server":1,"sender_account_id":"806","sender_account_Name":"s067","sender_role_id":1800200008,"sender_role_ChangeLife":3,"sender_role_name":"\u516B\u5343\u6D41","sender_role_level":99,"sender_vip":9,"sender_ip":"","channel":"System","chat_time":"2017-12-10 18:16:22","reason":0,"input_type":0}
2017-12-10 18:16:25->LoginRole->role_name:八千流->{"ip":"192.168.88.67:29646 ","ClientApp_ver":0,"serverID":1,"account_id":"806","account_Name":"s067","role_id":1800200008,"role_name":"\u516B\u5343\u6D41","role_create_time":"2017-12-08 09:38:34","role_ChangeLife":3,"role_level":99,"login_time":"2017-12-10 18:16:25","last_logout_time":"2017-12-10 18:16:22"}
2017-12-10 18:16:28->Chat->sender_role_name:八千流, content:-moveto 1 25368 19529,->{"sender_server":1,"sender_account_id":"806","sender_account_Name":"s067","sender_role_id":1800200008,"sender_role_ChangeLife":3,"sender_role_name":"\u516B\u5343\u6D41","sender_role_level":99,"sender_vip":9,"sender_ip":"192.168.88.67:29646 ","channel":"System","chat_time":"2017-12-10 18:16:28","reason":0,"input_type":0}
2017-12-10 18:18:00->OnlineRoleNum->{"serverId":1,"OnLinePlayerNum":2}
2017-12-10 18:20:00->OnlineRoleNum->{"serverId":1,"OnLinePlayerNum":2}
2017-12-10 18:22:00->OnlineRoleNum->{"serverId":1,"OnLinePlayerNum":2}
2017-12-10 18:24:00->OnlineRoleNum->{"serverId":1,"OnLinePlayerNum":2}
2017-12-10 18:24:05->LogoutRole->role_name:八千流->{"ip":"192.168.88.67:29646 ","ClientApp_ver":20151212,"serverID":1,"account_id":"806","account_Name":"s067","role_id":1800200008,"role_name":"\u516B\u5343\u6D41","role_create_time":"2017-12-08 09:38:34","role_ChangeLife":3,"role_level":99,"logout_time":"2017-12-10 18:24:05","Online_time":168623,"last_operation":"","money_sum":0,"exp_sum":0,"item_sum":0}
2017-12-10 18:24:34->LoginRole->role_name:八千流->{"ip":"192.168.88.67:31785 ","ClientApp_ver":0,"serverID":1,"account_id":"806","account_Name":"s067","role_id":1800200008,"role_name":"\u516B\u5343\u6D41","role_create_time":"2017-12-08 09:38:34","role_ChangeLife":3,"role_level":99,"login_time":"2017-12-10 18:24:34","last_logout_time":"2017-12-10 18:24:05"}
2017-12-10 18:24:55->LogoutRole->role_name:八千流->{"ip":"192.168.88.67:31785 ","ClientApp_ver":20151212,"serverID":1,"account_id":"806","account_Name":"s067","role_id":1800200008,"role_name":"\u516B\u5343\u6D41","role_create_time":"2017-12-08 09:38:34","role_ChangeLife":3,"role_level":99,"logout_time":"2017-12-10 18:24:55","Online_time":168643,"last_operation":"","money_sum":0,"exp_sum":0,"item_sum":0}
2017-12-10 18:24:55->Chat->sender_role_name:八千流, content:-setmaintask 八千流 1310,->{"sender_server":1,"sender_account_id":"806","sender_account_Name":"s067","sender_role_id":1800200008,"sender_role_ChangeLife":3,"sender_role_name":"\u516B\u5343\u6D41","sender_role_level":99,"sender_vip":9,"sender_ip":"","channel":"System","chat_time":"2017-12-10 18:24:55","reason":0,"input_type":0}
2017-12-10 18:24:58->LoginRole->role_name:八千流->{"ip":"192.168.88.67:31897 ","ClientApp_ver":0,"serverID":1,"account_id":"806","account_Name":"s067","role_id":1800200008,"role_name":"\u516B\u5343\u6D41","role_create_time":"2017-12-08 09:38:34","role_ChangeLife":3,"role_level":99,"login_time":"2017-12-10 18:24:58","last_logout_time":"2017-12-10 18:24:55"}
2017-12-10 18:25:02->Chat->sender_role_name:八千流, content:-moveto 1 25368 19529,->{"sender_server":1,"sender_account_id":"806","sender_account_Name":"s067","sender_role_id":1800200008,"sender_role_ChangeLife":3,"sender_role_name":"\u516B\u5343\u6D41","sender_role_level":99,"sender_vip":9,"sender_ip":"192.168.88.67:31897 ","channel":"System","chat_time":"2017-12-10 18:25:02","reason":0,"input_type":0}
2017-12-10 18:26:00->OnlineRoleNum->{"serverId":1,"OnLinePlayerNum":2}
2017-12-10 18:28:00->OnlineRoleNum->{"serverId":1,"OnLinePlayerNum":2}
2017-12-10 18:28:45->LogoutRole->role_name:八千流->{"ip":"192.168.88.67:31897 ","ClientApp_ver":20151212,"serverID":1,"account_id":"806","account_Name":"s067","role_id":1800200008,"role_name":"\u516B\u5343\u6D41","role_create_time":"2017-12-08 09:38:34","role_ChangeLife":3,"role_level":99,"logout_time":"2017-12-10 18:28:45","Online_time":168863,"last_operation":"","money_sum":0,"exp_sum":0,"item_sum":0}
2017-12-10 18:29:15->LoginRole->role_name:八千流->{"ip":"192.168.88.67:33032 ","ClientApp_ver":0,"serverID":1,"account_id":"806","account_Name":"s067","role_id":1800200008,"role_name":"\u516B\u5343\u6D41","role_create_time":"2017-12-08 09:38:34","role_ChangeLife":3,"role_level":99,"login_time":"2017-12-10 18:29:15","last_logout_time":"2017-12-10 18:28:45"}
2017-12-10 18:29:35->Chat->sender_role_name:八千流, content:-moveto 1 20929 22595,->{"sender_server":1,"sender_account_id":"806","sender_account_Name":"s067","sender_role_id":1800200008,"sender_role_ChangeLife":3,"sender_role_name":"\u516B\u5343\u6D41","sender_role_level":99,"sender_vip":9,"sender_ip":"192.168.88.67:33032 ","channel":"System","chat_time":"2017-12-10 18:29:35","reason":0,"input_type":0}
2017-12-10 18:29:42->LogoutRole->role_name:八千流->{"ip":"192.168.88.67:33032 ","ClientApp_ver":20151212,"serverID":1,"account_id":"806","account_Name":"s067","role_id":1800200008,"role_name":"\u516B\u5343\u6D41","role_create_time":"2017-12-08 09:38:34","role_ChangeLife":3,"role_level":99,"logout_time":"2017-12-10 18:29:42","Online_time":168883,"last_operation":"","money_sum":0,"exp_sum":0,"item_sum":0}
2017-12-10 18:29:42->Chat->sender_role_name:八千流, content:-setmaintask 八千流 1310,->{"sender_server":1,"sender_account_id":"806","sender_account_Name":"s067","sender_role_id":1800200008,"sender_role_ChangeLife":3,"sender_role_name":"\u516B\u5343\u6D41","sender_role_level":99,"sender_vip":9,"sender_ip":"","channel":"System","chat_time":"2017-12-10 18:29:42","reason":0,"input_type":0}
2017-12-10 18:29:45->LoginRole->role_name:八千流->{"ip":"192.168.88.67:33164 ","ClientApp_ver":0,"serverID":1,"account_id":"806","account_Name":"s067","role_id":1800200008,"role_name":"\u516B\u5343\u6D41","role_create_time":"2017-12-08 09:38:34","role_ChangeLife":3,"role_level":99,"login_time":"2017-12-10 18:29:45","last_logout_time":"2017-12-10 18:29:42"}
2017-12-10 18:29:47->Chat->sender_role_name:八千流, content:-moveto 1 25368 19529,->{"sender_server":1,"sender_account_id":"806","sender_account_Name":"s067","sender_role_id":1800200008,"sender_role_ChangeLife":3,"sender_role_name":"\u516B\u5343\u6D41","sender_role_level":99,"sender_vip":9,"sender_ip":"192.168.88.67:33164 ","channel":"System","chat_time":"2017-12-10 18:29:47","reason":0,"input_type":0}
2017-12-10 18:30:00->OnlineRoleNum->{"serverId":1,"OnLinePlayerNum":2}
2017-12-10 18:32:00->OnlineRoleNum->{"serverId":1,"OnLinePlayerNum":2}
2017-12-10 18:34:00->OnlineRoleNum->{"serverId":1,"OnLinePlayerNum":2}
2017-12-10 18:36:00->OnlineRoleNum->{"serverId":1,"OnLinePlayerNum":2}
2017-12-10 18:36:14->LogoutRole->role_name:八千流->{"ip":"192.168.88.67:33164 ","ClientApp_ver":20151212,"serverID":1,"account_id":"806","account_Name":"s067","role_id":1800200008,"role_name":"\u516B\u5343\u6D41","role_create_time":"2017-12-08 09:38:34","role_ChangeLife":3,"role_level":99,"logout_time":"2017-12-10 18:36:14","Online_time":169263,"last_operation":"","money_sum":0,"exp_sum":0,"item_sum":0}
2017-12-10 18:36:35->LoginRole->role_name:八千流->{"ip":"192.168.88.67:34958 ","ClientApp_ver":0,"serverID":1,"account_id":"806","account_Name":"s067","role_id":1800200008,"role_name":"\u516B\u5343\u6D41","role_create_time":"2017-12-08 09:38:34","role_ChangeLife":3,"role_level":99,"login_time":"2017-12-10 18:36:35","last_logout_time":"2017-12-10 18:36:14"}
2017-12-10 18:37:05->LogoutRole->role_name:八千流->{"ip":"192.168.88.67:34958 ","ClientApp_ver":20151212,"serverID":1,"account_id":"806","account_Name":"s067","role_id":1800200008,"role_name":"\u516B\u5343\u6D41","role_create_time":"2017-12-08 09:38:34","role_ChangeLife":3,"role_level":99,"logout_time":"2017-12-10 18:37:05","Online_time":169283,"last_operation":"","money_sum":0,"exp_sum":0,"item_sum":0}
2017-12-10 18:37:05->Chat->sender_role_name:八千流, content:-setmaintask 八千流 1310,->{"sender_server":1,"sender_account_id":"806","sender_account_Name":"s067","sender_role_id":1800200008,"sender_role_ChangeLife":3,"sender_role_name":"\u516B\u5343\u6D41","sender_role_level":99,"sender_vip":9,"sender_ip":"","channel":"System","chat_time":"2017-12-10 18:37:05","reason":0,"input_type":0}
2017-12-10 18:37:07->LoginRole->role_name:八千流->{"ip":"192.168.88.67:35107 ","ClientApp_ver":0,"serverID":1,"account_id":"806","account_Name":"s067","role_id":1800200008,"role_name":"\u516B\u5343\u6D41","role_create_time":"2017-12-08 09:38:34","role_ChangeLife":3,"role_level":99,"login_time":"2017-12-10 18:37:07","last_logout_time":"2017-12-10 18:37:05"}
2017-12-10 18:37:11->Chat->sender_role_name:八千流, content:-moveto 1 25368 19529,->{"sender_server":1,"sender_account_id":"806","sender_account_Name":"s067","sender_role_id":1800200008,"sender_role_ChangeLife":3,"sender_role_name":"\u516B\u5343\u6D41","sender_role_level":99,"sender_vip":9,"sender_ip":"192.168.88.67:35107 ","channel":"System","chat_time":"2017-12-10 18:37:11","reason":0,"input_type":0}
2017-12-10 18:37:28->LogoutRole->role_name:八千流->{"ip":"192.168.88.67:35107 ","ClientApp_ver":20151212,"serverID":1,"account_id":"806","account_Name":"s067","role_id":1800200008,"role_name":"\u516B\u5343\u6D41","role_create_time":"2017-12-08 09:38:34","role_ChangeLife":3,"role_level":99,"logout_time":"2017-12-10 18:37:28","Online_time":169303,"last_operation":"","money_sum":0,"exp_sum":0,"item_sum":0}
2017-12-10 18:37:28->Chat->sender_role_name:八千流, content:-setmaintask 八千流 1310,->{"sender_server":1,"sender_account_id":"806","sender_account_Name":"s067","sender_role_id":1800200008,"sender_role_ChangeLife":3,"sender_role_name":"\u516B\u5343\u6D41","sender_role_level":99,"sender_vip":9,"sender_ip":"","channel":"System","chat_time":"2017-12-10 18:37:28","reason":0,"input_type":0}
2017-12-10 18:37:31->LoginRole->role_name:八千流->{"ip":"192.168.88.67:35213 ","ClientApp_ver":0,"serverID":1,"account_id":"806","account_Name":"s067","role_id":1800200008,"role_name":"\u516B\u5343\u6D41","role_create_time":"2017-12-08 09:38:34","role_ChangeLife":3,"role_level":99,"login_time":"2017-12-10 18:37:31","last_logout_time":"2017-12-10 18:37:28"}
2017-12-10 18:37:35->Chat->sender_role_name:八千流, content:-moveto 1 25368 19529,->{"sender_server":1,"sender_account_id":"806","sender_account_Name":"s067","sender_role_id":1800200008,"sender_role_ChangeLife":3,"sender_role_name":"\u516B\u5343\u6D41","sender_role_level":99,"sender_vip":9,"sender_ip":"192.168.88.67:35213 ","channel":"System","chat_time":"2017-12-10 18:37:35","reason":0,"input_type":0}
2017-12-10 18:37:47->LogoutRole->role_name:八千流->{"ip":"192.168.88.67:35213 ","ClientApp_ver":20151212,"serverID":1,"account_id":"806","account_Name":"s067","role_id":1800200008,"role_name":"\u516B\u5343\u6D41","role_create_time":"2017-12-08 09:38:34","role_ChangeLife":3,"role_level":99,"logout_time":"2017-12-10 18:37:47","Online_time":169313,"last_operation":"","money_sum":0,"exp_sum":0,"item_sum":0}
2017-12-10 18:38:00->OnlineRoleNum->{"serverId":1,"OnLinePlayerNum":1}
2017-12-10 18:40:00->OnlineRoleNum->{"serverId":1,"OnLinePlayerNum":1}
2017-12-10 18:42:00->OnlineRoleNum->{"serverId":1,"OnLinePlayerNum":1}
2017-12-10 18:44:00->OnlineRoleNum->{"serverId":1,"OnLinePlayerNum":1}
2017-12-10 18:46:00->OnlineRoleNum->{"serverId":1,"OnLinePlayerNum":1}
2017-12-10 18:48:00->OnlineRoleNum->{"serverId":1,"OnLinePlayerNum":1}
2017-12-10 18:50:00->OnlineRoleNum->{"serverId":1,"OnLinePlayerNum":1}
2017-12-10 18:52:00->OnlineRoleNum->{"serverId":1,"OnLinePlayerNum":1}
2017-12-10 18:54:00->OnlineRoleNum->{"serverId":1,"OnLinePlayerNum":1}
2017-12-10 18:56:00->OnlineRoleNum->{"serverId":1,"OnLinePlayerNum":1}
2017-12-10 18:58:00->OnlineRoleNum->{"serverId":1,"OnLinePlayerNum":1}
2017-12-10 19:00:00->OnlineRoleNum->{"serverId":1,"OnLinePlayerNum":1}
2017-12-10 19:02:00->OnlineRoleNum->{"serverId":1,"OnLinePlayerNum":1}
2017-12-10 19:04:00->OnlineRoleNum->{"serverId":1,"OnLinePlayerNum":1}
2017-12-10 19:06:00->OnlineRoleNum->{"serverId":1,"OnLinePlayerNum":1}
2017-12-10 19:08:00->OnlineRoleNum->{"serverId":1,"OnLinePlayerNum":1}
2017-12-10 19:10:00->OnlineRoleNum->{"serverId":1,"OnLinePlayerNum":1}
2017-12-10 19:12:00->OnlineRoleNum->{"serverId":1,"OnLinePlayerNum":1}
2017-12-10 19:14:00->OnlineRoleNum->{"serverId":1,"OnLinePlayerNum":1}
2017-12-10 19:16:00->OnlineRoleNum->{"serverId":1,"OnLinePlayerNum":1}
2017-12-10 19:18:00->OnlineRoleNum->{"serverId":1,"OnLinePlayerNum":1}
2017-12-10 19:20:00->OnlineRoleNum->{"serverId":1,"OnLinePlayerNum":1}
2017-12-10 19:22:00->OnlineRoleNum->{"serverId":1,"OnLinePlayerNum":1}
2017-12-10 19:24:00->OnlineRoleNum->{"serverId":1,"OnLinePlayerNum":1}
2017-12-10 19:26:00->OnlineRoleNum->{"serverId":1,"OnLinePlayerNum":1}
2017-12-10 19:28:00->OnlineRoleNum->{"serverId":1,"OnLinePlayerNum":1}
2017-12-10 19:30:00->OnlineRoleNum->{"serverId":1,"OnLinePlayerNum":1}
2017-12-10 19:32:00->OnlineRoleNum->{"serverId":1,"OnLinePlayerNum":1}
2017-12-10 19:34:00->OnlineRoleNum->{"serverId":1,"OnLinePlayerNum":1}
2017-12-10 19:36:00->OnlineRoleNum->{"serverId":1,"OnLinePlayerNum":1}
2017-12-10 19:38:00->OnlineRoleNum->{"serverId":1,"OnLinePlayerNum":1}
2017-12-10 19:40:00->OnlineRoleNum->{"serverId":1,"OnLinePlayerNum":1}
2017-12-10 19:42:00->OnlineRoleNum->{"serverId":1,"OnLinePlayerNum":1}
2017-12-10 19:44:00->OnlineRoleNum->{"serverId":1,"OnLinePlayerNum":1}
2017-12-10 19:46:00->OnlineRoleNum->{"serverId":1,"OnLinePlayerNum":1}
2017-12-10 19:48:00->OnlineRoleNum->{"serverId":1,"OnLinePlayerNum":1}
2017-12-10 19:50:00->OnlineRoleNum->{"serverId":1,"OnLinePlayerNum":1}
2017-12-10 19:52:00->OnlineRoleNum->{"serverId":1,"OnLinePlayerNum":1}
2017-12-10 19:54:00->OnlineRoleNum->{"serverId":1,"OnLinePlayerNum":1}
2017-12-10 19:56:00->OnlineRoleNum->{"serverId":1,"OnLinePlayerNum":1}
2017-12-10 19:58:00->OnlineRoleNum->{"serverId":1,"OnLinePlayerNum":1}
2017-12-10 20:00:00->OnlineRoleNum->{"serverId":1,"OnLinePlayerNum":1}
2017-12-10 20:02:00->OnlineRoleNum->{"serverId":1,"OnLinePlayerNum":1}
2017-12-10 20:04:00->OnlineRoleNum->{"serverId":1,"OnLinePlayerNum":1}
2017-12-10 20:06:00->OnlineRoleNum->{"serverId":1,"OnLinePlayerNum":1}
2017-12-10 20:08:00->OnlineRoleNum->{"serverId":1,"OnLinePlayerNum":1}
2017-12-10 20:10:00->OnlineRoleNum->{"serverId":1,"OnLinePlayerNum":1}
2017-12-10 20:12:00->OnlineRoleNum->{"serverId":1,"OnLinePlayerNum":1}
2017-12-10 20:14:00->OnlineRoleNum->{"serverId":1,"OnLinePlayerNum":1}
2017-12-10 20:16:00->OnlineRoleNum->{"serverId":1,"OnLinePlayerNum":1}
2017-12-10 20:18:00->OnlineRoleNum->{"serverId":1,"OnLinePlayerNum":1}
2017-12-10 20:20:00->OnlineRoleNum->{"serverId":1,"OnLinePlayerNum":1}
2017-12-10 20:22:00->OnlineRoleNum->{"serverId":1,"OnLinePlayerNum":1}
2017-12-10 20:24:00->OnlineRoleNum->{"serverId":1,"OnLinePlayerNum":1}
2017-12-10 20:26:00->OnlineRoleNum->{"serverId":1,"OnLinePlayerNum":1}
2017-12-10 20:28:00->OnlineRoleNum->{"serverId":1,"OnLinePlayerNum":1}
2017-12-10 20:30:00->OnlineRoleNum->{"serverId":1,"OnLinePlayerNum":1}
2017-12-10 20:32:00->OnlineRoleNum->{"serverId":1,"OnLinePlayerNum":1}
2017-12-10 20:34:00->OnlineRoleNum->{"serverId":1,"OnLinePlayerNum":1}
2017-12-10 20:36:00->OnlineRoleNum->{"serverId":1,"OnLinePlayerNum":1}
2017-12-10 20:38:00->OnlineRoleNum->{"serverId":1,"OnLinePlayerNum":1}
2017-12-10 20:40:00->OnlineRoleNum->{"serverId":1,"OnLinePlayerNum":1}
2017-12-10 20:42:00->OnlineRoleNum->{"serverId":1,"OnLinePlayerNum":1}
2017-12-10 20:44:00->OnlineRoleNum->{"serverId":1,"OnLinePlayerNum":1}
2017-12-10 20:46:00->OnlineRoleNum->{"serverId":1,"OnLinePlayerNum":1}
2017-12-10 20:48:00->OnlineRoleNum->{"serverId":1,"OnLinePlayerNum":1}
2017-12-10 20:50:00->OnlineRoleNum->{"serverId":1,"OnLinePlayerNum":1}
2017-12-10 20:52:00->OnlineRoleNum->{"serverId":1,"OnLinePlayerNum":1}
2017-12-10 20:54:00->OnlineRoleNum->{"serverId":1,"OnLinePlayerNum":1}
2017-12-10 20:56:00->OnlineRoleNum->{"serverId":1,"OnLinePlayerNum":1}
2017-12-10 20:58:00->OnlineRoleNum->{"serverId":1,"OnLinePlayerNum":1}
2017-12-10 21:00:00->OnlineRoleNum->{"serverId":1,"OnLinePlayerNum":1}
2017-12-10 21:02:00->OnlineRoleNum->{"serverId":1,"OnLinePlayerNum":1}
2017-12-10 21:04:00->OnlineRoleNum->{"serverId":1,"OnLinePlayerNum":1}
2017-12-10 21:06:00->OnlineRoleNum->{"serverId":1,"OnLinePlayerNum":1}
2017-12-10 21:08:00->OnlineRoleNum->{"serverId":1,"OnLinePlayerNum":1}
2017-12-10 21:10:00->OnlineRoleNum->{"serverId":1,"OnLinePlayerNum":1}
2017-12-10 21:12:00->OnlineRoleNum->{"serverId":1,"OnLinePlayerNum":1}
2017-12-10 21:14:00->OnlineRoleNum->{"serverId":1,"OnLinePlayerNum":1}
2017-12-10 21:16:00->OnlineRoleNum->{"serverId":1,"OnLinePlayerNum":1}
2017-12-10 21:20:00->OnlineRoleNum->{"serverId":1,"OnLinePlayerNum":1}
2017-12-10 21:22:00->OnlineRoleNum->{"serverId":1,"OnLinePlayerNum":1}
2017-12-10 21:24:00->OnlineRoleNum->{"serverId":1,"OnLinePlayerNum":1}
2017-12-10 21:26:00->OnlineRoleNum->{"serverId":1,"OnLinePlayerNum":1}
2017-12-10 21:28:00->OnlineRoleNum->{"serverId":1,"OnLinePlayerNum":1}
2017-12-10 21:30:00->OnlineRoleNum->{"serverId":1,"OnLinePlayerNum":1}
2017-12-10 21:32:00->OnlineRoleNum->{"serverId":1,"OnLinePlayerNum":1}
2017-12-10 21:34:00->OnlineRoleNum->{"serverId":1,"OnLinePlayerNum":1}
2017-12-10 21:36:00->OnlineRoleNum->{"serverId":1,"OnLinePlayerNum":1}
2017-12-10 21:38:00->OnlineRoleNum->{"serverId":1,"OnLinePlayerNum":1}
2017-12-10 21:40:00->OnlineRoleNum->{"serverId":1,"OnLinePlayerNum":1}
2017-12-10 21:42:00->OnlineRoleNum->{"serverId":1,"OnLinePlayerNum":1}
2017-12-10 21:44:00->OnlineRoleNum->{"serverId":1,"OnLinePlayerNum":1}
2017-12-10 21:46:00->OnlineRoleNum->{"serverId":1,"OnLinePlayerNum":1}
2017-12-10 21:48:00->OnlineRoleNum->{"serverId":1,"OnLinePlayerNum":1}
2017-12-10 21:50:00->OnlineRoleNum->{"serverId":1,"OnLinePlayerNum":1}
2017-12-10 21:52:00->OnlineRoleNum->{"serverId":1,"OnLinePlayerNum":1}
2017-12-10 21:54:00->OnlineRoleNum->{"serverId":1,"OnLinePlayerNum":1}
2017-12-10 21:56:00->OnlineRoleNum->{"serverId":1,"OnLinePlayerNum":1}
2017-12-10 21:58:00->OnlineRoleNum->{"serverId":1,"OnLinePlayerNum":1}
2017-12-10 22:00:00->OnlineRoleNum->{"serverId":1,"OnLinePlayerNum":1}
2017-12-10 22:02:00->OnlineRoleNum->{"serverId":1,"OnLinePlayerNum":1}
2017-12-10 22:04:00->OnlineRoleNum->{"serverId":1,"OnLinePlayerNum":1}
2017-12-10 22:06:00->OnlineRoleNum->{"serverId":1,"OnLinePlayerNum":1}
2017-12-10 22:08:00->OnlineRoleNum->{"serverId":1,"OnLinePlayerNum":1}
2017-12-10 22:10:00->OnlineRoleNum->{"serverId":1,"OnLinePlayerNum":1}
2017-12-10 22:12:00->OnlineRoleNum->{"serverId":1,"OnLinePlayerNum":1}
2017-12-10 22:14:00->OnlineRoleNum->{"serverId":1,"OnLinePlayerNum":1}
2017-12-10 22:16:00->OnlineRoleNum->{"serverId":1,"OnLinePlayerNum":1}
2017-12-10 22:18:00->OnlineRoleNum->{"serverId":1,"OnLinePlayerNum":1}
2017-12-10 22:20:00->OnlineRoleNum->{"serverId":1,"OnLinePlayerNum":1}
2017-12-10 22:22:00->OnlineRoleNum->{"serverId":1,"OnLinePlayerNum":1}
2017-12-10 22:24:00->OnlineRoleNum->{"serverId":1,"OnLinePlayerNum":1}
2017-12-10 22:26:00->OnlineRoleNum->{"serverId":1,"OnLinePlayerNum":1}
2017-12-10 22:28:00->OnlineRoleNum->{"serverId":1,"OnLinePlayerNum":1}
2017-12-10 22:30:00->OnlineRoleNum->{"serverId":1,"OnLinePlayerNum":1}
2017-12-10 22:32:00->OnlineRoleNum->{"serverId":1,"OnLinePlayerNum":1}
2017-12-10 22:34:00->OnlineRoleNum->{"serverId":1,"OnLinePlayerNum":1}
2017-12-10 22:36:00->OnlineRoleNum->{"serverId":1,"OnLinePlayerNum":1}
2017-12-10 22:38:00->OnlineRoleNum->{"serverId":1,"OnLinePlayerNum":1}
2017-12-10 22:40:00->OnlineRoleNum->{"serverId":1,"OnLinePlayerNum":1}
2017-12-10 22:42:00->OnlineRoleNum->{"serverId":1,"OnLinePlayerNum":1}
2017-12-10 22:44:00->OnlineRoleNum->{"serverId":1,"OnLinePlayerNum":1}
2017-12-10 22:46:00->OnlineRoleNum->{"serverId":1,"OnLinePlayerNum":1}
2017-12-10 22:48:00->OnlineRoleNum->{"serverId":1,"OnLinePlayerNum":1}
2017-12-10 22:50:00->OnlineRoleNum->{"serverId":1,"OnLinePlayerNum":1}
2017-12-10 22:52:00->OnlineRoleNum->{"serverId":1,"OnLinePlayerNum":1}
2017-12-10 22:54:00->OnlineRoleNum->{"serverId":1,"OnLinePlayerNum":1}
2017-12-10 22:56:00->OnlineRoleNum->{"serverId":1,"OnLinePlayerNum":1}
2017-12-10 22:58:00->OnlineRoleNum->{"serverId":1,"OnLinePlayerNum":1}
2017-12-10 23:00:00->OnlineRoleNum->{"serverId":1,"OnLinePlayerNum":1}
2017-12-10 23:02:00->OnlineRoleNum->{"serverId":1,"OnLinePlayerNum":1}
2017-12-10 23:04:00->OnlineRoleNum->{"serverId":1,"OnLinePlayerNum":1}
2017-12-10 23:08:00->OnlineRoleNum->{"serverId":1,"OnLinePlayerNum":1}
2017-12-10 23:10:00->OnlineRoleNum->{"serverId":1,"OnLinePlayerNum":1}
2017-12-10 23:12:00->OnlineRoleNum->{"serverId":1,"OnLinePlayerNum":1}
2017-12-10 23:14:00->OnlineRoleNum->{"serverId":1,"OnLinePlayerNum":1}
2017-12-10 23:16:00->OnlineRoleNum->{"serverId":1,"OnLinePlayerNum":1}
2017-12-10 23:18:00->OnlineRoleNum->{"serverId":1,"OnLinePlayerNum":1}
2017-12-10 23:20:00->OnlineRoleNum->{"serverId":1,"OnLinePlayerNum":1}
2017-12-10 23:22:00->OnlineRoleNum->{"serverId":1,"OnLinePlayerNum":1}
2017-12-10 23:24:00->OnlineRoleNum->{"serverId":1,"OnLinePlayerNum":1}
2017-12-10 23:26:00->OnlineRoleNum->{"serverId":1,"OnLinePlayerNum":1}
2017-12-10 23:28:00->OnlineRoleNum->{"serverId":1,"OnLinePlayerNum":1}
2017-12-10 23:30:00->OnlineRoleNum->{"serverId":1,"OnLinePlayerNum":1}
2017-12-10 23:32:00->OnlineRoleNum->{"serverId":1,"OnLinePlayerNum":1}
2017-12-10 23:34:00->OnlineRoleNum->{"serverId":1,"OnLinePlayerNum":1}
2017-12-10 23:36:00->OnlineRoleNum->{"serverId":1,"OnLinePlayerNum":1}
2017-12-10 23:38:00->OnlineRoleNum->{"serverId":1,"OnLinePlayerNum":1}
2017-12-10 23:40:00->OnlineRoleNum->{"serverId":1,"OnLinePlayerNum":1}
2017-12-10 23:42:00->OnlineRoleNum->{"serverId":1,"OnLinePlayerNum":1}
2017-12-10 23:44:00->OnlineRoleNum->{"serverId":1,"OnLinePlayerNum":1}
2017-12-10 23:46:00->OnlineRoleNum->{"serverId":1,"OnLinePlayerNum":1}
2017-12-10 23:48:00->OnlineRoleNum->{"serverId":1,"OnLinePlayerNum":1}
2017-12-10 23:50:00->OnlineRoleNum->{"serverId":1,"OnLinePlayerNum":1}
2017-12-10 23:52:00->OnlineRoleNum->{"serverId":1,"OnLinePlayerNum":1}
2017-12-10 23:54:00->OnlineRoleNum->{"serverId":1,"OnLinePlayerNum":1}
2017-12-10 23:56:00->OnlineRoleNum->{"serverId":1,"OnLinePlayerNum":1}
2017-12-10 23:58:00->OnlineRoleNum->{"serverId":1,"OnLinePlayerNum":1}
