{"LogTime":"2018-01-07 00:00:00", "Operation":"OnlineRoleNum", "serverID":1, "OnLinePlayerNum":1}
{"LogTime":"2018-01-07 00:02:00", "Operation":"OnlineRoleNum", "serverID":1, "OnLinePlayerNum":1}
{"LogTime":"2018-01-07 00:04:00", "Operation":"OnlineRoleNum", "serverID":1, "OnLinePlayerNum":1}
{"LogTime":"2018-01-07 00:06:00", "Operation":"OnlineRoleNum", "serverID":1, "OnLinePlayerNum":1}
{"LogTime":"2018-01-07 00:08:00", "Operation":"OnlineRoleNum", "serverID":1, "OnLinePlayerNum":1}
{"LogTime":"2018-01-07 00:10:00", "Operation":"OnlineRoleNum", "serverID":1, "OnLinePlayerNum":1}
{"LogTime":"2018-01-07 00:12:00", "Operation":"OnlineRoleNum", "serverID":1, "OnLinePlayerNum":1}
{"LogTime":"2018-01-07 00:14:00", "Operation":"OnlineRoleNum", "serverID":1, "OnLinePlayerNum":1}
{"LogTime":"2018-01-07 00:16:00", "Operation":"OnlineRoleNum", "serverID":1, "OnLinePlayerNum":1}
{"LogTime":"2018-01-07 00:18:00", "Operation":"OnlineRoleNum", "serverID":1, "OnLinePlayerNum":1}
{"LogTime":"2018-01-07 00:20:00", "Operation":"OnlineRoleNum", "serverID":1, "OnLinePlayerNum":1}
{"LogTime":"2018-01-07 00:22:00", "Operation":"OnlineRoleNum", "serverID":1, "OnLinePlayerNum":1}
{"LogTime":"2018-01-07 00:24:00", "Operation":"OnlineRoleNum", "serverID":1, "OnLinePlayerNum":1}
{"LogTime":"2018-01-07 00:26:00", "Operation":"OnlineRoleNum", "serverID":1, "OnLinePlayerNum":1}
{"LogTime":"2018-01-07 00:28:00", "Operation":"OnlineRoleNum", "serverID":1, "OnLinePlayerNum":1}
{"LogTime":"2018-01-07 00:30:00", "Operation":"OnlineRoleNum", "serverID":1, "OnLinePlayerNum":1}
{"LogTime":"2018-01-07 00:32:00", "Operation":"OnlineRoleNum", "serverID":1, "OnLinePlayerNum":1}
{"LogTime":"2018-01-07 00:34:00", "Operation":"OnlineRoleNum", "serverID":1, "OnLinePlayerNum":1}
{"LogTime":"2018-01-07 00:36:00", "Operation":"OnlineRoleNum", "serverID":1, "OnLinePlayerNum":1}
{"LogTime":"2018-01-07 00:38:00", "Operation":"OnlineRoleNum", "serverID":1, "OnLinePlayerNum":1}
{"LogTime":"2018-01-07 00:40:00", "Operation":"OnlineRoleNum", "serverID":1, "OnLinePlayerNum":1}
{"LogTime":"2018-01-07 00:42:00", "Operation":"OnlineRoleNum", "serverID":1, "OnLinePlayerNum":1}
{"LogTime":"2018-01-07 00:44:00", "Operation":"OnlineRoleNum", "serverID":1, "OnLinePlayerNum":1}
{"LogTime":"2018-01-07 00:46:00", "Operation":"OnlineRoleNum", "serverID":1, "OnLinePlayerNum":1}
{"LogTime":"2018-01-07 00:48:00", "Operation":"OnlineRoleNum", "serverID":1, "OnLinePlayerNum":1}
{"LogTime":"2018-01-07 00:50:00", "Operation":"OnlineRoleNum", "serverID":1, "OnLinePlayerNum":1}
{"LogTime":"2018-01-07 00:52:00", "Operation":"OnlineRoleNum", "serverID":1, "OnLinePlayerNum":1}
{"LogTime":"2018-01-07 00:54:00", "Operation":"OnlineRoleNum", "serverID":1, "OnLinePlayerNum":1}
{"LogTime":"2018-01-07 00:56:00", "Operation":"OnlineRoleNum", "serverID":1, "OnLinePlayerNum":1}
{"LogTime":"2018-01-07 00:58:00", "Operation":"OnlineRoleNum", "serverID":1, "OnLinePlayerNum":1}
{"LogTime":"2018-01-07 01:00:00", "Operation":"OnlineRoleNum", "serverID":1, "OnLinePlayerNum":1}
{"LogTime":"2018-01-07 01:02:00", "Operation":"OnlineRoleNum", "serverID":1, "OnLinePlayerNum":1}
{"LogTime":"2018-01-07 01:04:00", "Operation":"OnlineRoleNum", "serverID":1, "OnLinePlayerNum":1}
{"LogTime":"2018-01-07 01:06:00", "Operation":"OnlineRoleNum", "serverID":1, "OnLinePlayerNum":1}
{"LogTime":"2018-01-07 01:08:00", "Operation":"OnlineRoleNum", "serverID":1, "OnLinePlayerNum":1}
{"LogTime":"2018-01-07 01:10:00", "Operation":"OnlineRoleNum", "serverID":1, "OnLinePlayerNum":1}
{"LogTime":"2018-01-07 01:12:00", "Operation":"OnlineRoleNum", "serverID":1, "OnLinePlayerNum":1}
{"LogTime":"2018-01-07 01:14:00", "Operation":"OnlineRoleNum", "serverID":1, "OnLinePlayerNum":1}
{"LogTime":"2018-01-07 01:16:00", "Operation":"OnlineRoleNum", "serverID":1, "OnLinePlayerNum":1}
{"LogTime":"2018-01-07 01:18:00", "Operation":"OnlineRoleNum", "serverID":1, "OnLinePlayerNum":1}
{"LogTime":"2018-01-07 01:20:00", "Operation":"OnlineRoleNum", "serverID":1, "OnLinePlayerNum":1}
{"LogTime":"2018-01-07 01:22:00", "Operation":"OnlineRoleNum", "serverID":1, "OnLinePlayerNum":1}
{"LogTime":"2018-01-07 01:24:00", "Operation":"OnlineRoleNum", "serverID":1, "OnLinePlayerNum":1}
{"LogTime":"2018-01-07 01:26:00", "Operation":"OnlineRoleNum", "serverID":1, "OnLinePlayerNum":1}
{"LogTime":"2018-01-07 01:28:00", "Operation":"OnlineRoleNum", "serverID":1, "OnLinePlayerNum":1}
{"LogTime":"2018-01-07 01:30:00", "Operation":"OnlineRoleNum", "serverID":1, "OnLinePlayerNum":1}
{"LogTime":"2018-01-07 01:32:00", "Operation":"OnlineRoleNum", "serverID":1, "OnLinePlayerNum":1}
{"LogTime":"2018-01-07 01:34:00", "Operation":"OnlineRoleNum", "serverID":1, "OnLinePlayerNum":1}
{"LogTime":"2018-01-07 01:36:00", "Operation":"OnlineRoleNum", "serverID":1, "OnLinePlayerNum":1}
{"LogTime":"2018-01-07 01:38:00", "Operation":"OnlineRoleNum", "serverID":1, "OnLinePlayerNum":1}
{"LogTime":"2018-01-07 01:40:00", "Operation":"OnlineRoleNum", "serverID":1, "OnLinePlayerNum":1}
{"LogTime":"2018-01-07 01:42:00", "Operation":"OnlineRoleNum", "serverID":1, "OnLinePlayerNum":1}
{"LogTime":"2018-01-07 01:44:00", "Operation":"OnlineRoleNum", "serverID":1, "OnLinePlayerNum":1}
{"LogTime":"2018-01-07 01:46:00", "Operation":"OnlineRoleNum", "serverID":1, "OnLinePlayerNum":1}
{"LogTime":"2018-01-07 01:48:00", "Operation":"OnlineRoleNum", "serverID":1, "OnLinePlayerNum":1}
{"LogTime":"2018-01-07 01:50:00", "Operation":"OnlineRoleNum", "serverID":1, "OnLinePlayerNum":1}
{"LogTime":"2018-01-07 01:52:00", "Operation":"OnlineRoleNum", "serverID":1, "OnLinePlayerNum":1}
{"LogTime":"2018-01-07 01:54:00", "Operation":"OnlineRoleNum", "serverID":1, "OnLinePlayerNum":1}
{"LogTime":"2018-01-07 01:56:00", "Operation":"OnlineRoleNum", "serverID":1, "OnLinePlayerNum":1}
{"LogTime":"2018-01-07 01:58:00", "Operation":"OnlineRoleNum", "serverID":1, "OnLinePlayerNum":1}
{"LogTime":"2018-01-07 02:00:00", "Operation":"OnlineRoleNum", "serverID":1, "OnLinePlayerNum":1}
{"LogTime":"2018-01-07 02:02:00", "Operation":"OnlineRoleNum", "serverID":1, "OnLinePlayerNum":1}
{"LogTime":"2018-01-07 02:04:00", "Operation":"OnlineRoleNum", "serverID":1, "OnLinePlayerNum":1}
{"LogTime":"2018-01-07 02:06:00", "Operation":"OnlineRoleNum", "serverID":1, "OnLinePlayerNum":1}
{"LogTime":"2018-01-07 02:08:00", "Operation":"OnlineRoleNum", "serverID":1, "OnLinePlayerNum":1}
{"LogTime":"2018-01-07 02:10:00", "Operation":"OnlineRoleNum", "serverID":1, "OnLinePlayerNum":1}
{"LogTime":"2018-01-07 02:12:00", "Operation":"OnlineRoleNum", "serverID":1, "OnLinePlayerNum":1}
{"LogTime":"2018-01-07 02:14:00", "Operation":"OnlineRoleNum", "serverID":1, "OnLinePlayerNum":1}
{"LogTime":"2018-01-07 02:18:00", "Operation":"OnlineRoleNum", "serverID":1, "OnLinePlayerNum":1}
{"LogTime":"2018-01-07 02:20:00", "Operation":"OnlineRoleNum", "serverID":1, "OnLinePlayerNum":1}
{"LogTime":"2018-01-07 02:22:00", "Operation":"OnlineRoleNum", "serverID":1, "OnLinePlayerNum":1}
{"LogTime":"2018-01-07 02:24:00", "Operation":"OnlineRoleNum", "serverID":1, "OnLinePlayerNum":1}
{"LogTime":"2018-01-07 02:26:00", "Operation":"OnlineRoleNum", "serverID":1, "OnLinePlayerNum":1}
{"LogTime":"2018-01-07 02:28:00", "Operation":"OnlineRoleNum", "serverID":1, "OnLinePlayerNum":1}
{"LogTime":"2018-01-07 02:30:00", "Operation":"OnlineRoleNum", "serverID":1, "OnLinePlayerNum":1}
{"LogTime":"2018-01-07 02:32:00", "Operation":"OnlineRoleNum", "serverID":1, "OnLinePlayerNum":1}
{"LogTime":"2018-01-07 02:34:00", "Operation":"OnlineRoleNum", "serverID":1, "OnLinePlayerNum":1}
{"LogTime":"2018-01-07 02:36:00", "Operation":"OnlineRoleNum", "serverID":1, "OnLinePlayerNum":1}
{"LogTime":"2018-01-07 02:38:00", "Operation":"OnlineRoleNum", "serverID":1, "OnLinePlayerNum":1}
{"LogTime":"2018-01-07 02:40:00", "Operation":"OnlineRoleNum", "serverID":1, "OnLinePlayerNum":1}
{"LogTime":"2018-01-07 02:42:00", "Operation":"OnlineRoleNum", "serverID":1, "OnLinePlayerNum":1}
{"LogTime":"2018-01-07 02:44:00", "Operation":"OnlineRoleNum", "serverID":1, "OnLinePlayerNum":1}
{"LogTime":"2018-01-07 02:46:00", "Operation":"OnlineRoleNum", "serverID":1, "OnLinePlayerNum":1}
{"LogTime":"2018-01-07 02:48:00", "Operation":"OnlineRoleNum", "serverID":1, "OnLinePlayerNum":1}
{"LogTime":"2018-01-07 02:50:00", "Operation":"OnlineRoleNum", "serverID":1, "OnLinePlayerNum":1}
{"LogTime":"2018-01-07 02:52:00", "Operation":"OnlineRoleNum", "serverID":1, "OnLinePlayerNum":1}
{"LogTime":"2018-01-07 02:54:00", "Operation":"OnlineRoleNum", "serverID":1, "OnLinePlayerNum":1}
{"LogTime":"2018-01-07 02:56:00", "Operation":"OnlineRoleNum", "serverID":1, "OnLinePlayerNum":1}
{"LogTime":"2018-01-07 02:58:00", "Operation":"OnlineRoleNum", "serverID":1, "OnLinePlayerNum":1}
{"LogTime":"2018-01-07 03:00:00", "Operation":"OnlineRoleNum", "serverID":1, "OnLinePlayerNum":1}
{"LogTime":"2018-01-07 03:02:00", "Operation":"OnlineRoleNum", "serverID":1, "OnLinePlayerNum":1}
{"LogTime":"2018-01-07 03:04:00", "Operation":"OnlineRoleNum", "serverID":1, "OnLinePlayerNum":1}
{"LogTime":"2018-01-07 03:06:00", "Operation":"OnlineRoleNum", "serverID":1, "OnLinePlayerNum":1}
{"LogTime":"2018-01-07 03:08:00", "Operation":"OnlineRoleNum", "serverID":1, "OnLinePlayerNum":1}
{"LogTime":"2018-01-07 03:10:00", "Operation":"OnlineRoleNum", "serverID":1, "OnLinePlayerNum":1}
{"LogTime":"2018-01-07 03:12:00", "Operation":"OnlineRoleNum", "serverID":1, "OnLinePlayerNum":1}
{"LogTime":"2018-01-07 03:14:00", "Operation":"OnlineRoleNum", "serverID":1, "OnLinePlayerNum":1}
{"LogTime":"2018-01-07 03:16:00", "Operation":"OnlineRoleNum", "serverID":1, "OnLinePlayerNum":1}
{"LogTime":"2018-01-07 03:18:00", "Operation":"OnlineRoleNum", "serverID":1, "OnLinePlayerNum":1}
{"LogTime":"2018-01-07 03:20:00", "Operation":"OnlineRoleNum", "serverID":1, "OnLinePlayerNum":1}
{"LogTime":"2018-01-07 03:22:00", "Operation":"OnlineRoleNum", "serverID":1, "OnLinePlayerNum":1}
{"LogTime":"2018-01-07 03:24:00", "Operation":"OnlineRoleNum", "serverID":1, "OnLinePlayerNum":1}
{"LogTime":"2018-01-07 03:26:00", "Operation":"OnlineRoleNum", "serverID":1, "OnLinePlayerNum":1}
{"LogTime":"2018-01-07 03:28:00", "Operation":"OnlineRoleNum", "serverID":1, "OnLinePlayerNum":1}
{"LogTime":"2018-01-07 03:30:00", "Operation":"OnlineRoleNum", "serverID":1, "OnLinePlayerNum":1}
{"LogTime":"2018-01-07 03:32:00", "Operation":"OnlineRoleNum", "serverID":1, "OnLinePlayerNum":1}
{"LogTime":"2018-01-07 03:34:00", "Operation":"OnlineRoleNum", "serverID":1, "OnLinePlayerNum":1}
{"LogTime":"2018-01-07 03:36:00", "Operation":"OnlineRoleNum", "serverID":1, "OnLinePlayerNum":1}
{"LogTime":"2018-01-07 03:38:00", "Operation":"OnlineRoleNum", "serverID":1, "OnLinePlayerNum":1}
{"LogTime":"2018-01-07 03:40:00", "Operation":"OnlineRoleNum", "serverID":1, "OnLinePlayerNum":1}
{"LogTime":"2018-01-07 03:42:00", "Operation":"OnlineRoleNum", "serverID":1, "OnLinePlayerNum":1}
{"LogTime":"2018-01-07 03:44:00", "Operation":"OnlineRoleNum", "serverID":1, "OnLinePlayerNum":1}
{"LogTime":"2018-01-07 03:46:00", "Operation":"OnlineRoleNum", "serverID":1, "OnLinePlayerNum":1}
{"LogTime":"2018-01-07 03:48:00", "Operation":"OnlineRoleNum", "serverID":1, "OnLinePlayerNum":1}
{"LogTime":"2018-01-07 03:50:00", "Operation":"OnlineRoleNum", "serverID":1, "OnLinePlayerNum":1}
{"LogTime":"2018-01-07 03:52:00", "Operation":"OnlineRoleNum", "serverID":1, "OnLinePlayerNum":1}
{"LogTime":"2018-01-07 03:54:00", "Operation":"OnlineRoleNum", "serverID":1, "OnLinePlayerNum":1}
{"LogTime":"2018-01-07 03:56:00", "Operation":"OnlineRoleNum", "serverID":1, "OnLinePlayerNum":1}
{"LogTime":"2018-01-07 03:58:00", "Operation":"OnlineRoleNum", "serverID":1, "OnLinePlayerNum":1}
{"LogTime":"2018-01-07 04:00:00", "Operation":"OnlineRoleNum", "serverID":1, "OnLinePlayerNum":1}
{"LogTime":"2018-01-07 04:02:00", "Operation":"OnlineRoleNum", "serverID":1, "OnLinePlayerNum":1}
{"LogTime":"2018-01-07 04:04:00", "Operation":"OnlineRoleNum", "serverID":1, "OnLinePlayerNum":1}
{"LogTime":"2018-01-07 04:06:00", "Operation":"OnlineRoleNum", "serverID":1, "OnLinePlayerNum":1}
{"LogTime":"2018-01-07 04:08:00", "Operation":"OnlineRoleNum", "serverID":1, "OnLinePlayerNum":1}
{"LogTime":"2018-01-07 04:10:00", "Operation":"OnlineRoleNum", "serverID":1, "OnLinePlayerNum":1}
{"LogTime":"2018-01-07 04:12:00", "Operation":"OnlineRoleNum", "serverID":1, "OnLinePlayerNum":1}
{"LogTime":"2018-01-07 04:14:00", "Operation":"OnlineRoleNum", "serverID":1, "OnLinePlayerNum":1}
{"LogTime":"2018-01-07 04:16:00", "Operation":"OnlineRoleNum", "serverID":1, "OnLinePlayerNum":1}
{"LogTime":"2018-01-07 04:18:00", "Operation":"OnlineRoleNum", "serverID":1, "OnLinePlayerNum":1}
{"LogTime":"2018-01-07 04:20:00", "Operation":"OnlineRoleNum", "serverID":1, "OnLinePlayerNum":1}
{"LogTime":"2018-01-07 04:22:00", "Operation":"OnlineRoleNum", "serverID":1, "OnLinePlayerNum":1}
{"LogTime":"2018-01-07 04:24:00", "Operation":"OnlineRoleNum", "serverID":1, "OnLinePlayerNum":1}
{"LogTime":"2018-01-07 04:26:00", "Operation":"OnlineRoleNum", "serverID":1, "OnLinePlayerNum":1}
{"LogTime":"2018-01-07 04:28:00", "Operation":"OnlineRoleNum", "serverID":1, "OnLinePlayerNum":1}
{"LogTime":"2018-01-07 04:30:00", "Operation":"OnlineRoleNum", "serverID":1, "OnLinePlayerNum":1}
{"LogTime":"2018-01-07 04:32:00", "Operation":"OnlineRoleNum", "serverID":1, "OnLinePlayerNum":1}
{"LogTime":"2018-01-07 04:34:00", "Operation":"OnlineRoleNum", "serverID":1, "OnLinePlayerNum":1}
{"LogTime":"2018-01-07 04:36:00", "Operation":"OnlineRoleNum", "serverID":1, "OnLinePlayerNum":1}
{"LogTime":"2018-01-07 04:38:00", "Operation":"OnlineRoleNum", "serverID":1, "OnLinePlayerNum":1}
{"LogTime":"2018-01-07 04:40:00", "Operation":"OnlineRoleNum", "serverID":1, "OnLinePlayerNum":1}
{"LogTime":"2018-01-07 04:42:00", "Operation":"OnlineRoleNum", "serverID":1, "OnLinePlayerNum":1}
{"LogTime":"2018-01-07 04:44:00", "Operation":"OnlineRoleNum", "serverID":1, "OnLinePlayerNum":1}
{"LogTime":"2018-01-07 04:46:00", "Operation":"OnlineRoleNum", "serverID":1, "OnLinePlayerNum":1}
{"LogTime":"2018-01-07 04:48:00", "Operation":"OnlineRoleNum", "serverID":1, "OnLinePlayerNum":1}
{"LogTime":"2018-01-07 04:50:00", "Operation":"OnlineRoleNum", "serverID":1, "OnLinePlayerNum":1}
{"LogTime":"2018-01-07 04:52:00", "Operation":"OnlineRoleNum", "serverID":1, "OnLinePlayerNum":1}
{"LogTime":"2018-01-07 04:54:00", "Operation":"OnlineRoleNum", "serverID":1, "OnLinePlayerNum":1}
{"LogTime":"2018-01-07 04:56:00", "Operation":"OnlineRoleNum", "serverID":1, "OnLinePlayerNum":1}
{"LogTime":"2018-01-07 04:58:00", "Operation":"OnlineRoleNum", "serverID":1, "OnLinePlayerNum":1}
{"LogTime":"2018-01-07 05:00:00", "Operation":"OnlineRoleNum", "serverID":1, "OnLinePlayerNum":1}
{"LogTime":"2018-01-07 05:02:00", "Operation":"OnlineRoleNum", "serverID":1, "OnLinePlayerNum":1}
{"LogTime":"2018-01-07 05:04:00", "Operation":"OnlineRoleNum", "serverID":1, "OnLinePlayerNum":1}
{"LogTime":"2018-01-07 05:06:00", "Operation":"OnlineRoleNum", "serverID":1, "OnLinePlayerNum":1}
{"LogTime":"2018-01-07 05:08:00", "Operation":"OnlineRoleNum", "serverID":1, "OnLinePlayerNum":1}
{"LogTime":"2018-01-07 05:10:00", "Operation":"OnlineRoleNum", "serverID":1, "OnLinePlayerNum":1}
{"LogTime":"2018-01-07 05:12:00", "Operation":"OnlineRoleNum", "serverID":1, "OnLinePlayerNum":1}
{"LogTime":"2018-01-07 05:14:00", "Operation":"OnlineRoleNum", "serverID":1, "OnLinePlayerNum":1}
{"LogTime":"2018-01-07 05:16:00", "Operation":"OnlineRoleNum", "serverID":1, "OnLinePlayerNum":1}
{"LogTime":"2018-01-07 05:18:00", "Operation":"OnlineRoleNum", "serverID":1, "OnLinePlayerNum":1}
{"LogTime":"2018-01-07 05:20:00", "Operation":"OnlineRoleNum", "serverID":1, "OnLinePlayerNum":1}
{"LogTime":"2018-01-07 05:22:00", "Operation":"OnlineRoleNum", "serverID":1, "OnLinePlayerNum":1}
{"LogTime":"2018-01-07 05:24:00", "Operation":"OnlineRoleNum", "serverID":1, "OnLinePlayerNum":1}
{"LogTime":"2018-01-07 05:26:00", "Operation":"OnlineRoleNum", "serverID":1, "OnLinePlayerNum":1}
{"LogTime":"2018-01-07 05:28:00", "Operation":"OnlineRoleNum", "serverID":1, "OnLinePlayerNum":1}
{"LogTime":"2018-01-07 05:30:00", "Operation":"OnlineRoleNum", "serverID":1, "OnLinePlayerNum":1}
{"LogTime":"2018-01-07 05:32:00", "Operation":"OnlineRoleNum", "serverID":1, "OnLinePlayerNum":1}
{"LogTime":"2018-01-07 05:34:00", "Operation":"OnlineRoleNum", "serverID":1, "OnLinePlayerNum":1}
{"LogTime":"2018-01-07 05:36:00", "Operation":"OnlineRoleNum", "serverID":1, "OnLinePlayerNum":1}
{"LogTime":"2018-01-07 05:38:00", "Operation":"OnlineRoleNum", "serverID":1, "OnLinePlayerNum":1}
{"LogTime":"2018-01-07 05:40:00", "Operation":"OnlineRoleNum", "serverID":1, "OnLinePlayerNum":1}
{"LogTime":"2018-01-07 05:42:00", "Operation":"OnlineRoleNum", "serverID":1, "OnLinePlayerNum":1}
{"LogTime":"2018-01-07 05:44:00", "Operation":"OnlineRoleNum", "serverID":1, "OnLinePlayerNum":1}
{"LogTime":"2018-01-07 05:46:00", "Operation":"OnlineRoleNum", "serverID":1, "OnLinePlayerNum":1}
{"LogTime":"2018-01-07 05:48:00", "Operation":"OnlineRoleNum", "serverID":1, "OnLinePlayerNum":1}
{"LogTime":"2018-01-07 05:50:00", "Operation":"OnlineRoleNum", "serverID":1, "OnLinePlayerNum":1}
{"LogTime":"2018-01-07 05:52:00", "Operation":"OnlineRoleNum", "serverID":1, "OnLinePlayerNum":1}
{"LogTime":"2018-01-07 05:54:00", "Operation":"OnlineRoleNum", "serverID":1, "OnLinePlayerNum":1}
{"LogTime":"2018-01-07 05:56:00", "Operation":"OnlineRoleNum", "serverID":1, "OnLinePlayerNum":1}
{"LogTime":"2018-01-07 05:58:00", "Operation":"OnlineRoleNum", "serverID":1, "OnLinePlayerNum":1}
{"LogTime":"2018-01-07 06:00:00", "Operation":"OnlineRoleNum", "serverID":1, "OnLinePlayerNum":1}
{"LogTime":"2018-01-07 06:02:00", "Operation":"OnlineRoleNum", "serverID":1, "OnLinePlayerNum":1}
{"LogTime":"2018-01-07 06:04:00", "Operation":"OnlineRoleNum", "serverID":1, "OnLinePlayerNum":1}
{"LogTime":"2018-01-07 06:06:00", "Operation":"OnlineRoleNum", "serverID":1, "OnLinePlayerNum":1}
{"LogTime":"2018-01-07 06:08:00", "Operation":"OnlineRoleNum", "serverID":1, "OnLinePlayerNum":1}
{"LogTime":"2018-01-07 06:10:00", "Operation":"OnlineRoleNum", "serverID":1, "OnLinePlayerNum":1}
{"LogTime":"2018-01-07 06:12:00", "Operation":"OnlineRoleNum", "serverID":1, "OnLinePlayerNum":1}
{"LogTime":"2018-01-07 06:14:00", "Operation":"OnlineRoleNum", "serverID":1, "OnLinePlayerNum":1}
{"LogTime":"2018-01-07 06:16:00", "Operation":"OnlineRoleNum", "serverID":1, "OnLinePlayerNum":1}
{"LogTime":"2018-01-07 06:18:00", "Operation":"OnlineRoleNum", "serverID":1, "OnLinePlayerNum":1}
{"LogTime":"2018-01-07 06:20:00", "Operation":"OnlineRoleNum", "serverID":1, "OnLinePlayerNum":1}
{"LogTime":"2018-01-07 06:22:00", "Operation":"OnlineRoleNum", "serverID":1, "OnLinePlayerNum":1}
{"LogTime":"2018-01-07 06:24:00", "Operation":"OnlineRoleNum", "serverID":1, "OnLinePlayerNum":1}
{"LogTime":"2018-01-07 06:26:00", "Operation":"OnlineRoleNum", "serverID":1, "OnLinePlayerNum":1}
{"LogTime":"2018-01-07 06:28:00", "Operation":"OnlineRoleNum", "serverID":1, "OnLinePlayerNum":1}
{"LogTime":"2018-01-07 06:30:00", "Operation":"OnlineRoleNum", "serverID":1, "OnLinePlayerNum":1}
{"LogTime":"2018-01-07 06:32:00", "Operation":"OnlineRoleNum", "serverID":1, "OnLinePlayerNum":1}
{"LogTime":"2018-01-07 06:34:00", "Operation":"OnlineRoleNum", "serverID":1, "OnLinePlayerNum":1}
{"LogTime":"2018-01-07 06:36:00", "Operation":"OnlineRoleNum", "serverID":1, "OnLinePlayerNum":1}
{"LogTime":"2018-01-07 06:38:00", "Operation":"OnlineRoleNum", "serverID":1, "OnLinePlayerNum":1}
{"LogTime":"2018-01-07 06:40:00", "Operation":"OnlineRoleNum", "serverID":1, "OnLinePlayerNum":1}
{"LogTime":"2018-01-07 06:42:00", "Operation":"OnlineRoleNum", "serverID":1, "OnLinePlayerNum":1}
{"LogTime":"2018-01-07 06:44:00", "Operation":"OnlineRoleNum", "serverID":1, "OnLinePlayerNum":1}
{"LogTime":"2018-01-07 06:46:00", "Operation":"OnlineRoleNum", "serverID":1, "OnLinePlayerNum":1}
{"LogTime":"2018-01-07 06:48:00", "Operation":"OnlineRoleNum", "serverID":1, "OnLinePlayerNum":1}
{"LogTime":"2018-01-07 06:50:00", "Operation":"OnlineRoleNum", "serverID":1, "OnLinePlayerNum":1}
{"LogTime":"2018-01-07 06:52:00", "Operation":"OnlineRoleNum", "serverID":1, "OnLinePlayerNum":1}
{"LogTime":"2018-01-07 06:54:00", "Operation":"OnlineRoleNum", "serverID":1, "OnLinePlayerNum":1}
{"LogTime":"2018-01-07 06:56:00", "Operation":"OnlineRoleNum", "serverID":1, "OnLinePlayerNum":1}
{"LogTime":"2018-01-07 06:58:00", "Operation":"OnlineRoleNum", "serverID":1, "OnLinePlayerNum":1}
{"LogTime":"2018-01-07 07:00:00", "Operation":"OnlineRoleNum", "serverID":1, "OnLinePlayerNum":1}
{"LogTime":"2018-01-07 07:02:00", "Operation":"OnlineRoleNum", "serverID":1, "OnLinePlayerNum":1}
{"LogTime":"2018-01-07 07:04:00", "Operation":"OnlineRoleNum", "serverID":1, "OnLinePlayerNum":1}
{"LogTime":"2018-01-07 07:06:00", "Operation":"OnlineRoleNum", "serverID":1, "OnLinePlayerNum":1}
{"LogTime":"2018-01-07 07:08:00", "Operation":"OnlineRoleNum", "serverID":1, "OnLinePlayerNum":1}
{"LogTime":"2018-01-07 07:10:00", "Operation":"OnlineRoleNum", "serverID":1, "OnLinePlayerNum":1}
{"LogTime":"2018-01-07 07:12:00", "Operation":"OnlineRoleNum", "serverID":1, "OnLinePlayerNum":1}
{"LogTime":"2018-01-07 07:14:00", "Operation":"OnlineRoleNum", "serverID":1, "OnLinePlayerNum":1}
{"LogTime":"2018-01-07 07:16:00", "Operation":"OnlineRoleNum", "serverID":1, "OnLinePlayerNum":1}
{"LogTime":"2018-01-07 07:18:00", "Operation":"OnlineRoleNum", "serverID":1, "OnLinePlayerNum":1}
{"LogTime":"2018-01-07 07:20:00", "Operation":"OnlineRoleNum", "serverID":1, "OnLinePlayerNum":1}
{"LogTime":"2018-01-07 07:22:00", "Operation":"OnlineRoleNum", "serverID":1, "OnLinePlayerNum":1}
{"LogTime":"2018-01-07 07:24:00", "Operation":"OnlineRoleNum", "serverID":1, "OnLinePlayerNum":1}
{"LogTime":"2018-01-07 07:26:00", "Operation":"OnlineRoleNum", "serverID":1, "OnLinePlayerNum":1}
{"LogTime":"2018-01-07 07:28:00", "Operation":"OnlineRoleNum", "serverID":1, "OnLinePlayerNum":1}
{"LogTime":"2018-01-07 07:30:00", "Operation":"OnlineRoleNum", "serverID":1, "OnLinePlayerNum":1}
{"LogTime":"2018-01-07 07:32:00", "Operation":"OnlineRoleNum", "serverID":1, "OnLinePlayerNum":1}
{"LogTime":"2018-01-07 07:34:00", "Operation":"OnlineRoleNum", "serverID":1, "OnLinePlayerNum":1}
{"LogTime":"2018-01-07 07:36:00", "Operation":"OnlineRoleNum", "serverID":1, "OnLinePlayerNum":1}
{"LogTime":"2018-01-07 07:38:00", "Operation":"OnlineRoleNum", "serverID":1, "OnLinePlayerNum":1}
{"LogTime":"2018-01-07 07:40:00", "Operation":"OnlineRoleNum", "serverID":1, "OnLinePlayerNum":1}
{"LogTime":"2018-01-07 07:42:00", "Operation":"OnlineRoleNum", "serverID":1, "OnLinePlayerNum":1}
{"LogTime":"2018-01-07 07:44:00", "Operation":"OnlineRoleNum", "serverID":1, "OnLinePlayerNum":1}
{"LogTime":"2018-01-07 07:46:00", "Operation":"OnlineRoleNum", "serverID":1, "OnLinePlayerNum":1}
{"LogTime":"2018-01-07 07:48:00", "Operation":"OnlineRoleNum", "serverID":1, "OnLinePlayerNum":1}
{"LogTime":"2018-01-07 07:50:00", "Operation":"OnlineRoleNum", "serverID":1, "OnLinePlayerNum":1}
{"LogTime":"2018-01-07 07:52:00", "Operation":"OnlineRoleNum", "serverID":1, "OnLinePlayerNum":1}
{"LogTime":"2018-01-07 07:54:00", "Operation":"OnlineRoleNum", "serverID":1, "OnLinePlayerNum":1}
{"LogTime":"2018-01-07 07:56:00", "Operation":"OnlineRoleNum", "serverID":1, "OnLinePlayerNum":1}
{"LogTime":"2018-01-07 07:58:00", "Operation":"OnlineRoleNum", "serverID":1, "OnLinePlayerNum":1}
{"LogTime":"2018-01-07 08:00:00", "Operation":"OnlineRoleNum", "serverID":1, "OnLinePlayerNum":1}
{"LogTime":"2018-01-07 08:02:00", "Operation":"OnlineRoleNum", "serverID":1, "OnLinePlayerNum":1}
{"LogTime":"2018-01-07 08:04:00", "Operation":"OnlineRoleNum", "serverID":1, "OnLinePlayerNum":1}
{"LogTime":"2018-01-07 08:06:00", "Operation":"OnlineRoleNum", "serverID":1, "OnLinePlayerNum":1}
{"LogTime":"2018-01-07 08:08:00", "Operation":"OnlineRoleNum", "serverID":1, "OnLinePlayerNum":1}
{"LogTime":"2018-01-07 08:10:00", "Operation":"OnlineRoleNum", "serverID":1, "OnLinePlayerNum":1}
{"LogTime":"2018-01-07 08:12:00", "Operation":"OnlineRoleNum", "serverID":1, "OnLinePlayerNum":1}
{"LogTime":"2018-01-07 08:14:00", "Operation":"OnlineRoleNum", "serverID":1, "OnLinePlayerNum":1}
{"LogTime":"2018-01-07 08:16:00", "Operation":"OnlineRoleNum", "serverID":1, "OnLinePlayerNum":1}
{"LogTime":"2018-01-07 08:18:00", "Operation":"OnlineRoleNum", "serverID":1, "OnLinePlayerNum":1}
{"LogTime":"2018-01-07 08:20:00", "Operation":"OnlineRoleNum", "serverID":1, "OnLinePlayerNum":1}
{"LogTime":"2018-01-07 08:22:00", "Operation":"OnlineRoleNum", "serverID":1, "OnLinePlayerNum":1}
{"LogTime":"2018-01-07 08:24:00", "Operation":"OnlineRoleNum", "serverID":1, "OnLinePlayerNum":1}
{"LogTime":"2018-01-07 08:26:00", "Operation":"OnlineRoleNum", "serverID":1, "OnLinePlayerNum":1}
{"LogTime":"2018-01-07 08:28:00", "Operation":"OnlineRoleNum", "serverID":1, "OnLinePlayerNum":1}
{"LogTime":"2018-01-07 08:30:00", "Operation":"OnlineRoleNum", "serverID":1, "OnLinePlayerNum":1}
{"LogTime":"2018-01-07 08:32:00", "Operation":"OnlineRoleNum", "serverID":1, "OnLinePlayerNum":1}
{"LogTime":"2018-01-07 08:34:00", "Operation":"OnlineRoleNum", "serverID":1, "OnLinePlayerNum":1}
{"LogTime":"2018-01-07 08:36:00", "Operation":"OnlineRoleNum", "serverID":1, "OnLinePlayerNum":1}
{"LogTime":"2018-01-07 08:38:00", "Operation":"OnlineRoleNum", "serverID":1, "OnLinePlayerNum":1}
{"LogTime":"2018-01-07 08:40:00", "Operation":"OnlineRoleNum", "serverID":1, "OnLinePlayerNum":1}
{"LogTime":"2018-01-07 08:42:00", "Operation":"OnlineRoleNum", "serverID":1, "OnLinePlayerNum":1}
{"LogTime":"2018-01-07 08:44:00", "Operation":"OnlineRoleNum", "serverID":1, "OnLinePlayerNum":1}
{"LogTime":"2018-01-07 08:46:00", "Operation":"OnlineRoleNum", "serverID":1, "OnLinePlayerNum":1}
{"LogTime":"2018-01-07 08:48:00", "Operation":"OnlineRoleNum", "serverID":1, "OnLinePlayerNum":1}
{"LogTime":"2018-01-07 08:50:00", "Operation":"OnlineRoleNum", "serverID":1, "OnLinePlayerNum":1}
{"LogTime":"2018-01-07 08:52:00", "Operation":"OnlineRoleNum", "serverID":1, "OnLinePlayerNum":1}
{"LogTime":"2018-01-07 08:54:00", "Operation":"OnlineRoleNum", "serverID":1, "OnLinePlayerNum":1}
{"LogTime":"2018-01-07 08:56:00", "Operation":"OnlineRoleNum", "serverID":1, "OnLinePlayerNum":1}
{"LogTime":"2018-01-07 08:58:00", "Operation":"OnlineRoleNum", "serverID":1, "OnLinePlayerNum":1}
{"LogTime":"2018-01-07 09:00:00", "Operation":"OnlineRoleNum", "serverID":1, "OnLinePlayerNum":1}
{"LogTime":"2018-01-07 09:02:00", "Operation":"OnlineRoleNum", "serverID":1, "OnLinePlayerNum":1}
{"LogTime":"2018-01-07 09:04:00", "Operation":"OnlineRoleNum", "serverID":1, "OnLinePlayerNum":1}
{"LogTime":"2018-01-07 09:06:00", "Operation":"OnlineRoleNum", "serverID":1, "OnLinePlayerNum":1}
{"LogTime":"2018-01-07 09:08:00", "Operation":"OnlineRoleNum", "serverID":1, "OnLinePlayerNum":1}
{"LogTime":"2018-01-07 09:10:00", "Operation":"OnlineRoleNum", "serverID":1, "OnLinePlayerNum":1}
{"LogTime":"2018-01-07 09:12:00", "Operation":"OnlineRoleNum", "serverID":1, "OnLinePlayerNum":1}
{"LogTime":"2018-01-07 09:14:00", "Operation":"OnlineRoleNum", "serverID":1, "OnLinePlayerNum":1}
{"LogTime":"2018-01-07 09:16:00", "Operation":"OnlineRoleNum", "serverID":1, "OnLinePlayerNum":1}
{"LogTime":"2018-01-07 09:18:00", "Operation":"OnlineRoleNum", "serverID":1, "OnLinePlayerNum":1}
{"LogTime":"2018-01-07 09:20:00", "Operation":"OnlineRoleNum", "serverID":1, "OnLinePlayerNum":1}
{"LogTime":"2018-01-07 09:22:00", "Operation":"OnlineRoleNum", "serverID":1, "OnLinePlayerNum":1}
{"LogTime":"2018-01-07 09:24:00", "Operation":"OnlineRoleNum", "serverID":1, "OnLinePlayerNum":1}
{"LogTime":"2018-01-07 09:26:00", "Operation":"OnlineRoleNum", "serverID":1, "OnLinePlayerNum":1}
{"LogTime":"2018-01-07 09:28:00", "Operation":"OnlineRoleNum", "serverID":1, "OnLinePlayerNum":1}
{"LogTime":"2018-01-07 09:30:00", "Operation":"OnlineRoleNum", "serverID":1, "OnLinePlayerNum":1}
{"LogTime":"2018-01-07 09:32:00", "Operation":"OnlineRoleNum", "serverID":1, "OnLinePlayerNum":1}
{"LogTime":"2018-01-07 09:34:00", "Operation":"OnlineRoleNum", "serverID":1, "OnLinePlayerNum":1}
{"LogTime":"2018-01-07 09:36:00", "Operation":"OnlineRoleNum", "serverID":1, "OnLinePlayerNum":1}
{"LogTime":"2018-01-07 09:38:00", "Operation":"OnlineRoleNum", "serverID":1, "OnLinePlayerNum":1}
{"LogTime":"2018-01-07 09:40:00", "Operation":"OnlineRoleNum", "serverID":1, "OnLinePlayerNum":1}
{"LogTime":"2018-01-07 09:42:00", "Operation":"OnlineRoleNum", "serverID":1, "OnLinePlayerNum":1}
{"LogTime":"2018-01-07 09:44:00", "Operation":"OnlineRoleNum", "serverID":1, "OnLinePlayerNum":1}
{"LogTime":"2018-01-07 09:46:00", "Operation":"OnlineRoleNum", "serverID":1, "OnLinePlayerNum":1}
{"LogTime":"2018-01-07 09:48:00", "Operation":"OnlineRoleNum", "serverID":1, "OnLinePlayerNum":1}
{"LogTime":"2018-01-07 09:50:00", "Operation":"OnlineRoleNum", "serverID":1, "OnLinePlayerNum":1}
{"LogTime":"2018-01-07 09:52:00", "Operation":"OnlineRoleNum", "serverID":1, "OnLinePlayerNum":1}
{"LogTime":"2018-01-07 09:54:00", "Operation":"OnlineRoleNum", "serverID":1, "OnLinePlayerNum":1}
{"LogTime":"2018-01-07 09:56:00", "Operation":"OnlineRoleNum", "serverID":1, "OnLinePlayerNum":1}
{"LogTime":"2018-01-07 09:58:00", "Operation":"OnlineRoleNum", "serverID":1, "OnLinePlayerNum":1}
{"LogTime":"2018-01-07 10:00:00", "Operation":"OnlineRoleNum", "serverID":1, "OnLinePlayerNum":1}
{"LogTime":"2018-01-07 10:02:00", "Operation":"OnlineRoleNum", "serverID":1, "OnLinePlayerNum":1}
{"LogTime":"2018-01-07 10:04:00", "Operation":"OnlineRoleNum", "serverID":1, "OnLinePlayerNum":1}
{"LogTime":"2018-01-07 10:06:00", "Operation":"OnlineRoleNum", "serverID":1, "OnLinePlayerNum":1}
{"LogTime":"2018-01-07 10:08:00", "Operation":"OnlineRoleNum", "serverID":1, "OnLinePlayerNum":1}
{"LogTime":"2018-01-07 10:10:00", "Operation":"OnlineRoleNum", "serverID":1, "OnLinePlayerNum":1}
{"LogTime":"2018-01-07 10:12:00", "Operation":"OnlineRoleNum", "serverID":1, "OnLinePlayerNum":1}
{"LogTime":"2018-01-07 10:14:00", "Operation":"OnlineRoleNum", "serverID":1, "OnLinePlayerNum":1}
{"LogTime":"2018-01-07 10:16:00", "Operation":"OnlineRoleNum", "serverID":1, "OnLinePlayerNum":1}
{"LogTime":"2018-01-07 10:18:00", "Operation":"OnlineRoleNum", "serverID":1, "OnLinePlayerNum":1}
{"LogTime":"2018-01-07 10:22:00", "Operation":"OnlineRoleNum", "serverID":1, "OnLinePlayerNum":1}
{"LogTime":"2018-01-07 10:24:00", "Operation":"OnlineRoleNum", "serverID":1, "OnLinePlayerNum":1}
{"LogTime":"2018-01-07 10:26:00", "Operation":"OnlineRoleNum", "serverID":1, "OnLinePlayerNum":1}
{"LogTime":"2018-01-07 10:28:00", "Operation":"OnlineRoleNum", "serverID":1, "OnLinePlayerNum":1}
{"LogTime":"2018-01-07 10:30:00", "Operation":"OnlineRoleNum", "serverID":1, "OnLinePlayerNum":1}
{"LogTime":"2018-01-07 10:32:00", "Operation":"OnlineRoleNum", "serverID":1, "OnLinePlayerNum":1}
{"LogTime":"2018-01-07 10:34:00", "Operation":"OnlineRoleNum", "serverID":1, "OnLinePlayerNum":1}
{"LogTime":"2018-01-07 10:36:00", "Operation":"OnlineRoleNum", "serverID":1, "OnLinePlayerNum":1}
{"LogTime":"2018-01-07 10:38:00", "Operation":"OnlineRoleNum", "serverID":1, "OnLinePlayerNum":1}
{"LogTime":"2018-01-07 10:40:00", "Operation":"OnlineRoleNum", "serverID":1, "OnLinePlayerNum":1}
{"LogTime":"2018-01-07 10:42:00", "Operation":"OnlineRoleNum", "serverID":1, "OnLinePlayerNum":1}
{"LogTime":"2018-01-07 10:44:00", "Operation":"OnlineRoleNum", "serverID":1, "OnLinePlayerNum":1}
{"LogTime":"2018-01-07 10:46:00", "Operation":"OnlineRoleNum", "serverID":1, "OnLinePlayerNum":1}
{"LogTime":"2018-01-07 10:48:00", "Operation":"OnlineRoleNum", "serverID":1, "OnLinePlayerNum":1}
{"LogTime":"2018-01-07 10:50:00", "Operation":"OnlineRoleNum", "serverID":1, "OnLinePlayerNum":1}
{"LogTime":"2018-01-07 10:52:00", "Operation":"OnlineRoleNum", "serverID":1, "OnLinePlayerNum":1}
{"LogTime":"2018-01-07 10:54:00", "Operation":"OnlineRoleNum", "serverID":1, "OnLinePlayerNum":1}
{"LogTime":"2018-01-07 10:56:00", "Operation":"OnlineRoleNum", "serverID":1, "OnLinePlayerNum":1}
{"LogTime":"2018-01-07 10:58:00", "Operation":"OnlineRoleNum", "serverID":1, "OnLinePlayerNum":1}
{"LogTime":"2018-01-07 11:00:00", "Operation":"OnlineRoleNum", "serverID":1, "OnLinePlayerNum":1}
{"LogTime":"2018-01-07 11:02:00", "Operation":"OnlineRoleNum", "serverID":1, "OnLinePlayerNum":1}
{"LogTime":"2018-01-07 11:04:00", "Operation":"OnlineRoleNum", "serverID":1, "OnLinePlayerNum":1}
{"LogTime":"2018-01-07 11:06:00", "Operation":"OnlineRoleNum", "serverID":1, "OnLinePlayerNum":1}
{"LogTime":"2018-01-07 11:08:00", "Operation":"OnlineRoleNum", "serverID":1, "OnLinePlayerNum":1}
{"LogTime":"2018-01-07 11:10:00", "Operation":"OnlineRoleNum", "serverID":1, "OnLinePlayerNum":1}
{"LogTime":"2018-01-07 11:12:00", "Operation":"OnlineRoleNum", "serverID":1, "OnLinePlayerNum":1}
{"LogTime":"2018-01-07 11:14:00", "Operation":"OnlineRoleNum", "serverID":1, "OnLinePlayerNum":1}
{"LogTime":"2018-01-07 11:16:00", "Operation":"OnlineRoleNum", "serverID":1, "OnLinePlayerNum":1}
{"LogTime":"2018-01-07 11:18:00", "Operation":"OnlineRoleNum", "serverID":1, "OnLinePlayerNum":1}
{"LogTime":"2018-01-07 11:20:00", "Operation":"OnlineRoleNum", "serverID":1, "OnLinePlayerNum":1}
{"LogTime":"2018-01-07 11:22:00", "Operation":"OnlineRoleNum", "serverID":1, "OnLinePlayerNum":1}
{"LogTime":"2018-01-07 11:24:00", "Operation":"OnlineRoleNum", "serverID":1, "OnLinePlayerNum":1}
{"LogTime":"2018-01-07 11:26:00", "Operation":"OnlineRoleNum", "serverID":1, "OnLinePlayerNum":1}
{"LogTime":"2018-01-07 11:28:00", "Operation":"OnlineRoleNum", "serverID":1, "OnLinePlayerNum":1}
{"LogTime":"2018-01-07 11:30:00", "Operation":"OnlineRoleNum", "serverID":1, "OnLinePlayerNum":1}
{"LogTime":"2018-01-07 11:32:00", "Operation":"OnlineRoleNum", "serverID":1, "OnLinePlayerNum":1}
{"LogTime":"2018-01-07 11:34:00", "Operation":"OnlineRoleNum", "serverID":1, "OnLinePlayerNum":1}
{"LogTime":"2018-01-07 11:36:00", "Operation":"OnlineRoleNum", "serverID":1, "OnLinePlayerNum":1}
{"LogTime":"2018-01-07 11:38:00", "Operation":"OnlineRoleNum", "serverID":1, "OnLinePlayerNum":1}
{"LogTime":"2018-01-07 11:40:00", "Operation":"OnlineRoleNum", "serverID":1, "OnLinePlayerNum":1}
{"LogTime":"2018-01-07 11:42:00", "Operation":"OnlineRoleNum", "serverID":1, "OnLinePlayerNum":1}
{"LogTime":"2018-01-07 11:44:00", "Operation":"OnlineRoleNum", "serverID":1, "OnLinePlayerNum":1}
{"LogTime":"2018-01-07 11:46:00", "Operation":"OnlineRoleNum", "serverID":1, "OnLinePlayerNum":1}
{"LogTime":"2018-01-07 11:48:00", "Operation":"OnlineRoleNum", "serverID":1, "OnLinePlayerNum":1}
{"LogTime":"2018-01-07 11:50:00", "Operation":"OnlineRoleNum", "serverID":1, "OnLinePlayerNum":1}
{"LogTime":"2018-01-07 11:52:00", "Operation":"OnlineRoleNum", "serverID":1, "OnLinePlayerNum":1}
{"LogTime":"2018-01-07 11:54:00", "Operation":"OnlineRoleNum", "serverID":1, "OnLinePlayerNum":1}
{"LogTime":"2018-01-07 11:56:00", "Operation":"OnlineRoleNum", "serverID":1, "OnLinePlayerNum":1}
{"LogTime":"2018-01-07 11:58:00", "Operation":"OnlineRoleNum", "serverID":1, "OnLinePlayerNum":1}
{"LogTime":"2018-01-07 12:00:00", "Operation":"OnlineRoleNum", "serverID":1, "OnLinePlayerNum":1}
{"LogTime":"2018-01-07 12:02:00", "Operation":"OnlineRoleNum", "serverID":1, "OnLinePlayerNum":1}
{"LogTime":"2018-01-07 12:04:00", "Operation":"OnlineRoleNum", "serverID":1, "OnLinePlayerNum":1}
{"LogTime":"2018-01-07 12:06:00", "Operation":"OnlineRoleNum", "serverID":1, "OnLinePlayerNum":1}
{"LogTime":"2018-01-07 12:08:00", "Operation":"OnlineRoleNum", "serverID":1, "OnLinePlayerNum":1}
{"LogTime":"2018-01-07 12:10:00", "Operation":"OnlineRoleNum", "serverID":1, "OnLinePlayerNum":1}
{"LogTime":"2018-01-07 12:12:00", "Operation":"OnlineRoleNum", "serverID":1, "OnLinePlayerNum":1}
{"LogTime":"2018-01-07 12:14:00", "Operation":"OnlineRoleNum", "serverID":1, "OnLinePlayerNum":1}
{"LogTime":"2018-01-07 12:16:00", "Operation":"OnlineRoleNum", "serverID":1, "OnLinePlayerNum":1}
{"LogTime":"2018-01-07 12:18:00", "Operation":"OnlineRoleNum", "serverID":1, "OnLinePlayerNum":1}
{"LogTime":"2018-01-07 12:20:00", "Operation":"OnlineRoleNum", "serverID":1, "OnLinePlayerNum":1}
{"LogTime":"2018-01-07 12:22:00", "Operation":"OnlineRoleNum", "serverID":1, "OnLinePlayerNum":1}
{"LogTime":"2018-01-07 12:24:00", "Operation":"OnlineRoleNum", "serverID":1, "OnLinePlayerNum":1}
{"LogTime":"2018-01-07 12:26:00", "Operation":"OnlineRoleNum", "serverID":1, "OnLinePlayerNum":1}
{"LogTime":"2018-01-07 12:28:00", "Operation":"OnlineRoleNum", "serverID":1, "OnLinePlayerNum":1}
{"LogTime":"2018-01-07 12:30:00", "Operation":"OnlineRoleNum", "serverID":1, "OnLinePlayerNum":1}
{"LogTime":"2018-01-07 12:32:00", "Operation":"OnlineRoleNum", "serverID":1, "OnLinePlayerNum":1}
{"LogTime":"2018-01-07 12:34:00", "Operation":"OnlineRoleNum", "serverID":1, "OnLinePlayerNum":1}
{"LogTime":"2018-01-07 12:36:00", "Operation":"OnlineRoleNum", "serverID":1, "OnLinePlayerNum":1}
{"LogTime":"2018-01-07 12:38:00", "Operation":"OnlineRoleNum", "serverID":1, "OnLinePlayerNum":1}
{"LogTime":"2018-01-07 12:40:00", "Operation":"OnlineRoleNum", "serverID":1, "OnLinePlayerNum":1}
{"LogTime":"2018-01-07 12:42:00", "Operation":"OnlineRoleNum", "serverID":1, "OnLinePlayerNum":1}
{"LogTime":"2018-01-07 12:44:00", "Operation":"OnlineRoleNum", "serverID":1, "OnLinePlayerNum":1}
{"LogTime":"2018-01-07 12:46:00", "Operation":"OnlineRoleNum", "serverID":1, "OnLinePlayerNum":1}
{"LogTime":"2018-01-07 12:48:00", "Operation":"OnlineRoleNum", "serverID":1, "OnLinePlayerNum":1}
{"LogTime":"2018-01-07 12:50:00", "Operation":"OnlineRoleNum", "serverID":1, "OnLinePlayerNum":1}
{"LogTime":"2018-01-07 12:54:00", "Operation":"OnlineRoleNum", "serverID":1, "OnLinePlayerNum":1}
{"LogTime":"2018-01-07 12:56:00", "Operation":"OnlineRoleNum", "serverID":1, "OnLinePlayerNum":1}
{"LogTime":"2018-01-07 12:58:00", "Operation":"OnlineRoleNum", "serverID":1, "OnLinePlayerNum":1}
{"LogTime":"2018-01-07 13:00:00", "Operation":"OnlineRoleNum", "serverID":1, "OnLinePlayerNum":1}
{"LogTime":"2018-01-07 13:00:22", "Operation":"Chat", "serverID":1, "deviceID":"e098e0b29d22709c80f915244b3ce820df419fb2", "ClientApp_ver":20151212, "account_id":"817", "account_Name":"s078", "role_id":1800200602, "role_ChangeLife":2, "role_name":"黯雨虐心", "role_level":99, "vip":6, "ip":"192.168.88.62:22866 ", "content":"-addid 黯雨虐心 63083 1 0 5 5 0 0", "channel":"System", "chat_time":"2018-01-07 13:00:22", "reason":0, "input_type":0}
{"LogTime":"2018-01-07 13:01:24", "Operation":"LogoutRole", "ip":"192.168.88.62:22866 ", "deviceID":"e098e0b29d22709c80f915244b3ce820df419fb2", "ClientApp_ver":20151212, "serverID":1, "account_id":"817", "account_Name":"s078", "role_id":1800200602, "role_name":"黯雨虐心", "create_time":"2018-01-04 15:09:45", "role_ChangeLife":2, "role_level":99, "vip":6, "left_yuanbao":999990996, "left_free_yuanbao":5080, "left_Money":5040, "left_Bind_Money":1001972, "logout_time":"2018-01-07 13:01:24", "Online_time":58721, "player_message":"{\"FriendCount\":0, \"CurExp\":16949200, \"CombatForce\":106437, \"PKPoint\":0, \"BangGong\":0}"}
{"LogTime":"2018-01-07 13:01:38", "Operation":"LoginRole", "ip":"192.168.88.62:51641 ", "deviceID":"e098e0b29d22709c80f915244b3ce820df419fb2", "ClientApp_ver":0, "serverID":1, "account_id":"817", "account_Name":"s078", "role_id":1800200551, "role_name":"s078", "create_time":"2017-12-28 17:26:32", "role_ChangeLife":10, "vip":7, "left_Money":10105640, "left_Bind_Money":9847300, "left_yuanbao":999990996, "left_free_yuanbao":10105770, "role_level":100, "login_time":"2018-01-07 13:01:38", "last_logout_time":"2018-01-06 17:35:05", "player_message":"{\"FriendCount\":0, \"CurExp\":2027328628, \"CombatForce\":69615, \"TotalOnlineSecs\":20667, \"PKPoint\":0, \"BangGong\":80}"}
{"LogTime":"2018-01-07 13:02:00", "Operation":"OnlineRoleNum", "serverID":1, "OnLinePlayerNum":1}
{"LogTime":"2018-01-07 13:02:18", "Operation":"LogoutRole", "ip":"192.168.88.62:51641 ", "deviceID":"e098e0b29d22709c80f915244b3ce820df419fb2", "ClientApp_ver":20151212, "serverID":1, "account_id":"817", "account_Name":"s078", "role_id":1800200551, "role_name":"s078", "create_time":"2017-12-28 17:26:32", "role_ChangeLife":10, "role_level":100, "vip":7, "left_yuanbao":999990996, "left_free_yuanbao":10105770, "left_Money":10105640, "left_Bind_Money":9847300, "logout_time":"2018-01-07 13:02:18", "Online_time":20697, "player_message":"{\"FriendCount\":0, \"CurExp\":2027328628, \"CombatForce\":69615, \"PKPoint\":0, \"BangGong\":80}"}
{"LogTime":"2018-01-07 13:04:00", "Operation":"OnlineRoleNum", "serverID":1, "OnLinePlayerNum":0}
{"LogTime":"2018-01-07 13:06:00", "Operation":"OnlineRoleNum", "serverID":1, "OnLinePlayerNum":0}
{"LogTime":"2018-01-07 13:07:38", "Operation":"LoginRole", "ip":"192.168.88.62:51858 ", "deviceID":"e098e0b29d22709c80f915244b3ce820df419fb2", "ClientApp_ver":0, "serverID":1, "account_id":"817", "account_Name":"s078", "role_id":1800200602, "role_name":"黯雨虐心", "create_time":"2018-01-04 15:09:45", "role_ChangeLife":2, "vip":6, "left_Money":5040, "left_Bind_Money":1001972, "left_yuanbao":999990996, "left_free_yuanbao":5080, "role_level":99, "login_time":"2018-01-07 13:07:38", "last_logout_time":"2018-01-07 13:01:24", "player_message":"{\"FriendCount\":0, \"CurExp\":16949200, \"CombatForce\":106437, \"TotalOnlineSecs\":58721, \"PKPoint\":0, \"BangGong\":0}"}
{"LogTime":"2018-01-07 13:08:00", "Operation":"OnlineRoleNum", "serverID":1, "OnLinePlayerNum":1}
{"LogTime":"2018-01-07 13:10:00", "Operation":"OnlineRoleNum", "serverID":1, "OnLinePlayerNum":1}
{"LogTime":"2018-01-07 13:12:00", "Operation":"OnlineRoleNum", "serverID":1, "OnLinePlayerNum":1}
{"LogTime":"2018-01-07 13:13:02", "Operation":"LogoutRole", "ip":"192.168.88.62:51858 ", "deviceID":"e098e0b29d22709c80f915244b3ce820df419fb2", "ClientApp_ver":20151212, "serverID":1, "account_id":"817", "account_Name":"s078", "role_id":1800200602, "role_name":"黯雨虐心", "create_time":"2018-01-04 15:09:45", "role_ChangeLife":2, "role_level":99, "vip":6, "left_yuanbao":999990996, "left_free_yuanbao":5080, "left_Money":5040, "left_Bind_Money":1001972, "logout_time":"2018-01-07 13:13:02", "Online_time":59041, "player_message":"{\"FriendCount\":0, \"CurExp\":16949200, \"CombatForce\":106437, \"PKPoint\":0, \"BangGong\":0}"}
{"LogTime":"2018-01-07 13:14:00", "Operation":"OnlineRoleNum", "serverID":1, "OnLinePlayerNum":0}
{"LogTime":"2018-01-07 13:16:00", "Operation":"OnlineRoleNum", "serverID":1, "OnLinePlayerNum":0}
{"LogTime":"2018-01-07 13:18:00", "Operation":"OnlineRoleNum", "serverID":1, "OnLinePlayerNum":0}
{"LogTime":"2018-01-07 13:20:00", "Operation":"OnlineRoleNum", "serverID":1, "OnLinePlayerNum":0}
{"LogTime":"2018-01-07 13:22:00", "Operation":"OnlineRoleNum", "serverID":1, "OnLinePlayerNum":0}
{"LogTime":"2018-01-07 13:24:00", "Operation":"OnlineRoleNum", "serverID":1, "OnLinePlayerNum":0}
{"LogTime":"2018-01-07 13:26:00", "Operation":"OnlineRoleNum", "serverID":1, "OnLinePlayerNum":0}
{"LogTime":"2018-01-07 13:27:31", "Operation":"LoginRole", "ip":"192.168.88.62:52502 ", "deviceID":"e098e0b29d22709c80f915244b3ce820df419fb2", "ClientApp_ver":0, "serverID":1, "account_id":"817", "account_Name":"s078", "role_id":1800200602, "role_name":"黯雨虐心", "create_time":"2018-01-04 15:09:45", "role_ChangeLife":2, "vip":6, "left_Money":5040, "left_Bind_Money":1001972, "left_yuanbao":999990996, "left_free_yuanbao":5080, "role_level":99, "login_time":"2018-01-07 13:27:31", "last_logout_time":"2018-01-07 13:13:02", "player_message":"{\"FriendCount\":0, \"CurExp\":16949200, \"CombatForce\":106437, \"TotalOnlineSecs\":59041, \"PKPoint\":0, \"BangGong\":0}"}
{"LogTime":"2018-01-07 13:27:34", "Operation":"Chat", "serverID":1, "deviceID":"e098e0b29d22709c80f915244b3ce820df419fb2", "ClientApp_ver":20151212, "account_id":"817", "account_Name":"s078", "role_id":1800200602, "role_ChangeLife":2, "role_name":"黯雨虐心", "role_level":99, "vip":6, "ip":"192.168.88.62:52502 ", "content":"-addid 黯雨虐心 65025 1 0 5 5 0 0", "channel":"System", "chat_time":"2018-01-07 13:27:34", "reason":0, "input_type":0}
{"LogTime":"2018-01-07 13:27:35", "Operation":"Chat", "serverID":1, "deviceID":"e098e0b29d22709c80f915244b3ce820df419fb2", "ClientApp_ver":20151212, "account_id":"817", "account_Name":"s078", "role_id":1800200602, "role_ChangeLife":2, "role_name":"黯雨虐心", "role_level":99, "vip":6, "ip":"192.168.88.62:52502 ", "content":"-addid 黯雨虐心 65025 1 0 5 5 0 0", "channel":"System", "chat_time":"2018-01-07 13:27:35", "reason":0, "input_type":0}
{"LogTime":"2018-01-07 13:27:35", "Operation":"Chat", "serverID":1, "deviceID":"e098e0b29d22709c80f915244b3ce820df419fb2", "ClientApp_ver":20151212, "account_id":"817", "account_Name":"s078", "role_id":1800200602, "role_ChangeLife":2, "role_name":"黯雨虐心", "role_level":99, "vip":6, "ip":"192.168.88.62:52502 ", "content":"-addid 黯雨虐心 65025 1 0 5 5 0 0", "channel":"System", "chat_time":"2018-01-07 13:27:35", "reason":0, "input_type":0}
{"LogTime":"2018-01-07 13:27:35", "Operation":"Chat", "serverID":1, "deviceID":"e098e0b29d22709c80f915244b3ce820df419fb2", "ClientApp_ver":20151212, "account_id":"817", "account_Name":"s078", "role_id":1800200602, "role_ChangeLife":2, "role_name":"黯雨虐心", "role_level":99, "vip":6, "ip":"192.168.88.62:52502 ", "content":"-addid 黯雨虐心 65025 1 0 5 5 0 0", "channel":"System", "chat_time":"2018-01-07 13:27:35", "reason":0, "input_type":0}
{"LogTime":"2018-01-07 13:27:35", "Operation":"Chat", "serverID":1, "deviceID":"e098e0b29d22709c80f915244b3ce820df419fb2", "ClientApp_ver":20151212, "account_id":"817", "account_Name":"s078", "role_id":1800200602, "role_ChangeLife":2, "role_name":"黯雨虐心", "role_level":99, "vip":6, "ip":"192.168.88.62:52502 ", "content":"-addid 黯雨虐心 65025 1 0 5 5 0 0", "channel":"System", "chat_time":"2018-01-07 13:27:35", "reason":0, "input_type":0}
{"LogTime":"2018-01-07 13:27:35", "Operation":"Chat", "serverID":1, "deviceID":"e098e0b29d22709c80f915244b3ce820df419fb2", "ClientApp_ver":20151212, "account_id":"817", "account_Name":"s078", "role_id":1800200602, "role_ChangeLife":2, "role_name":"黯雨虐心", "role_level":99, "vip":6, "ip":"192.168.88.62:52502 ", "content":"-addid 黯雨虐心 65025 1 0 5 5 0 0", "channel":"System", "chat_time":"2018-01-07 13:27:35", "reason":0, "input_type":0}
{"LogTime":"2018-01-07 13:27:45", "Operation":"YuanbaoGain", "serverID":1, "deviceID":"e098e0b29d22709c80f915244b3ce820df419fb2", "ClientApp_ver":20151212, "account_id":"817", "account_Name":"s078", "role_id":1800200602, "role_name":"黯雨虐心", "role_ChangeLife":2, "role_level":99, "vip":6, "ip":"192.168.88.62:52502 ", "reason":"ADD_DJ公式", "Gain_yuanbao":30, "left_yuanbao":999991026, "left_free_yuanbao":5080, "gain_time":"2018-01-07 13:27:45"}
{"LogTime":"2018-01-07 13:27:53", "Operation":"Chat", "serverID":1, "deviceID":"e098e0b29d22709c80f915244b3ce820df419fb2", "ClientApp_ver":20151212, "account_id":"817", "account_Name":"s078", "role_id":1800200602, "role_ChangeLife":2, "role_name":"黯雨虐心", "role_level":99, "vip":6, "ip":"192.168.88.62:52502 ", "content":"-addid 黯雨虐心 65025 1 0 5 5 0 0", "channel":"System", "chat_time":"2018-01-07 13:27:53", "reason":0, "input_type":0}
{"LogTime":"2018-01-07 13:27:54", "Operation":"Chat", "serverID":1, "deviceID":"e098e0b29d22709c80f915244b3ce820df419fb2", "ClientApp_ver":20151212, "account_id":"817", "account_Name":"s078", "role_id":1800200602, "role_ChangeLife":2, "role_name":"黯雨虐心", "role_level":99, "vip":6, "ip":"192.168.88.62:52502 ", "content":"-addid 黯雨虐心 65025 1 0 5 5 0 0", "channel":"System", "chat_time":"2018-01-07 13:27:54", "reason":0, "input_type":0}
{"LogTime":"2018-01-07 13:27:54", "Operation":"Chat", "serverID":1, "deviceID":"e098e0b29d22709c80f915244b3ce820df419fb2", "ClientApp_ver":20151212, "account_id":"817", "account_Name":"s078", "role_id":1800200602, "role_ChangeLife":2, "role_name":"黯雨虐心", "role_level":99, "vip":6, "ip":"192.168.88.62:52502 ", "content":"-addid 黯雨虐心 65025 1 0 5 5 0 0", "channel":"System", "chat_time":"2018-01-07 13:27:54", "reason":0, "input_type":0}
{"LogTime":"2018-01-07 13:28:00", "Operation":"OnlineRoleNum", "serverID":1, "OnLinePlayerNum":1}
{"LogTime":"2018-01-07 13:29:34", "Operation":"Chat", "serverID":1, "deviceID":"e098e0b29d22709c80f915244b3ce820df419fb2", "ClientApp_ver":20151212, "account_id":"817", "account_Name":"s078", "role_id":1800200602, "role_ChangeLife":2, "role_name":"黯雨虐心", "role_level":99, "vip":6, "ip":"192.168.88.62:52502 ", "content":"-addid 黯雨虐心 65035 1 0 5 5 0 0", "channel":"System", "chat_time":"2018-01-07 13:29:34", "reason":0, "input_type":0}
{"LogTime":"2018-01-07 13:30:00", "Operation":"OnlineRoleNum", "serverID":1, "OnLinePlayerNum":1}
{"LogTime":"2018-01-07 13:32:00", "Operation":"OnlineRoleNum", "serverID":1, "OnLinePlayerNum":1}
{"LogTime":"2018-01-07 13:32:56", "Operation":"LogoutRole", "ip":"192.168.88.62:52502 ", "deviceID":"e098e0b29d22709c80f915244b3ce820df419fb2", "ClientApp_ver":20151212, "serverID":1, "account_id":"817", "account_Name":"s078", "role_id":1800200602, "role_name":"黯雨虐心", "create_time":"2018-01-04 15:09:45", "role_ChangeLife":2, "role_level":99, "vip":6, "left_yuanbao":999991026, "left_free_yuanbao":5080, "left_Money":5040, "left_Bind_Money":1869138, "logout_time":"2018-01-07 13:32:56", "Online_time":59361, "player_message":"{\"FriendCount\":0, \"CurExp\":16949200, \"CombatForce\":106437, \"PKPoint\":0, \"BangGong\":0}"}
{"LogTime":"2018-01-07 13:36:00", "Operation":"OnlineRoleNum", "serverID":1, "OnLinePlayerNum":0}
{"LogTime":"2018-01-07 13:38:00", "Operation":"OnlineRoleNum", "serverID":1, "OnLinePlayerNum":0}
{"LogTime":"2018-01-07 13:40:00", "Operation":"OnlineRoleNum", "serverID":1, "OnLinePlayerNum":0}
{"LogTime":"2018-01-07 13:42:00", "Operation":"OnlineRoleNum", "serverID":1, "OnLinePlayerNum":0}
{"LogTime":"2018-01-07 13:44:00", "Operation":"OnlineRoleNum", "serverID":1, "OnLinePlayerNum":0}
{"LogTime":"2018-01-07 13:46:00", "Operation":"OnlineRoleNum", "serverID":1, "OnLinePlayerNum":0}
{"LogTime":"2018-01-07 13:48:00", "Operation":"OnlineRoleNum", "serverID":1, "OnLinePlayerNum":0}
{"LogTime":"2018-01-07 13:50:00", "Operation":"OnlineRoleNum", "serverID":1, "OnLinePlayerNum":0}
{"LogTime":"2018-01-07 13:52:00", "Operation":"OnlineRoleNum", "serverID":1, "OnLinePlayerNum":0}
{"LogTime":"2018-01-07 13:54:00", "Operation":"OnlineRoleNum", "serverID":1, "OnLinePlayerNum":0}
{"LogTime":"2018-01-07 13:56:00", "Operation":"OnlineRoleNum", "serverID":1, "OnLinePlayerNum":0}
{"LogTime":"2018-01-07 13:58:00", "Operation":"OnlineRoleNum", "serverID":1, "OnLinePlayerNum":0}
{"LogTime":"2018-01-07 14:00:00", "Operation":"OnlineRoleNum", "serverID":1, "OnLinePlayerNum":0}
{"LogTime":"2018-01-07 14:02:00", "Operation":"OnlineRoleNum", "serverID":1, "OnLinePlayerNum":0}
{"LogTime":"2018-01-07 14:04:00", "Operation":"OnlineRoleNum", "serverID":1, "OnLinePlayerNum":0}
{"LogTime":"2018-01-07 14:06:00", "Operation":"OnlineRoleNum", "serverID":1, "OnLinePlayerNum":0}
{"LogTime":"2018-01-07 14:08:00", "Operation":"OnlineRoleNum", "serverID":1, "OnLinePlayerNum":0}
{"LogTime":"2018-01-07 14:10:00", "Operation":"OnlineRoleNum", "serverID":1, "OnLinePlayerNum":0}
{"LogTime":"2018-01-07 14:12:00", "Operation":"OnlineRoleNum", "serverID":1, "OnLinePlayerNum":0}
{"LogTime":"2018-01-07 14:14:00", "Operation":"OnlineRoleNum", "serverID":1, "OnLinePlayerNum":0}
{"LogTime":"2018-01-07 14:16:00", "Operation":"OnlineRoleNum", "serverID":1, "OnLinePlayerNum":0}
{"LogTime":"2018-01-07 14:18:00", "Operation":"OnlineRoleNum", "serverID":1, "OnLinePlayerNum":0}
{"LogTime":"2018-01-07 14:20:00", "Operation":"OnlineRoleNum", "serverID":1, "OnLinePlayerNum":0}
{"LogTime":"2018-01-07 14:22:00", "Operation":"OnlineRoleNum", "serverID":1, "OnLinePlayerNum":0}
{"LogTime":"2018-01-07 14:24:00", "Operation":"OnlineRoleNum", "serverID":1, "OnLinePlayerNum":0}
{"LogTime":"2018-01-07 14:26:00", "Operation":"OnlineRoleNum", "serverID":1, "OnLinePlayerNum":0}
{"LogTime":"2018-01-07 14:28:00", "Operation":"OnlineRoleNum", "serverID":1, "OnLinePlayerNum":0}
{"LogTime":"2018-01-07 14:30:00", "Operation":"OnlineRoleNum", "serverID":1, "OnLinePlayerNum":0}
{"LogTime":"2018-01-07 14:32:00", "Operation":"OnlineRoleNum", "serverID":1, "OnLinePlayerNum":0}
{"LogTime":"2018-01-07 14:34:00", "Operation":"OnlineRoleNum", "serverID":1, "OnLinePlayerNum":0}
{"LogTime":"2018-01-07 14:36:00", "Operation":"OnlineRoleNum", "serverID":1, "OnLinePlayerNum":0}
{"LogTime":"2018-01-07 14:38:00", "Operation":"OnlineRoleNum", "serverID":1, "OnLinePlayerNum":0}
{"LogTime":"2018-01-07 14:40:00", "Operation":"OnlineRoleNum", "serverID":1, "OnLinePlayerNum":0}
{"LogTime":"2018-01-07 14:41:05", "Operation":"LoginRole", "ip":"192.168.88.62:56225 ", "deviceID":"e098e0b29d22709c80f915244b3ce820df419fb2", "ClientApp_ver":0, "serverID":1, "account_id":"817", "account_Name":"s078", "role_id":1800200602, "role_name":"黯雨虐心", "create_time":"2018-01-04 15:09:45", "role_ChangeLife":2, "vip":6, "left_Money":5080, "left_Bind_Money":1869138, "left_yuanbao":999991026, "left_free_yuanbao":5080, "role_level":99, "login_time":"2018-01-07 14:41:05", "last_logout_time":"2018-01-07 13:32:56", "player_message":"{\"FriendCount\":0, \"CurExp\":16949200, \"CombatForce\":106437, \"TotalOnlineSecs\":59361, \"PKPoint\":0, \"BangGong\":0}"}
{"LogTime":"2018-01-07 14:42:00", "Operation":"OnlineRoleNum", "serverID":1, "OnLinePlayerNum":1}
{"LogTime":"2018-01-07 14:44:00", "Operation":"OnlineRoleNum", "serverID":1, "OnLinePlayerNum":1}
{"LogTime":"2018-01-07 14:46:00", "Operation":"OnlineRoleNum", "serverID":1, "OnLinePlayerNum":1}
{"LogTime":"2018-01-07 14:48:00", "Operation":"OnlineRoleNum", "serverID":1, "OnLinePlayerNum":1}
{"LogTime":"2018-01-07 14:49:07", "Operation":"LogoutRole", "ip":"192.168.88.62:56225 ", "deviceID":"e098e0b29d22709c80f915244b3ce820df419fb2", "ClientApp_ver":20151212, "serverID":1, "account_id":"817", "account_Name":"s078", "role_id":1800200602, "role_name":"黯雨虐心", "create_time":"2018-01-04 15:09:45", "role_ChangeLife":2, "role_level":99, "vip":6, "left_yuanbao":999991026, "left_free_yuanbao":5080, "left_Money":5080, "left_Bind_Money":1869138, "logout_time":"2018-01-07 14:49:07", "Online_time":59842, "player_message":"{\"FriendCount\":0, \"CurExp\":16949200, \"CombatForce\":106437, \"PKPoint\":0, \"BangGong\":0}"}
{"LogTime":"2018-01-07 14:50:00", "Operation":"OnlineRoleNum", "serverID":1, "OnLinePlayerNum":0}
{"LogTime":"2018-01-07 14:52:00", "Operation":"OnlineRoleNum", "serverID":1, "OnLinePlayerNum":0}
{"LogTime":"2018-01-07 14:54:00", "Operation":"OnlineRoleNum", "serverID":1, "OnLinePlayerNum":0}
{"LogTime":"2018-01-07 14:56:00", "Operation":"OnlineRoleNum", "serverID":1, "OnLinePlayerNum":0}
{"LogTime":"2018-01-07 14:58:00", "Operation":"OnlineRoleNum", "serverID":1, "OnLinePlayerNum":0}
{"LogTime":"2018-01-07 15:00:00", "Operation":"OnlineRoleNum", "serverID":1, "OnLinePlayerNum":0}
{"LogTime":"2018-01-07 15:02:00", "Operation":"OnlineRoleNum", "serverID":1, "OnLinePlayerNum":0}
{"LogTime":"2018-01-07 15:04:00", "Operation":"OnlineRoleNum", "serverID":1, "OnLinePlayerNum":0}
{"LogTime":"2018-01-07 15:06:00", "Operation":"OnlineRoleNum", "serverID":1, "OnLinePlayerNum":0}
{"LogTime":"2018-01-07 15:08:00", "Operation":"OnlineRoleNum", "serverID":1, "OnLinePlayerNum":0}
{"LogTime":"2018-01-07 15:10:00", "Operation":"OnlineRoleNum", "serverID":1, "OnLinePlayerNum":0}
{"LogTime":"2018-01-07 15:12:00", "Operation":"OnlineRoleNum", "serverID":1, "OnLinePlayerNum":0}
{"LogTime":"2018-01-07 15:14:00", "Operation":"OnlineRoleNum", "serverID":1, "OnLinePlayerNum":0}
{"LogTime":"2018-01-07 15:16:00", "Operation":"OnlineRoleNum", "serverID":1, "OnLinePlayerNum":0}
{"LogTime":"2018-01-07 15:18:00", "Operation":"OnlineRoleNum", "serverID":1, "OnLinePlayerNum":0}
{"LogTime":"2018-01-07 15:20:00", "Operation":"OnlineRoleNum", "serverID":1, "OnLinePlayerNum":0}
{"LogTime":"2018-01-07 15:22:00", "Operation":"OnlineRoleNum", "serverID":1, "OnLinePlayerNum":0}
{"LogTime":"2018-01-07 15:24:00", "Operation":"OnlineRoleNum", "serverID":1, "OnLinePlayerNum":0}
{"LogTime":"2018-01-07 15:26:00", "Operation":"OnlineRoleNum", "serverID":1, "OnLinePlayerNum":0}
{"LogTime":"2018-01-07 15:28:00", "Operation":"OnlineRoleNum", "serverID":1, "OnLinePlayerNum":0}
{"LogTime":"2018-01-07 15:30:00", "Operation":"OnlineRoleNum", "serverID":1, "OnLinePlayerNum":0}
{"LogTime":"2018-01-07 15:32:00", "Operation":"OnlineRoleNum", "serverID":1, "OnLinePlayerNum":0}
{"LogTime":"2018-01-07 15:34:00", "Operation":"OnlineRoleNum", "serverID":1, "OnLinePlayerNum":0}
{"LogTime":"2018-01-07 15:36:00", "Operation":"OnlineRoleNum", "serverID":1, "OnLinePlayerNum":0}
{"LogTime":"2018-01-07 15:38:00", "Operation":"OnlineRoleNum", "serverID":1, "OnLinePlayerNum":0}
{"LogTime":"2018-01-07 15:40:00", "Operation":"OnlineRoleNum", "serverID":1, "OnLinePlayerNum":0}
{"LogTime":"2018-01-07 15:42:00", "Operation":"OnlineRoleNum", "serverID":1, "OnLinePlayerNum":0}
{"LogTime":"2018-01-07 15:44:00", "Operation":"OnlineRoleNum", "serverID":1, "OnLinePlayerNum":0}
{"LogTime":"2018-01-07 15:46:00", "Operation":"OnlineRoleNum", "serverID":1, "OnLinePlayerNum":0}
{"LogTime":"2018-01-07 15:48:00", "Operation":"OnlineRoleNum", "serverID":1, "OnLinePlayerNum":0}
{"LogTime":"2018-01-07 15:50:00", "Operation":"OnlineRoleNum", "serverID":1, "OnLinePlayerNum":0}
{"LogTime":"2018-01-07 15:52:00", "Operation":"OnlineRoleNum", "serverID":1, "OnLinePlayerNum":0}
{"LogTime":"2018-01-07 15:54:00", "Operation":"OnlineRoleNum", "serverID":1, "OnLinePlayerNum":0}
{"LogTime":"2018-01-07 15:56:00", "Operation":"OnlineRoleNum", "serverID":1, "OnLinePlayerNum":0}
{"LogTime":"2018-01-07 15:58:00", "Operation":"OnlineRoleNum", "serverID":1, "OnLinePlayerNum":0}
{"LogTime":"2018-01-07 16:02:00", "Operation":"OnlineRoleNum", "serverID":1, "OnLinePlayerNum":0}
{"LogTime":"2018-01-07 16:04:00", "Operation":"OnlineRoleNum", "serverID":1, "OnLinePlayerNum":0}
{"LogTime":"2018-01-07 16:06:00", "Operation":"OnlineRoleNum", "serverID":1, "OnLinePlayerNum":0}
{"LogTime":"2018-01-07 16:08:00", "Operation":"OnlineRoleNum", "serverID":1, "OnLinePlayerNum":0}
{"LogTime":"2018-01-07 16:10:00", "Operation":"OnlineRoleNum", "serverID":1, "OnLinePlayerNum":0}
{"LogTime":"2018-01-07 16:12:00", "Operation":"OnlineRoleNum", "serverID":1, "OnLinePlayerNum":0}
{"LogTime":"2018-01-07 16:14:00", "Operation":"OnlineRoleNum", "serverID":1, "OnLinePlayerNum":0}
{"LogTime":"2018-01-07 16:16:00", "Operation":"OnlineRoleNum", "serverID":1, "OnLinePlayerNum":0}
{"LogTime":"2018-01-07 16:18:00", "Operation":"OnlineRoleNum", "serverID":1, "OnLinePlayerNum":0}
{"LogTime":"2018-01-07 16:20:00", "Operation":"OnlineRoleNum", "serverID":1, "OnLinePlayerNum":0}
{"LogTime":"2018-01-07 16:22:00", "Operation":"OnlineRoleNum", "serverID":1, "OnLinePlayerNum":0}
{"LogTime":"2018-01-07 16:24:00", "Operation":"OnlineRoleNum", "serverID":1, "OnLinePlayerNum":0}
{"LogTime":"2018-01-07 16:26:00", "Operation":"OnlineRoleNum", "serverID":1, "OnLinePlayerNum":0}
{"LogTime":"2018-01-07 16:28:00", "Operation":"OnlineRoleNum", "serverID":1, "OnLinePlayerNum":0}
{"LogTime":"2018-01-07 16:30:00", "Operation":"OnlineRoleNum", "serverID":1, "OnLinePlayerNum":0}
{"LogTime":"2018-01-07 16:32:00", "Operation":"OnlineRoleNum", "serverID":1, "OnLinePlayerNum":0}
{"LogTime":"2018-01-07 16:34:00", "Operation":"OnlineRoleNum", "serverID":1, "OnLinePlayerNum":0}
{"LogTime":"2018-01-07 16:36:00", "Operation":"OnlineRoleNum", "serverID":1, "OnLinePlayerNum":0}
{"LogTime":"2018-01-07 16:38:00", "Operation":"OnlineRoleNum", "serverID":1, "OnLinePlayerNum":0}
{"LogTime":"2018-01-07 16:40:00", "Operation":"OnlineRoleNum", "serverID":1, "OnLinePlayerNum":0}
{"LogTime":"2018-01-07 16:42:00", "Operation":"OnlineRoleNum", "serverID":1, "OnLinePlayerNum":0}
{"LogTime":"2018-01-07 16:44:00", "Operation":"OnlineRoleNum", "serverID":1, "OnLinePlayerNum":0}
{"LogTime":"2018-01-07 16:46:00", "Operation":"OnlineRoleNum", "serverID":1, "OnLinePlayerNum":0}
{"LogTime":"2018-01-07 16:48:00", "Operation":"OnlineRoleNum", "serverID":1, "OnLinePlayerNum":0}
{"LogTime":"2018-01-07 16:50:00", "Operation":"OnlineRoleNum", "serverID":1, "OnLinePlayerNum":0}
{"LogTime":"2018-01-07 16:52:00", "Operation":"OnlineRoleNum", "serverID":1, "OnLinePlayerNum":0}
{"LogTime":"2018-01-07 16:54:00", "Operation":"OnlineRoleNum", "serverID":1, "OnLinePlayerNum":0}
{"LogTime":"2018-01-07 16:56:00", "Operation":"OnlineRoleNum", "serverID":1, "OnLinePlayerNum":0}
{"LogTime":"2018-01-07 16:58:00", "Operation":"OnlineRoleNum", "serverID":1, "OnLinePlayerNum":0}
{"LogTime":"2018-01-07 17:00:00", "Operation":"OnlineRoleNum", "serverID":1, "OnLinePlayerNum":0}
{"LogTime":"2018-01-07 17:02:00", "Operation":"OnlineRoleNum", "serverID":1, "OnLinePlayerNum":0}
{"LogTime":"2018-01-07 17:04:00", "Operation":"OnlineRoleNum", "serverID":1, "OnLinePlayerNum":0}
{"LogTime":"2018-01-07 17:06:00", "Operation":"OnlineRoleNum", "serverID":1, "OnLinePlayerNum":0}
{"LogTime":"2018-01-07 17:08:00", "Operation":"OnlineRoleNum", "serverID":1, "OnLinePlayerNum":0}
{"LogTime":"2018-01-07 17:10:00", "Operation":"OnlineRoleNum", "serverID":1, "OnLinePlayerNum":0}
{"LogTime":"2018-01-07 17:12:00", "Operation":"OnlineRoleNum", "serverID":1, "OnLinePlayerNum":0}
{"LogTime":"2018-01-07 17:14:00", "Operation":"OnlineRoleNum", "serverID":1, "OnLinePlayerNum":0}
{"LogTime":"2018-01-07 17:16:00", "Operation":"OnlineRoleNum", "serverID":1, "OnLinePlayerNum":0}
{"LogTime":"2018-01-07 17:18:00", "Operation":"OnlineRoleNum", "serverID":1, "OnLinePlayerNum":0}
{"LogTime":"2018-01-07 17:20:00", "Operation":"OnlineRoleNum", "serverID":1, "OnLinePlayerNum":0}
{"LogTime":"2018-01-07 17:22:00", "Operation":"OnlineRoleNum", "serverID":1, "OnLinePlayerNum":0}
{"LogTime":"2018-01-07 17:24:00", "Operation":"OnlineRoleNum", "serverID":1, "OnLinePlayerNum":0}
{"LogTime":"2018-01-07 17:26:00", "Operation":"OnlineRoleNum", "serverID":1, "OnLinePlayerNum":0}
{"LogTime":"2018-01-07 17:28:00", "Operation":"OnlineRoleNum", "serverID":1, "OnLinePlayerNum":0}
{"LogTime":"2018-01-07 17:30:00", "Operation":"OnlineRoleNum", "serverID":1, "OnLinePlayerNum":0}
{"LogTime":"2018-01-07 17:32:00", "Operation":"OnlineRoleNum", "serverID":1, "OnLinePlayerNum":0}
{"LogTime":"2018-01-07 17:34:00", "Operation":"OnlineRoleNum", "serverID":1, "OnLinePlayerNum":0}
{"LogTime":"2018-01-07 17:36:00", "Operation":"OnlineRoleNum", "serverID":1, "OnLinePlayerNum":0}
{"LogTime":"2018-01-07 17:38:00", "Operation":"OnlineRoleNum", "serverID":1, "OnLinePlayerNum":0}
{"LogTime":"2018-01-07 17:40:00", "Operation":"OnlineRoleNum", "serverID":1, "OnLinePlayerNum":0}
{"LogTime":"2018-01-07 17:42:00", "Operation":"OnlineRoleNum", "serverID":1, "OnLinePlayerNum":0}
{"LogTime":"2018-01-07 17:44:00", "Operation":"OnlineRoleNum", "serverID":1, "OnLinePlayerNum":0}
{"LogTime":"2018-01-07 17:46:00", "Operation":"OnlineRoleNum", "serverID":1, "OnLinePlayerNum":0}
{"LogTime":"2018-01-07 17:48:00", "Operation":"OnlineRoleNum", "serverID":1, "OnLinePlayerNum":0}
{"LogTime":"2018-01-07 17:50:00", "Operation":"OnlineRoleNum", "serverID":1, "OnLinePlayerNum":0}
{"LogTime":"2018-01-07 17:52:00", "Operation":"OnlineRoleNum", "serverID":1, "OnLinePlayerNum":0}
{"LogTime":"2018-01-07 17:54:00", "Operation":"OnlineRoleNum", "serverID":1, "OnLinePlayerNum":0}
{"LogTime":"2018-01-07 17:56:00", "Operation":"OnlineRoleNum", "serverID":1, "OnLinePlayerNum":0}
{"LogTime":"2018-01-07 17:58:00", "Operation":"OnlineRoleNum", "serverID":1, "OnLinePlayerNum":0}
{"LogTime":"2018-01-07 18:00:00", "Operation":"OnlineRoleNum", "serverID":1, "OnLinePlayerNum":0}
{"LogTime":"2018-01-07 18:02:00", "Operation":"OnlineRoleNum", "serverID":1, "OnLinePlayerNum":0}
{"LogTime":"2018-01-07 18:04:00", "Operation":"OnlineRoleNum", "serverID":1, "OnLinePlayerNum":0}
{"LogTime":"2018-01-07 18:06:00", "Operation":"OnlineRoleNum", "serverID":1, "OnLinePlayerNum":0}
{"LogTime":"2018-01-07 18:08:00", "Operation":"OnlineRoleNum", "serverID":1, "OnLinePlayerNum":0}
{"LogTime":"2018-01-07 18:10:00", "Operation":"OnlineRoleNum", "serverID":1, "OnLinePlayerNum":0}
{"LogTime":"2018-01-07 18:12:00", "Operation":"OnlineRoleNum", "serverID":1, "OnLinePlayerNum":0}
{"LogTime":"2018-01-07 18:14:00", "Operation":"OnlineRoleNum", "serverID":1, "OnLinePlayerNum":0}
{"LogTime":"2018-01-07 18:16:00", "Operation":"OnlineRoleNum", "serverID":1, "OnLinePlayerNum":0}
{"LogTime":"2018-01-07 18:18:00", "Operation":"OnlineRoleNum", "serverID":1, "OnLinePlayerNum":0}
{"LogTime":"2018-01-07 18:20:00", "Operation":"OnlineRoleNum", "serverID":1, "OnLinePlayerNum":0}
{"LogTime":"2018-01-07 18:22:00", "Operation":"OnlineRoleNum", "serverID":1, "OnLinePlayerNum":0}
{"LogTime":"2018-01-07 18:24:00", "Operation":"OnlineRoleNum", "serverID":1, "OnLinePlayerNum":0}
{"LogTime":"2018-01-07 18:26:00", "Operation":"OnlineRoleNum", "serverID":1, "OnLinePlayerNum":0}
{"LogTime":"2018-01-07 18:28:00", "Operation":"OnlineRoleNum", "serverID":1, "OnLinePlayerNum":0}
{"LogTime":"2018-01-07 18:30:00", "Operation":"OnlineRoleNum", "serverID":1, "OnLinePlayerNum":0}
{"LogTime":"2018-01-07 18:32:00", "Operation":"OnlineRoleNum", "serverID":1, "OnLinePlayerNum":0}
{"LogTime":"2018-01-07 18:34:00", "Operation":"OnlineRoleNum", "serverID":1, "OnLinePlayerNum":0}
{"LogTime":"2018-01-07 18:36:00", "Operation":"OnlineRoleNum", "serverID":1, "OnLinePlayerNum":0}
{"LogTime":"2018-01-07 18:38:00", "Operation":"OnlineRoleNum", "serverID":1, "OnLinePlayerNum":0}
{"LogTime":"2018-01-07 18:40:00", "Operation":"OnlineRoleNum", "serverID":1, "OnLinePlayerNum":0}
{"LogTime":"2018-01-07 18:42:00", "Operation":"OnlineRoleNum", "serverID":1, "OnLinePlayerNum":0}
{"LogTime":"2018-01-07 18:44:00", "Operation":"OnlineRoleNum", "serverID":1, "OnLinePlayerNum":0}
{"LogTime":"2018-01-07 18:46:00", "Operation":"OnlineRoleNum", "serverID":1, "OnLinePlayerNum":0}
{"LogTime":"2018-01-07 18:48:00", "Operation":"OnlineRoleNum", "serverID":1, "OnLinePlayerNum":0}
{"LogTime":"2018-01-07 18:50:00", "Operation":"OnlineRoleNum", "serverID":1, "OnLinePlayerNum":0}
{"LogTime":"2018-01-07 18:52:00", "Operation":"OnlineRoleNum", "serverID":1, "OnLinePlayerNum":0}
{"LogTime":"2018-01-07 18:54:00", "Operation":"OnlineRoleNum", "serverID":1, "OnLinePlayerNum":0}
{"LogTime":"2018-01-07 18:56:00", "Operation":"OnlineRoleNum", "serverID":1, "OnLinePlayerNum":0}
{"LogTime":"2018-01-07 18:58:00", "Operation":"OnlineRoleNum", "serverID":1, "OnLinePlayerNum":0}
{"LogTime":"2018-01-07 19:00:00", "Operation":"OnlineRoleNum", "serverID":1, "OnLinePlayerNum":0}
{"LogTime":"2018-01-07 19:02:00", "Operation":"OnlineRoleNum", "serverID":1, "OnLinePlayerNum":0}
{"LogTime":"2018-01-07 19:04:00", "Operation":"OnlineRoleNum", "serverID":1, "OnLinePlayerNum":0}
{"LogTime":"2018-01-07 19:06:00", "Operation":"OnlineRoleNum", "serverID":1, "OnLinePlayerNum":0}
{"LogTime":"2018-01-07 19:08:00", "Operation":"OnlineRoleNum", "serverID":1, "OnLinePlayerNum":0}
{"LogTime":"2018-01-07 19:10:00", "Operation":"OnlineRoleNum", "serverID":1, "OnLinePlayerNum":0}
{"LogTime":"2018-01-07 19:12:00", "Operation":"OnlineRoleNum", "serverID":1, "OnLinePlayerNum":0}
{"LogTime":"2018-01-07 19:14:00", "Operation":"OnlineRoleNum", "serverID":1, "OnLinePlayerNum":0}
{"LogTime":"2018-01-07 19:16:00", "Operation":"OnlineRoleNum", "serverID":1, "OnLinePlayerNum":0}
{"LogTime":"2018-01-07 19:18:00", "Operation":"OnlineRoleNum", "serverID":1, "OnLinePlayerNum":0}
{"LogTime":"2018-01-07 19:20:00", "Operation":"OnlineRoleNum", "serverID":1, "OnLinePlayerNum":0}
{"LogTime":"2018-01-07 19:22:00", "Operation":"OnlineRoleNum", "serverID":1, "OnLinePlayerNum":0}
{"LogTime":"2018-01-07 19:24:00", "Operation":"OnlineRoleNum", "serverID":1, "OnLinePlayerNum":0}
{"LogTime":"2018-01-07 19:26:00", "Operation":"OnlineRoleNum", "serverID":1, "OnLinePlayerNum":0}
{"LogTime":"2018-01-07 19:28:00", "Operation":"OnlineRoleNum", "serverID":1, "OnLinePlayerNum":0}
{"LogTime":"2018-01-07 19:30:00", "Operation":"OnlineRoleNum", "serverID":1, "OnLinePlayerNum":0}
{"LogTime":"2018-01-07 19:32:00", "Operation":"OnlineRoleNum", "serverID":1, "OnLinePlayerNum":0}
{"LogTime":"2018-01-07 19:34:00", "Operation":"OnlineRoleNum", "serverID":1, "OnLinePlayerNum":0}
{"LogTime":"2018-01-07 19:36:00", "Operation":"OnlineRoleNum", "serverID":1, "OnLinePlayerNum":0}
{"LogTime":"2018-01-07 19:38:00", "Operation":"OnlineRoleNum", "serverID":1, "OnLinePlayerNum":0}
{"LogTime":"2018-01-07 19:40:00", "Operation":"OnlineRoleNum", "serverID":1, "OnLinePlayerNum":0}
{"LogTime":"2018-01-07 19:42:00", "Operation":"OnlineRoleNum", "serverID":1, "OnLinePlayerNum":0}
{"LogTime":"2018-01-07 19:44:00", "Operation":"OnlineRoleNum", "serverID":1, "OnLinePlayerNum":0}
{"LogTime":"2018-01-07 19:46:00", "Operation":"OnlineRoleNum", "serverID":1, "OnLinePlayerNum":0}
{"LogTime":"2018-01-07 19:48:00", "Operation":"OnlineRoleNum", "serverID":1, "OnLinePlayerNum":0}
{"LogTime":"2018-01-07 19:50:00", "Operation":"OnlineRoleNum", "serverID":1, "OnLinePlayerNum":0}
{"LogTime":"2018-01-07 19:52:00", "Operation":"OnlineRoleNum", "serverID":1, "OnLinePlayerNum":0}
{"LogTime":"2018-01-07 19:54:00", "Operation":"OnlineRoleNum", "serverID":1, "OnLinePlayerNum":0}
{"LogTime":"2018-01-07 19:56:00", "Operation":"OnlineRoleNum", "serverID":1, "OnLinePlayerNum":0}
{"LogTime":"2018-01-07 19:58:00", "Operation":"OnlineRoleNum", "serverID":1, "OnLinePlayerNum":0}
{"LogTime":"2018-01-07 20:00:00", "Operation":"OnlineRoleNum", "serverID":1, "OnLinePlayerNum":0}
{"LogTime":"2018-01-07 20:02:00", "Operation":"OnlineRoleNum", "serverID":1, "OnLinePlayerNum":0}
{"LogTime":"2018-01-07 20:04:00", "Operation":"OnlineRoleNum", "serverID":1, "OnLinePlayerNum":0}
{"LogTime":"2018-01-07 20:06:00", "Operation":"OnlineRoleNum", "serverID":1, "OnLinePlayerNum":0}
{"LogTime":"2018-01-07 20:08:00", "Operation":"OnlineRoleNum", "serverID":1, "OnLinePlayerNum":0}
{"LogTime":"2018-01-07 20:10:00", "Operation":"OnlineRoleNum", "serverID":1, "OnLinePlayerNum":0}
{"LogTime":"2018-01-07 20:12:00", "Operation":"OnlineRoleNum", "serverID":1, "OnLinePlayerNum":0}
{"LogTime":"2018-01-07 20:14:00", "Operation":"OnlineRoleNum", "serverID":1, "OnLinePlayerNum":0}
{"LogTime":"2018-01-07 20:16:00", "Operation":"OnlineRoleNum", "serverID":1, "OnLinePlayerNum":0}
{"LogTime":"2018-01-07 20:18:00", "Operation":"OnlineRoleNum", "serverID":1, "OnLinePlayerNum":0}
{"LogTime":"2018-01-07 20:20:00", "Operation":"OnlineRoleNum", "serverID":1, "OnLinePlayerNum":0}
{"LogTime":"2018-01-07 20:22:00", "Operation":"OnlineRoleNum", "serverID":1, "OnLinePlayerNum":0}
{"LogTime":"2018-01-07 20:24:00", "Operation":"OnlineRoleNum", "serverID":1, "OnLinePlayerNum":0}
{"LogTime":"2018-01-07 20:26:00", "Operation":"OnlineRoleNum", "serverID":1, "OnLinePlayerNum":0}
{"LogTime":"2018-01-07 20:28:00", "Operation":"OnlineRoleNum", "serverID":1, "OnLinePlayerNum":0}
{"LogTime":"2018-01-07 20:30:00", "Operation":"OnlineRoleNum", "serverID":1, "OnLinePlayerNum":0}
{"LogTime":"2018-01-07 20:32:00", "Operation":"OnlineRoleNum", "serverID":1, "OnLinePlayerNum":0}
{"LogTime":"2018-01-07 20:34:00", "Operation":"OnlineRoleNum", "serverID":1, "OnLinePlayerNum":0}
{"LogTime":"2018-01-07 20:36:00", "Operation":"OnlineRoleNum", "serverID":1, "OnLinePlayerNum":0}
{"LogTime":"2018-01-07 20:38:00", "Operation":"OnlineRoleNum", "serverID":1, "OnLinePlayerNum":0}
{"LogTime":"2018-01-07 20:40:00", "Operation":"OnlineRoleNum", "serverID":1, "OnLinePlayerNum":0}
{"LogTime":"2018-01-07 20:42:00", "Operation":"OnlineRoleNum", "serverID":1, "OnLinePlayerNum":0}
{"LogTime":"2018-01-07 20:44:00", "Operation":"OnlineRoleNum", "serverID":1, "OnLinePlayerNum":0}
{"LogTime":"2018-01-07 20:46:00", "Operation":"OnlineRoleNum", "serverID":1, "OnLinePlayerNum":0}
{"LogTime":"2018-01-07 20:48:00", "Operation":"OnlineRoleNum", "serverID":1, "OnLinePlayerNum":0}
{"LogTime":"2018-01-07 20:50:00", "Operation":"OnlineRoleNum", "serverID":1, "OnLinePlayerNum":0}
{"LogTime":"2018-01-07 20:52:00", "Operation":"OnlineRoleNum", "serverID":1, "OnLinePlayerNum":0}
{"LogTime":"2018-01-07 20:54:00", "Operation":"OnlineRoleNum", "serverID":1, "OnLinePlayerNum":0}
{"LogTime":"2018-01-07 20:56:00", "Operation":"OnlineRoleNum", "serverID":1, "OnLinePlayerNum":0}
{"LogTime":"2018-01-07 20:58:00", "Operation":"OnlineRoleNum", "serverID":1, "OnLinePlayerNum":0}
{"LogTime":"2018-01-07 21:00:00", "Operation":"OnlineRoleNum", "serverID":1, "OnLinePlayerNum":0}
{"LogTime":"2018-01-07 21:02:00", "Operation":"OnlineRoleNum", "serverID":1, "OnLinePlayerNum":0}
{"LogTime":"2018-01-07 21:04:00", "Operation":"OnlineRoleNum", "serverID":1, "OnLinePlayerNum":0}
{"LogTime":"2018-01-07 21:06:00", "Operation":"OnlineRoleNum", "serverID":1, "OnLinePlayerNum":0}
{"LogTime":"2018-01-07 21:08:00", "Operation":"OnlineRoleNum", "serverID":1, "OnLinePlayerNum":0}
{"LogTime":"2018-01-07 21:10:00", "Operation":"OnlineRoleNum", "serverID":1, "OnLinePlayerNum":0}
{"LogTime":"2018-01-07 21:14:00", "Operation":"OnlineRoleNum", "serverID":1, "OnLinePlayerNum":0}
{"LogTime":"2018-01-07 21:16:00", "Operation":"OnlineRoleNum", "serverID":1, "OnLinePlayerNum":0}
{"LogTime":"2018-01-07 21:18:00", "Operation":"OnlineRoleNum", "serverID":1, "OnLinePlayerNum":0}
{"LogTime":"2018-01-07 21:20:00", "Operation":"OnlineRoleNum", "serverID":1, "OnLinePlayerNum":0}
{"LogTime":"2018-01-07 21:22:00", "Operation":"OnlineRoleNum", "serverID":1, "OnLinePlayerNum":0}
{"LogTime":"2018-01-07 21:24:00", "Operation":"OnlineRoleNum", "serverID":1, "OnLinePlayerNum":0}
{"LogTime":"2018-01-07 21:26:00", "Operation":"OnlineRoleNum", "serverID":1, "OnLinePlayerNum":0}
{"LogTime":"2018-01-07 21:28:00", "Operation":"OnlineRoleNum", "serverID":1, "OnLinePlayerNum":0}
{"LogTime":"2018-01-07 21:30:00", "Operation":"OnlineRoleNum", "serverID":1, "OnLinePlayerNum":0}
{"LogTime":"2018-01-07 21:32:00", "Operation":"OnlineRoleNum", "serverID":1, "OnLinePlayerNum":0}
{"LogTime":"2018-01-07 21:34:00", "Operation":"OnlineRoleNum", "serverID":1, "OnLinePlayerNum":0}
{"LogTime":"2018-01-07 21:36:00", "Operation":"OnlineRoleNum", "serverID":1, "OnLinePlayerNum":0}
{"LogTime":"2018-01-07 21:38:00", "Operation":"OnlineRoleNum", "serverID":1, "OnLinePlayerNum":0}
{"LogTime":"2018-01-07 21:40:00", "Operation":"OnlineRoleNum", "serverID":1, "OnLinePlayerNum":0}
{"LogTime":"2018-01-07 21:42:00", "Operation":"OnlineRoleNum", "serverID":1, "OnLinePlayerNum":0}
{"LogTime":"2018-01-07 21:44:00", "Operation":"OnlineRoleNum", "serverID":1, "OnLinePlayerNum":0}
{"LogTime":"2018-01-07 21:46:00", "Operation":"OnlineRoleNum", "serverID":1, "OnLinePlayerNum":0}
{"LogTime":"2018-01-07 21:48:00", "Operation":"OnlineRoleNum", "serverID":1, "OnLinePlayerNum":0}
{"LogTime":"2018-01-07 21:50:00", "Operation":"OnlineRoleNum", "serverID":1, "OnLinePlayerNum":0}
{"LogTime":"2018-01-07 21:52:00", "Operation":"OnlineRoleNum", "serverID":1, "OnLinePlayerNum":0}
{"LogTime":"2018-01-07 21:54:00", "Operation":"OnlineRoleNum", "serverID":1, "OnLinePlayerNum":0}
{"LogTime":"2018-01-07 21:56:00", "Operation":"OnlineRoleNum", "serverID":1, "OnLinePlayerNum":0}
{"LogTime":"2018-01-07 21:58:00", "Operation":"OnlineRoleNum", "serverID":1, "OnLinePlayerNum":0}
{"LogTime":"2018-01-07 22:00:00", "Operation":"OnlineRoleNum", "serverID":1, "OnLinePlayerNum":0}
{"LogTime":"2018-01-07 22:02:00", "Operation":"OnlineRoleNum", "serverID":1, "OnLinePlayerNum":0}
{"LogTime":"2018-01-07 22:04:00", "Operation":"OnlineRoleNum", "serverID":1, "OnLinePlayerNum":0}
{"LogTime":"2018-01-07 22:06:00", "Operation":"OnlineRoleNum", "serverID":1, "OnLinePlayerNum":0}
{"LogTime":"2018-01-07 22:08:00", "Operation":"OnlineRoleNum", "serverID":1, "OnLinePlayerNum":0}
{"LogTime":"2018-01-07 22:10:00", "Operation":"OnlineRoleNum", "serverID":1, "OnLinePlayerNum":0}
{"LogTime":"2018-01-07 22:12:00", "Operation":"OnlineRoleNum", "serverID":1, "OnLinePlayerNum":0}
{"LogTime":"2018-01-07 22:14:00", "Operation":"OnlineRoleNum", "serverID":1, "OnLinePlayerNum":0}
{"LogTime":"2018-01-07 22:16:00", "Operation":"OnlineRoleNum", "serverID":1, "OnLinePlayerNum":0}
{"LogTime":"2018-01-07 22:18:00", "Operation":"OnlineRoleNum", "serverID":1, "OnLinePlayerNum":0}
{"LogTime":"2018-01-07 22:20:00", "Operation":"OnlineRoleNum", "serverID":1, "OnLinePlayerNum":0}
{"LogTime":"2018-01-07 22:22:00", "Operation":"OnlineRoleNum", "serverID":1, "OnLinePlayerNum":0}
{"LogTime":"2018-01-07 22:24:00", "Operation":"OnlineRoleNum", "serverID":1, "OnLinePlayerNum":0}
{"LogTime":"2018-01-07 22:26:00", "Operation":"OnlineRoleNum", "serverID":1, "OnLinePlayerNum":0}
{"LogTime":"2018-01-07 22:28:00", "Operation":"OnlineRoleNum", "serverID":1, "OnLinePlayerNum":0}
{"LogTime":"2018-01-07 22:30:00", "Operation":"OnlineRoleNum", "serverID":1, "OnLinePlayerNum":0}
{"LogTime":"2018-01-07 22:32:00", "Operation":"OnlineRoleNum", "serverID":1, "OnLinePlayerNum":0}
{"LogTime":"2018-01-07 22:34:00", "Operation":"OnlineRoleNum", "serverID":1, "OnLinePlayerNum":0}
{"LogTime":"2018-01-07 22:36:00", "Operation":"OnlineRoleNum", "serverID":1, "OnLinePlayerNum":0}
{"LogTime":"2018-01-07 22:38:00", "Operation":"OnlineRoleNum", "serverID":1, "OnLinePlayerNum":0}
{"LogTime":"2018-01-07 22:40:00", "Operation":"OnlineRoleNum", "serverID":1, "OnLinePlayerNum":0}
{"LogTime":"2018-01-07 22:42:00", "Operation":"OnlineRoleNum", "serverID":1, "OnLinePlayerNum":0}
{"LogTime":"2018-01-07 22:44:00", "Operation":"OnlineRoleNum", "serverID":1, "OnLinePlayerNum":0}
{"LogTime":"2018-01-07 22:46:00", "Operation":"OnlineRoleNum", "serverID":1, "OnLinePlayerNum":0}
{"LogTime":"2018-01-07 22:48:00", "Operation":"OnlineRoleNum", "serverID":1, "OnLinePlayerNum":0}
{"LogTime":"2018-01-07 22:50:00", "Operation":"OnlineRoleNum", "serverID":1, "OnLinePlayerNum":0}
{"LogTime":"2018-01-07 22:52:00", "Operation":"OnlineRoleNum", "serverID":1, "OnLinePlayerNum":0}
{"LogTime":"2018-01-07 22:54:00", "Operation":"OnlineRoleNum", "serverID":1, "OnLinePlayerNum":0}
{"LogTime":"2018-01-07 22:56:00", "Operation":"OnlineRoleNum", "serverID":1, "OnLinePlayerNum":0}
{"LogTime":"2018-01-07 22:58:00", "Operation":"OnlineRoleNum", "serverID":1, "OnLinePlayerNum":0}
{"LogTime":"2018-01-07 23:00:00", "Operation":"OnlineRoleNum", "serverID":1, "OnLinePlayerNum":0}
{"LogTime":"2018-01-07 23:02:00", "Operation":"OnlineRoleNum", "serverID":1, "OnLinePlayerNum":0}
{"LogTime":"2018-01-07 23:04:00", "Operation":"OnlineRoleNum", "serverID":1, "OnLinePlayerNum":0}
{"LogTime":"2018-01-07 23:06:00", "Operation":"OnlineRoleNum", "serverID":1, "OnLinePlayerNum":0}
{"LogTime":"2018-01-07 23:08:00", "Operation":"OnlineRoleNum", "serverID":1, "OnLinePlayerNum":0}
{"LogTime":"2018-01-07 23:10:00", "Operation":"OnlineRoleNum", "serverID":1, "OnLinePlayerNum":0}
{"LogTime":"2018-01-07 23:12:00", "Operation":"OnlineRoleNum", "serverID":1, "OnLinePlayerNum":0}
{"LogTime":"2018-01-07 23:14:00", "Operation":"OnlineRoleNum", "serverID":1, "OnLinePlayerNum":0}
{"LogTime":"2018-01-07 23:16:00", "Operation":"OnlineRoleNum", "serverID":1, "OnLinePlayerNum":0}
{"LogTime":"2018-01-07 23:18:00", "Operation":"OnlineRoleNum", "serverID":1, "OnLinePlayerNum":0}
{"LogTime":"2018-01-07 23:20:00", "Operation":"OnlineRoleNum", "serverID":1, "OnLinePlayerNum":0}
{"LogTime":"2018-01-07 23:22:00", "Operation":"OnlineRoleNum", "serverID":1, "OnLinePlayerNum":0}
{"LogTime":"2018-01-07 23:24:00", "Operation":"OnlineRoleNum", "serverID":1, "OnLinePlayerNum":0}
{"LogTime":"2018-01-07 23:26:00", "Operation":"OnlineRoleNum", "serverID":1, "OnLinePlayerNum":0}
{"LogTime":"2018-01-07 23:28:00", "Operation":"OnlineRoleNum", "serverID":1, "OnLinePlayerNum":0}
{"LogTime":"2018-01-07 23:30:00", "Operation":"OnlineRoleNum", "serverID":1, "OnLinePlayerNum":0}
{"LogTime":"2018-01-07 23:32:00", "Operation":"OnlineRoleNum", "serverID":1, "OnLinePlayerNum":0}
{"LogTime":"2018-01-07 23:34:00", "Operation":"OnlineRoleNum", "serverID":1, "OnLinePlayerNum":0}
{"LogTime":"2018-01-07 23:36:00", "Operation":"OnlineRoleNum", "serverID":1, "OnLinePlayerNum":0}
{"LogTime":"2018-01-07 23:38:00", "Operation":"OnlineRoleNum", "serverID":1, "OnLinePlayerNum":0}
{"LogTime":"2018-01-07 23:40:00", "Operation":"OnlineRoleNum", "serverID":1, "OnLinePlayerNum":0}
{"LogTime":"2018-01-07 23:42:00", "Operation":"OnlineRoleNum", "serverID":1, "OnLinePlayerNum":0}
{"LogTime":"2018-01-07 23:44:00", "Operation":"OnlineRoleNum", "serverID":1, "OnLinePlayerNum":0}
{"LogTime":"2018-01-07 23:46:00", "Operation":"OnlineRoleNum", "serverID":1, "OnLinePlayerNum":0}
{"LogTime":"2018-01-07 23:48:00", "Operation":"OnlineRoleNum", "serverID":1, "OnLinePlayerNum":0}
{"LogTime":"2018-01-07 23:50:00", "Operation":"OnlineRoleNum", "serverID":1, "OnLinePlayerNum":0}
{"LogTime":"2018-01-07 23:52:00", "Operation":"OnlineRoleNum", "serverID":1, "OnLinePlayerNum":0}
{"LogTime":"2018-01-07 23:54:00", "Operation":"OnlineRoleNum", "serverID":1, "OnLinePlayerNum":0}
{"LogTime":"2018-01-07 23:56:00", "Operation":"OnlineRoleNum", "serverID":1, "OnLinePlayerNum":0}
{"LogTime":"2018-01-07 23:58:00", "Operation":"OnlineRoleNum", "serverID":1, "OnLinePlayerNum":0}
