[ 2018-03-01T17:49:19+08:00 ] ::1 /index.php?m=Home&c=ActivityLevel&a=index
INFO: [ app_init ] --START--
INFO: Run Behavior\BuildLiteBehavior [ RunTime:0.000008s ]
INFO: [ app_init ] --END-- [ RunTime:0.000437s ]
INFO: [ app_begin ] --START--
INFO: Run Behavior\ReadHtmlCacheBehavior [ RunTime:0.000572s ]
INFO: [ app_begin ] --END-- [ RunTime:0.000606s ]
SQL: SHOW COLUMNS FROM `admin` [ RunTime:0.0117s ]
SQL: SELECT * FROM `admin` WHERE ( user_name='admin' and password='nanjingcongyu719' ) LIMIT 1   [ RunTime:0.0004s ]
SQL: SELECT * FROM `admin` WHERE ( id=1 ) LIMIT 1   [ RunTime:0.0003s ]
SQL: SHOW COLUMNS FROM `admin_auth_type` [ RunTime:0.0100s ]
SQL: SELECT * FROM `admin_auth_type` WHERE ( id=9 ) LIMIT 1   [ RunTime:0.0003s ]
SQL: SELECT * FROM `admin_auth_type` WHERE ( id=9 ) LIMIT 1   [ RunTime:0.0004s ]
SQL: SHOW COLUMNS FROM `admin_auth_rule` [ RunTime:0.0099s ]
SQL: SELECT * FROM `admin_auth_rule` WHERE ( name='ActivityLevel/index' ) LIMIT 1   [ RunTime:0.0003s ]
SQL: SHOW COLUMNS FROM `db` [ RunTime:0.0100s ]
SQL: SELECT * FROM `db` WHERE ( game_id=1 ) ORDER BY db_id desc  [ RunTime:0.0003s ]
SQL: SHOW COLUMNS FROM `sign` [ RunTime:0.0097s ]
SQL: SELECT * FROM ( SELECT `game_user_id`,`level`,`start_time` FROM `sign` WHERE ( start_time>='2018-03-01 00:00:00' and start_time<='2018-03-01 23:59:59' ) ORDER BY start_time desc  )a GROUP BY game_user_id  [ RunTime:0.0033s ]
INFO: [ view_parse ] --START--
INFO: [ template_filter ] --START--
INFO: Run Behavior\ContentReplaceBehavior [ RunTime:0.000094s ]
INFO: [ template_filter ] --END-- [ RunTime:0.000129s ]
NOTIC: [8] Undefined variable: www_url E:\Alirefor\APP\Runtime\Cache\Home\b2198f2d1241b3f55a61f177255d891c.php 第 197 行.
NOTIC: [8] Undefined variable: Stime E:\Alirefor\APP\Runtime\Cache\Home\b2198f2d1241b3f55a61f177255d891c.php 第 284 行.
NOTIC: [8] Undefined variable: Stime E:\Alirefor\APP\Runtime\Cache\Home\b2198f2d1241b3f55a61f177255d891c.php 第 305 行.
INFO: Run Behavior\ParseTemplateBehavior [ RunTime:0.010614s ]
INFO: [ view_parse ] --END-- [ RunTime:0.010649s ]
INFO: [ view_filter ] --START--
INFO: Run Behavior\WriteHtmlCacheBehavior [ RunTime:0.000391s ]
INFO: [ view_filter ] --END-- [ RunTime:0.000422s ]
INFO: [ app_end ] --START--
INFO: Run Behavior\ShowPageTraceBehavior [ RunTime:0.000622s ]
INFO: [ app_end ] --END-- [ RunTime:0.000660s ]

[ 2018-03-01T17:49:29+08:00 ] ::1 /index.php?m=Home&c=ActivityLevel&a=index
INFO: [ app_init ] --START--
INFO: Run Behavior\BuildLiteBehavior [ RunTime:0.000008s ]
INFO: [ app_init ] --END-- [ RunTime:0.000449s ]
INFO: [ app_begin ] --START--
INFO: Run Behavior\ReadHtmlCacheBehavior [ RunTime:0.000564s ]
INFO: [ app_begin ] --END-- [ RunTime:0.000598s ]
SQL: SHOW COLUMNS FROM `admin` [ RunTime:0.0111s ]
SQL: SELECT * FROM `admin` WHERE ( user_name='admin' and password='nanjingcongyu719' ) LIMIT 1   [ RunTime:0.0004s ]
SQL: SELECT * FROM `admin` WHERE ( id=1 ) LIMIT 1   [ RunTime:0.0003s ]
SQL: SHOW COLUMNS FROM `admin_auth_type` [ RunTime:0.0100s ]
SQL: SELECT * FROM `admin_auth_type` WHERE ( id=9 ) LIMIT 1   [ RunTime:0.0003s ]
SQL: SELECT * FROM `admin_auth_type` WHERE ( id=9 ) LIMIT 1   [ RunTime:0.0003s ]
SQL: SHOW COLUMNS FROM `admin_auth_rule` [ RunTime:0.0100s ]
SQL: SELECT * FROM `admin_auth_rule` WHERE ( name='ActivityLevel/index' ) LIMIT 1   [ RunTime:0.0003s ]
SQL: SHOW COLUMNS FROM `db` [ RunTime:0.0102s ]
SQL: SELECT * FROM `db` WHERE ( game_id=1 ) ORDER BY db_id desc  [ RunTime:0.0004s ]
SQL: SHOW COLUMNS FROM `sign` [ RunTime:0.0125s ]
SQL: SELECT * FROM ( SELECT `game_user_id`,`level`,`start_time` FROM `sign` WHERE ( start_time>='2018-03-01 00:00:00' and start_time<='2018-03-01 23:59:59' ) ORDER BY start_time desc  )a GROUP BY game_user_id  [ RunTime:0.0050s ]
INFO: [ view_parse ] --START--
INFO: [ template_filter ] --START--
INFO: Run Behavior\ContentReplaceBehavior [ RunTime:0.000095s ]
INFO: [ template_filter ] --END-- [ RunTime:0.000135s ]
NOTIC: [8] Undefined variable: www_url E:\Alirefor\APP\Runtime\Cache\Home\b2198f2d1241b3f55a61f177255d891c.php 第 197 行.
NOTIC: [8] Undefined variable: Stime E:\Alirefor\APP\Runtime\Cache\Home\b2198f2d1241b3f55a61f177255d891c.php 第 284 行.
NOTIC: [8] Undefined variable: Stime E:\Alirefor\APP\Runtime\Cache\Home\b2198f2d1241b3f55a61f177255d891c.php 第 305 行.
INFO: Run Behavior\ParseTemplateBehavior [ RunTime:0.012194s ]
INFO: [ view_parse ] --END-- [ RunTime:0.012230s ]
INFO: [ view_filter ] --START--
INFO: Run Behavior\WriteHtmlCacheBehavior [ RunTime:0.000476s ]
INFO: [ view_filter ] --END-- [ RunTime:0.000508s ]
INFO: [ app_end ] --START--
INFO: Run Behavior\ShowPageTraceBehavior [ RunTime:0.000769s ]
INFO: [ app_end ] --END-- [ RunTime:0.000819s ]

[ 2018-03-01T17:49:36+08:00 ] ::1 /index.php?m=Home&c=ActivityLevel&a=index
INFO: [ app_init ] --START--
INFO: Run Behavior\BuildLiteBehavior [ RunTime:0.000007s ]
INFO: [ app_init ] --END-- [ RunTime:0.000416s ]
INFO: [ app_begin ] --START--
INFO: Run Behavior\ReadHtmlCacheBehavior [ RunTime:0.000548s ]
INFO: [ app_begin ] --END-- [ RunTime:0.000582s ]
SQL: SHOW COLUMNS FROM `admin` [ RunTime:0.0119s ]
SQL: SELECT * FROM `admin` WHERE ( user_name='admin' and password='nanjingcongyu719' ) LIMIT 1   [ RunTime:0.0004s ]
SQL: SELECT * FROM `admin` WHERE ( id=1 ) LIMIT 1   [ RunTime:0.0003s ]
SQL: SHOW COLUMNS FROM `admin_auth_type` [ RunTime:0.0094s ]
SQL: SELECT * FROM `admin_auth_type` WHERE ( id=9 ) LIMIT 1   [ RunTime:0.0002s ]
SQL: SELECT * FROM `admin_auth_type` WHERE ( id=9 ) LIMIT 1   [ RunTime:0.0003s ]
SQL: SHOW COLUMNS FROM `admin_auth_rule` [ RunTime:0.0371s ]
SQL: SELECT * FROM `admin_auth_rule` WHERE ( name='ActivityLevel/index' ) LIMIT 1   [ RunTime:0.0003s ]
SQL: SHOW COLUMNS FROM `db` [ RunTime:0.0098s ]
SQL: SELECT * FROM `db` WHERE ( game_id=1 ) ORDER BY db_id desc  [ RunTime:0.0003s ]
SQL: SHOW COLUMNS FROM `sign` [ RunTime:0.0119s ]
SQL: SELECT * FROM ( SELECT `game_user_id`,`level`,`start_time` FROM `sign` WHERE ( start_time>='2018-03-01 00:00:00' and start_time<='2018-03-01 23:59:59' ) ORDER BY start_time desc  )a GROUP BY game_user_id  [ RunTime:0.0035s ]
INFO: [ view_parse ] --START--
INFO: [ template_filter ] --START--
INFO: Run Behavior\ContentReplaceBehavior [ RunTime:0.000092s ]
INFO: [ template_filter ] --END-- [ RunTime:0.000130s ]
NOTIC: [8] Undefined variable: www_url E:\Alirefor\APP\Runtime\Cache\Home\b2198f2d1241b3f55a61f177255d891c.php 第 197 行.
NOTIC: [8] Undefined variable: Stime E:\Alirefor\APP\Runtime\Cache\Home\b2198f2d1241b3f55a61f177255d891c.php 第 284 行.
NOTIC: [8] Undefined variable: Stime E:\Alirefor\APP\Runtime\Cache\Home\b2198f2d1241b3f55a61f177255d891c.php 第 305 行.
INFO: Run Behavior\ParseTemplateBehavior [ RunTime:0.011063s ]
INFO: [ view_parse ] --END-- [ RunTime:0.011097s ]
INFO: [ view_filter ] --START--
INFO: Run Behavior\WriteHtmlCacheBehavior [ RunTime:0.000420s ]
INFO: [ view_filter ] --END-- [ RunTime:0.000448s ]
INFO: [ app_end ] --START--
INFO: Run Behavior\ShowPageTraceBehavior [ RunTime:0.000630s ]
INFO: [ app_end ] --END-- [ RunTime:0.000679s ]

[ 2018-03-01T17:49:43+08:00 ] ::1 /index.php?m=Home&c=ActivityLevel&a=index
INFO: [ app_init ] --START--
INFO: Run Behavior\BuildLiteBehavior [ RunTime:0.000008s ]
INFO: [ app_init ] --END-- [ RunTime:0.000431s ]
INFO: [ app_begin ] --START--
INFO: Run Behavior\ReadHtmlCacheBehavior [ RunTime:0.000566s ]
INFO: [ app_begin ] --END-- [ RunTime:0.000600s ]
SQL: SHOW COLUMNS FROM `admin` [ RunTime:0.0121s ]
SQL: SELECT * FROM `admin` WHERE ( user_name='admin' and password='nanjingcongyu719' ) LIMIT 1   [ RunTime:0.0004s ]
SQL: SELECT * FROM `admin` WHERE ( id=1 ) LIMIT 1   [ RunTime:0.0003s ]
SQL: SHOW COLUMNS FROM `admin_auth_type` [ RunTime:0.0096s ]
SQL: SELECT * FROM `admin_auth_type` WHERE ( id=9 ) LIMIT 1   [ RunTime:0.0002s ]
SQL: SELECT * FROM `admin_auth_type` WHERE ( id=9 ) LIMIT 1   [ RunTime:0.0002s ]
SQL: SHOW COLUMNS FROM `admin_auth_rule` [ RunTime:0.0100s ]
SQL: SELECT * FROM `admin_auth_rule` WHERE ( name='ActivityLevel/index' ) LIMIT 1   [ RunTime:0.0003s ]
SQL: SHOW COLUMNS FROM `db` [ RunTime:0.0114s ]
SQL: SELECT * FROM `db` WHERE ( game_id=1 ) ORDER BY db_id desc  [ RunTime:0.0003s ]
SQL: SHOW COLUMNS FROM `sign` [ RunTime:0.0104s ]
SQL: SELECT * FROM ( SELECT `game_user_id`,`level`,`start_time` FROM `sign` WHERE ( start_time>='2018-03-01 00:00:00' and start_time<='2018-03-01 23:59:59' ) ORDER BY start_time desc  )a GROUP BY game_user_id  [ RunTime:0.0033s ]
INFO: [ view_parse ] --START--
INFO: [ template_filter ] --START--
INFO: Run Behavior\ContentReplaceBehavior [ RunTime:0.000092s ]
INFO: [ template_filter ] --END-- [ RunTime:0.000128s ]
NOTIC: [8] Undefined variable: www_url E:\Alirefor\APP\Runtime\Cache\Home\b2198f2d1241b3f55a61f177255d891c.php 第 197 行.
NOTIC: [8] Undefined variable: Stime E:\Alirefor\APP\Runtime\Cache\Home\b2198f2d1241b3f55a61f177255d891c.php 第 284 行.
NOTIC: [8] Undefined variable: Stime E:\Alirefor\APP\Runtime\Cache\Home\b2198f2d1241b3f55a61f177255d891c.php 第 305 行.
INFO: Run Behavior\ParseTemplateBehavior [ RunTime:0.010789s ]
INFO: [ view_parse ] --END-- [ RunTime:0.010825s ]
INFO: [ view_filter ] --START--
INFO: Run Behavior\WriteHtmlCacheBehavior [ RunTime:0.000464s ]
INFO: [ view_filter ] --END-- [ RunTime:0.000490s ]
INFO: [ app_end ] --START--
INFO: Run Behavior\ShowPageTraceBehavior [ RunTime:0.000733s ]
INFO: [ app_end ] --END-- [ RunTime:0.000786s ]

[ 2018-03-01T17:49:49+08:00 ] ::1 /index.php?m=Home&c=ActivityLevel&a=index
INFO: [ app_init ] --START--
INFO: Run Behavior\BuildLiteBehavior [ RunTime:0.000008s ]
INFO: [ app_init ] --END-- [ RunTime:0.000401s ]
INFO: [ app_begin ] --START--
INFO: Run Behavior\ReadHtmlCacheBehavior [ RunTime:0.000528s ]
INFO: [ app_begin ] --END-- [ RunTime:0.000564s ]
SQL: SHOW COLUMNS FROM `admin` [ RunTime:0.0116s ]
SQL: SELECT * FROM `admin` WHERE ( user_name='admin' and password='nanjingcongyu719' ) LIMIT 1   [ RunTime:0.0004s ]
SQL: SELECT * FROM `admin` WHERE ( id=1 ) LIMIT 1   [ RunTime:0.0003s ]
SQL: SHOW COLUMNS FROM `admin_auth_type` [ RunTime:0.0101s ]
SQL: SELECT * FROM `admin_auth_type` WHERE ( id=9 ) LIMIT 1   [ RunTime:0.0003s ]
SQL: SELECT * FROM `admin_auth_type` WHERE ( id=9 ) LIMIT 1   [ RunTime:0.0003s ]
SQL: SHOW COLUMNS FROM `admin_auth_rule` [ RunTime:0.0100s ]
SQL: SELECT * FROM `admin_auth_rule` WHERE ( name='ActivityLevel/index' ) LIMIT 1   [ RunTime:0.0003s ]
SQL: SHOW COLUMNS FROM `db` [ RunTime:0.0116s ]
SQL: SELECT * FROM `db` WHERE ( game_id=1 ) ORDER BY db_id desc  [ RunTime:0.0004s ]
SQL: SHOW COLUMNS FROM `sign` [ RunTime:0.0100s ]
SQL: SELECT * FROM ( SELECT `game_user_id`,`level`,`start_time` FROM `sign` WHERE ( start_time>='2018-03-01 00:00:00' and start_time<='2018-03-01 23:59:59' ) ORDER BY start_time desc  )a GROUP BY game_user_id  [ RunTime:0.0032s ]
INFO: [ view_parse ] --START--
INFO: [ template_filter ] --START--
INFO: Run Behavior\ContentReplaceBehavior [ RunTime:0.000097s ]
INFO: [ template_filter ] --END-- [ RunTime:0.000175s ]
NOTIC: [8] Undefined variable: www_url E:\Alirefor\APP\Runtime\Cache\Home\b2198f2d1241b3f55a61f177255d891c.php 第 197 行.
NOTIC: [8] Undefined variable: Stime E:\Alirefor\APP\Runtime\Cache\Home\b2198f2d1241b3f55a61f177255d891c.php 第 284 行.
NOTIC: [8] Undefined variable: Stime E:\Alirefor\APP\Runtime\Cache\Home\b2198f2d1241b3f55a61f177255d891c.php 第 305 行.
INFO: Run Behavior\ParseTemplateBehavior [ RunTime:0.012002s ]
INFO: [ view_parse ] --END-- [ RunTime:0.012040s ]
INFO: [ view_filter ] --START--
INFO: Run Behavior\WriteHtmlCacheBehavior [ RunTime:0.000414s ]
INFO: [ view_filter ] --END-- [ RunTime:0.000443s ]
INFO: [ app_end ] --START--
INFO: Run Behavior\ShowPageTraceBehavior [ RunTime:0.000605s ]
INFO: [ app_end ] --END-- [ RunTime:0.000641s ]

[ 2018-03-01T17:49:55+08:00 ] ::1 /index.php?m=Home&c=ActivityLevel&a=index
INFO: [ app_init ] --START--
INFO: Run Behavior\BuildLiteBehavior [ RunTime:0.000008s ]
INFO: [ app_init ] --END-- [ RunTime:0.000472s ]
INFO: [ app_begin ] --START--
INFO: Run Behavior\ReadHtmlCacheBehavior [ RunTime:0.000546s ]
INFO: [ app_begin ] --END-- [ RunTime:0.000581s ]
SQL: SHOW COLUMNS FROM `admin` [ RunTime:0.0122s ]
SQL: SELECT * FROM `admin` WHERE ( user_name='admin' and password='nanjingcongyu719' ) LIMIT 1   [ RunTime:0.0004s ]
SQL: SELECT * FROM `admin` WHERE ( id=1 ) LIMIT 1   [ RunTime:0.0003s ]
SQL: SHOW COLUMNS FROM `admin_auth_type` [ RunTime:0.0097s ]
SQL: SELECT * FROM `admin_auth_type` WHERE ( id=9 ) LIMIT 1   [ RunTime:0.0003s ]
SQL: SELECT * FROM `admin_auth_type` WHERE ( id=9 ) LIMIT 1   [ RunTime:0.0002s ]
SQL: SHOW COLUMNS FROM `admin_auth_rule` [ RunTime:0.0105s ]
SQL: SELECT * FROM `admin_auth_rule` WHERE ( name='ActivityLevel/index' ) LIMIT 1   [ RunTime:0.0003s ]
SQL: SHOW COLUMNS FROM `db` [ RunTime:0.0107s ]
SQL: SELECT * FROM `db` WHERE ( game_id=1 ) ORDER BY db_id desc  [ RunTime:0.0003s ]
SQL: SHOW COLUMNS FROM `sign` [ RunTime:0.0101s ]
SQL: SELECT * FROM ( SELECT `game_user_id`,`level`,`start_time` FROM `sign` WHERE ( start_time>='2018-03-01 00:00:00' and start_time<='2018-03-01 23:59:59' ) ORDER BY start_time desc  )a GROUP BY game_user_id  [ RunTime:0.0035s ]
INFO: [ view_parse ] --START--
INFO: [ template_filter ] --START--
INFO: Run Behavior\ContentReplaceBehavior [ RunTime:0.000093s ]
INFO: [ template_filter ] --END-- [ RunTime:0.000128s ]
NOTIC: [8] Undefined variable: www_url E:\Alirefor\APP\Runtime\Cache\Home\b2198f2d1241b3f55a61f177255d891c.php 第 197 行.
NOTIC: [8] Undefined variable: Stime E:\Alirefor\APP\Runtime\Cache\Home\b2198f2d1241b3f55a61f177255d891c.php 第 284 行.
NOTIC: [8] Undefined variable: Stime E:\Alirefor\APP\Runtime\Cache\Home\b2198f2d1241b3f55a61f177255d891c.php 第 305 行.
INFO: Run Behavior\ParseTemplateBehavior [ RunTime:0.010509s ]
INFO: [ view_parse ] --END-- [ RunTime:0.010548s ]
INFO: [ view_filter ] --START--
INFO: Run Behavior\WriteHtmlCacheBehavior [ RunTime:0.000423s ]
INFO: [ view_filter ] --END-- [ RunTime:0.000461s ]
INFO: [ app_end ] --START--
INFO: Run Behavior\ShowPageTraceBehavior [ RunTime:0.000773s ]
INFO: [ app_end ] --END-- [ RunTime:0.000830s ]

[ 2018-03-01T17:49:57+08:00 ] ::1 /index.php?m=Home&c=ActivityLevel&a=index
INFO: [ app_init ] --START--
INFO: Run Behavior\BuildLiteBehavior [ RunTime:0.000008s ]
INFO: [ app_init ] --END-- [ RunTime:0.000472s ]
INFO: [ app_begin ] --START--
INFO: Run Behavior\ReadHtmlCacheBehavior [ RunTime:0.000573s ]
INFO: [ app_begin ] --END-- [ RunTime:0.000610s ]
SQL: SHOW COLUMNS FROM `admin` [ RunTime:0.0113s ]
SQL: SELECT * FROM `admin` WHERE ( user_name='admin' and password='nanjingcongyu719' ) LIMIT 1   [ RunTime:0.0004s ]
SQL: SELECT * FROM `admin` WHERE ( id=1 ) LIMIT 1   [ RunTime:0.0003s ]
SQL: SHOW COLUMNS FROM `admin_auth_type` [ RunTime:0.0102s ]
SQL: SELECT * FROM `admin_auth_type` WHERE ( id=9 ) LIMIT 1   [ RunTime:0.0003s ]
SQL: SELECT * FROM `admin_auth_type` WHERE ( id=9 ) LIMIT 1   [ RunTime:0.0003s ]
SQL: SHOW COLUMNS FROM `admin_auth_rule` [ RunTime:0.0100s ]
SQL: SELECT * FROM `admin_auth_rule` WHERE ( name='ActivityLevel/index' ) LIMIT 1   [ RunTime:0.0003s ]
SQL: SHOW COLUMNS FROM `db` [ RunTime:0.0106s ]
SQL: SELECT * FROM `db` WHERE ( game_id=1 ) ORDER BY db_id desc  [ RunTime:0.0003s ]
SQL: SHOW COLUMNS FROM `sign` [ RunTime:0.0103s ]
SQL: SELECT * FROM ( SELECT `game_user_id`,`level`,`start_time` FROM `sign` WHERE ( start_time>='2018-03-01 00:00:00' and start_time<='2018-03-01 23:59:59' ) ORDER BY start_time desc  )a GROUP BY game_user_id  [ RunTime:0.0033s ]
INFO: [ view_parse ] --START--
INFO: [ template_filter ] --START--
INFO: Run Behavior\ContentReplaceBehavior [ RunTime:0.000091s ]
INFO: [ template_filter ] --END-- [ RunTime:0.000122s ]
NOTIC: [8] Undefined variable: www_url E:\Alirefor\APP\Runtime\Cache\Home\b2198f2d1241b3f55a61f177255d891c.php 第 197 行.
NOTIC: [8] Undefined variable: Stime E:\Alirefor\APP\Runtime\Cache\Home\b2198f2d1241b3f55a61f177255d891c.php 第 284 行.
NOTIC: [8] Undefined variable: Stime E:\Alirefor\APP\Runtime\Cache\Home\b2198f2d1241b3f55a61f177255d891c.php 第 305 行.
INFO: Run Behavior\ParseTemplateBehavior [ RunTime:0.010341s ]
INFO: [ view_parse ] --END-- [ RunTime:0.010374s ]
INFO: [ view_filter ] --START--
INFO: Run Behavior\WriteHtmlCacheBehavior [ RunTime:0.000441s ]
INFO: [ view_filter ] --END-- [ RunTime:0.000467s ]
INFO: [ app_end ] --START--
INFO: Run Behavior\ShowPageTraceBehavior [ RunTime:0.000574s ]
INFO: [ app_end ] --END-- [ RunTime:0.000608s ]

[ 2018-03-01T17:50:05+08:00 ] ::1 /index.php?m=Home&c=ActivityLevel&a=index
INFO: [ app_init ] --START--
INFO: Run Behavior\BuildLiteBehavior [ RunTime:0.000007s ]
INFO: [ app_init ] --END-- [ RunTime:0.000435s ]
INFO: [ app_begin ] --START--
INFO: Run Behavior\ReadHtmlCacheBehavior [ RunTime:0.000557s ]
INFO: [ app_begin ] --END-- [ RunTime:0.000591s ]
SQL: SHOW COLUMNS FROM `admin` [ RunTime:0.0112s ]
SQL: SELECT * FROM `admin` WHERE ( user_name='admin' and password='nanjingcongyu719' ) LIMIT 1   [ RunTime:0.0004s ]
SQL: SELECT * FROM `admin` WHERE ( id=1 ) LIMIT 1   [ RunTime:0.0003s ]
SQL: SHOW COLUMNS FROM `admin_auth_type` [ RunTime:0.0092s ]
SQL: SELECT * FROM `admin_auth_type` WHERE ( id=9 ) LIMIT 1   [ RunTime:0.0002s ]
SQL: SELECT * FROM `admin_auth_type` WHERE ( id=9 ) LIMIT 1   [ RunTime:0.0002s ]
SQL: SHOW COLUMNS FROM `admin_auth_rule` [ RunTime:0.0105s ]
SQL: SELECT * FROM `admin_auth_rule` WHERE ( name='ActivityLevel/index' ) LIMIT 1   [ RunTime:0.0003s ]
SQL: SHOW COLUMNS FROM `db` [ RunTime:0.0095s ]
SQL: SELECT * FROM `db` WHERE ( game_id=1 ) ORDER BY db_id desc  [ RunTime:0.0003s ]
SQL: SHOW COLUMNS FROM `sign` [ RunTime:0.0095s ]
SQL: SELECT * FROM ( SELECT `game_user_id`,`level`,`start_time` FROM `sign` WHERE ( start_time>='2018-03-01 00:00:00' and start_time<='2018-03-01 23:59:59' ) ORDER BY start_time desc  )a GROUP BY game_user_id  [ RunTime:0.0040s ]
INFO: [ view_parse ] --START--
INFO: [ template_filter ] --START--
INFO: Run Behavior\ContentReplaceBehavior [ RunTime:0.000095s ]
INFO: [ template_filter ] --END-- [ RunTime:0.000140s ]
NOTIC: [8] Undefined variable: www_url E:\Alirefor\APP\Runtime\Cache\Home\b2198f2d1241b3f55a61f177255d891c.php 第 197 行.
NOTIC: [8] Undefined variable: Stime E:\Alirefor\APP\Runtime\Cache\Home\b2198f2d1241b3f55a61f177255d891c.php 第 284 行.
NOTIC: [8] Undefined variable: Stime E:\Alirefor\APP\Runtime\Cache\Home\b2198f2d1241b3f55a61f177255d891c.php 第 305 行.
INFO: Run Behavior\ParseTemplateBehavior [ RunTime:0.011172s ]
INFO: [ view_parse ] --END-- [ RunTime:0.011223s ]
INFO: [ view_filter ] --START--
INFO: Run Behavior\WriteHtmlCacheBehavior [ RunTime:0.000408s ]
INFO: [ view_filter ] --END-- [ RunTime:0.000438s ]
INFO: [ app_end ] --START--
INFO: Run Behavior\ShowPageTraceBehavior [ RunTime:0.000825s ]
INFO: [ app_end ] --END-- [ RunTime:0.000888s ]

[ 2018-03-01T17:50:18+08:00 ] ::1 /index.php?m=Home&c=ActivityLevel&a=index
INFO: [ app_init ] --START--
INFO: Run Behavior\BuildLiteBehavior [ RunTime:0.000011s ]
INFO: [ app_init ] --END-- [ RunTime:0.000482s ]
INFO: [ app_begin ] --START--
INFO: Run Behavior\ReadHtmlCacheBehavior [ RunTime:0.000564s ]
INFO: [ app_begin ] --END-- [ RunTime:0.000604s ]
SQL: SHOW COLUMNS FROM `admin` [ RunTime:0.0296s ]
SQL: SELECT * FROM `admin` WHERE ( user_name='admin' and password='nanjingcongyu719' ) LIMIT 1   [ RunTime:0.0006s ]
SQL: SELECT * FROM `admin` WHERE ( id=1 ) LIMIT 1   [ RunTime:0.0003s ]
SQL: SHOW COLUMNS FROM `admin_auth_type` [ RunTime:0.0097s ]
SQL: SELECT * FROM `admin_auth_type` WHERE ( id=9 ) LIMIT 1   [ RunTime:0.0002s ]
SQL: SELECT * FROM `admin_auth_type` WHERE ( id=9 ) LIMIT 1   [ RunTime:0.0002s ]
SQL: SHOW COLUMNS FROM `admin_auth_rule` [ RunTime:0.0103s ]
SQL: SELECT * FROM `admin_auth_rule` WHERE ( name='ActivityLevel/index' ) LIMIT 1   [ RunTime:0.0005s ]
SQL: SHOW COLUMNS FROM `db` [ RunTime:0.0114s ]
SQL: SELECT * FROM `db` WHERE ( game_id=1 ) ORDER BY db_id desc  [ RunTime:0.0004s ]
SQL: SHOW COLUMNS FROM `sign` [ RunTime:0.0116s ]
SQL: SELECT * FROM ( SELECT `game_user_id`,`level`,`start_time` FROM `sign` WHERE ( start_time>='2018-03-01 00:00:00' and start_time<='2018-03-01 23:59:59' ) ORDER BY start_time desc  )a GROUP BY game_user_id  [ RunTime:0.0049s ]
INFO: [ view_parse ] --START--
INFO: [ template_filter ] --START--
INFO: Run Behavior\ContentReplaceBehavior [ RunTime:0.000138s ]
INFO: [ template_filter ] --END-- [ RunTime:0.000218s ]
NOTIC: [8] Undefined variable: www_url E:\Alirefor\APP\Runtime\Cache\Home\b2198f2d1241b3f55a61f177255d891c.php 第 197 行.
NOTIC: [8] Undefined variable: Stime E:\Alirefor\APP\Runtime\Cache\Home\b2198f2d1241b3f55a61f177255d891c.php 第 284 行.
NOTIC: [8] Undefined variable: Stime E:\Alirefor\APP\Runtime\Cache\Home\b2198f2d1241b3f55a61f177255d891c.php 第 305 行.
INFO: Run Behavior\ParseTemplateBehavior [ RunTime:0.012490s ]
INFO: [ view_parse ] --END-- [ RunTime:0.012533s ]
INFO: [ view_filter ] --START--
INFO: Run Behavior\WriteHtmlCacheBehavior [ RunTime:0.000436s ]
INFO: [ view_filter ] --END-- [ RunTime:0.000467s ]
INFO: [ app_end ] --START--
INFO: Run Behavior\ShowPageTraceBehavior [ RunTime:0.000725s ]
INFO: [ app_end ] --END-- [ RunTime:0.000778s ]

[ 2018-03-01T17:50:29+08:00 ] ::1 /index.php?m=Home&c=ActivityLevel&a=index
INFO: [ app_init ] --START--
INFO: Run Behavior\BuildLiteBehavior [ RunTime:0.000008s ]
INFO: [ app_init ] --END-- [ RunTime:0.000422s ]
INFO: [ app_begin ] --START--
INFO: Run Behavior\ReadHtmlCacheBehavior [ RunTime:0.000626s ]
INFO: [ app_begin ] --END-- [ RunTime:0.000663s ]
SQL: SHOW COLUMNS FROM `admin` [ RunTime:0.0125s ]
SQL: SELECT * FROM `admin` WHERE ( user_name='admin' and password='nanjingcongyu719' ) LIMIT 1   [ RunTime:0.0004s ]
SQL: SELECT * FROM `admin` WHERE ( id=1 ) LIMIT 1   [ RunTime:0.0003s ]
SQL: SHOW COLUMNS FROM `admin_auth_type` [ RunTime:0.0100s ]
SQL: SELECT * FROM `admin_auth_type` WHERE ( id=9 ) LIMIT 1   [ RunTime:0.0003s ]
SQL: SELECT * FROM `admin_auth_type` WHERE ( id=9 ) LIMIT 1   [ RunTime:0.0003s ]
SQL: SHOW COLUMNS FROM `admin_auth_rule` [ RunTime:0.0106s ]
SQL: SELECT * FROM `admin_auth_rule` WHERE ( name='ActivityLevel/index' ) LIMIT 1   [ RunTime:0.0003s ]
SQL: SHOW COLUMNS FROM `db` [ RunTime:0.0112s ]
SQL: SELECT * FROM `db` WHERE ( game_id=1 ) ORDER BY db_id desc  [ RunTime:0.0004s ]
SQL: SHOW COLUMNS FROM `sign` [ RunTime:0.0099s ]
SQL: SELECT * FROM ( SELECT `game_user_id`,`level`,`start_time` FROM `sign` WHERE ( start_time>='2018-03-01 00:00:00' and start_time<='2018-03-01 23:59:59' ) ORDER BY start_time desc  )a GROUP BY game_user_id  [ RunTime:0.0032s ]
INFO: [ view_parse ] --START--
INFO: [ template_filter ] --START--
INFO: Run Behavior\ContentReplaceBehavior [ RunTime:0.000092s ]
INFO: [ template_filter ] --END-- [ RunTime:0.000130s ]
NOTIC: [8] Undefined variable: www_url E:\Alirefor\APP\Runtime\Cache\Home\b2198f2d1241b3f55a61f177255d891c.php 第 197 行.
NOTIC: [8] Undefined variable: Stime E:\Alirefor\APP\Runtime\Cache\Home\b2198f2d1241b3f55a61f177255d891c.php 第 284 行.
NOTIC: [8] Undefined variable: Stime E:\Alirefor\APP\Runtime\Cache\Home\b2198f2d1241b3f55a61f177255d891c.php 第 305 行.
INFO: Run Behavior\ParseTemplateBehavior [ RunTime:0.010986s ]
INFO: [ view_parse ] --END-- [ RunTime:0.011019s ]
INFO: [ view_filter ] --START--
INFO: Run Behavior\WriteHtmlCacheBehavior [ RunTime:0.000402s ]
INFO: [ view_filter ] --END-- [ RunTime:0.000430s ]
INFO: [ app_end ] --START--
INFO: Run Behavior\ShowPageTraceBehavior [ RunTime:0.000633s ]
INFO: [ app_end ] --END-- [ RunTime:0.000676s ]

[ 2018-03-01T17:50:36+08:00 ] ::1 /index.php?m=Home&c=ActivityLevel&a=index
INFO: [ app_init ] --START--
INFO: Run Behavior\BuildLiteBehavior [ RunTime:0.000008s ]
INFO: [ app_init ] --END-- [ RunTime:0.000484s ]
INFO: [ app_begin ] --START--
INFO: Run Behavior\ReadHtmlCacheBehavior [ RunTime:0.000552s ]
INFO: [ app_begin ] --END-- [ RunTime:0.000590s ]
SQL: SHOW COLUMNS FROM `admin` [ RunTime:0.0114s ]
SQL: SELECT * FROM `admin` WHERE ( user_name='admin' and password='nanjingcongyu719' ) LIMIT 1   [ RunTime:0.0004s ]
SQL: SELECT * FROM `admin` WHERE ( id=1 ) LIMIT 1   [ RunTime:0.0003s ]
SQL: SHOW COLUMNS FROM `admin_auth_type` [ RunTime:0.0096s ]
SQL: SELECT * FROM `admin_auth_type` WHERE ( id=9 ) LIMIT 1   [ RunTime:0.0002s ]
SQL: SELECT * FROM `admin_auth_type` WHERE ( id=9 ) LIMIT 1   [ RunTime:0.0003s ]
SQL: SHOW COLUMNS FROM `admin_auth_rule` [ RunTime:0.0101s ]
SQL: SELECT * FROM `admin_auth_rule` WHERE ( name='ActivityLevel/index' ) LIMIT 1   [ RunTime:0.0002s ]
SQL: SHOW COLUMNS FROM `db` [ RunTime:0.0100s ]
SQL: SELECT * FROM `db` WHERE ( game_id=1 ) ORDER BY db_id desc  [ RunTime:0.0003s ]
SQL: SHOW COLUMNS FROM `sign` [ RunTime:0.0099s ]
SQL: SELECT * FROM ( SELECT `game_user_id`,`level`,`start_time` FROM `sign` WHERE ( start_time>='2018-03-01 00:00:00' and start_time<='2018-03-01 23:59:59' ) ORDER BY start_time desc  )a GROUP BY game_user_id  [ RunTime:0.0032s ]
INFO: [ view_parse ] --START--
INFO: [ template_filter ] --START--
INFO: Run Behavior\ContentReplaceBehavior [ RunTime:0.000118s ]
INFO: [ template_filter ] --END-- [ RunTime:0.000155s ]
NOTIC: [8] Undefined variable: www_url E:\Alirefor\APP\Runtime\Cache\Home\b2198f2d1241b3f55a61f177255d891c.php 第 197 行.
NOTIC: [8] Undefined variable: Stime E:\Alirefor\APP\Runtime\Cache\Home\b2198f2d1241b3f55a61f177255d891c.php 第 284 行.
NOTIC: [8] Undefined variable: Stime E:\Alirefor\APP\Runtime\Cache\Home\b2198f2d1241b3f55a61f177255d891c.php 第 305 行.
INFO: Run Behavior\ParseTemplateBehavior [ RunTime:0.011270s ]
INFO: [ view_parse ] --END-- [ RunTime:0.011306s ]
INFO: [ view_filter ] --START--
INFO: Run Behavior\WriteHtmlCacheBehavior [ RunTime:0.000377s ]
INFO: [ view_filter ] --END-- [ RunTime:0.000407s ]
INFO: [ app_end ] --START--
INFO: Run Behavior\ShowPageTraceBehavior [ RunTime:0.000834s ]
INFO: [ app_end ] --END-- [ RunTime:0.000883s ]

[ 2018-03-01T17:50:53+08:00 ] ::1 /index.php?m=Home&c=ActivityLevel&a=index
INFO: [ app_init ] --START--
INFO: Run Behavior\BuildLiteBehavior [ RunTime:0.000008s ]
INFO: [ app_init ] --END-- [ RunTime:0.000494s ]
INFO: [ app_begin ] --START--
INFO: Run Behavior\ReadHtmlCacheBehavior [ RunTime:0.000568s ]
INFO: [ app_begin ] --END-- [ RunTime:0.000602s ]
SQL: SHOW COLUMNS FROM `admin` [ RunTime:0.0099s ]
SQL: SELECT * FROM `admin` WHERE ( user_name='admin' and password='nanjingcongyu719' ) LIMIT 1   [ RunTime:0.0005s ]
SQL: SELECT * FROM `admin` WHERE ( id=1 ) LIMIT 1   [ RunTime:0.0003s ]
SQL: SHOW COLUMNS FROM `admin_auth_type` [ RunTime:0.0097s ]
SQL: SELECT * FROM `admin_auth_type` WHERE ( id=9 ) LIMIT 1   [ RunTime:0.0002s ]
SQL: SELECT * FROM `admin_auth_type` WHERE ( id=9 ) LIMIT 1   [ RunTime:0.0003s ]
SQL: SHOW COLUMNS FROM `admin_auth_rule` [ RunTime:0.0104s ]
SQL: SELECT * FROM `admin_auth_rule` WHERE ( name='ActivityLevel/index' ) LIMIT 1   [ RunTime:0.0003s ]
SQL: SHOW COLUMNS FROM `db` [ RunTime:0.0097s ]
SQL: SELECT * FROM `db` WHERE ( game_id=1 ) ORDER BY db_id desc  [ RunTime:0.0003s ]
SQL: SHOW COLUMNS FROM `sign` [ RunTime:0.0107s ]
SQL: SELECT * FROM ( SELECT `game_user_id`,`level`,`start_time` FROM `sign` WHERE ( start_time>='2018-03-01 00:00:00' and start_time<='2018-03-01 23:59:59' ) ORDER BY start_time desc  )a GROUP BY game_user_id  [ RunTime:0.0034s ]
INFO: [ view_parse ] --START--
INFO: [ template_filter ] --START--
INFO: Run Behavior\ContentReplaceBehavior [ RunTime:0.000091s ]
INFO: [ template_filter ] --END-- [ RunTime:0.000124s ]
NOTIC: [8] Undefined variable: www_url E:\Alirefor\APP\Runtime\Cache\Home\b2198f2d1241b3f55a61f177255d891c.php 第 197 行.
NOTIC: [8] Undefined variable: Stime E:\Alirefor\APP\Runtime\Cache\Home\b2198f2d1241b3f55a61f177255d891c.php 第 284 行.
NOTIC: [8] Undefined variable: Stime E:\Alirefor\APP\Runtime\Cache\Home\b2198f2d1241b3f55a61f177255d891c.php 第 305 行.
INFO: Run Behavior\ParseTemplateBehavior [ RunTime:0.011455s ]
INFO: [ view_parse ] --END-- [ RunTime:0.011492s ]
INFO: [ view_filter ] --START--
INFO: Run Behavior\WriteHtmlCacheBehavior [ RunTime:0.000444s ]
INFO: [ view_filter ] --END-- [ RunTime:0.000472s ]
INFO: [ app_end ] --START--
INFO: Run Behavior\ShowPageTraceBehavior [ RunTime:0.000704s ]
INFO: [ app_end ] --END-- [ RunTime:0.000753s ]

[ 2018-03-01T17:51:02+08:00 ] ::1 /index.php?m=Home&c=ActivityLevel&a=index
INFO: [ app_init ] --START--
INFO: Run Behavior\BuildLiteBehavior [ RunTime:0.000008s ]
INFO: [ app_init ] --END-- [ RunTime:0.000400s ]
INFO: [ app_begin ] --START--
INFO: Run Behavior\ReadHtmlCacheBehavior [ RunTime:0.000520s ]
INFO: [ app_begin ] --END-- [ RunTime:0.000554s ]
SQL: SHOW COLUMNS FROM `admin` [ RunTime:0.0126s ]
SQL: SELECT * FROM `admin` WHERE ( user_name='admin' and password='nanjingcongyu719' ) LIMIT 1   [ RunTime:0.0004s ]
SQL: SELECT * FROM `admin` WHERE ( id=1 ) LIMIT 1   [ RunTime:0.0003s ]
SQL: SHOW COLUMNS FROM `admin_auth_type` [ RunTime:0.0100s ]
SQL: SELECT * FROM `admin_auth_type` WHERE ( id=9 ) LIMIT 1   [ RunTime:0.0002s ]
SQL: SELECT * FROM `admin_auth_type` WHERE ( id=9 ) LIMIT 1   [ RunTime:0.0003s ]
SQL: SHOW COLUMNS FROM `admin_auth_rule` [ RunTime:0.0102s ]
SQL: SELECT * FROM `admin_auth_rule` WHERE ( name='ActivityLevel/index' ) LIMIT 1   [ RunTime:0.0003s ]
SQL: SHOW COLUMNS FROM `db` [ RunTime:0.0106s ]
SQL: SELECT * FROM `db` WHERE ( game_id=1 ) ORDER BY db_id desc  [ RunTime:0.0003s ]
SQL: SHOW COLUMNS FROM `sign` [ RunTime:0.0110s ]
SQL: SELECT * FROM ( SELECT `game_user_id`,`level`,`start_time` FROM `sign` WHERE ( start_time>='2018-03-01 00:00:00' and start_time<='2018-03-01 23:59:59' ) ORDER BY start_time desc  )a GROUP BY game_user_id  [ RunTime:0.0033s ]
INFO: [ view_parse ] --START--
INFO: [ template_filter ] --START--
INFO: Run Behavior\ContentReplaceBehavior [ RunTime:0.000090s ]
INFO: [ template_filter ] --END-- [ RunTime:0.000121s ]
NOTIC: [8] Undefined variable: www_url E:\Alirefor\APP\Runtime\Cache\Home\b2198f2d1241b3f55a61f177255d891c.php 第 197 行.
NOTIC: [8] Undefined variable: Stime E:\Alirefor\APP\Runtime\Cache\Home\b2198f2d1241b3f55a61f177255d891c.php 第 284 行.
NOTIC: [8] Undefined variable: Stime E:\Alirefor\APP\Runtime\Cache\Home\b2198f2d1241b3f55a61f177255d891c.php 第 305 行.
INFO: Run Behavior\ParseTemplateBehavior [ RunTime:0.010399s ]
INFO: [ view_parse ] --END-- [ RunTime:0.010434s ]
INFO: [ view_filter ] --START--
INFO: Run Behavior\WriteHtmlCacheBehavior [ RunTime:0.000392s ]
INFO: [ view_filter ] --END-- [ RunTime:0.000420s ]
INFO: [ app_end ] --START--
INFO: Run Behavior\ShowPageTraceBehavior [ RunTime:0.001022s ]
INFO: [ app_end ] --END-- [ RunTime:0.001095s ]

[ 2018-03-01T17:51:11+08:00 ] ::1 /index.php?m=Home&c=ActivityLevel&a=index
INFO: [ app_init ] --START--
INFO: Run Behavior\BuildLiteBehavior [ RunTime:0.000008s ]
INFO: [ app_init ] --END-- [ RunTime:0.000449s ]
INFO: [ app_begin ] --START--
INFO: Run Behavior\ReadHtmlCacheBehavior [ RunTime:0.000575s ]
INFO: [ app_begin ] --END-- [ RunTime:0.000609s ]
SQL: SHOW COLUMNS FROM `admin` [ RunTime:0.0114s ]
SQL: SELECT * FROM `admin` WHERE ( user_name='admin' and password='nanjingcongyu719' ) LIMIT 1   [ RunTime:0.0004s ]
SQL: SELECT * FROM `admin` WHERE ( id=1 ) LIMIT 1   [ RunTime:0.0003s ]
SQL: SHOW COLUMNS FROM `admin_auth_type` [ RunTime:0.0104s ]
SQL: SELECT * FROM `admin_auth_type` WHERE ( id=9 ) LIMIT 1   [ RunTime:0.0003s ]
SQL: SELECT * FROM `admin_auth_type` WHERE ( id=9 ) LIMIT 1   [ RunTime:0.0003s ]
SQL: SHOW COLUMNS FROM `admin_auth_rule` [ RunTime:0.0100s ]
SQL: SELECT * FROM `admin_auth_rule` WHERE ( name='ActivityLevel/index' ) LIMIT 1   [ RunTime:0.0003s ]
SQL: SHOW COLUMNS FROM `db` [ RunTime:0.0099s ]
SQL: SELECT * FROM `db` WHERE ( game_id=1 ) ORDER BY db_id desc  [ RunTime:0.0003s ]
SQL: SHOW COLUMNS FROM `sign` [ RunTime:0.0095s ]
SQL: SELECT * FROM ( SELECT `game_user_id`,`level`,`start_time` FROM `sign` WHERE ( start_time>='2018-03-01 00:00:00' and start_time<='2018-03-01 23:59:59' ) ORDER BY start_time desc  )a GROUP BY game_user_id  [ RunTime:0.0036s ]
INFO: [ view_parse ] --START--
INFO: [ template_filter ] --START--
INFO: Run Behavior\ContentReplaceBehavior [ RunTime:0.000094s ]
INFO: [ template_filter ] --END-- [ RunTime:0.000130s ]
NOTIC: [8] Undefined variable: www_url E:\Alirefor\APP\Runtime\Cache\Home\b2198f2d1241b3f55a61f177255d891c.php 第 197 行.
NOTIC: [8] Undefined variable: Stime E:\Alirefor\APP\Runtime\Cache\Home\b2198f2d1241b3f55a61f177255d891c.php 第 284 行.
NOTIC: [8] Undefined variable: Stime E:\Alirefor\APP\Runtime\Cache\Home\b2198f2d1241b3f55a61f177255d891c.php 第 305 行.
INFO: Run Behavior\ParseTemplateBehavior [ RunTime:0.011115s ]
INFO: [ view_parse ] --END-- [ RunTime:0.011149s ]
INFO: [ view_filter ] --START--
INFO: Run Behavior\WriteHtmlCacheBehavior [ RunTime:0.000419s ]
INFO: [ view_filter ] --END-- [ RunTime:0.000449s ]
INFO: [ app_end ] --START--
INFO: Run Behavior\ShowPageTraceBehavior [ RunTime:0.000664s ]
INFO: [ app_end ] --END-- [ RunTime:0.000704s ]

[ 2018-03-01T17:51:17+08:00 ] ::1 /index.php?m=Home&c=BackLevel&a=index
INFO: [ app_init ] --START--
INFO: Run Behavior\BuildLiteBehavior [ RunTime:0.000008s ]
INFO: [ app_init ] --END-- [ RunTime:0.000412s ]
INFO: [ app_begin ] --START--
INFO: Run Behavior\ReadHtmlCacheBehavior [ RunTime:0.000593s ]
INFO: [ app_begin ] --END-- [ RunTime:0.000626s ]
SQL: SHOW COLUMNS FROM `admin` [ RunTime:0.0119s ]
SQL: SELECT * FROM `admin` WHERE ( user_name='admin' and password='nanjingcongyu719' ) LIMIT 1   [ RunTime:0.0004s ]
SQL: SELECT * FROM `admin` WHERE ( id=1 ) LIMIT 1   [ RunTime:0.0003s ]
SQL: SHOW COLUMNS FROM `admin_auth_type` [ RunTime:0.0100s ]
SQL: SELECT * FROM `admin_auth_type` WHERE ( id=9 ) LIMIT 1   [ RunTime:0.0003s ]
SQL: SELECT * FROM `admin_auth_type` WHERE ( id=9 ) LIMIT 1   [ RunTime:0.0003s ]
SQL: SHOW COLUMNS FROM `admin_auth_rule` [ RunTime:0.0101s ]
SQL: SELECT * FROM `admin_auth_rule` WHERE ( name='BackLevel/index' ) LIMIT 1   [ RunTime:0.0003s ]
SQL: SHOW COLUMNS FROM `db` [ RunTime:0.0104s ]
SQL: SELECT * FROM `db` WHERE ( game_id=1 ) ORDER BY db_id desc  [ RunTime:0.0003s ]
SQL: SELECT * FROM `db` WHERE ( game_id=1 and db_id=3 ) LIMIT 1   [ RunTime:0.0002s ]
ERR: SQLSTATE[HY000] [1045] Access denied for user ''@'localhost' (using password: NO)

[ 2018-03-01T17:51:26+08:00 ] ::1 /index.php?m=Home&c=ActivityLevel&a=index
INFO: [ app_init ] --START--
INFO: Run Behavior\BuildLiteBehavior [ RunTime:0.000007s ]
INFO: [ app_init ] --END-- [ RunTime:0.000514s ]
INFO: [ app_begin ] --START--
INFO: Run Behavior\ReadHtmlCacheBehavior [ RunTime:0.000588s ]
INFO: [ app_begin ] --END-- [ RunTime:0.000626s ]
SQL: SHOW COLUMNS FROM `admin` [ RunTime:0.0133s ]
SQL: SELECT * FROM `admin` WHERE ( user_name='admin' and password='nanjingcongyu719' ) LIMIT 1   [ RunTime:0.0004s ]
SQL: SELECT * FROM `admin` WHERE ( id=1 ) LIMIT 1   [ RunTime:0.0003s ]
SQL: SHOW COLUMNS FROM `admin_auth_type` [ RunTime:0.0097s ]
SQL: SELECT * FROM `admin_auth_type` WHERE ( id=9 ) LIMIT 1   [ RunTime:0.0002s ]
SQL: SELECT * FROM `admin_auth_type` WHERE ( id=9 ) LIMIT 1   [ RunTime:0.0003s ]
SQL: SHOW COLUMNS FROM `admin_auth_rule` [ RunTime:0.0105s ]
SQL: SELECT * FROM `admin_auth_rule` WHERE ( name='ActivityLevel/index' ) LIMIT 1   [ RunTime:0.0003s ]
SQL: SHOW COLUMNS FROM `db` [ RunTime:0.0099s ]
SQL: SELECT * FROM `db` WHERE ( game_id=1 ) ORDER BY db_id desc  [ RunTime:0.0003s ]
SQL: SHOW COLUMNS FROM `sign` [ RunTime:0.0107s ]
SQL: SELECT * FROM ( SELECT `game_user_id`,`level`,`start_time` FROM `sign` WHERE ( start_time>='2018-03-01 00:00:00' and start_time<='2018-03-01 23:59:59' ) ORDER BY start_time desc  )a GROUP BY game_user_id  [ RunTime:0.0033s ]
INFO: [ view_parse ] --START--
INFO: [ template_filter ] --START--
INFO: Run Behavior\ContentReplaceBehavior [ RunTime:0.000117s ]
INFO: [ template_filter ] --END-- [ RunTime:0.000191s ]
NOTIC: [8] Undefined variable: www_url E:\Alirefor\APP\Runtime\Cache\Home\b2198f2d1241b3f55a61f177255d891c.php 第 197 行.
NOTIC: [8] Undefined variable: Stime E:\Alirefor\APP\Runtime\Cache\Home\b2198f2d1241b3f55a61f177255d891c.php 第 284 行.
NOTIC: [8] Undefined variable: Stime E:\Alirefor\APP\Runtime\Cache\Home\b2198f2d1241b3f55a61f177255d891c.php 第 305 行.
INFO: Run Behavior\ParseTemplateBehavior [ RunTime:0.011688s ]
INFO: [ view_parse ] --END-- [ RunTime:0.011725s ]
INFO: [ view_filter ] --START--
INFO: Run Behavior\WriteHtmlCacheBehavior [ RunTime:0.000412s ]
INFO: [ view_filter ] --END-- [ RunTime:0.000442s ]
INFO: [ app_end ] --START--
INFO: Run Behavior\ShowPageTraceBehavior [ RunTime:0.000634s ]
INFO: [ app_end ] --END-- [ RunTime:0.000675s ]

[ 2018-03-01T17:51:34+08:00 ] ::1 /index.php?m=Home&c=ActivityLevel&a=index
INFO: [ app_init ] --START--
INFO: Run Behavior\BuildLiteBehavior [ RunTime:0.000008s ]
INFO: [ app_init ] --END-- [ RunTime:0.000482s ]
INFO: [ app_begin ] --START--
INFO: Run Behavior\ReadHtmlCacheBehavior [ RunTime:0.000588s ]
INFO: [ app_begin ] --END-- [ RunTime:0.000626s ]
SQL: SHOW COLUMNS FROM `admin` [ RunTime:0.0160s ]
SQL: SELECT * FROM `admin` WHERE ( user_name='admin' and password='nanjingcongyu719' ) LIMIT 1   [ RunTime:0.0006s ]
SQL: SELECT * FROM `admin` WHERE ( id=1 ) LIMIT 1   [ RunTime:0.0003s ]
SQL: SHOW COLUMNS FROM `admin_auth_type` [ RunTime:0.0098s ]
SQL: SELECT * FROM `admin_auth_type` WHERE ( id=9 ) LIMIT 1   [ RunTime:0.0002s ]
SQL: SELECT * FROM `admin_auth_type` WHERE ( id=9 ) LIMIT 1   [ RunTime:0.0003s ]
SQL: SHOW COLUMNS FROM `admin_auth_rule` [ RunTime:0.0101s ]
SQL: SELECT * FROM `admin_auth_rule` WHERE ( name='ActivityLevel/index' ) LIMIT 1   [ RunTime:0.0003s ]
SQL: SHOW COLUMNS FROM `db` [ RunTime:0.0099s ]
SQL: SELECT * FROM `db` WHERE ( game_id=1 ) ORDER BY db_id desc  [ RunTime:0.0003s ]
SQL: SHOW COLUMNS FROM `sign` [ RunTime:0.0100s ]
SQL: SELECT * FROM ( SELECT `game_user_id`,`level`,`start_time` FROM `sign` WHERE ( start_time>='2018-03-01 00:00:00' and start_time<='2018-03-01 23:59:59' ) ORDER BY start_time desc  )a GROUP BY game_user_id  [ RunTime:0.0033s ]
INFO: [ view_parse ] --START--
INFO: [ template_filter ] --START--
INFO: Run Behavior\ContentReplaceBehavior [ RunTime:0.000092s ]
INFO: [ template_filter ] --END-- [ RunTime:0.000126s ]
NOTIC: [8] Undefined variable: www_url E:\Alirefor\APP\Runtime\Cache\Home\b2198f2d1241b3f55a61f177255d891c.php 第 197 行.
NOTIC: [8] Undefined variable: Stime E:\Alirefor\APP\Runtime\Cache\Home\b2198f2d1241b3f55a61f177255d891c.php 第 284 行.
NOTIC: [8] Undefined variable: Stime E:\Alirefor\APP\Runtime\Cache\Home\b2198f2d1241b3f55a61f177255d891c.php 第 305 行.
INFO: Run Behavior\ParseTemplateBehavior [ RunTime:0.011232s ]
INFO: [ view_parse ] --END-- [ RunTime:0.011276s ]
INFO: [ view_filter ] --START--
INFO: Run Behavior\WriteHtmlCacheBehavior [ RunTime:0.000439s ]
INFO: [ view_filter ] --END-- [ RunTime:0.000466s ]
INFO: [ app_end ] --START--
INFO: Run Behavior\ShowPageTraceBehavior [ RunTime:0.000681s ]
INFO: [ app_end ] --END-- [ RunTime:0.000729s ]

[ 2018-03-01T17:51:41+08:00 ] ::1 /index.php?m=Home&c=ActivityLevel&a=index
INFO: [ app_init ] --START--
INFO: Run Behavior\BuildLiteBehavior [ RunTime:0.000010s ]
INFO: [ app_init ] --END-- [ RunTime:0.000551s ]
INFO: [ app_begin ] --START--
INFO: Run Behavior\ReadHtmlCacheBehavior [ RunTime:0.000543s ]
INFO: [ app_begin ] --END-- [ RunTime:0.000578s ]
SQL: SHOW COLUMNS FROM `admin` [ RunTime:0.0121s ]
SQL: SELECT * FROM `admin` WHERE ( user_name='admin' and password='nanjingcongyu719' ) LIMIT 1   [ RunTime:0.0004s ]
SQL: SELECT * FROM `admin` WHERE ( id=1 ) LIMIT 1   [ RunTime:0.0003s ]
SQL: SHOW COLUMNS FROM `admin_auth_type` [ RunTime:0.0104s ]
SQL: SELECT * FROM `admin_auth_type` WHERE ( id=9 ) LIMIT 1   [ RunTime:0.0003s ]
SQL: SELECT * FROM `admin_auth_type` WHERE ( id=9 ) LIMIT 1   [ RunTime:0.0002s ]
SQL: SHOW COLUMNS FROM `admin_auth_rule` [ RunTime:0.0105s ]
SQL: SELECT * FROM `admin_auth_rule` WHERE ( name='ActivityLevel/index' ) LIMIT 1   [ RunTime:0.0003s ]
SQL: SHOW COLUMNS FROM `db` [ RunTime:0.0095s ]
SQL: SELECT * FROM `db` WHERE ( game_id=1 ) ORDER BY db_id desc  [ RunTime:0.0003s ]
SQL: SHOW COLUMNS FROM `sign` [ RunTime:0.0100s ]
SQL: SELECT * FROM ( SELECT `game_user_id`,`level`,`start_time` FROM `sign` WHERE ( start_time>='2018-03-01 00:00:00' and start_time<='2018-03-01 23:59:59' ) ORDER BY start_time desc  )a GROUP BY game_user_id  [ RunTime:0.0032s ]
INFO: [ view_parse ] --START--
INFO: [ template_filter ] --START--
INFO: Run Behavior\ContentReplaceBehavior [ RunTime:0.000097s ]
INFO: [ template_filter ] --END-- [ RunTime:0.000131s ]
NOTIC: [8] Undefined variable: www_url E:\Alirefor\APP\Runtime\Cache\Home\b2198f2d1241b3f55a61f177255d891c.php 第 197 行.
NOTIC: [8] Undefined variable: Stime E:\Alirefor\APP\Runtime\Cache\Home\b2198f2d1241b3f55a61f177255d891c.php 第 284 行.
NOTIC: [8] Undefined variable: Stime E:\Alirefor\APP\Runtime\Cache\Home\b2198f2d1241b3f55a61f177255d891c.php 第 305 行.
INFO: Run Behavior\ParseTemplateBehavior [ RunTime:0.011383s ]
INFO: [ view_parse ] --END-- [ RunTime:0.011421s ]
INFO: [ view_filter ] --START--
INFO: Run Behavior\WriteHtmlCacheBehavior [ RunTime:0.000449s ]
INFO: [ view_filter ] --END-- [ RunTime:0.000481s ]
INFO: [ app_end ] --START--
INFO: Run Behavior\ShowPageTraceBehavior [ RunTime:0.000659s ]
INFO: [ app_end ] --END-- [ RunTime:0.000703s ]

[ 2018-03-01T17:51:44+08:00 ] ::1 /index.php?m=Home&c=UserBack&a=index
INFO: [ app_init ] --START--
INFO: Run Behavior\BuildLiteBehavior [ RunTime:0.000009s ]
INFO: [ app_init ] --END-- [ RunTime:0.000398s ]
INFO: [ app_begin ] --START--
INFO: Run Behavior\ReadHtmlCacheBehavior [ RunTime:0.000601s ]
INFO: [ app_begin ] --END-- [ RunTime:0.000640s ]
SQL: SHOW COLUMNS FROM `admin` [ RunTime:0.0121s ]
SQL: SELECT * FROM `admin` WHERE ( user_name='admin' and password='nanjingcongyu719' ) LIMIT 1   [ RunTime:0.0005s ]
SQL: SELECT * FROM `admin` WHERE ( id=1 ) LIMIT 1   [ RunTime:0.0003s ]
SQL: SHOW COLUMNS FROM `admin_auth_type` [ RunTime:0.0115s ]
SQL: SELECT * FROM `admin_auth_type` WHERE ( id=9 ) LIMIT 1   [ RunTime:0.0003s ]
SQL: SELECT * FROM `admin_auth_type` WHERE ( id=9 ) LIMIT 1   [ RunTime:0.0002s ]
SQL: SHOW COLUMNS FROM `admin_auth_rule` [ RunTime:0.0115s ]
SQL: SELECT * FROM `admin_auth_rule` WHERE ( name='UserBack/index' ) LIMIT 1   [ RunTime:0.0003s ]
SQL: SHOW COLUMNS FROM `db` [ RunTime:0.0105s ]
SQL: SELECT * FROM `db` WHERE ( game_id=1 ) ORDER BY db_id desc  [ RunTime:0.0003s ]
SQL: SHOW COLUMNS FROM `sign` [ RunTime:0.0343s ]
SQL: SELECT `game_user_id` FROM `sign` WHERE ( start_time>='2018-03-01 00:00:00' and start_time<='2018-03-01 23:59:59' )  [ RunTime:0.0014s ]
SQL: SELECT * FROM `sign` WHERE ( game_user_id=1800200651 ) ORDER BY start_time desc LIMIT 2   [ RunTime:0.0012s ]
SQL: SELECT * FROM `sign` WHERE ( game_user_id=1800201256 ) ORDER BY start_time desc LIMIT 2   [ RunTime:0.0018s ]
SQL: SELECT * FROM `sign` WHERE ( game_user_id=1800201067 ) ORDER BY start_time desc LIMIT 2   [ RunTime:0.0015s ]
SQL: SELECT * FROM `sign` WHERE ( game_user_id=1800201036 ) ORDER BY start_time desc LIMIT 2   [ RunTime:0.0004s ]
SQL: SELECT * FROM `sign` WHERE ( game_user_id=1800200268 ) ORDER BY start_time desc LIMIT 2   [ RunTime:0.0008s ]
SQL: SELECT * FROM `sign` WHERE ( game_user_id=1800201245 ) ORDER BY start_time desc LIMIT 2   [ RunTime:0.0004s ]
SQL: SELECT * FROM `sign` WHERE ( game_user_id=1800201122 ) ORDER BY start_time desc LIMIT 2   [ RunTime:0.0012s ]
SQL: SELECT * FROM `sign` WHERE ( game_user_id=1800201166 ) ORDER BY start_time desc LIMIT 2   [ RunTime:0.0015s ]
SQL: SELECT * FROM `sign` WHERE ( game_user_id=1800200627 ) ORDER BY start_time desc LIMIT 2   [ RunTime:0.0018s ]
SQL: SELECT * FROM `sign` WHERE ( game_user_id=1800201248 ) ORDER BY start_time desc LIMIT 2   [ RunTime:0.0017s ]
SQL: SELECT * FROM `sign` WHERE ( game_user_id=1800201260 ) ORDER BY start_time desc LIMIT 2   [ RunTime:0.0015s ]
SQL: SELECT * FROM `sign` WHERE ( game_user_id=1800201148 ) ORDER BY start_time desc LIMIT 2   [ RunTime:0.0019s ]
SQL: SELECT * FROM `sign` WHERE ( game_user_id=1800200216 ) ORDER BY start_time desc LIMIT 2   [ RunTime:0.0014s ]
SQL: SELECT * FROM `sign` WHERE ( game_user_id=1800201038 ) ORDER BY start_time desc LIMIT 2   [ RunTime:0.0017s ]
SQL: SELECT * FROM `sign` WHERE ( game_user_id=1800200008 ) ORDER BY start_time desc LIMIT 2   [ RunTime:0.0008s ]
SQL: SELECT * FROM `sign` WHERE ( game_user_id=1800201239 ) ORDER BY start_time desc LIMIT 2   [ RunTime:0.0010s ]
SQL: SELECT * FROM `sign` WHERE ( game_user_id=1800201210 ) ORDER BY start_time desc LIMIT 2   [ RunTime:0.0107s ]
SQL: SELECT * FROM `sign` WHERE ( game_user_id=1800201266 ) ORDER BY start_time desc LIMIT 2   [ RunTime:0.0015s ]
SQL: SELECT * FROM `sign` WHERE ( game_user_id=1800200217 ) ORDER BY start_time desc LIMIT 2   [ RunTime:0.0014s ]
SQL: SELECT * FROM `sign` WHERE ( game_user_id=1800201257 ) ORDER BY start_time desc LIMIT 2   [ RunTime:0.0019s ]
SQL: SELECT * FROM `sign` WHERE ( game_user_id=1800200578 ) ORDER BY start_time desc LIMIT 2   [ RunTime:0.0013s ]
SQL: SELECT * FROM `sign` WHERE ( game_user_id=1800201045 ) ORDER BY start_time desc LIMIT 2   [ RunTime:0.0021s ]
SQL: SELECT * FROM `sign` WHERE ( game_user_id=1800201267 ) ORDER BY start_time desc LIMIT 2   [ RunTime:0.0839s ]
SQL: SELECT * FROM `sign` WHERE ( game_user_id=1800201268 ) ORDER BY start_time desc LIMIT 2   [ RunTime:0.0835s ]
SQL: SELECT * FROM `sign` WHERE ( game_user_id=1800201269 ) ORDER BY start_time desc LIMIT 2   [ RunTime:0.0011s ]
SQL: SELECT * FROM `sign` WHERE ( game_user_id=1800201270 ) ORDER BY start_time desc LIMIT 2   [ RunTime:0.0894s ]
SQL: SELECT * FROM `sign` WHERE ( game_user_id=1800201271 ) ORDER BY start_time desc LIMIT 2   [ RunTime:0.0004s ]
SQL: SELECT * FROM `sign` WHERE ( game_user_id=1800201272 ) ORDER BY start_time desc LIMIT 2   [ RunTime:0.0003s ]
SQL: SELECT * FROM `sign` WHERE ( game_user_id=1800201273 ) ORDER BY start_time desc LIMIT 2   [ RunTime:0.0006s ]
SQL: SELECT * FROM `sign` WHERE ( game_user_id=1800201274 ) ORDER BY start_time desc LIMIT 2   [ RunTime:0.0006s ]
SQL: SELECT `game_user_id` FROM `sign` WHERE ( start_time>='2018-02-28 00:00:00' and start_time<='2018-02-28 23:59:59' )  [ RunTime:0.0014s ]
SQL: SELECT * FROM `sign` WHERE ( game_user_id=1800201061 ) ORDER BY start_time desc LIMIT 2   [ RunTime:0.0048s ]
SQL: SELECT * FROM `sign` WHERE ( game_user_id=1800200008 ) ORDER BY start_time desc LIMIT 2   [ RunTime:0.0009s ]
SQL: SELECT * FROM `sign` WHERE ( game_user_id=1800201036 ) ORDER BY start_time desc LIMIT 2   [ RunTime:0.0003s ]
SQL: SELECT * FROM `sign` WHERE ( game_user_id=1800201257 ) ORDER BY start_time desc LIMIT 2   [ RunTime:0.0014s ]
SQL: SELECT * FROM `sign` WHERE ( game_user_id=1800200651 ) ORDER BY start_time desc LIMIT 2   [ RunTime:0.0012s ]
SQL: SELECT * FROM `sign` WHERE ( game_user_id=1800201245 ) ORDER BY start_time desc LIMIT 2   [ RunTime:0.0004s ]
SQL: SELECT * FROM `sign` WHERE ( game_user_id=1800201067 ) ORDER BY start_time desc LIMIT 2   [ RunTime:0.0014s ]
SQL: SELECT * FROM `sign` WHERE ( game_user_id=1800201239 ) ORDER BY start_time desc LIMIT 2   [ RunTime:0.0010s ]
SQL: SELECT * FROM `sign` WHERE ( game_user_id=1800201126 ) ORDER BY start_time desc LIMIT 2   [ RunTime:0.0039s ]
SQL: SELECT * FROM `sign` WHERE ( game_user_id=1800201258 ) ORDER BY start_time desc LIMIT 2   [ RunTime:0.0856s ]
SQL: SELECT * FROM `sign` WHERE ( game_user_id=1800201224 ) ORDER BY start_time desc LIMIT 2   [ RunTime:0.0093s ]
SQL: SELECT * FROM `sign` WHERE ( game_user_id=1800200101 ) ORDER BY start_time desc LIMIT 2   [ RunTime:0.0436s ]
SQL: SELECT * FROM `sign` WHERE ( game_user_id=1800201259 ) ORDER BY start_time desc LIMIT 2   [ RunTime:0.0824s ]
SQL: SELECT * FROM `sign` WHERE ( game_user_id=1800201260 ) ORDER BY start_time desc LIMIT 2   [ RunTime:0.0017s ]
SQL: SELECT * FROM `sign` WHERE ( game_user_id=1800201261 ) ORDER BY start_time desc LIMIT 2   [ RunTime:0.0042s ]
SQL: SELECT * FROM `sign` WHERE ( game_user_id=1800200610 ) ORDER BY start_time desc LIMIT 2   [ RunTime:0.0041s ]
SQL: SELECT * FROM `sign` WHERE ( game_user_id=1800201262 ) ORDER BY start_time desc LIMIT 2   [ RunTime:0.0040s ]
SQL: SELECT * FROM `sign` WHERE ( game_user_id=1800200216 ) ORDER BY start_time desc LIMIT 2   [ RunTime:0.0014s ]
SQL: SELECT * FROM `sign` WHERE ( game_user_id=1800201236 ) ORDER BY start_time desc LIMIT 2   [ RunTime:0.0042s ]
SQL: SELECT * FROM `sign` WHERE ( game_user_id=1800201122 ) ORDER BY start_time desc LIMIT 2   [ RunTime:0.0012s ]
SQL: SELECT * FROM `sign` WHERE ( game_user_id=1800200268 ) ORDER BY start_time desc LIMIT 2   [ RunTime:0.0008s ]
SQL: SELECT * FROM `sign` WHERE ( game_user_id=1800201255 ) ORDER BY start_time desc LIMIT 2   [ RunTime:0.0028s ]
SQL: SELECT * FROM `sign` WHERE ( game_user_id=1800200514 ) ORDER BY start_time desc LIMIT 2   [ RunTime:0.0245s ]
SQL: SELECT * FROM `sign` WHERE ( game_user_id=1800201184 ) ORDER BY start_time desc LIMIT 2   [ RunTime:0.0032s ]
SQL: SELECT * FROM `sign` WHERE ( game_user_id=1800201219 ) ORDER BY start_time desc LIMIT 2   [ RunTime:0.0027s ]
SQL: SELECT * FROM `sign` WHERE ( game_user_id=1800200578 ) ORDER BY start_time desc LIMIT 2   [ RunTime:0.0013s ]
SQL: SELECT * FROM `sign` WHERE ( game_user_id=1800200627 ) ORDER BY start_time desc LIMIT 2   [ RunTime:0.0017s ]
SQL: SELECT * FROM `sign` WHERE ( game_user_id=1800201204 ) ORDER BY start_time desc LIMIT 2   [ RunTime:0.0021s ]
SQL: SELECT * FROM `sign` WHERE ( game_user_id=1800201148 ) ORDER BY start_time desc LIMIT 2   [ RunTime:0.0020s ]
SQL: SELECT * FROM `sign` WHERE ( game_user_id=1800201045 ) ORDER BY start_time desc LIMIT 2   [ RunTime:0.0020s ]
SQL: SELECT `game_user_id` FROM `sign` WHERE ( start_time>='2018-02-27 00:00:00' and start_time<='2018-02-27 23:59:59' )  [ RunTime:0.0016s ]
SQL: SELECT * FROM `sign` WHERE ( game_user_id=1800201238 ) ORDER BY start_time desc LIMIT 2   [ RunTime:0.0053s ]
SQL: SELECT * FROM `sign` WHERE ( game_user_id=1800201067 ) ORDER BY start_time desc LIMIT 2   [ RunTime:0.0014s ]
SQL: SELECT * FROM `sign` WHERE ( game_user_id=1800201148 ) ORDER BY start_time desc LIMIT 2   [ RunTime:0.0021s ]
SQL: SELECT * FROM `sign` WHERE ( game_user_id=1800200610 ) ORDER BY start_time desc LIMIT 2   [ RunTime:0.0041s ]
SQL: SELECT * FROM `sign` WHERE ( game_user_id=1800201036 ) ORDER BY start_time desc LIMIT 2   [ RunTime:0.0004s ]
SQL: SELECT * FROM `sign` WHERE ( game_user_id=1800200217 ) ORDER BY start_time desc LIMIT 2   [ RunTime:0.0013s ]
SQL: SELECT * FROM `sign` WHERE ( game_user_id=1800200268 ) ORDER BY start_time desc LIMIT 2   [ RunTime:0.0009s ]
SQL: SELECT * FROM `sign` WHERE ( game_user_id=1800201239 ) ORDER BY start_time desc LIMIT 2   [ RunTime:0.0010s ]
SQL: SELECT * FROM `sign` WHERE ( game_user_id=1800201252 ) ORDER BY start_time desc LIMIT 2   [ RunTime:0.0064s ]
SQL: SELECT * FROM `sign` WHERE ( game_user_id=1800200651 ) ORDER BY start_time desc LIMIT 2   [ RunTime:0.0011s ]
SQL: SELECT * FROM `sign` WHERE ( game_user_id=1800200216 ) ORDER BY start_time desc LIMIT 2   [ RunTime:0.0014s ]
SQL: SELECT * FROM `sign` WHERE ( game_user_id=1800200008 ) ORDER BY start_time desc LIMIT 2   [ RunTime:0.0007s ]
SQL: SELECT * FROM `sign` WHERE ( game_user_id=1800200349 ) ORDER BY start_time desc LIMIT 2   [ RunTime:0.0258s ]
SQL: SELECT * FROM `sign` WHERE ( game_user_id=1800200351 ) ORDER BY start_time desc LIMIT 2   [ RunTime:0.0053s ]
SQL: SELECT * FROM `sign` WHERE ( game_user_id=1800201206 ) ORDER BY start_time desc LIMIT 2   [ RunTime:0.0051s ]
SQL: SELECT * FROM `sign` WHERE ( game_user_id=1800201187 ) ORDER BY start_time desc LIMIT 2   [ RunTime:0.0109s ]
SQL: SELECT * FROM `sign` WHERE ( game_user_id=1800201253 ) ORDER BY start_time desc LIMIT 2   [ RunTime:0.0048s ]
SQL: SELECT * FROM `sign` WHERE ( game_user_id=1800201209 ) ORDER BY start_time desc LIMIT 2   [ RunTime:0.0076s ]
SQL: SELECT * FROM `sign` WHERE ( game_user_id=1800200627 ) ORDER BY start_time desc LIMIT 2   [ RunTime:0.0018s ]
SQL: SELECT * FROM `sign` WHERE ( game_user_id=1800201006 ) ORDER BY start_time desc LIMIT 2   [ RunTime:0.0056s ]
SQL: SELECT * FROM `sign` WHERE ( game_user_id=1800201245 ) ORDER BY start_time desc LIMIT 2   [ RunTime:0.0005s ]
SQL: SELECT * FROM `sign` WHERE ( game_user_id=1800201236 ) ORDER BY start_time desc LIMIT 2   [ RunTime:0.0043s ]
SQL: SELECT * FROM `sign` WHERE ( game_user_id=1800201254 ) ORDER BY start_time desc LIMIT 2   [ RunTime:0.0048s ]
SQL: SELECT * FROM `sign` WHERE ( game_user_id=1800201205 ) ORDER BY start_time desc LIMIT 2   [ RunTime:0.0105s ]
SQL: SELECT * FROM `sign` WHERE ( game_user_id=1800201255 ) ORDER BY start_time desc LIMIT 2   [ RunTime:0.0028s ]
SQL: SELECT `game_user_id` FROM `sign` WHERE ( start_time>='2018-02-26 00:00:00' and start_time<='2018-02-26 23:59:59' )  [ RunTime:0.0006s ]
SQL: SELECT * FROM `sign` WHERE ( game_user_id=1800201045 ) ORDER BY start_time desc LIMIT 2   [ RunTime:0.0019s ]
SQL: SELECT * FROM `sign` WHERE ( game_user_id=1800201117 ) ORDER BY start_time desc LIMIT 2   [ RunTime:0.0068s ]
SQL: SELECT * FROM `sign` WHERE ( game_user_id=1800201036 ) ORDER BY start_time desc LIMIT 2   [ RunTime:0.0003s ]
SQL: SELECT * FROM `sign` WHERE ( game_user_id=1800201067 ) ORDER BY start_time desc LIMIT 2   [ RunTime:0.0014s ]
SQL: SELECT * FROM `sign` WHERE ( game_user_id=1800200216 ) ORDER BY start_time desc LIMIT 2   [ RunTime:0.0014s ]
SQL: SELECT * FROM `sign` WHERE ( game_user_id=1800200610 ) ORDER BY start_time desc LIMIT 2   [ RunTime:0.0041s ]
SQL: SELECT * FROM `sign` WHERE ( game_user_id=1800200008 ) ORDER BY start_time desc LIMIT 2   [ RunTime:0.0007s ]
SQL: SELECT * FROM `sign` WHERE ( game_user_id=1800200972 ) ORDER BY start_time desc LIMIT 2   [ RunTime:0.0071s ]
SQL: SELECT * FROM `sign` WHERE ( game_user_id=1800201206 ) ORDER BY start_time desc LIMIT 2   [ RunTime:0.0055s ]
SQL: SELECT * FROM `sign` WHERE ( game_user_id=1800201122 ) ORDER BY start_time desc LIMIT 2   [ RunTime:0.0012s ]
SQL: SELECT * FROM `sign` WHERE ( game_user_id=1800201236 ) ORDER BY start_time desc LIMIT 2   [ RunTime:0.0039s ]
SQL: SELECT * FROM `sign` WHERE ( game_user_id=1800201126 ) ORDER BY start_time desc LIMIT 2   [ RunTime:0.0038s ]
SQL: SELECT * FROM `sign` WHERE ( game_user_id=1800200186 ) ORDER BY start_time desc LIMIT 2   [ RunTime:0.0067s ]
SQL: SELECT `game_user_id` FROM `sign` WHERE ( start_time>='2018-02-25 00:00:00' and start_time<='2018-02-25 23:59:59' )  [ RunTime:0.0004s ]
SQL: SELECT `game_user_id` FROM `sign` WHERE ( start_time>='2018-02-24 00:00:00' and start_time<='2018-02-24 23:59:59' )  [ RunTime:0.0006s ]
SQL: SELECT * FROM `sign` WHERE ( game_user_id=1800201067 ) ORDER BY start_time desc LIMIT 2   [ RunTime:0.0013s ]
SQL: SELECT * FROM `sign` WHERE ( game_user_id=1800201236 ) ORDER BY start_time desc LIMIT 2   [ RunTime:0.0039s ]
SQL: SELECT * FROM `sign` WHERE ( game_user_id=1800200610 ) ORDER BY start_time desc LIMIT 2   [ RunTime:0.0041s ]
SQL: SELECT * FROM `sign` WHERE ( game_user_id=1800201131 ) ORDER BY start_time desc LIMIT 2   [ RunTime:0.0076s ]
SQL: SELECT * FROM `sign` WHERE ( game_user_id=1800201224 ) ORDER BY start_time desc LIMIT 2   [ RunTime:0.0073s ]
SQL: SELECT * FROM `sign` WHERE ( game_user_id=1800200651 ) ORDER BY start_time desc LIMIT 2   [ RunTime:0.0011s ]
SQL: SELECT * FROM `sign` WHERE ( game_user_id=1800200474 ) ORDER BY start_time desc LIMIT 2   [ RunTime:0.0592s ]
SQL: SELECT * FROM `sign` WHERE ( game_user_id=1800201036 ) ORDER BY start_time desc LIMIT 2   [ RunTime:0.0004s ]
SQL: SELECT * FROM `sign` WHERE ( game_user_id=1800201237 ) ORDER BY start_time desc LIMIT 2   [ RunTime:0.0071s ]
SQL: SELECT * FROM `sign` WHERE ( game_user_id=1800200972 ) ORDER BY start_time desc LIMIT 2   [ RunTime:0.0070s ]
SQL: SELECT `game_user_id` FROM `sign` WHERE ( start_time>='2018-02-23 00:00:00' and start_time<='2018-02-23 23:59:59' )  [ RunTime:0.0005s ]
SQL: SELECT * FROM `sign` WHERE ( game_user_id=1800201122 ) ORDER BY start_time desc LIMIT 2   [ RunTime:0.0012s ]
SQL: SELECT * FROM `sign` WHERE ( game_user_id=1800201067 ) ORDER BY start_time desc LIMIT 2   [ RunTime:0.0013s ]
SQL: SELECT * FROM `sign` WHERE ( game_user_id=1800200610 ) ORDER BY start_time desc LIMIT 2   [ RunTime:0.0041s ]
SQL: SELECT * FROM `sign` WHERE ( game_user_id=1800201221 ) ORDER BY start_time desc LIMIT 2   [ RunTime:0.0077s ]
SQL: SELECT * FROM `sign` WHERE ( game_user_id=1800201126 ) ORDER BY start_time desc LIMIT 2   [ RunTime:0.0038s ]
SQL: SELECT * FROM `sign` WHERE ( game_user_id=1800201236 ) ORDER BY start_time desc LIMIT 2   [ RunTime:0.0039s ]
SQL: SELECT * FROM `sign` WHERE ( game_user_id=1800201209 ) ORDER BY start_time desc LIMIT 2   [ RunTime:0.0075s ]
SQL: SELECT * FROM `sign` WHERE ( game_user_id=1800200972 ) ORDER BY start_time desc LIMIT 2   [ RunTime:0.0071s ]
SQL: SELECT * FROM `sign` WHERE ( game_user_id=1800201152 ) ORDER BY start_time desc LIMIT 2   [ RunTime:0.0103s ]
INFO: [ view_parse ] --START--
INFO: [ template_filter ] --START--
INFO: Run Behavior\ContentReplaceBehavior [ RunTime:0.000072s ]
INFO: [ template_filter ] --END-- [ RunTime:0.000106s ]
NOTIC: [8] Undefined variable: www_url E:\Alirefor\APP\Runtime\Cache\Home\c9edb64d45b4ad1c2904a5110dbd0fd6.php 第 186 行.
INFO: Run Behavior\ParseTemplateBehavior [ RunTime:0.008587s ]
INFO: [ view_parse ] --END-- [ RunTime:0.008615s ]
INFO: [ view_filter ] --START--
INFO: Run Behavior\WriteHtmlCacheBehavior [ RunTime:0.000373s ]
INFO: [ view_filter ] --END-- [ RunTime:0.000399s ]
INFO: [ app_end ] --START--
INFO: Run Behavior\ShowPageTraceBehavior [ RunTime:0.000544s ]
INFO: [ app_end ] --END-- [ RunTime:0.000574s ]

[ 2018-03-01T17:51:58+08:00 ] ::1 /index.php?m=Home&c=UserBack&a=index
INFO: [ app_init ] --START--
INFO: Run Behavior\BuildLiteBehavior [ RunTime:0.000007s ]
INFO: [ app_init ] --END-- [ RunTime:0.000402s ]
INFO: [ app_begin ] --START--
INFO: Run Behavior\ReadHtmlCacheBehavior [ RunTime:0.000557s ]
INFO: [ app_begin ] --END-- [ RunTime:0.000590s ]
SQL: SHOW COLUMNS FROM `admin` [ RunTime:0.0115s ]
SQL: SELECT * FROM `admin` WHERE ( user_name='admin' and password='nanjingcongyu719' ) LIMIT 1   [ RunTime:0.0004s ]
SQL: SELECT * FROM `admin` WHERE ( id=1 ) LIMIT 1   [ RunTime:0.0003s ]
SQL: SHOW COLUMNS FROM `admin_auth_type` [ RunTime:0.0094s ]
SQL: SELECT * FROM `admin_auth_type` WHERE ( id=9 ) LIMIT 1   [ RunTime:0.0002s ]
SQL: SELECT * FROM `admin_auth_type` WHERE ( id=9 ) LIMIT 1   [ RunTime:0.0003s ]
SQL: SHOW COLUMNS FROM `admin_auth_rule` [ RunTime:0.0095s ]
SQL: SELECT * FROM `admin_auth_rule` WHERE ( name='UserBack/index' ) LIMIT 1   [ RunTime:0.0002s ]
SQL: SHOW COLUMNS FROM `db` [ RunTime:0.0101s ]
SQL: SELECT * FROM `db` WHERE ( game_id=1 ) ORDER BY db_id desc  [ RunTime:0.0003s ]
SQL: SHOW COLUMNS FROM `sign` [ RunTime:0.0102s ]
SQL: SELECT `game_user_id` FROM `sign` WHERE ( start_time>='2018-03-01 00:00:00' and start_time<='2018-03-01 23:59:59' )  [ RunTime:0.0013s ]
SQL: SELECT * FROM `sign` WHERE ( game_user_id=1800200651 ) ORDER BY start_time desc LIMIT 2   [ RunTime:0.0011s ]
SQL: SELECT * FROM `sign` WHERE ( game_user_id=1800201256 ) ORDER BY start_time desc LIMIT 2   [ RunTime:0.0017s ]
SQL: SELECT * FROM `sign` WHERE ( game_user_id=1800201067 ) ORDER BY start_time desc LIMIT 2   [ RunTime:0.0013s ]
SQL: SELECT * FROM `sign` WHERE ( game_user_id=1800201036 ) ORDER BY start_time desc LIMIT 2   [ RunTime:0.0003s ]
SQL: SELECT * FROM `sign` WHERE ( game_user_id=1800200268 ) ORDER BY start_time desc LIMIT 2   [ RunTime:0.0008s ]
SQL: SELECT * FROM `sign` WHERE ( game_user_id=1800201245 ) ORDER BY start_time desc LIMIT 2   [ RunTime:0.0004s ]
SQL: SELECT * FROM `sign` WHERE ( game_user_id=1800201122 ) ORDER BY start_time desc LIMIT 2   [ RunTime:0.0012s ]
SQL: SELECT * FROM `sign` WHERE ( game_user_id=1800201166 ) ORDER BY start_time desc LIMIT 2   [ RunTime:0.0014s ]
SQL: SELECT * FROM `sign` WHERE ( game_user_id=1800200627 ) ORDER BY start_time desc LIMIT 2   [ RunTime:0.0017s ]
SQL: SELECT * FROM `sign` WHERE ( game_user_id=1800201248 ) ORDER BY start_time desc LIMIT 2   [ RunTime:0.0017s ]
SQL: SELECT * FROM `sign` WHERE ( game_user_id=1800201260 ) ORDER BY start_time desc LIMIT 2   [ RunTime:0.0016s ]
SQL: SELECT * FROM `sign` WHERE ( game_user_id=1800201148 ) ORDER BY start_time desc LIMIT 2   [ RunTime:0.0019s ]
SQL: SELECT * FROM `sign` WHERE ( game_user_id=1800200216 ) ORDER BY start_time desc LIMIT 2   [ RunTime:0.0014s ]
SQL: SELECT * FROM `sign` WHERE ( game_user_id=1800201038 ) ORDER BY start_time desc LIMIT 2   [ RunTime:0.0016s ]
SQL: SELECT * FROM `sign` WHERE ( game_user_id=1800200008 ) ORDER BY start_time desc LIMIT 2   [ RunTime:0.0007s ]
SQL: SELECT * FROM `sign` WHERE ( game_user_id=1800201239 ) ORDER BY start_time desc LIMIT 2   [ RunTime:0.0010s ]
SQL: SELECT * FROM `sign` WHERE ( game_user_id=1800201210 ) ORDER BY start_time desc LIMIT 2   [ RunTime:0.0113s ]
SQL: SELECT * FROM `sign` WHERE ( game_user_id=1800201266 ) ORDER BY start_time desc LIMIT 2   [ RunTime:0.0015s ]
SQL: SELECT * FROM `sign` WHERE ( game_user_id=1800200217 ) ORDER BY start_time desc LIMIT 2   [ RunTime:0.0014s ]
SQL: SELECT * FROM `sign` WHERE ( game_user_id=1800201257 ) ORDER BY start_time desc LIMIT 2   [ RunTime:0.0013s ]
SQL: SELECT * FROM `sign` WHERE ( game_user_id=1800200578 ) ORDER BY start_time desc LIMIT 2   [ RunTime:0.0013s ]
SQL: SELECT * FROM `sign` WHERE ( game_user_id=1800201045 ) ORDER BY start_time desc LIMIT 2   [ RunTime:0.0020s ]
SQL: SELECT * FROM `sign` WHERE ( game_user_id=1800201267 ) ORDER BY start_time desc LIMIT 2   [ RunTime:0.0818s ]
SQL: SELECT * FROM `sign` WHERE ( game_user_id=1800201268 ) ORDER BY start_time desc LIMIT 2   [ RunTime:0.0798s ]
SQL: SELECT * FROM `sign` WHERE ( game_user_id=1800201269 ) ORDER BY start_time desc LIMIT 2   [ RunTime:0.0011s ]
SQL: SELECT * FROM `sign` WHERE ( game_user_id=1800201270 ) ORDER BY start_time desc LIMIT 2   [ RunTime:0.0791s ]
SQL: SELECT * FROM `sign` WHERE ( game_user_id=1800201271 ) ORDER BY start_time desc LIMIT 2   [ RunTime:0.0004s ]
SQL: SELECT * FROM `sign` WHERE ( game_user_id=1800201272 ) ORDER BY start_time desc LIMIT 2   [ RunTime:0.0003s ]
SQL: SELECT * FROM `sign` WHERE ( game_user_id=1800201273 ) ORDER BY start_time desc LIMIT 2   [ RunTime:0.0006s ]
SQL: SELECT * FROM `sign` WHERE ( game_user_id=1800201274 ) ORDER BY start_time desc LIMIT 2   [ RunTime:0.0006s ]
SQL: SELECT `game_user_id` FROM `sign` WHERE ( start_time>='2018-02-28 00:00:00' and start_time<='2018-02-28 23:59:59' )  [ RunTime:0.0014s ]
SQL: SELECT * FROM `sign` WHERE ( game_user_id=1800201061 ) ORDER BY start_time desc LIMIT 2   [ RunTime:0.0045s ]
SQL: SELECT * FROM `sign` WHERE ( game_user_id=1800200008 ) ORDER BY start_time desc LIMIT 2   [ RunTime:0.0007s ]
SQL: SELECT * FROM `sign` WHERE ( game_user_id=1800201036 ) ORDER BY start_time desc LIMIT 2   [ RunTime:0.0003s ]
SQL: SELECT * FROM `sign` WHERE ( game_user_id=1800201257 ) ORDER BY start_time desc LIMIT 2   [ RunTime:0.0013s ]
SQL: SELECT * FROM `sign` WHERE ( game_user_id=1800200651 ) ORDER BY start_time desc LIMIT 2   [ RunTime:0.0011s ]
SQL: SELECT * FROM `sign` WHERE ( game_user_id=1800201245 ) ORDER BY start_time desc LIMIT 2   [ RunTime:0.0005s ]
SQL: SELECT * FROM `sign` WHERE ( game_user_id=1800201067 ) ORDER BY start_time desc LIMIT 2   [ RunTime:0.0014s ]
SQL: SELECT * FROM `sign` WHERE ( game_user_id=1800201239 ) ORDER BY start_time desc LIMIT 2   [ RunTime:0.0010s ]
SQL: SELECT * FROM `sign` WHERE ( game_user_id=1800201126 ) ORDER BY start_time desc LIMIT 2   [ RunTime:0.0039s ]
SQL: SELECT * FROM `sign` WHERE ( game_user_id=1800201258 ) ORDER BY start_time desc LIMIT 2   [ RunTime:0.0797s ]
SQL: SELECT * FROM `sign` WHERE ( game_user_id=1800201224 ) ORDER BY start_time desc LIMIT 2   [ RunTime:0.0074s ]
SQL: SELECT * FROM `sign` WHERE ( game_user_id=1800200101 ) ORDER BY start_time desc LIMIT 2   [ RunTime:0.0403s ]
SQL: SELECT * FROM `sign` WHERE ( game_user_id=1800201259 ) ORDER BY start_time desc LIMIT 2   [ RunTime:0.0810s ]
SQL: SELECT * FROM `sign` WHERE ( game_user_id=1800201260 ) ORDER BY start_time desc LIMIT 2   [ RunTime:0.0016s ]
SQL: SELECT * FROM `sign` WHERE ( game_user_id=1800201261 ) ORDER BY start_time desc LIMIT 2   [ RunTime:0.0041s ]
SQL: SELECT * FROM `sign` WHERE ( game_user_id=1800200610 ) ORDER BY start_time desc LIMIT 2   [ RunTime:0.0041s ]
SQL: SELECT * FROM `sign` WHERE ( game_user_id=1800201262 ) ORDER BY start_time desc LIMIT 2   [ RunTime:0.0040s ]
SQL: SELECT * FROM `sign` WHERE ( game_user_id=1800200216 ) ORDER BY start_time desc LIMIT 2   [ RunTime:0.0014s ]
SQL: SELECT * FROM `sign` WHERE ( game_user_id=1800201236 ) ORDER BY start_time desc LIMIT 2   [ RunTime:0.0040s ]
SQL: SELECT * FROM `sign` WHERE ( game_user_id=1800201122 ) ORDER BY start_time desc LIMIT 2   [ RunTime:0.0012s ]
SQL: SELECT * FROM `sign` WHERE ( game_user_id=1800200268 ) ORDER BY start_time desc LIMIT 2   [ RunTime:0.0008s ]
SQL: SELECT * FROM `sign` WHERE ( game_user_id=1800201255 ) ORDER BY start_time desc LIMIT 2   [ RunTime:0.0029s ]
SQL: SELECT * FROM `sign` WHERE ( game_user_id=1800200514 ) ORDER BY start_time desc LIMIT 2   [ RunTime:0.0248s ]
SQL: SELECT * FROM `sign` WHERE ( game_user_id=1800201184 ) ORDER BY start_time desc LIMIT 2   [ RunTime:0.0031s ]
SQL: SELECT * FROM `sign` WHERE ( game_user_id=1800201219 ) ORDER BY start_time desc LIMIT 2   [ RunTime:0.0026s ]
SQL: SELECT * FROM `sign` WHERE ( game_user_id=1800200578 ) ORDER BY start_time desc LIMIT 2   [ RunTime:0.0012s ]
SQL: SELECT * FROM `sign` WHERE ( game_user_id=1800200627 ) ORDER BY start_time desc LIMIT 2   [ RunTime:0.0018s ]
SQL: SELECT * FROM `sign` WHERE ( game_user_id=1800201204 ) ORDER BY start_time desc LIMIT 2   [ RunTime:0.0020s ]
SQL: SELECT * FROM `sign` WHERE ( game_user_id=1800201148 ) ORDER BY start_time desc LIMIT 2   [ RunTime:0.0020s ]
SQL: SELECT * FROM `sign` WHERE ( game_user_id=1800201045 ) ORDER BY start_time desc LIMIT 2   [ RunTime:0.0020s ]
SQL: SELECT `game_user_id` FROM `sign` WHERE ( start_time>='2018-02-27 00:00:00' and start_time<='2018-02-27 23:59:59' )  [ RunTime:0.0015s ]
SQL: SELECT * FROM `sign` WHERE ( game_user_id=1800201238 ) ORDER BY start_time desc LIMIT 2   [ RunTime:0.0052s ]
SQL: SELECT * FROM `sign` WHERE ( game_user_id=1800201067 ) ORDER BY start_time desc LIMIT 2   [ RunTime:0.0013s ]
SQL: SELECT * FROM `sign` WHERE ( game_user_id=1800201148 ) ORDER BY start_time desc LIMIT 2   [ RunTime:0.0020s ]
SQL: SELECT * FROM `sign` WHERE ( game_user_id=1800200610 ) ORDER BY start_time desc LIMIT 2   [ RunTime:0.0041s ]
SQL: SELECT * FROM `sign` WHERE ( game_user_id=1800201036 ) ORDER BY start_time desc LIMIT 2   [ RunTime:0.0003s ]
SQL: SELECT * FROM `sign` WHERE ( game_user_id=1800200217 ) ORDER BY start_time desc LIMIT 2   [ RunTime:0.0014s ]
SQL: SELECT * FROM `sign` WHERE ( game_user_id=1800200268 ) ORDER BY start_time desc LIMIT 2   [ RunTime:0.0009s ]
SQL: SELECT * FROM `sign` WHERE ( game_user_id=1800201239 ) ORDER BY start_time desc LIMIT 2   [ RunTime:0.0010s ]
SQL: SELECT * FROM `sign` WHERE ( game_user_id=1800201252 ) ORDER BY start_time desc LIMIT 2   [ RunTime:0.0065s ]
SQL: SELECT * FROM `sign` WHERE ( game_user_id=1800200651 ) ORDER BY start_time desc LIMIT 2   [ RunTime:0.0011s ]
SQL: SELECT * FROM `sign` WHERE ( game_user_id=1800200216 ) ORDER BY start_time desc LIMIT 2   [ RunTime:0.0014s ]
SQL: SELECT * FROM `sign` WHERE ( game_user_id=1800200008 ) ORDER BY start_time desc LIMIT 2   [ RunTime:0.0007s ]
SQL: SELECT * FROM `sign` WHERE ( game_user_id=1800200349 ) ORDER BY start_time desc LIMIT 2   [ RunTime:0.0263s ]
SQL: SELECT * FROM `sign` WHERE ( game_user_id=1800200351 ) ORDER BY start_time desc LIMIT 2   [ RunTime:0.0055s ]
SQL: SELECT * FROM `sign` WHERE ( game_user_id=1800201206 ) ORDER BY start_time desc LIMIT 2   [ RunTime:0.0053s ]
SQL: SELECT * FROM `sign` WHERE ( game_user_id=1800201187 ) ORDER BY start_time desc LIMIT 2   [ RunTime:0.0111s ]
SQL: SELECT * FROM `sign` WHERE ( game_user_id=1800201253 ) ORDER BY start_time desc LIMIT 2   [ RunTime:0.0049s ]
SQL: SELECT * FROM `sign` WHERE ( game_user_id=1800201209 ) ORDER BY start_time desc LIMIT 2   [ RunTime:0.0077s ]
SQL: SELECT * FROM `sign` WHERE ( game_user_id=1800200627 ) ORDER BY start_time desc LIMIT 2   [ RunTime:0.0018s ]
SQL: SELECT * FROM `sign` WHERE ( game_user_id=1800201006 ) ORDER BY start_time desc LIMIT 2   [ RunTime:0.0050s ]
SQL: SELECT * FROM `sign` WHERE ( game_user_id=1800201245 ) ORDER BY start_time desc LIMIT 2   [ RunTime:0.0004s ]
SQL: SELECT * FROM `sign` WHERE ( game_user_id=1800201236 ) ORDER BY start_time desc LIMIT 2   [ RunTime:0.0040s ]
SQL: SELECT * FROM `sign` WHERE ( game_user_id=1800201254 ) ORDER BY start_time desc LIMIT 2   [ RunTime:0.0048s ]
SQL: SELECT * FROM `sign` WHERE ( game_user_id=1800201205 ) ORDER BY start_time desc LIMIT 2   [ RunTime:0.0105s ]
SQL: SELECT * FROM `sign` WHERE ( game_user_id=1800201255 ) ORDER BY start_time desc LIMIT 2   [ RunTime:0.0029s ]
SQL: SELECT `game_user_id` FROM `sign` WHERE ( start_time>='2018-02-26 00:00:00' and start_time<='2018-02-26 23:59:59' )  [ RunTime:0.0006s ]
SQL: SELECT * FROM `sign` WHERE ( game_user_id=1800201045 ) ORDER BY start_time desc LIMIT 2   [ RunTime:0.0019s ]
SQL: SELECT * FROM `sign` WHERE ( game_user_id=1800201117 ) ORDER BY start_time desc LIMIT 2   [ RunTime:0.0069s ]
SQL: SELECT * FROM `sign` WHERE ( game_user_id=1800201036 ) ORDER BY start_time desc LIMIT 2   [ RunTime:0.0003s ]
SQL: SELECT * FROM `sign` WHERE ( game_user_id=1800201067 ) ORDER BY start_time desc LIMIT 2   [ RunTime:0.0013s ]
SQL: SELECT * FROM `sign` WHERE ( game_user_id=1800200216 ) ORDER BY start_time desc LIMIT 2   [ RunTime:0.0017s ]
SQL: SELECT * FROM `sign` WHERE ( game_user_id=1800200610 ) ORDER BY start_time desc LIMIT 2   [ RunTime:0.0041s ]
SQL: SELECT * FROM `sign` WHERE ( game_user_id=1800200008 ) ORDER BY start_time desc LIMIT 2   [ RunTime:0.0007s ]
SQL: SELECT * FROM `sign` WHERE ( game_user_id=1800200972 ) ORDER BY start_time desc LIMIT 2   [ RunTime:0.0072s ]
SQL: SELECT * FROM `sign` WHERE ( game_user_id=1800201206 ) ORDER BY start_time desc LIMIT 2   [ RunTime:0.0056s ]
SQL: SELECT * FROM `sign` WHERE ( game_user_id=1800201122 ) ORDER BY start_time desc LIMIT 2   [ RunTime:0.0012s ]
SQL: SELECT * FROM `sign` WHERE ( game_user_id=1800201236 ) ORDER BY start_time desc LIMIT 2   [ RunTime:0.0039s ]
SQL: SELECT * FROM `sign` WHERE ( game_user_id=1800201126 ) ORDER BY start_time desc LIMIT 2   [ RunTime:0.0039s ]
SQL: SELECT * FROM `sign` WHERE ( game_user_id=1800200186 ) ORDER BY start_time desc LIMIT 2   [ RunTime:0.0067s ]
SQL: SELECT `game_user_id` FROM `sign` WHERE ( start_time>='2018-02-25 00:00:00' and start_time<='2018-02-25 23:59:59' )  [ RunTime:0.0004s ]
SQL: SELECT `game_user_id` FROM `sign` WHERE ( start_time>='2018-02-24 00:00:00' and start_time<='2018-02-24 23:59:59' )  [ RunTime:0.0005s ]
SQL: SELECT * FROM `sign` WHERE ( game_user_id=1800201067 ) ORDER BY start_time desc LIMIT 2   [ RunTime:0.0013s ]
SQL: SELECT * FROM `sign` WHERE ( game_user_id=1800201236 ) ORDER BY start_time desc LIMIT 2   [ RunTime:0.0039s ]
SQL: SELECT * FROM `sign` WHERE ( game_user_id=1800200610 ) ORDER BY start_time desc LIMIT 2   [ RunTime:0.0041s ]
SQL: SELECT * FROM `sign` WHERE ( game_user_id=1800201131 ) ORDER BY start_time desc LIMIT 2   [ RunTime:0.0075s ]
SQL: SELECT * FROM `sign` WHERE ( game_user_id=1800201224 ) ORDER BY start_time desc LIMIT 2   [ RunTime:0.0073s ]
SQL: SELECT * FROM `sign` WHERE ( game_user_id=1800200651 ) ORDER BY start_time desc LIMIT 2   [ RunTime:0.0012s ]
SQL: SELECT * FROM `sign` WHERE ( game_user_id=1800200474 ) ORDER BY start_time desc LIMIT 2   [ RunTime:0.0602s ]
SQL: SELECT * FROM `sign` WHERE ( game_user_id=1800201036 ) ORDER BY start_time desc LIMIT 2   [ RunTime:0.0005s ]
SQL: SELECT * FROM `sign` WHERE ( game_user_id=1800201237 ) ORDER BY start_time desc LIMIT 2   [ RunTime:0.0072s ]
SQL: SELECT * FROM `sign` WHERE ( game_user_id=1800200972 ) ORDER BY start_time desc LIMIT 2   [ RunTime:0.0073s ]
SQL: SELECT `game_user_id` FROM `sign` WHERE ( start_time>='2018-02-23 00:00:00' and start_time<='2018-02-23 23:59:59' )  [ RunTime:0.0007s ]
SQL: SELECT * FROM `sign` WHERE ( game_user_id=1800201122 ) ORDER BY start_time desc LIMIT 2   [ RunTime:0.0018s ]
SQL: SELECT * FROM `sign` WHERE ( game_user_id=1800201067 ) ORDER BY start_time desc LIMIT 2   [ RunTime:0.0014s ]
SQL: SELECT * FROM `sign` WHERE ( game_user_id=1800200610 ) ORDER BY start_time desc LIMIT 2   [ RunTime:0.0051s ]
SQL: SELECT * FROM `sign` WHERE ( game_user_id=1800201221 ) ORDER BY start_time desc LIMIT 2   [ RunTime:0.0096s ]
SQL: SELECT * FROM `sign` WHERE ( game_user_id=1800201126 ) ORDER BY start_time desc LIMIT 2   [ RunTime:0.0040s ]
SQL: SELECT * FROM `sign` WHERE ( game_user_id=1800201236 ) ORDER BY start_time desc LIMIT 2   [ RunTime:0.0039s ]
SQL: SELECT * FROM `sign` WHERE ( game_user_id=1800201209 ) ORDER BY start_time desc LIMIT 2   [ RunTime:0.0080s ]
SQL: SELECT * FROM `sign` WHERE ( game_user_id=1800200972 ) ORDER BY start_time desc LIMIT 2   [ RunTime:0.0085s ]
SQL: SELECT * FROM `sign` WHERE ( game_user_id=1800201152 ) ORDER BY start_time desc LIMIT 2   [ RunTime:0.0107s ]
INFO: [ view_parse ] --START--
INFO: [ template_filter ] --START--
INFO: Run Behavior\ContentReplaceBehavior [ RunTime:0.000074s ]
INFO: [ template_filter ] --END-- [ RunTime:0.000106s ]
NOTIC: [8] Undefined variable: www_url E:\Alirefor\APP\Runtime\Cache\Home\c9edb64d45b4ad1c2904a5110dbd0fd6.php 第 186 行.
INFO: Run Behavior\ParseTemplateBehavior [ RunTime:0.008603s ]
INFO: [ view_parse ] --END-- [ RunTime:0.008635s ]
INFO: [ view_filter ] --START--
INFO: Run Behavior\WriteHtmlCacheBehavior [ RunTime:0.000375s ]
INFO: [ view_filter ] --END-- [ RunTime:0.000400s ]
INFO: [ app_end ] --START--
INFO: Run Behavior\ShowPageTraceBehavior [ RunTime:0.000597s ]
INFO: [ app_end ] --END-- [ RunTime:0.000639s ]

[ 2018-03-01T17:56:00+08:00 ] ::1 /index.php?m=Home&c=UserBack&a=index
INFO: [ app_init ] --START--
INFO: Run Behavior\BuildLiteBehavior [ RunTime:0.000012s ]
INFO: [ app_init ] --END-- [ RunTime:0.000459s ]
INFO: [ app_begin ] --START--
INFO: Run Behavior\ReadHtmlCacheBehavior [ RunTime:0.000583s ]
INFO: [ app_begin ] --END-- [ RunTime:0.000620s ]
SQL: SHOW COLUMNS FROM `admin` [ RunTime:0.0126s ]
SQL: SELECT * FROM `admin` WHERE ( user_name='admin' and password='nanjingcongyu719' ) LIMIT 1   [ RunTime:0.0004s ]
SQL: SELECT * FROM `admin` WHERE ( id=1 ) LIMIT 1   [ RunTime:0.0003s ]
SQL: SHOW COLUMNS FROM `admin_auth_type` [ RunTime:0.0097s ]
SQL: SELECT * FROM `admin_auth_type` WHERE ( id=9 ) LIMIT 1   [ RunTime:0.0002s ]
SQL: SELECT * FROM `admin_auth_type` WHERE ( id=9 ) LIMIT 1   [ RunTime:0.0003s ]
SQL: SHOW COLUMNS FROM `admin_auth_rule` [ RunTime:0.0102s ]
SQL: SELECT * FROM `admin_auth_rule` WHERE ( name='UserBack/index' ) LIMIT 1   [ RunTime:0.0002s ]
SQL: SHOW COLUMNS FROM `db` [ RunTime:0.0100s ]
SQL: SELECT * FROM `db` WHERE ( game_id=1 ) ORDER BY db_id desc  [ RunTime:0.0003s ]
SQL: SHOW COLUMNS FROM `sign` [ RunTime:0.0104s ]
SQL: SELECT `game_user_id` FROM `sign` WHERE ( start_time>='2018-03-01 00:00:00' and start_time<='2018-03-01 23:59:59' )  [ RunTime:0.0013s ]
SQL: SELECT * FROM `sign` WHERE ( game_user_id=1800200651 ) ORDER BY start_time desc LIMIT 2   [ RunTime:0.0011s ]
SQL: SELECT * FROM `sign` WHERE ( game_user_id=1800201256 ) ORDER BY start_time desc LIMIT 2   [ RunTime:0.0018s ]
SQL: SELECT * FROM `sign` WHERE ( game_user_id=1800201067 ) ORDER BY start_time desc LIMIT 2   [ RunTime:0.0013s ]
SQL: SELECT * FROM `sign` WHERE ( game_user_id=1800201036 ) ORDER BY start_time desc LIMIT 2   [ RunTime:0.0003s ]
SQL: SELECT * FROM `sign` WHERE ( game_user_id=1800200268 ) ORDER BY start_time desc LIMIT 2   [ RunTime:0.0008s ]
SQL: SELECT * FROM `sign` WHERE ( game_user_id=1800201245 ) ORDER BY start_time desc LIMIT 2   [ RunTime:0.0004s ]
SQL: SELECT * FROM `sign` WHERE ( game_user_id=1800201122 ) ORDER BY start_time desc LIMIT 2   [ RunTime:0.0012s ]
SQL: SELECT * FROM `sign` WHERE ( game_user_id=1800201166 ) ORDER BY start_time desc LIMIT 2   [ RunTime:0.0014s ]
SQL: SELECT * FROM `sign` WHERE ( game_user_id=1800200627 ) ORDER BY start_time desc LIMIT 2   [ RunTime:0.0017s ]
SQL: SELECT * FROM `sign` WHERE ( game_user_id=1800201248 ) ORDER BY start_time desc LIMIT 2   [ RunTime:0.0017s ]
SQL: SELECT * FROM `sign` WHERE ( game_user_id=1800201260 ) ORDER BY start_time desc LIMIT 2   [ RunTime:0.0015s ]
SQL: SELECT * FROM `sign` WHERE ( game_user_id=1800201148 ) ORDER BY start_time desc LIMIT 2   [ RunTime:0.0019s ]
SQL: SELECT * FROM `sign` WHERE ( game_user_id=1800200216 ) ORDER BY start_time desc LIMIT 2   [ RunTime:0.0014s ]
SQL: SELECT * FROM `sign` WHERE ( game_user_id=1800201038 ) ORDER BY start_time desc LIMIT 2   [ RunTime:0.0016s ]
SQL: SELECT * FROM `sign` WHERE ( game_user_id=1800200008 ) ORDER BY start_time desc LIMIT 2   [ RunTime:0.0007s ]
SQL: SELECT * FROM `sign` WHERE ( game_user_id=1800201239 ) ORDER BY start_time desc LIMIT 2   [ RunTime:0.0010s ]
SQL: SELECT * FROM `sign` WHERE ( game_user_id=1800201210 ) ORDER BY start_time desc LIMIT 2   [ RunTime:0.0106s ]
SQL: SELECT * FROM `sign` WHERE ( game_user_id=1800201266 ) ORDER BY start_time desc LIMIT 2   [ RunTime:0.0014s ]
SQL: SELECT * FROM `sign` WHERE ( game_user_id=1800200217 ) ORDER BY start_time desc LIMIT 2   [ RunTime:0.0013s ]
SQL: SELECT * FROM `sign` WHERE ( game_user_id=1800201257 ) ORDER BY start_time desc LIMIT 2   [ RunTime:0.0013s ]
SQL: SELECT * FROM `sign` WHERE ( game_user_id=1800200578 ) ORDER BY start_time desc LIMIT 2   [ RunTime:0.0012s ]
SQL: SELECT * FROM `sign` WHERE ( game_user_id=1800201045 ) ORDER BY start_time desc LIMIT 2   [ RunTime:0.0019s ]
SQL: SELECT * FROM `sign` WHERE ( game_user_id=1800201267 ) ORDER BY start_time desc LIMIT 2   [ RunTime:0.0789s ]
SQL: SELECT * FROM `sign` WHERE ( game_user_id=1800201268 ) ORDER BY start_time desc LIMIT 2   [ RunTime:0.0798s ]
SQL: SELECT * FROM `sign` WHERE ( game_user_id=1800201269 ) ORDER BY start_time desc LIMIT 2   [ RunTime:0.0010s ]
SQL: SELECT * FROM `sign` WHERE ( game_user_id=1800201270 ) ORDER BY start_time desc LIMIT 2   [ RunTime:0.0793s ]
SQL: SELECT * FROM `sign` WHERE ( game_user_id=1800201271 ) ORDER BY start_time desc LIMIT 2   [ RunTime:0.0004s ]
SQL: SELECT * FROM `sign` WHERE ( game_user_id=1800201272 ) ORDER BY start_time desc LIMIT 2   [ RunTime:0.0003s ]
SQL: SELECT * FROM `sign` WHERE ( game_user_id=1800201273 ) ORDER BY start_time desc LIMIT 2   [ RunTime:0.0005s ]
SQL: SELECT * FROM `sign` WHERE ( game_user_id=1800201274 ) ORDER BY start_time desc LIMIT 2   [ RunTime:0.0006s ]
SQL: SELECT `game_user_id` FROM `sign` WHERE ( start_time>='2018-02-28 00:00:00' and start_time<='2018-02-28 23:59:59' )  [ RunTime:0.0014s ]
SQL: SELECT * FROM `sign` WHERE ( game_user_id=1800201061 ) ORDER BY start_time desc LIMIT 2   [ RunTime:0.0045s ]
SQL: SELECT * FROM `sign` WHERE ( game_user_id=1800200008 ) ORDER BY start_time desc LIMIT 2   [ RunTime:0.0008s ]
SQL: SELECT * FROM `sign` WHERE ( game_user_id=1800201036 ) ORDER BY start_time desc LIMIT 2   [ RunTime:0.0004s ]
SQL: SELECT * FROM `sign` WHERE ( game_user_id=1800201257 ) ORDER BY start_time desc LIMIT 2   [ RunTime:0.0013s ]
SQL: SELECT * FROM `sign` WHERE ( game_user_id=1800200651 ) ORDER BY start_time desc LIMIT 2   [ RunTime:0.0011s ]
SQL: SELECT * FROM `sign` WHERE ( game_user_id=1800201245 ) ORDER BY start_time desc LIMIT 2   [ RunTime:0.0004s ]
SQL: SELECT * FROM `sign` WHERE ( game_user_id=1800201067 ) ORDER BY start_time desc LIMIT 2   [ RunTime:0.0014s ]
SQL: SELECT * FROM `sign` WHERE ( game_user_id=1800201239 ) ORDER BY start_time desc LIMIT 2   [ RunTime:0.0010s ]
SQL: SELECT * FROM `sign` WHERE ( game_user_id=1800201126 ) ORDER BY start_time desc LIMIT 2   [ RunTime:0.0039s ]
SQL: SELECT * FROM `sign` WHERE ( game_user_id=1800201258 ) ORDER BY start_time desc LIMIT 2   [ RunTime:0.0787s ]
SQL: SELECT * FROM `sign` WHERE ( game_user_id=1800201224 ) ORDER BY start_time desc LIMIT 2   [ RunTime:0.0074s ]
SQL: SELECT * FROM `sign` WHERE ( game_user_id=1800200101 ) ORDER BY start_time desc LIMIT 2   [ RunTime:0.0402s ]
SQL: SELECT * FROM `sign` WHERE ( game_user_id=1800201259 ) ORDER BY start_time desc LIMIT 2   [ RunTime:0.0788s ]
SQL: SELECT * FROM `sign` WHERE ( game_user_id=1800201260 ) ORDER BY start_time desc LIMIT 2   [ RunTime:0.0016s ]
SQL: SELECT * FROM `sign` WHERE ( game_user_id=1800201261 ) ORDER BY start_time desc LIMIT 2   [ RunTime:0.0041s ]
SQL: SELECT * FROM `sign` WHERE ( game_user_id=1800200610 ) ORDER BY start_time desc LIMIT 2   [ RunTime:0.0041s ]
SQL: SELECT * FROM `sign` WHERE ( game_user_id=1800201262 ) ORDER BY start_time desc LIMIT 2   [ RunTime:0.0040s ]
SQL: SELECT * FROM `sign` WHERE ( game_user_id=1800200216 ) ORDER BY start_time desc LIMIT 2   [ RunTime:0.0014s ]
SQL: SELECT * FROM `sign` WHERE ( game_user_id=1800201236 ) ORDER BY start_time desc LIMIT 2   [ RunTime:0.0039s ]
SQL: SELECT * FROM `sign` WHERE ( game_user_id=1800201122 ) ORDER BY start_time desc LIMIT 2   [ RunTime:0.0012s ]
SQL: SELECT * FROM `sign` WHERE ( game_user_id=1800200268 ) ORDER BY start_time desc LIMIT 2   [ RunTime:0.0008s ]
SQL: SELECT * FROM `sign` WHERE ( game_user_id=1800201255 ) ORDER BY start_time desc LIMIT 2   [ RunTime:0.0028s ]
SQL: SELECT * FROM `sign` WHERE ( game_user_id=1800200514 ) ORDER BY start_time desc LIMIT 2   [ RunTime:0.0242s ]
SQL: SELECT * FROM `sign` WHERE ( game_user_id=1800201184 ) ORDER BY start_time desc LIMIT 2   [ RunTime:0.0032s ]
SQL: SELECT * FROM `sign` WHERE ( game_user_id=1800201219 ) ORDER BY start_time desc LIMIT 2   [ RunTime:0.0027s ]
SQL: SELECT * FROM `sign` WHERE ( game_user_id=1800200578 ) ORDER BY start_time desc LIMIT 2   [ RunTime:0.0013s ]
SQL: SELECT * FROM `sign` WHERE ( game_user_id=1800200627 ) ORDER BY start_time desc LIMIT 2   [ RunTime:0.0018s ]
SQL: SELECT * FROM `sign` WHERE ( game_user_id=1800201204 ) ORDER BY start_time desc LIMIT 2   [ RunTime:0.0020s ]
SQL: SELECT * FROM `sign` WHERE ( game_user_id=1800201148 ) ORDER BY start_time desc LIMIT 2   [ RunTime:0.0019s ]
SQL: SELECT * FROM `sign` WHERE ( game_user_id=1800201045 ) ORDER BY start_time desc LIMIT 2   [ RunTime:0.0019s ]
SQL: SELECT `game_user_id` FROM `sign` WHERE ( start_time>='2018-02-27 00:00:00' and start_time<='2018-02-27 23:59:59' )  [ RunTime:0.0015s ]
SQL: SELECT * FROM `sign` WHERE ( game_user_id=1800201238 ) ORDER BY start_time desc LIMIT 2   [ RunTime:0.0052s ]
SQL: SELECT * FROM `sign` WHERE ( game_user_id=1800201067 ) ORDER BY start_time desc LIMIT 2   [ RunTime:0.0014s ]
SQL: SELECT * FROM `sign` WHERE ( game_user_id=1800201148 ) ORDER BY start_time desc LIMIT 2   [ RunTime:0.0020s ]
SQL: SELECT * FROM `sign` WHERE ( game_user_id=1800200610 ) ORDER BY start_time desc LIMIT 2   [ RunTime:0.0041s ]
SQL: SELECT * FROM `sign` WHERE ( game_user_id=1800201036 ) ORDER BY start_time desc LIMIT 2   [ RunTime:0.0003s ]
SQL: SELECT * FROM `sign` WHERE ( game_user_id=1800200217 ) ORDER BY start_time desc LIMIT 2   [ RunTime:0.0013s ]
SQL: SELECT * FROM `sign` WHERE ( game_user_id=1800200268 ) ORDER BY start_time desc LIMIT 2   [ RunTime:0.0008s ]
SQL: SELECT * FROM `sign` WHERE ( game_user_id=1800201239 ) ORDER BY start_time desc LIMIT 2   [ RunTime:0.0010s ]
SQL: SELECT * FROM `sign` WHERE ( game_user_id=1800201252 ) ORDER BY start_time desc LIMIT 2   [ RunTime:0.0064s ]
SQL: SELECT * FROM `sign` WHERE ( game_user_id=1800200651 ) ORDER BY start_time desc LIMIT 2   [ RunTime:0.0011s ]
SQL: SELECT * FROM `sign` WHERE ( game_user_id=1800200216 ) ORDER BY start_time desc LIMIT 2   [ RunTime:0.0014s ]
SQL: SELECT * FROM `sign` WHERE ( game_user_id=1800200008 ) ORDER BY start_time desc LIMIT 2   [ RunTime:0.0007s ]
SQL: SELECT * FROM `sign` WHERE ( game_user_id=1800200349 ) ORDER BY start_time desc LIMIT 2   [ RunTime:0.0263s ]
SQL: SELECT * FROM `sign` WHERE ( game_user_id=1800200351 ) ORDER BY start_time desc LIMIT 2   [ RunTime:0.0055s ]
SQL: SELECT * FROM `sign` WHERE ( game_user_id=1800201206 ) ORDER BY start_time desc LIMIT 2   [ RunTime:0.0052s ]
SQL: SELECT * FROM `sign` WHERE ( game_user_id=1800201187 ) ORDER BY start_time desc LIMIT 2   [ RunTime:0.0111s ]
SQL: SELECT * FROM `sign` WHERE ( game_user_id=1800201253 ) ORDER BY start_time desc LIMIT 2   [ RunTime:0.0049s ]
SQL: SELECT * FROM `sign` WHERE ( game_user_id=1800201209 ) ORDER BY start_time desc LIMIT 2   [ RunTime:0.0077s ]
SQL: SELECT * FROM `sign` WHERE ( game_user_id=1800200627 ) ORDER BY start_time desc LIMIT 2   [ RunTime:0.0019s ]
SQL: SELECT * FROM `sign` WHERE ( game_user_id=1800201006 ) ORDER BY start_time desc LIMIT 2   [ RunTime:0.0049s ]
SQL: SELECT * FROM `sign` WHERE ( game_user_id=1800201245 ) ORDER BY start_time desc LIMIT 2   [ RunTime:0.0004s ]
SQL: SELECT * FROM `sign` WHERE ( game_user_id=1800201236 ) ORDER BY start_time desc LIMIT 2   [ RunTime:0.0039s ]
SQL: SELECT * FROM `sign` WHERE ( game_user_id=1800201254 ) ORDER BY start_time desc LIMIT 2   [ RunTime:0.0048s ]
SQL: SELECT * FROM `sign` WHERE ( game_user_id=1800201205 ) ORDER BY start_time desc LIMIT 2   [ RunTime:0.0105s ]
SQL: SELECT * FROM `sign` WHERE ( game_user_id=1800201255 ) ORDER BY start_time desc LIMIT 2   [ RunTime:0.0029s ]
SQL: SELECT `game_user_id` FROM `sign` WHERE ( start_time>='2018-02-26 00:00:00' and start_time<='2018-02-26 23:59:59' )  [ RunTime:0.0006s ]
SQL: SELECT * FROM `sign` WHERE ( game_user_id=1800201045 ) ORDER BY start_time desc LIMIT 2   [ RunTime:0.0019s ]
SQL: SELECT * FROM `sign` WHERE ( game_user_id=1800201117 ) ORDER BY start_time desc LIMIT 2   [ RunTime:0.0069s ]
SQL: SELECT * FROM `sign` WHERE ( game_user_id=1800201036 ) ORDER BY start_time desc LIMIT 2   [ RunTime:0.0003s ]
SQL: SELECT * FROM `sign` WHERE ( game_user_id=1800201067 ) ORDER BY start_time desc LIMIT 2   [ RunTime:0.0013s ]
SQL: SELECT * FROM `sign` WHERE ( game_user_id=1800200216 ) ORDER BY start_time desc LIMIT 2   [ RunTime:0.0014s ]
SQL: SELECT * FROM `sign` WHERE ( game_user_id=1800200610 ) ORDER BY start_time desc LIMIT 2   [ RunTime:0.0041s ]
SQL: SELECT * FROM `sign` WHERE ( game_user_id=1800200008 ) ORDER BY start_time desc LIMIT 2   [ RunTime:0.0007s ]
SQL: SELECT * FROM `sign` WHERE ( game_user_id=1800200972 ) ORDER BY start_time desc LIMIT 2   [ RunTime:0.0075s ]
SQL: SELECT * FROM `sign` WHERE ( game_user_id=1800201206 ) ORDER BY start_time desc LIMIT 2   [ RunTime:0.0056s ]
SQL: SELECT * FROM `sign` WHERE ( game_user_id=1800201122 ) ORDER BY start_time desc LIMIT 2   [ RunTime:0.0013s ]
SQL: SELECT * FROM `sign` WHERE ( game_user_id=1800201236 ) ORDER BY start_time desc LIMIT 2   [ RunTime:0.0045s ]
SQL: SELECT * FROM `sign` WHERE ( game_user_id=1800201126 ) ORDER BY start_time desc LIMIT 2   [ RunTime:0.0039s ]
SQL: SELECT * FROM `sign` WHERE ( game_user_id=1800200186 ) ORDER BY start_time desc LIMIT 2   [ RunTime:0.0067s ]
SQL: SELECT `game_user_id` FROM `sign` WHERE ( start_time>='2018-02-25 00:00:00' and start_time<='2018-02-25 23:59:59' )  [ RunTime:0.0004s ]
SQL: SELECT `game_user_id` FROM `sign` WHERE ( start_time>='2018-02-24 00:00:00' and start_time<='2018-02-24 23:59:59' )  [ RunTime:0.0005s ]
SQL: SELECT * FROM `sign` WHERE ( game_user_id=1800201067 ) ORDER BY start_time desc LIMIT 2   [ RunTime:0.0014s ]
SQL: SELECT * FROM `sign` WHERE ( game_user_id=1800201236 ) ORDER BY start_time desc LIMIT 2   [ RunTime:0.0039s ]
SQL: SELECT * FROM `sign` WHERE ( game_user_id=1800200610 ) ORDER BY start_time desc LIMIT 2   [ RunTime:0.0041s ]
SQL: SELECT * FROM `sign` WHERE ( game_user_id=1800201131 ) ORDER BY start_time desc LIMIT 2   [ RunTime:0.0073s ]
SQL: SELECT * FROM `sign` WHERE ( game_user_id=1800201224 ) ORDER BY start_time desc LIMIT 2   [ RunTime:0.0072s ]
SQL: SELECT * FROM `sign` WHERE ( game_user_id=1800200651 ) ORDER BY start_time desc LIMIT 2   [ RunTime:0.0011s ]
SQL: SELECT * FROM `sign` WHERE ( game_user_id=1800200474 ) ORDER BY start_time desc LIMIT 2   [ RunTime:0.0591s ]
SQL: SELECT * FROM `sign` WHERE ( game_user_id=1800201036 ) ORDER BY start_time desc LIMIT 2   [ RunTime:0.0004s ]
SQL: SELECT * FROM `sign` WHERE ( game_user_id=1800201237 ) ORDER BY start_time desc LIMIT 2   [ RunTime:0.0071s ]
SQL: SELECT * FROM `sign` WHERE ( game_user_id=1800200972 ) ORDER BY start_time desc LIMIT 2   [ RunTime:0.0072s ]
SQL: SELECT `game_user_id` FROM `sign` WHERE ( start_time>='2018-02-23 00:00:00' and start_time<='2018-02-23 23:59:59' )  [ RunTime:0.0005s ]
SQL: SELECT * FROM `sign` WHERE ( game_user_id=1800201122 ) ORDER BY start_time desc LIMIT 2   [ RunTime:0.0012s ]
SQL: SELECT * FROM `sign` WHERE ( game_user_id=1800201067 ) ORDER BY start_time desc LIMIT 2   [ RunTime:0.0013s ]
SQL: SELECT * FROM `sign` WHERE ( game_user_id=1800200610 ) ORDER BY start_time desc LIMIT 2   [ RunTime:0.0040s ]
SQL: SELECT * FROM `sign` WHERE ( game_user_id=1800201221 ) ORDER BY start_time desc LIMIT 2   [ RunTime:0.0077s ]
SQL: SELECT * FROM `sign` WHERE ( game_user_id=1800201126 ) ORDER BY start_time desc LIMIT 2   [ RunTime:0.0038s ]
SQL: SELECT * FROM `sign` WHERE ( game_user_id=1800201236 ) ORDER BY start_time desc LIMIT 2   [ RunTime:0.0038s ]
SQL: SELECT * FROM `sign` WHERE ( game_user_id=1800201209 ) ORDER BY start_time desc LIMIT 2   [ RunTime:0.0074s ]
SQL: SELECT * FROM `sign` WHERE ( game_user_id=1800200972 ) ORDER BY start_time desc LIMIT 2   [ RunTime:0.0072s ]
SQL: SELECT * FROM `sign` WHERE ( game_user_id=1800201152 ) ORDER BY start_time desc LIMIT 2   [ RunTime:0.0103s ]
INFO: [ view_parse ] --START--
INFO: [ template_filter ] --START--
INFO: Run Behavior\ContentReplaceBehavior [ RunTime:0.000088s ]
INFO: [ template_filter ] --END-- [ RunTime:0.000129s ]
NOTIC: [8] Undefined variable: www_url E:\Alirefor\APP\Runtime\Cache\Home\c9edb64d45b4ad1c2904a5110dbd0fd6.php 第 186 行.
INFO: Run Behavior\ParseTemplateBehavior [ RunTime:0.011353s ]
INFO: [ view_parse ] --END-- [ RunTime:0.011391s ]
INFO: [ view_filter ] --START--
INFO: Run Behavior\WriteHtmlCacheBehavior [ RunTime:0.000422s ]
INFO: [ view_filter ] --END-- [ RunTime:0.000449s ]
INFO: [ app_end ] --START--
INFO: Run Behavior\ShowPageTraceBehavior [ RunTime:0.000626s ]
INFO: [ app_end ] --END-- [ RunTime:0.000658s ]

