[ 2018-02-02T17:25:04+08:00 ] 127.0.0.1 /Alirefor/index.php?m=Home&c=Playtable&a=index&db_id=2
INFO: [ app_init ] --START--
INFO: Run Behavior\BuildLiteBehavior [ RunTime:0.000008s ]
INFO: [ app_init ] --END-- [ RunTime:0.000432s ]
ERR: 无法加载模块:Alirefor

[ 2018-02-02T17:25:04+08:00 ] 127.0.0.1 /favicon.ico
INFO: [ app_init ] --START--
INFO: Run Behavior\BuildLiteBehavior [ RunTime:0.000014s ]
INFO: [ app_init ] --END-- [ RunTime:0.000456s ]
ERR: 无法加载模块:Favicon

[ 2018-02-02T17:25:07+08:00 ] 127.0.0.1 /Alirefor/index.php?m=Home&c=Playtable&a=index&db_id=1
INFO: [ app_init ] --START--
INFO: Run Behavior\BuildLiteBehavior [ RunTime:0.000008s ]
INFO: [ app_init ] --END-- [ RunTime:0.000428s ]
ERR: 无法加载模块:Alirefor

[ 2018-02-02T17:26:02+08:00 ] 127.0.0.1 /Alirefor/index.php?m=Home&c=Account&a=index&db_id=2
INFO: [ app_init ] --START--
INFO: Run Behavior\BuildLiteBehavior [ RunTime:0.000009s ]
INFO: [ app_init ] --END-- [ RunTime:0.000477s ]
ERR: 无法加载模块:Alirefor

[ 2018-02-02T17:33:01+08:00 ] 127.0.0.1 /Alirefor/index.php?m=Home&c=Account&a=index&db_id=2
INFO: [ app_init ] --START--
INFO: Run Behavior\BuildLiteBehavior [ RunTime:0.000013s ]
INFO: [ app_init ] --END-- [ RunTime:0.000606s ]
ERR: 无法加载模块:Alirefor

